[35m[1mScanning dependencies of target talker[0m
[ 50%] [32mBuilding CXX object CMakeFiles/talker.dir/src/main.cpp.o[0m
[01m[K/home/arian/Desktop/someCandCppExamples/ROS2/dev_ws/src/cpp_pubsub/src/main.cpp:[m[K In lambda function:
[01m[K/home/arian/Desktop/someCandCppExamples/ROS2/dev_ws/src/cpp_pubsub/src/main.cpp:29:13:[m[K [01;31m[Kerror: [m[Kexpected â€˜[01m[K;[m[Kâ€™ before â€˜[01m[K}[m[Kâ€™ token
   29 |             [01;31m[K}[m[K);
      |             [01;31m[K^[m[K
[01m[K/home/arian/Desktop/someCandCppExamples/ROS2/dev_ws/src/cpp_pubsub/src/main.cpp:[m[K In member function â€˜[01m[Kvoid MinimalPublisher::timer_callback_parallel_affinity()[m[Kâ€™:
[01m[K/home/arian/Desktop/someCandCppExamples/ROS2/dev_ws/src/cpp_pubsub/src/main.cpp:77:21:[m[K [01;35m[Kwarning: [m[Kunused variable â€˜[01m[Kpolicy[m[Kâ€™ [[01;35m[K-Wunused-variable[m[K]
   77 |                 int [01;35m[Kpolicy[m[K;
      |                     [01;35m[K^~~~~~[m[K
make[2]: *** [CMakeFiles/talker.dir/build.make:63: CMakeFiles/talker.dir/src/main.cpp.o] Error 1
make[1]: *** [CMakeFiles/Makefile2:78: CMakeFiles/talker.dir/all] Error 2
make: *** [Makefile:141: all] Error 2
