[01m[K/home/arian/Framework/src/framework/src/main.cpp:[m[K In static member function â€˜[01m[Kstatic Arian* Arian::arian()[m[Kâ€™:
[01m[K/home/arian/Framework/src/framework/src/main.cpp:12:16:[m[K [01;31m[Kerror: [m[Kâ€˜[01m[Kthis[m[Kâ€™ is unavailable for static member functions
   12 |             if([01;31m[Kthis[m[K->instance == NULL)
      |                [01;31m[K^~~~[m[K
[01m[K/home/arian/Framework/src/framework/src/main.cpp:13:17:[m[K [01;31m[Kerror: [m[Kâ€˜[01m[Kthis[m[Kâ€™ is unavailable for static member functions
   13 |                 [01;31m[Kthis[m[K->instance = new Arian();
      |                 [01;31m[K^~~~[m[K
[01m[K/home/arian/Framework/src/framework/src/main.cpp:15:20:[m[K [01;31m[Kerror: [m[Kâ€˜[01m[Kthis[m[Kâ€™ is unavailable for static member functions
   15 |             return [01;31m[Kthis[m[K->instance;
      |                    [01;31m[K^~~~[m[K
[01m[K/home/arian/Framework/src/framework/src/main.cpp:[m[K In function â€˜[01m[Kint main(int, const char**)[m[Kâ€™:
[01m[K/home/arian/Framework/src/framework/src/main.cpp:26:14:[m[K [01;35m[Kwarning: [m[Kunused parameter â€˜[01m[Kargc[m[Kâ€™ [[01;35m[K-Wunused-parameter[m[K]
   26 | int main([01;35m[Kint argc[m[K, const char ** argv)
      |          [01;35m[K~~~~^~~~[m[K
[01m[K/home/arian/Framework/src/framework/src/main.cpp:26:34:[m[K [01;35m[Kwarning: [m[Kunused parameter â€˜[01m[Kargv[m[Kâ€™ [[01;35m[K-Wunused-parameter[m[K]
   26 | int main(int argc, [01;35m[Kconst char ** argv[m[K)
      |                    [01;35m[K~~~~~~~~~~~~~~^~~~[m[K
make[2]: *** [CMakeFiles/main.dir/build.make:63: CMakeFiles/main.dir/src/main.cpp.o] Error 1
make[1]: *** [CMakeFiles/Makefile2:78: CMakeFiles/main.dir/all] Error 2
make: *** [Makefile:141: all] Error 2
