[0.045s] Invoking command in '/home/arian/dev_ws/build/starting_point': CMAKE_PREFIX_PATH=${CMAKE_PREFIX_PATH}:/home/arian/ros2_foxy/install/ros2bag:/home/arian/ros2_foxy/install/tracetools_launch:/home/arian/ros2_foxy/install/topic_monitor:/home/arian/ros2_foxy/install/examples_tf2_py:/home/arian/ros2_foxy/install/sros2:/home/arian/ros2_foxy/install/rqt_topic:/home/arian/ros2_foxy/install/rqt_reconfigure:/home/arian/ros2_foxy/install/rqt_action:/home/arian/ros2_foxy/install/rqt:/home/arian/ros2_foxy/install/rqt_graph:/home/arian/ros2_foxy/install/rqt_gui_py:/home/arian/ros2_foxy/install/rqt_gui:/home/arian/ros2_foxy/install/ros2trace:/home/arian/ros2_foxy/install/ros2topic:/home/arian/ros2_foxy/install/ros2test:/home/arian/ros2_foxy/install/ros2component:/home/arian/ros2_foxy/install/ros2param:/home/arian/ros2_foxy/install/ros2lifecycle:/home/arian/ros2_foxy/install/ros2service:/home/arian/ros2_foxy/install/ros2run:/home/arian/ros2_foxy/install/ros2launch:/home/arian/ros2_foxy/install/ros2pkg:/home/arian/ros2_foxy/install/ros2node:/home/arian/ros2_foxy/install/ros2multicast:/home/arian/ros2_foxy/install/ros2interface:/home/arian/ros2_foxy/install/ros2doctor:/home/arian/ros2_foxy/install/ros2action:/home/arian/ros2_foxy/install/ros2cli:/home/arian/ros2_foxy/install/quality_of_service_demo_py:/home/arian/ros2_foxy/install/launch_testing_ros:/home/arian/ros2_foxy/install/launch_ros:/home/arian/ros2_foxy/install/examples_rclpy_minimal_subscriber:/home/arian/ros2_foxy/install/examples_rclpy_minimal_service:/home/arian/ros2_foxy/install/examples_rclpy_minimal_publisher:/home/arian/ros2_foxy/install/examples_rclpy_minimal_client:/home/arian/ros2_foxy/install/examples_rclpy_minimal_action_server:/home/arian/ros2_foxy/install/examples_rclpy_minimal_action_client:/home/arian/ros2_foxy/install/examples_rclpy_executors:/home/arian/ros2_foxy/install/demo_nodes_py:/home/arian/ros2_foxy/install/action_tutorials_py:/home/arian/ros2_foxy/install/ament_uncrustify:/home/arian/ros2_foxy/install/tracetools_trace:/home/arian/ros2_foxy/install/tracetools_read:/home/arian/ros2_foxy/install/test_launch_ros:/home/arian/ros2_foxy/install/rpyutils:/home/arian/ros2_foxy/install/rosidl_runtime_py:/home/arian/ros2_foxy/install/launch_yaml:/home/arian/ros2_foxy/install/launch_xml:/home/arian/ros2_foxy/install/launch_testing:/home/arian/ros2_foxy/install/launch:/home/arian/ros2_foxy/install/osrf_pycommon:/home/arian/ros2_foxy/install/domain_coordinator:/home/arian/ros2_foxy/install/ament_xmllint:/home/arian/ros2_foxy/install/ament_pyflakes:/home/arian/ros2_foxy/install/ament_pycodestyle:/home/arian/ros2_foxy/install/ament_pep257:/home/arian/ros2_foxy/install/ament_pclint:/home/arian/ros2_foxy/install/ament_package:/home/arian/ros2_foxy/install/ament_mypy:/home/arian/ros2_foxy/install/ament_lint_cmake:/home/arian/ros2_foxy/install/ament_flake8:/home/arian/ros2_foxy/install/ament_copyright:/home/arian/ros2_foxy/install/ament_lint:/home/arian/ros2_foxy/install/ament_index_python:/home/arian/ros2_foxy/install/ament_cpplint:/home/arian/ros2_foxy/install/ament_cppcheck:/home/arian/ros2_foxy/install/ament_clang_tidy:/home/arian/ros2_foxy/install/ament_clang_format /usr/bin/cmake --build /home/arian/dev_ws/build/starting_point -- -j12 -l12
[0.094s] -- Found ament_cmake: 0.9.7 (/home/arian/ros2_foxy/install/ament_cmake/share/ament_cmake/cmake)
[0.404s] -- Using PYTHON_EXECUTABLE: /usr/bin/python3
[0.936s] -- Found rclcpp: 2.2.0 (/home/arian/ros2_foxy/install/rclcpp/share/rclcpp/cmake)
[1.025s] -- Using all available rosidl_typesupport_c: rosidl_typesupport_introspection_c;rosidl_typesupport_fastrtps_c;rosidl_typesupport_connext_c
[1.028s] -- Found rosidl_adapter: 1.1.0 (/home/arian/ros2_foxy/install/rosidl_adapter/share/rosidl_adapter/cmake)
[1.180s] -- Found RTI Connext: /home/arian/rti_connext_dds-5.3.1
[1.664s] -- Using all available rosidl_typesupport_cpp: rosidl_typesupport_introspection_cpp;rosidl_typesupport_fastrtps_cpp;rosidl_typesupport_connext_cpp
[1.725s] -- Found rmw_implementation_cmake: 1.0.1 (/home/arian/ros2_foxy/install/rmw_implementation_cmake/share/rmw_implementation_cmake/cmake)
[1.757s] -- Using RMW implementation 'rmw_fastrtps_cpp' as default
[1.973s] -- Found ament_lint_auto: 0.9.5 (/home/arian/ros2_foxy/install/ament_lint_auto/share/ament_lint_auto/cmake)
[2.344s] -- Added test 'copyright' to check source files copyright and LICENSE
[2.345s] -- Added test 'cppcheck' to perform static code analysis on C / C++ code
[2.345s] -- Configured cppcheck include dirs: 
[2.345s] -- Configured cppcheck exclude dirs and/or files: 
[2.346s] -- Added test 'cpplint' to check C / C++ code against the Google style
[2.346s] -- Configured cpplint exclude dirs and/or files: 
[2.346s] -- Added test 'lint_cmake' to check CMake code style
[2.347s] -- Added test 'uncrustify' to check C / C++ code style
[2.347s] -- Configured uncrustify additional arguments: 
[2.347s] -- Added test 'xmllint' to check XML markup files
[2.351s] -- Configuring done
[2.363s] -- Generating done
[2.364s] -- Build files have been written to: /home/arian/dev_ws/build/starting_point
[2.411s] [35m[1mScanning dependencies of target minimal_examples[0m
[2.442s] [ 50%] Built target starting_point
[2.462s] [ 75%] [32mBuilding CXX object CMakeFiles/minimal_examples.dir/src/minimal_examples.cpp.o[0m
[3.696s] [01m[K/home/arian/dev_ws/src/starting_point/src/minimal_examples.cpp:33:2:[m[K [01;31m[Kerror: [m[Kexpected â€˜[01m[K;[m[Kâ€™ after class definition
[3.696s]    33 | }
[3.696s]       |  [01;31m[K^[m[K
[3.696s]       |  [32m[K;[m[K
[3.702s] [01m[K/home/arian/dev_ws/src/starting_point/src/minimal_examples.cpp:[m[K In constructor â€˜[01m[KMinimalPublisher::MinimalPublisher()[m[Kâ€™:
[3.702s] [01m[K/home/arian/dev_ws/src/starting_point/src/minimal_examples.cpp:19:100:[m[K [01;31m[Kerror: [m[Kno matching function for call to â€˜[01m[KMinimalPublisher::create_wall_timer(int, std::_Bind_helper<false, void (MinimalPublisher::*)(), MinimalPublisher*>::type)[m[Kâ€™
[3.702s]    19 |             timer = this->create_wall_timer(500, std::bind(&MinimalPublisher::timer_callback, this)[01;31m[K)[m[K;
[3.702s]       |                                                                                                    [01;31m[K^[m[K
[3.703s] In file included from [01m[K/home/arian/ros2_foxy/install/rclcpp/include/rclcpp/executors/single_threaded_executor.hpp:28[m[K,
[3.703s]                  from [01m[K/home/arian/ros2_foxy/install/rclcpp/include/rclcpp/executors.hpp:22[m[K,
[3.703s]                  from [01m[K/home/arian/ros2_foxy/install/rclcpp/include/rclcpp/rclcpp.hpp:146[m[K,
[3.703s]                  from [01m[K/home/arian/dev_ws/src/starting_point/src/minimal_examples.cpp:6[m[K:
[3.703s] [01m[K/home/arian/ros2_foxy/install/rclcpp/include/rclcpp/node.hpp:232:3:[m[K [01;36m[Knote: [m[Kcandidate: â€˜[01m[Ktemplate<class DurationRepT, class DurationT, class CallbackT> typename rclcpp::WallTimer<CallbackT>::SharedPtr rclcpp::Node::create_wall_timer(std::chrono::duration<_Rep1, _Period1>, CallbackT, rclcpp::CallbackGroup::SharedPtr)[m[Kâ€™
[3.703s]   232 |   [01;36m[Kcreate_wall_timer[m[K(
[3.703s]       |   [01;36m[K^~~~~~~~~~~~~~~~~[m[K
[3.703s] [01m[K/home/arian/ros2_foxy/install/rclcpp/include/rclcpp/node.hpp:232:3:[m[K [01;36m[Knote: [m[K  template argument deduction/substitution failed:
[3.703s] [01m[K/home/arian/dev_ws/src/starting_point/src/minimal_examples.cpp:19:100:[m[K [01;36m[Knote: [m[K  mismatched types â€˜[01m[Kstd::chrono::duration<_Rep1, _Period1>[m[Kâ€™ and â€˜[01m[Kint[m[Kâ€™
[3.703s]    19 |             timer = this->create_wall_timer(500, std::bind(&MinimalPublisher::timer_callback, this)[01;36m[K)[m[K;
[3.704s]       |                                                                                                    [01;36m[K^[m[K
[3.704s] [01m[K/home/arian/dev_ws/src/starting_point/src/minimal_examples.cpp:[m[K In member function â€˜[01m[Kvoid MinimalPublisher::timer_callback()[m[Kâ€™:
[3.704s] [01m[K/home/arian/dev_ws/src/starting_point/src/minimal_examples.cpp:26:66:[m[K [01;31m[Kerror: [m[Kno matching function for call to â€˜[01m[Kstd::__cxx11::basic_string<char>::basic_string(std::thread::id)[m[Kâ€™
[3.704s]    26 |             message.data = std::string(std::this_thread::get_id()[01;31m[K)[m[K;
[3.704s]       |                                                                  [01;31m[K^[m[K
[3.704s] In file included from [01m[K/usr/include/c++/9/string:55[m[K,
[3.704s]                  from [01m[K/usr/include/c++/9/stdexcept:39[m[K,
[3.704s]                  from [01m[K/usr/include/c++/9/array:39[m[K,
[3.704s]                  from [01m[K/usr/include/c++/9/tuple:39[m[K,
[3.704s]                  from [01m[K/usr/include/c++/9/functional:54[m[K,
[3.704s]                  from [01m[K/home/arian/dev_ws/src/starting_point/src/minimal_examples.cpp:2[m[K:
[3.704s] [01m[K/usr/include/c++/9/bits/basic_string.h:625:9:[m[K [01;36m[Knote: [m[Kcandidate: â€˜[01m[Ktemplate<class _InputIterator, class> std::__cxx11::basic_string<_CharT, _Traits, _Alloc>::basic_string(_InputIterator, _InputIterator, const _Alloc&)[m[Kâ€™
[3.704s]   625 |         [01;36m[Kbasic_string[m[K(_InputIterator __beg, _InputIterator __end,
[3.704s]       |         [01;36m[K^~~~~~~~~~~~[m[K
[3.704s] [01m[K/usr/include/c++/9/bits/basic_string.h:625:9:[m[K [01;36m[Knote: [m[K  template argument deduction/substitution failed:
[3.705s] [01m[K/home/arian/dev_ws/src/starting_point/src/minimal_examples.cpp:26:66:[m[K [01;36m[Knote: [m[K  candidate expects 3 arguments, 1 provided
[3.705s]    26 |             message.data = std::string(std::this_thread::get_id()[01;36m[K)[m[K;
[3.705s]       |                                                                  [01;36m[K^[m[K
[3.705s] In file included from [01m[K/usr/include/c++/9/string:55[m[K,
[3.705s]                  from [01m[K/usr/include/c++/9/stdexcept:39[m[K,
[3.705s]                  from [01m[K/usr/include/c++/9/array:39[m[K,
[3.705s]                  from [01m[K/usr/include/c++/9/tuple:39[m[K,
[3.705s]                  from [01m[K/usr/include/c++/9/functional:54[m[K,
[3.705s]                  from [01m[K/home/arian/dev_ws/src/starting_point/src/minimal_examples.cpp:2[m[K:
[3.705s] [01m[K/usr/include/c++/9/bits/basic_string.h:587:7:[m[K [01;36m[Knote: [m[Kcandidate: â€˜[01m[Kstd::__cxx11::basic_string<_CharT, _Traits, _Alloc>::basic_string(std::__cxx11::basic_string<_CharT, _Traits, _Alloc>&&, const _Alloc&) [with _CharT = char; _Traits = std::char_traits<char>; _Alloc = std::allocator<char>][m[Kâ€™
[3.705s]   587 |       [01;36m[Kbasic_string[m[K(basic_string&& __str, const _Alloc& __a)
[3.705s]       |       [01;36m[K^~~~~~~~~~~~[m[K
[3.705s] [01m[K/usr/include/c++/9/bits/basic_string.h:587:7:[m[K [01;36m[Knote: [m[K  candidate expects 2 arguments, 1 provided
[3.705s] [01m[K/usr/include/c++/9/bits/basic_string.h:583:7:[m[K [01;36m[Knote: [m[Kcandidate: â€˜[01m[Kstd::__cxx11::basic_string<_CharT, _Traits, _Alloc>::basic_string(const std::__cxx11::basic_string<_CharT, _Traits, _Alloc>&, const _Alloc&) [with _CharT = char; _Traits = std::char_traits<char>; _Alloc = std::allocator<char>][m[Kâ€™
[3.705s]   583 |       [01;36m[Kbasic_string[m[K(const basic_string& __str, const _Alloc& __a)
[3.705s]       |       [01;36m[K^~~~~~~~~~~~[m[K
[3.705s] [01m[K/usr/include/c++/9/bits/basic_string.h:583:7:[m[K [01;36m[Knote: [m[K  candidate expects 2 arguments, 1 provided
[3.706s] [01m[K/usr/include/c++/9/bits/basic_string.h:579:7:[m[K [01;36m[Knote: [m[Kcandidate: â€˜[01m[Kstd::__cxx11::basic_string<_CharT, _Traits, _Alloc>::basic_string(std::initializer_list<_Tp>, const _Alloc&) [with _CharT = char; _Traits = std::char_traits<char>; _Alloc = std::allocator<char>][m[Kâ€™
[3.706s]   579 |       [01;36m[Kbasic_string[m[K(initializer_list<_CharT> __l, const _Alloc& __a = _Alloc())
[3.706s]       |       [01;36m[K^~~~~~~~~~~~[m[K
[3.706s] [01m[K/usr/include/c++/9/bits/basic_string.h:579:45:[m[K [01;36m[Knote: [m[K  no known conversion for argument 1 from â€˜[01m[Kstd::thread::id[m[Kâ€™ to â€˜[01m[Kstd::initializer_list<char>[m[Kâ€™
[3.706s]   579 |       basic_string([01;36m[Kinitializer_list<_CharT> __l[m[K, const _Alloc& __a = _Alloc())
[3.706s]       |                    [01;36m[K~~~~~~~~~~~~~~~~~~~~~~~~~^~~[m[K
[3.706s] [01m[K/usr/include/c++/9/bits/basic_string.h:552:7:[m[K [01;36m[Knote: [m[Kcandidate: â€˜[01m[Kstd::__cxx11::basic_string<_CharT, _Traits, _Alloc>::basic_string(std::__cxx11::basic_string<_CharT, _Traits, _Alloc>&&) [with _CharT = char; _Traits = std::char_traits<char>; _Alloc = std::allocator<char>][m[Kâ€™
[3.706s]   552 |       [01;36m[Kbasic_string[m[K(basic_string&& __str) noexcept
[3.706s]       |       [01;36m[K^~~~~~~~~~~~[m[K
[3.706s] [01m[K/usr/include/c++/9/bits/basic_string.h:552:35:[m[K [01;36m[Knote: [m[K  no known conversion for argument 1 from â€˜[01m[Kstd::thread::id[m[Kâ€™ to â€˜[01m[Kstd::__cxx11::basic_string<char>&&[m[Kâ€™
[3.706s]   552 |       basic_string([01;36m[Kbasic_string&& __str[m[K) noexcept
[3.706s]       |                    [01;36m[K~~~~~~~~~~~~~~~^~~~~[m[K
[3.706s] [01m[K/usr/include/c++/9/bits/basic_string.h:540:7:[m[K [01;36m[Knote: [m[Kcandidate: â€˜[01m[Kstd::__cxx11::basic_string<_CharT, _Traits, _Alloc>::basic_string(std::__cxx11::basic_string<_CharT, _Traits, _Alloc>::size_type, _CharT, const _Alloc&) [with _CharT = char; _Traits = std::char_traits<char>; _Alloc = std::allocator<char>; std::__cxx11::basic_string<_CharT, _Traits, _Alloc>::size_type = long unsigned int][m[Kâ€™
[3.706s]   540 |       [01;36m[Kbasic_string[m[K(size_type __n, _CharT __c, const _Alloc& __a = _Alloc())
[3.706s]       |       [01;36m[K^~~~~~~~~~~~[m[K
[3.706s] [01m[K/usr/include/c++/9/bits/basic_string.h:540:7:[m[K [01;36m[Knote: [m[K  candidate expects 3 arguments, 1 provided
[3.707s] [01m[K/usr/include/c++/9/bits/basic_string.h:525:7:[m[K [01;36m[Knote: [m[Kcandidate: â€˜[01m[Kstd::__cxx11::basic_string<_CharT, _Traits, _Alloc>::basic_string(const _CharT*, const _Alloc&) [with _CharT = char; _Traits = std::char_traits<char>; _Alloc = std::allocator<char>][m[Kâ€™
[3.707s]   525 |       [01;36m[Kbasic_string[m[K(const _CharT* __s, const _Alloc& __a = _Alloc())
[3.707s]       |       [01;36m[K^~~~~~~~~~~~[m[K
[3.707s] [01m[K/usr/include/c++/9/bits/basic_string.h:525:34:[m[K [01;36m[Knote: [m[K  no known conversion for argument 1 from â€˜[01m[Kstd::thread::id[m[Kâ€™ to â€˜[01m[Kconst char*[m[Kâ€™
[3.707s]   525 |       basic_string([01;36m[Kconst _CharT* __s[m[K, const _Alloc& __a = _Alloc())
[3.707s]       |                    [01;36m[K~~~~~~~~~~~~~~^~~[m[K
[3.707s] [01m[K/usr/include/c++/9/bits/basic_string.h:510:7:[m[K [01;36m[Knote: [m[Kcandidate: â€˜[01m[Kstd::__cxx11::basic_string<_CharT, _Traits, _Alloc>::basic_string(const _CharT*, std::__cxx11::basic_string<_CharT, _Traits, _Alloc>::size_type, const _Alloc&) [with _CharT = char; _Traits = std::char_traits<char>; _Alloc = std::allocator<char>; std::__cxx11::basic_string<_CharT, _Traits, _Alloc>::size_type = long unsigned int][m[Kâ€™
[3.707s]   510 |       [01;36m[Kbasic_string[m[K(const _CharT* __s, size_type __n,
[3.707s]       |       [01;36m[K^~~~~~~~~~~~[m[K
[3.707s] [01m[K/usr/include/c++/9/bits/basic_string.h:510:7:[m[K [01;36m[Knote: [m[K  candidate expects 3 arguments, 1 provided
[3.707s] [01m[K/usr/include/c++/9/bits/basic_string.h:492:7:[m[K [01;36m[Knote: [m[Kcandidate: â€˜[01m[Kstd::__cxx11::basic_string<_CharT, _Traits, _Alloc>::basic_string(const std::__cxx11::basic_string<_CharT, _Traits, _Alloc>&, std::__cxx11::basic_string<_CharT, _Traits, _Alloc>::size_type, std::__cxx11::basic_string<_CharT, _Traits, _Alloc>::size_type, const _Alloc&) [with _CharT = char; _Traits = std::char_traits<char>; _Alloc = std::allocator<char>; std::__cxx11::basic_string<_CharT, _Traits, _Alloc>::size_type = long unsigned int][m[Kâ€™
[3.707s]   492 |       [01;36m[Kbasic_string[m[K(const basic_string& __str, size_type __pos,
[3.707s]       |       [01;36m[K^~~~~~~~~~~~[m[K
[3.707s] [01m[K/usr/include/c++/9/bits/basic_string.h:492:7:[m[K [01;36m[Knote: [m[K  candidate expects 4 arguments, 1 provided
[3.707s] [01m[K/usr/include/c++/9/bits/basic_string.h:476:7:[m[K [01;36m[Knote: [m[Kcandidate: â€˜[01m[Kstd::__cxx11::basic_string<_CharT, _Traits, _Alloc>::basic_string(const std::__cxx11::basic_string<_CharT, _Traits, _Alloc>&, std::__cxx11::basic_string<_CharT, _Traits, _Alloc>::size_type, std::__cxx11::basic_string<_CharT, _Traits, _Alloc>::size_type) [with _CharT = char; _Traits = std::char_traits<char>; _Alloc = std::allocator<char>; std::__cxx11::basic_string<_CharT, _Traits, _Alloc>::size_type = long unsigned int][m[Kâ€™
[3.708s]   476 |       [01;36m[Kbasic_string[m[K(const basic_string& __str, size_type __pos,
[3.708s]       |       [01;36m[K^~~~~~~~~~~~[m[K
[3.708s] [01m[K/usr/include/c++/9/bits/basic_string.h:476:7:[m[K [01;36m[Knote: [m[K  candidate expects 3 arguments, 1 provided
[3.708s] [01m[K/usr/include/c++/9/bits/basic_string.h:461:7:[m[K [01;36m[Knote: [m[Kcandidate: â€˜[01m[Kstd::__cxx11::basic_string<_CharT, _Traits, _Alloc>::basic_string(const std::__cxx11::basic_string<_CharT, _Traits, _Alloc>&, std::__cxx11::basic_string<_CharT, _Traits, _Alloc>::size_type, const _Alloc&) [with _CharT = char; _Traits = std::char_traits<char>; _Alloc = std::allocator<char>; std::__cxx11::basic_string<_CharT, _Traits, _Alloc>::size_type = long unsigned int][m[Kâ€™
[3.708s]   461 |       [01;36m[Kbasic_string[m[K(const basic_string& __str, size_type __pos,
[3.708s]       |       [01;36m[K^~~~~~~~~~~~[m[K
[3.708s] [01m[K/usr/include/c++/9/bits/basic_string.h:461:7:[m[K [01;36m[Knote: [m[K  candidate expects 3 arguments, 1 provided
[3.708s] [01m[K/usr/include/c++/9/bits/basic_string.h:448:7:[m[K [01;36m[Knote: [m[Kcandidate: â€˜[01m[Kstd::__cxx11::basic_string<_CharT, _Traits, _Alloc>::basic_string(const std::__cxx11::basic_string<_CharT, _Traits, _Alloc>&) [with _CharT = char; _Traits = std::char_traits<char>; _Alloc = std::allocator<char>][m[Kâ€™
[3.708s]   448 |       [01;36m[Kbasic_string[m[K(const basic_string& __str)
[3.708s]       |       [01;36m[K^~~~~~~~~~~~[m[K
[3.708s] [01m[K/usr/include/c++/9/bits/basic_string.h:448:40:[m[K [01;36m[Knote: [m[K  no known conversion for argument 1 from â€˜[01m[Kstd::thread::id[m[Kâ€™ to â€˜[01m[Kconst std::__cxx11::basic_string<char>&[m[Kâ€™
[3.708s]   448 |       basic_string([01;36m[Kconst basic_string& __str[m[K)
[3.708s]       |                    [01;36m[K~~~~~~~~~~~~~~~~~~~~^~~~~[m[K
[3.708s] [01m[K/usr/include/c++/9/bits/basic_string.h:440:7:[m[K [01;36m[Knote: [m[Kcandidate: â€˜[01m[Kstd::__cxx11::basic_string<_CharT, _Traits, _Alloc>::basic_string(const _Alloc&) [with _CharT = char; _Traits = std::char_traits<char>; _Alloc = std::allocator<char>][m[Kâ€™
[3.708s]   440 |       [01;36m[Kbasic_string[m[K(const _Alloc& __a) _GLIBCXX_NOEXCEPT
[3.708s]       |       [01;36m[K^~~~~~~~~~~~[m[K
[3.709s] [01m[K/usr/include/c++/9/bits/basic_string.h:440:34:[m[K [01;36m[Knote: [m[K  no known conversion for argument 1 from â€˜[01m[Kstd::thread::id[m[Kâ€™ to â€˜[01m[Kconst std::allocator<char>&[m[Kâ€™
[3.709s]   440 |       basic_string([01;36m[Kconst _Alloc& __a[m[K) _GLIBCXX_NOEXCEPT
[3.709s]       |                    [01;36m[K~~~~~~~~~~~~~~^~~[m[K
[3.709s] [01m[K/usr/include/c++/9/bits/basic_string.h:431:7:[m[K [01;36m[Knote: [m[Kcandidate: â€˜[01m[Kstd::__cxx11::basic_string<_CharT, _Traits, _Alloc>::basic_string() [with _CharT = char; _Traits = std::char_traits<char>; _Alloc = std::allocator<char>][m[Kâ€™
[3.709s]   431 |       [01;36m[Kbasic_string[m[K()
[3.709s]       |       [01;36m[K^~~~~~~~~~~~[m[K
[3.709s] [01m[K/usr/include/c++/9/bits/basic_string.h:431:7:[m[K [01;36m[Knote: [m[K  candidate expects 0 arguments, 1 provided
[4.439s] make[2]: *** [CMakeFiles/minimal_examples.dir/build.make:63: CMakeFiles/minimal_examples.dir/src/minimal_examples.cpp.o] Error 1
[4.439s] make[1]: *** [CMakeFiles/Makefile2:80: CMakeFiles/minimal_examples.dir/all] Error 2
[4.439s] make: *** [Makefile:141: all] Error 2
[4.441s] Invoked command in '/home/arian/dev_ws/build/starting_point' returned '2': CMAKE_PREFIX_PATH=${CMAKE_PREFIX_PATH}:/home/arian/ros2_foxy/install/ros2bag:/home/arian/ros2_foxy/install/tracetools_launch:/home/arian/ros2_foxy/install/topic_monitor:/home/arian/ros2_foxy/install/examples_tf2_py:/home/arian/ros2_foxy/install/sros2:/home/arian/ros2_foxy/install/rqt_topic:/home/arian/ros2_foxy/install/rqt_reconfigure:/home/arian/ros2_foxy/install/rqt_action:/home/arian/ros2_foxy/install/rqt:/home/arian/ros2_foxy/install/rqt_graph:/home/arian/ros2_foxy/install/rqt_gui_py:/home/arian/ros2_foxy/install/rqt_gui:/home/arian/ros2_foxy/install/ros2trace:/home/arian/ros2_foxy/install/ros2topic:/home/arian/ros2_foxy/install/ros2test:/home/arian/ros2_foxy/install/ros2component:/home/arian/ros2_foxy/install/ros2param:/home/arian/ros2_foxy/install/ros2lifecycle:/home/arian/ros2_foxy/install/ros2service:/home/arian/ros2_foxy/install/ros2run:/home/arian/ros2_foxy/install/ros2launch:/home/arian/ros2_foxy/install/ros2pkg:/home/arian/ros2_foxy/install/ros2node:/home/arian/ros2_foxy/install/ros2multicast:/home/arian/ros2_foxy/install/ros2interface:/home/arian/ros2_foxy/install/ros2doctor:/home/arian/ros2_foxy/install/ros2action:/home/arian/ros2_foxy/install/ros2cli:/home/arian/ros2_foxy/install/quality_of_service_demo_py:/home/arian/ros2_foxy/install/launch_testing_ros:/home/arian/ros2_foxy/install/launch_ros:/home/arian/ros2_foxy/install/examples_rclpy_minimal_subscriber:/home/arian/ros2_foxy/install/examples_rclpy_minimal_service:/home/arian/ros2_foxy/install/examples_rclpy_minimal_publisher:/home/arian/ros2_foxy/install/examples_rclpy_minimal_client:/home/arian/ros2_foxy/install/examples_rclpy_minimal_action_server:/home/arian/ros2_foxy/install/examples_rclpy_minimal_action_client:/home/arian/ros2_foxy/install/examples_rclpy_executors:/home/arian/ros2_foxy/install/demo_nodes_py:/home/arian/ros2_foxy/install/action_tutorials_py:/home/arian/ros2_foxy/install/ament_uncrustify:/home/arian/ros2_foxy/install/tracetools_trace:/home/arian/ros2_foxy/install/tracetools_read:/home/arian/ros2_foxy/install/test_launch_ros:/home/arian/ros2_foxy/install/rpyutils:/home/arian/ros2_foxy/install/rosidl_runtime_py:/home/arian/ros2_foxy/install/launch_yaml:/home/arian/ros2_foxy/install/launch_xml:/home/arian/ros2_foxy/install/launch_testing:/home/arian/ros2_foxy/install/launch:/home/arian/ros2_foxy/install/osrf_pycommon:/home/arian/ros2_foxy/install/domain_coordinator:/home/arian/ros2_foxy/install/ament_xmllint:/home/arian/ros2_foxy/install/ament_pyflakes:/home/arian/ros2_foxy/install/ament_pycodestyle:/home/arian/ros2_foxy/install/ament_pep257:/home/arian/ros2_foxy/install/ament_pclint:/home/arian/ros2_foxy/install/ament_package:/home/arian/ros2_foxy/install/ament_mypy:/home/arian/ros2_foxy/install/ament_lint_cmake:/home/arian/ros2_foxy/install/ament_flake8:/home/arian/ros2_foxy/install/ament_copyright:/home/arian/ros2_foxy/install/ament_lint:/home/arian/ros2_foxy/install/ament_index_python:/home/arian/ros2_foxy/install/ament_cpplint:/home/arian/ros2_foxy/install/ament_cppcheck:/home/arian/ros2_foxy/install/ament_clang_tidy:/home/arian/ros2_foxy/install/ament_clang_format /usr/bin/cmake --build /home/arian/dev_ws/build/starting_point -- -j12 -l12
