[35m[1mScanning dependencies of target minimal_examples[0m
[ 50%] Built target starting_point
[ 75%] [32mBuilding CXX object CMakeFiles/minimal_examples.dir/src/minimal_examples.cpp.o[0m
[01m[K/home/arian/dev_ws/src/starting_point/src/minimal_examples.cpp:[m[K In member function â€˜[01m[Kvoid MinimalPublisherNonBlockingThread::thread_calc()[m[Kâ€™:
[01m[K/home/arian/dev_ws/src/starting_point/src/minimal_examples.cpp:164:13:[m[K [01;31m[Kerror: [m[Kâ€˜[01m[Kpromise[m[Kâ€™ was not declared in this scope; did you mean â€˜[01m[Kstd::promise[m[Kâ€™?
  164 |             [01;31m[Kpromise[m[K.set_value(1);
      |             [01;31m[K^~~~~~~[m[K
      |             [32m[Kstd::promise[m[K
In file included from [01m[K/home/arian/ros2_foxy/install/rclcpp/include/rclcpp/executors.hpp:18[m[K,
                 from [01m[K/home/arian/ros2_foxy/install/rclcpp/include/rclcpp/rclcpp.hpp:146[m[K,
                 from [01m[K/home/arian/dev_ws/src/starting_point/src/minimal_examples.cpp:6[m[K:
[01m[K/usr/include/c++/9/future:134:11:[m[K [01;36m[Knote: [m[Kâ€˜[01m[Kstd::promise[m[Kâ€™ declared here
  134 |     class [01;36m[Kpromise[m[K;
      |           [01;36m[K^~~~~~~[m[K
make[2]: *** [CMakeFiles/minimal_examples.dir/build.make:63: CMakeFiles/minimal_examples.dir/src/minimal_examples.cpp.o] Error 1
make[1]: *** [CMakeFiles/Makefile2:80: CMakeFiles/minimal_examples.dir/all] Error 2
make: *** [Makefile:141: all] Error 2
