[35m[1mScanning dependencies of target minimal_examples[0m
[ 50%] Built target starting_point
[ 75%] [32mBuilding CXX object CMakeFiles/minimal_examples.dir/src/minimal_examples.cpp.o[0m
[01m[K/home/arian/dev_ws/src/starting_point/src/minimal_examples.cpp:[m[K In function â€˜[01m[Kint main(int, char**)[m[Kâ€™:
[01m[K/home/arian/dev_ws/src/starting_point/src/minimal_examples.cpp:471:42:[m[K [01;31m[Kerror: [m[Kâ€˜[01m[KMinimalPublisherBlockingThreads[m[Kâ€™ was not declared in this scope; did you mean â€˜[01m[KMinimalPublisherBlockingThread[m[Kâ€™?
  471 |         auto pub_node = std::make_shared<[01;31m[KMinimalPublisherBlockingThreads[m[K>();
      |                                          [01;31m[K^~~~~~~~~~~~~~~~~~~~~~~~~~~~~~~[m[K
      |                                          [32m[KMinimalPublisherBlockingThread[m[K
[01m[K/home/arian/dev_ws/src/starting_point/src/minimal_examples.cpp:471:75:[m[K [01;31m[Kerror: [m[Kno matching function for call to â€˜[01m[Kmake_shared<<expression error> >()[m[Kâ€™
  471 |         auto pub_node = std::make_shared<MinimalPublisherBlockingThreads>([01;31m[K)[m[K;
      |                                                                           [01;31m[K^[m[K
In file included from [01m[K/usr/include/c++/9/memory:81[m[K,
                 from [01m[K/home/arian/ros2_foxy/install/rclcpp/include/rclcpp/rclcpp.hpp:144[m[K,
                 from [01m[K/home/arian/dev_ws/src/starting_point/src/minimal_examples.cpp:22[m[K:
[01m[K/usr/include/c++/9/bits/shared_ptr.h:714:5:[m[K [01;36m[Knote: [m[Kcandidate: â€˜[01m[Ktemplate<class _Tp, class ... _Args> std::shared_ptr<_Tp> std::make_shared(_Args&& ...)[m[Kâ€™
  714 |     [01;36m[Kmake_shared[m[K(_Args&&... __args)
      |     [01;36m[K^~~~~~~~~~~[m[K
[01m[K/usr/include/c++/9/bits/shared_ptr.h:714:5:[m[K [01;36m[Knote: [m[K  template argument deduction/substitution failed:
[01m[K/home/arian/dev_ws/src/starting_point/src/minimal_examples.cpp:471:75:[m[K [01;31m[Kerror: [m[Ktemplate argument 1 is invalid
  471 |         auto pub_node = std::make_shared<MinimalPublisherBlockingThreads>([01;31m[K)[m[K;
      |                                                                           [01;31m[K^[m[K
make[2]: *** [CMakeFiles/minimal_examples.dir/build.make:63: CMakeFiles/minimal_examples.dir/src/minimal_examples.cpp.o] Error 1
make[1]: *** [CMakeFiles/Makefile2:80: CMakeFiles/minimal_examples.dir/all] Error 2
make: *** [Makefile:141: all] Error 2
