[35m[1mScanning dependencies of target main[0m
[ 50%] [32mBuilding CXX object CMakeFiles/main.dir/src/main.cpp.o[0m
[01m[K/home/arian/Framework/src/framework/src/main.cpp:[m[K In function â€˜[01m[Kint main()[m[Kâ€™:
[01m[K/home/arian/Framework/src/framework/src/main.cpp:52:20:[m[K [01;35m[Kwarning: [m[Kcomparison of integer expressions of different signedness: â€˜[01m[Kint[m[Kâ€™ and â€˜[01m[Kstd::vector<int>::size_type[m[Kâ€™ {aka â€˜[01m[Klong unsigned int[m[Kâ€™} [[01;35m[K-Wsign-compare[m[K]
   52 |   for(int i = 0; [01;35m[Ki < my_big_sum.capacity()[m[K; i++)
      |                  [01;35m[K~~^~~~~~~~~~~~~~~~~~~~~~~[m[K
[01m[K/home/arian/Framework/src/framework/src/main.cpp:78:25:[m[K [01;31m[Kerror: [m[Kâ€˜[01m[Kmy_result[m[Kâ€™ was not declared in this scope; did you mean â€˜[01m[Kmy_results[m[Kâ€™?
   78 |   std::cout << *(int*)(*[01;31m[Kmy_result[m[K) + *(int*)(*(my_result + 1)) << std::endl;
      |                         [01;31m[K^~~~~~~~~[m[K
      |                         [32m[Kmy_results[m[K
make[2]: *** [CMakeFiles/main.dir/build.make:63: CMakeFiles/main.dir/src/main.cpp.o] Error 1
make[1]: *** [CMakeFiles/Makefile2:78: CMakeFiles/main.dir/all] Error 2
make: *** [Makefile:141: all] Error 2
