[0.037s] Invoking command in '/home/arian/Framework/build/framework': CMAKE_PREFIX_PATH=${CMAKE_PREFIX_PATH}:/home/arian/ros2_foxy/install/ros2bag:/home/arian/ros2_foxy/install/tracetools_launch:/home/arian/ros2_foxy/install/topic_monitor:/home/arian/ros2_foxy/install/examples_tf2_py:/home/arian/ros2_foxy/install/sros2:/home/arian/ros2_foxy/install/rqt_topic:/home/arian/ros2_foxy/install/rqt_reconfigure:/home/arian/ros2_foxy/install/rqt_action:/home/arian/ros2_foxy/install/rqt:/home/arian/ros2_foxy/install/rqt_graph:/home/arian/ros2_foxy/install/rqt_gui_py:/home/arian/ros2_foxy/install/rqt_gui:/home/arian/ros2_foxy/install/ros2trace:/home/arian/ros2_foxy/install/ros2topic:/home/arian/ros2_foxy/install/ros2test:/home/arian/ros2_foxy/install/ros2component:/home/arian/ros2_foxy/install/ros2param:/home/arian/ros2_foxy/install/ros2lifecycle:/home/arian/ros2_foxy/install/ros2service:/home/arian/ros2_foxy/install/ros2run:/home/arian/ros2_foxy/install/ros2launch:/home/arian/ros2_foxy/install/ros2pkg:/home/arian/ros2_foxy/install/ros2node:/home/arian/ros2_foxy/install/ros2multicast:/home/arian/ros2_foxy/install/ros2interface:/home/arian/ros2_foxy/install/ros2doctor:/home/arian/ros2_foxy/install/ros2action:/home/arian/ros2_foxy/install/ros2cli:/home/arian/ros2_foxy/install/quality_of_service_demo_py:/home/arian/ros2_foxy/install/launch_testing_ros:/home/arian/ros2_foxy/install/launch_ros:/home/arian/ros2_foxy/install/examples_rclpy_minimal_subscriber:/home/arian/ros2_foxy/install/examples_rclpy_minimal_service:/home/arian/ros2_foxy/install/examples_rclpy_minimal_publisher:/home/arian/ros2_foxy/install/examples_rclpy_minimal_client:/home/arian/ros2_foxy/install/examples_rclpy_minimal_action_server:/home/arian/ros2_foxy/install/examples_rclpy_minimal_action_client:/home/arian/ros2_foxy/install/examples_rclpy_executors:/home/arian/ros2_foxy/install/demo_nodes_py:/home/arian/ros2_foxy/install/action_tutorials_py:/home/arian/ros2_foxy/install/ament_uncrustify:/home/arian/ros2_foxy/install/tracetools_trace:/home/arian/ros2_foxy/install/tracetools_read:/home/arian/ros2_foxy/install/test_launch_ros:/home/arian/ros2_foxy/install/rpyutils:/home/arian/ros2_foxy/install/rosidl_runtime_py:/home/arian/ros2_foxy/install/launch_yaml:/home/arian/ros2_foxy/install/launch_xml:/home/arian/ros2_foxy/install/launch_testing:/home/arian/ros2_foxy/install/launch:/home/arian/ros2_foxy/install/osrf_pycommon:/home/arian/ros2_foxy/install/domain_coordinator:/home/arian/ros2_foxy/install/ament_xmllint:/home/arian/ros2_foxy/install/ament_pyflakes:/home/arian/ros2_foxy/install/ament_pycodestyle:/home/arian/ros2_foxy/install/ament_pep257:/home/arian/ros2_foxy/install/ament_pclint:/home/arian/ros2_foxy/install/ament_package:/home/arian/ros2_foxy/install/ament_mypy:/home/arian/ros2_foxy/install/ament_lint_cmake:/home/arian/ros2_foxy/install/ament_flake8:/home/arian/ros2_foxy/install/ament_copyright:/home/arian/ros2_foxy/install/ament_lint:/home/arian/ros2_foxy/install/ament_index_python:/home/arian/ros2_foxy/install/ament_cpplint:/home/arian/ros2_foxy/install/ament_cppcheck:/home/arian/ros2_foxy/install/ament_clang_tidy:/home/arian/ros2_foxy/install/ament_clang_format /usr/bin/cmake --build /home/arian/Framework/build/framework -- -j12 -l12
[0.123s] [35m[1mScanning dependencies of target main[0m
[0.168s] [ 50%] [32mBuilding CXX object CMakeFiles/main.dir/src/main.cpp.o[0m
[1.341s] In file included from [01m[K/home/arian/Framework/src/framework/src/main.cpp:12[m[K:
[1.341s] [01m[K/home/arian/Framework/src/framework/include/framework/multiply_parallel.hpp:[m[K In constructor â€˜[01m[Kiterators::iterators(const std::vector<int>&, const std::vector<int>&, std::vector<int>&, int, int, int, int)[m[Kâ€™:
[1.341s] [01m[K/home/arian/Framework/src/framework/include/framework/multiply_parallel.hpp:47:9:[m[K [01;31m[Kerror: [m[Kclass â€˜[01m[Kiterators[m[Kâ€™ does not have any field named â€˜[01m[Ksize_[m[Kâ€™
[1.341s]    47 |         [01;31m[Ksize_[m[K(size),
[1.341s]       |         [01;31m[K^~~~~[m[K
[1.341s] [01m[K/home/arian/Framework/src/framework/include/framework/multiply_parallel.hpp:48:9:[m[K [01;31m[Kerror: [m[Kclass â€˜[01m[Kiterators[m[Kâ€™ does not have any field named â€˜[01m[Kwidth_[m[Kâ€™
[1.342s]    48 |         [01;31m[Kwidth_[m[K(width)
[1.342s]       |         [01;31m[K^~~~~~[m[K
[1.342s] [01m[K/home/arian/Framework/src/framework/include/framework/multiply_parallel.hpp:40:13:[m[K [01;35m[Kwarning: [m[Kunused parameter â€˜[01m[Ksize_[m[Kâ€™ [[01;35m[K-Wunused-parameter[m[K]
[1.342s]    40 |         [01;35m[Kint size_[m[K,
[1.342s]       |         [01;35m[K~~~~^~~~~[m[K
[1.342s] [01m[K/home/arian/Framework/src/framework/include/framework/multiply_parallel.hpp:41:13:[m[K [01;35m[Kwarning: [m[Kunused parameter â€˜[01m[Kwidth_[m[Kâ€™ [[01;35m[K-Wunused-parameter[m[K]
[1.342s]    41 |         [01;35m[Kint width_[m[K) :
[1.342s]       |         [01;35m[K~~~~^~~~~~[m[K
[1.342s] [01m[K/home/arian/Framework/src/framework/include/framework/multiply_parallel.hpp:[m[K In function â€˜[01m[Kvoid* multiply_parallel_pthread(void*)[m[Kâ€™:
[1.342s] [01m[K/home/arian/Framework/src/framework/include/framework/multiply_parallel.hpp:66:39:[m[K [01;31m[Kerror: [m[Kexpected primary-expression before â€˜[01m[K)[m[Kâ€™ token
[1.342s]    66 |     iterators* iterators = (iterators*[01;31m[K)[m[Kiterators_;
[1.342s]       |                                       [01;31m[K^[m[K
[1.342s] [01m[K/home/arian/Framework/src/framework/include/framework/multiply_parallel.hpp:70:44:[m[K [01;31m[Kerror: [m[Kexpression cannot be used as a function
[1.342s]    70 |         for(int j = 0; j < iterators->size([01;31m[K)[m[K; j++)
[1.342s]       |                                            [01;31m[K^[m[K
[1.343s] [01m[K/home/arian/Framework/src/framework/include/framework/multiply_parallel.hpp:72:48:[m[K [01;31m[Kerror: [m[Kexpression cannot be used as a function
[1.343s]    72 |             for(int k = 0; k < iterators->size([01;31m[K)[m[K; k++)
[1.343s]       |                                                [01;31m[K^[m[K
[1.343s] [01m[K/home/arian/Framework/src/framework/include/framework/multiply_parallel.hpp:74:16:[m[K [01;31m[Kerror: [m[Kâ€˜[01m[Kmatrix_c[m[Kâ€™ was not declared in this scope
[1.343s]    74 |                [01;31m[Kmatrix_c[m[K[0] = 3;
[1.343s]       |                [01;31m[K^~~~~~~~[m[K
[1.343s] [01m[K/home/arian/Framework/src/framework/include/framework/multiply_parallel.hpp:64:41:[m[K [01;35m[Kwarning: [m[Kunused parameter â€˜[01m[Kiterators_[m[Kâ€™ [[01;35m[K-Wunused-parameter[m[K]
[1.343s]    64 | void * multiply_parallel_pthread([01;35m[Kvoid * iterators_[m[K)
[1.343s]       |                                  [01;35m[K~~~~~~~^~~~~~~~~~[m[K
[1.343s] In file included from [01m[K/home/arian/Framework/src/framework/src/main.cpp:12[m[K:
[1.343s] [01m[K/home/arian/Framework/src/framework/include/framework/multiply_parallel.hpp:[m[K In constructor â€˜[01m[Kmultiply_parallel::multiply_parallel(const std::vector<int>&, const std::vector<int>&, std::vector<int>&, const settings&)[m[Kâ€™:
[1.343s] [01m[K/home/arian/Framework/src/framework/include/framework/multiply_parallel.hpp:87:60:[m[K [01;31m[Kerror: [m[Kcannot convert â€˜[01m[Kconst settings[m[Kâ€™ to â€˜[01m[Ksettings*[m[Kâ€™
[1.343s]    87 |             this->execute(matrix_a_, matrix_b_, matrix_c_, [01;31m[Ksettings_[m[K);
[1.343s]       |                                                            [01;31m[K^~~~~~~~~[m[K
[1.343s]       |                                                            [01;31m[K|[m[K
[1.343s]       |                                                            [01;31m[Kconst settings[m[K
[1.344s] [01m[K/home/arian/Framework/src/framework/include/framework/multiply_parallel.hpp:102:132:[m[K [01;36m[Knote: [m[K  initializing argument 4 of â€˜[01m[Kvoid multiply_parallel::execute(const std::vector<int>&, const std::vector<int>&, std::vector<int>&, settings*)[m[Kâ€™
[1.344s]   102 |         void execute(const std::vector<int>& matrix_a_, const std::vector<int>& matrix_b_, std::vector<int>& matrix_c_, [01;36m[Ksettings * settings_[m[K)
[1.344s]       |                                                                                                                         [01;36m[K~~~~~~~~~~~^~~~~~~~~[m[K
[1.345s] [01m[K/home/arian/Framework/src/framework/include/framework/multiply_parallel.hpp:[m[K In member function â€˜[01m[Kvoid multiply_parallel::execute(const std::vector<int>&, const std::vector<int>&, std::vector<int>&, settings*)[m[Kâ€™:
[1.345s] [01m[K/home/arian/Framework/src/framework/include/framework/multiply_parallel.hpp:104:24:[m[K [01;35m[Kwarning: [m[Kunused variable â€˜[01m[Kthreads[m[Kâ€™ [[01;35m[K-Wunused-variable[m[K]
[1.345s]   104 |             pthread_t* [01;35m[Kthreads[m[K = new pthread_t[settings_->THREAD_NUMBER];
[1.345s]       |                        [01;35m[K^~~~~~~[m[K
[1.673s] make[2]: *** [CMakeFiles/main.dir/build.make:63: CMakeFiles/main.dir/src/main.cpp.o] Error 1
[1.673s] make[1]: *** [CMakeFiles/Makefile2:78: CMakeFiles/main.dir/all] Error 2
[1.673s] make: *** [Makefile:141: all] Error 2
[1.675s] Invoked command in '/home/arian/Framework/build/framework' returned '2': CMAKE_PREFIX_PATH=${CMAKE_PREFIX_PATH}:/home/arian/ros2_foxy/install/ros2bag:/home/arian/ros2_foxy/install/tracetools_launch:/home/arian/ros2_foxy/install/topic_monitor:/home/arian/ros2_foxy/install/examples_tf2_py:/home/arian/ros2_foxy/install/sros2:/home/arian/ros2_foxy/install/rqt_topic:/home/arian/ros2_foxy/install/rqt_reconfigure:/home/arian/ros2_foxy/install/rqt_action:/home/arian/ros2_foxy/install/rqt:/home/arian/ros2_foxy/install/rqt_graph:/home/arian/ros2_foxy/install/rqt_gui_py:/home/arian/ros2_foxy/install/rqt_gui:/home/arian/ros2_foxy/install/ros2trace:/home/arian/ros2_foxy/install/ros2topic:/home/arian/ros2_foxy/install/ros2test:/home/arian/ros2_foxy/install/ros2component:/home/arian/ros2_foxy/install/ros2param:/home/arian/ros2_foxy/install/ros2lifecycle:/home/arian/ros2_foxy/install/ros2service:/home/arian/ros2_foxy/install/ros2run:/home/arian/ros2_foxy/install/ros2launch:/home/arian/ros2_foxy/install/ros2pkg:/home/arian/ros2_foxy/install/ros2node:/home/arian/ros2_foxy/install/ros2multicast:/home/arian/ros2_foxy/install/ros2interface:/home/arian/ros2_foxy/install/ros2doctor:/home/arian/ros2_foxy/install/ros2action:/home/arian/ros2_foxy/install/ros2cli:/home/arian/ros2_foxy/install/quality_of_service_demo_py:/home/arian/ros2_foxy/install/launch_testing_ros:/home/arian/ros2_foxy/install/launch_ros:/home/arian/ros2_foxy/install/examples_rclpy_minimal_subscriber:/home/arian/ros2_foxy/install/examples_rclpy_minimal_service:/home/arian/ros2_foxy/install/examples_rclpy_minimal_publisher:/home/arian/ros2_foxy/install/examples_rclpy_minimal_client:/home/arian/ros2_foxy/install/examples_rclpy_minimal_action_server:/home/arian/ros2_foxy/install/examples_rclpy_minimal_action_client:/home/arian/ros2_foxy/install/examples_rclpy_executors:/home/arian/ros2_foxy/install/demo_nodes_py:/home/arian/ros2_foxy/install/action_tutorials_py:/home/arian/ros2_foxy/install/ament_uncrustify:/home/arian/ros2_foxy/install/tracetools_trace:/home/arian/ros2_foxy/install/tracetools_read:/home/arian/ros2_foxy/install/test_launch_ros:/home/arian/ros2_foxy/install/rpyutils:/home/arian/ros2_foxy/install/rosidl_runtime_py:/home/arian/ros2_foxy/install/launch_yaml:/home/arian/ros2_foxy/install/launch_xml:/home/arian/ros2_foxy/install/launch_testing:/home/arian/ros2_foxy/install/launch:/home/arian/ros2_foxy/install/osrf_pycommon:/home/arian/ros2_foxy/install/domain_coordinator:/home/arian/ros2_foxy/install/ament_xmllint:/home/arian/ros2_foxy/install/ament_pyflakes:/home/arian/ros2_foxy/install/ament_pycodestyle:/home/arian/ros2_foxy/install/ament_pep257:/home/arian/ros2_foxy/install/ament_pclint:/home/arian/ros2_foxy/install/ament_package:/home/arian/ros2_foxy/install/ament_mypy:/home/arian/ros2_foxy/install/ament_lint_cmake:/home/arian/ros2_foxy/install/ament_flake8:/home/arian/ros2_foxy/install/ament_copyright:/home/arian/ros2_foxy/install/ament_lint:/home/arian/ros2_foxy/install/ament_index_python:/home/arian/ros2_foxy/install/ament_cpplint:/home/arian/ros2_foxy/install/ament_cppcheck:/home/arian/ros2_foxy/install/ament_clang_tidy:/home/arian/ros2_foxy/install/ament_clang_format /usr/bin/cmake --build /home/arian/Framework/build/framework -- -j12 -l12
