[35m[1mScanning dependencies of target main[0m
[ 50%] [32mBuilding CXX object CMakeFiles/main.dir/src/main.cpp.o[0m
In file included from [01m[K/home/arian/Framework/src/framework/src/main.cpp:6[m[K:
[01m[K/home/arian/Framework/src/framework/include/framework/multiply_parallel.hpp:[m[K In member function â€˜[01m[Kvoid framework::utilities::Multiply::run(int**, int**)[m[Kâ€™:
[01m[K/home/arian/Framework/src/framework/include/framework/multiply_parallel.hpp:30:70:[m[K [01;31m[Kerror: [m[KISO C++ forbids taking the address of an unqualified or parenthesized non-static member function to form a pointer to member function.  Say â€˜[01m[K&framework::utilities::Multiply::multiply_function[m[Kâ€™ [[01;31m[K-fpermissive[m[K]
   30 |                         pthread_create(&threads[i], NULL, std::bind(&[01;31m[Kmultiply_function[m[K, this), NULL);
      |                                                                      [01;31m[K^~~~~~~~~~~~~~~~~[m[K
In file included from [01m[K/home/arian/ros2_foxy/install/rclcpp/include/rclcpp/context.hpp:19[m[K,
                 from [01m[K/home/arian/ros2_foxy/install/rclcpp/include/rclcpp/contexts/default_context.hpp:18[m[K,
                 from [01m[K/home/arian/ros2_foxy/install/rclcpp/include/rclcpp/executor.hpp:32[m[K,
                 from [01m[K/home/arian/ros2_foxy/install/rclcpp/include/rclcpp/executors/multi_threaded_executor.hpp:25[m[K,
                 from [01m[K/home/arian/ros2_foxy/install/rclcpp/include/rclcpp/executors.hpp:21[m[K,
                 from [01m[K/home/arian/ros2_foxy/install/rclcpp/include/rclcpp/rclcpp.hpp:146[m[K,
                 from [01m[K/home/arian/Framework/src/framework/src/main.cpp:2[m[K:
/usr/include/c++/9/functional: In instantiation of â€˜[01m[Kstruct std::_Bind_check_arity<void* (framework::utilities::Multiply::*)(void*), framework::utilities::Multiply*>[m[Kâ€™:
[01m[K/usr/include/c++/9/functional:787:12:[m[K   required from â€˜[01m[Kstruct std::_Bind_helper<false, void* (framework::utilities::Multiply::*)(void*), framework::utilities::Multiply*>[m[Kâ€™
[01m[K/usr/include/c++/9/functional:808:5:[m[K   required by substitution of â€˜[01m[Ktemplate<class _Func, class ... _BoundArgs> typename std::_Bind_helper<std::__is_socketlike<_Func>::value, _Func, _BoundArgs ...>::type std::bind(_Func&&, _BoundArgs&& ...) [with _Func = void* (framework::utilities::Multiply::*)(void*); _BoundArgs = {framework::utilities::Multiply*}][m[Kâ€™
[01m[K/home/arian/Framework/src/framework/include/framework/multiply_parallel.hpp:30:93:[m[K   required from here
[01m[K/usr/include/c++/9/functional:775:7:[m[K [01;31m[Kerror: [m[Kstatic assertion failed: Wrong number of arguments for pointer-to-member
  774 |       static_assert(_Varargs::[01;31m[Kvalue[m[K
      |                               [01;31m[K~~~~~[m[K
  775 | [01;31m[K      ? sizeof...(_BoundArgs) >= _Arity::value + 1[m[K
      |       [01;31m[K^~~~~~~~~~~~~~~~~~~~~~~~~~~~~~~~~~~~~~~~~~~~[m[K
  776 | [01;31m[K      : sizeof...(_BoundArgs) == _Arity::value + 1[m[K,
      |       [01;31m[K~~~~~~~~~~~~~~~~~~~~~~~~~~~~~~~~~~~~~~~~~~~~[m[K
In file included from [01m[K/home/arian/Framework/src/framework/src/main.cpp:6[m[K:
[01m[K/home/arian/Framework/src/framework/include/framework/multiply_parallel.hpp:30:68:[m[K [01;31m[Kerror: [m[Kcannot convert â€˜[01m[Kstd::_Bind_helper<false, void* (framework::utilities::Multiply::*)(void*), framework::utilities::Multiply*>::type[m[Kâ€™ {aka â€˜[01m[Kstd::_Bind<void* (framework::utilities::Multiply::*(framework::utilities::Multiply*))(void*)>[m[Kâ€™} to â€˜[01m[Kvoid* (*)(void*)[m[Kâ€™
   30 |                         pthread_create(&threads[i], NULL, [01;31m[Kstd::bind(&multiply_function, this)[m[K, NULL);
      |                                                           [01;31m[K~~~~~~~~~^~~~~~~~~~~~~~~~~~~~~~~~~~[m[K
      |                                                                    [01;31m[K|[m[K
      |                                                                    [01;31m[Kstd::_Bind_helper<false, void* (framework::utilities::Multiply::*)(void*), framework::utilities::Multiply*>::type {aka std::_Bind<void* (framework::utilities::Multiply::*(framework::utilities::Multiply*))(void*)>}[m[K
In file included from [01m[K/usr/include/x86_64-linux-gnu/c++/9/bits/gthr-default.h:35[m[K,
                 from [01m[K/usr/include/x86_64-linux-gnu/c++/9/bits/gthr.h:148[m[K,
                 from [01m[K/usr/include/c++/9/ext/atomicity.h:35[m[K,
                 from [01m[K/usr/include/c++/9/bits/ios_base.h:39[m[K,
                 from [01m[K/usr/include/c++/9/ios:42[m[K,
                 from [01m[K/usr/include/c++/9/ostream:38[m[K,
                 from [01m[K/usr/include/c++/9/iostream:39[m[K,
                 from [01m[K/home/arian/Framework/src/framework/src/main.cpp:1[m[K:
[01m[K/usr/include/pthread.h:200:15:[m[K [01;36m[Knote: [m[K  initializing argument 3 of â€˜[01m[Kint pthread_create(pthread_t*, const pthread_attr_t*, void* (*)(void*), void*)[m[Kâ€™
  200 |       [01;36m[Kvoid *(*__start_routine) (void *)[m[K,
      |       [01;36m[K~~~~~~~~^~~~~~~~~~~~~~~~~~~~~~~~~[m[K
[01m[K/home/arian/Framework/src/framework/src/main.cpp:[m[K In function â€˜[01m[Kint main(int, const char**)[m[Kâ€™:
[01m[K/home/arian/Framework/src/framework/src/main.cpp:12:14:[m[K [01;35m[Kwarning: [m[Kunused parameter â€˜[01m[Kargc[m[Kâ€™ [[01;35m[K-Wunused-parameter[m[K]
   12 | int main([01;35m[Kint argc[m[K, const char ** argv)
      |          [01;35m[K~~~~^~~~[m[K
[01m[K/home/arian/Framework/src/framework/src/main.cpp:12:34:[m[K [01;35m[Kwarning: [m[Kunused parameter â€˜[01m[Kargv[m[Kâ€™ [[01;35m[K-Wunused-parameter[m[K]
   12 | int main(int argc, [01;35m[Kconst char ** argv[m[K)
      |                    [01;35m[K~~~~~~~~~~~~~~^~~~[m[K
make[2]: *** [CMakeFiles/main.dir/build.make:63: CMakeFiles/main.dir/src/main.cpp.o] Error 1
make[1]: *** [CMakeFiles/Makefile2:78: CMakeFiles/main.dir/all] Error 2
make: *** [Makefile:141: all] Error 2
