[35m[1mScanning dependencies of target main[0m
[ 50%] [32mBuilding CXX object CMakeFiles/main.dir/src/main.cpp.o[0m
[01m[K/home/arian/Framework/src/framework/src/main.cpp:[m[K In function â€˜[01m[Kint main(int, char**)[m[Kâ€™:
[01m[K/home/arian/Framework/src/framework/src/main.cpp:13:26:[m[K [01;31m[Kerror: [m[Kexpected primary-expression before â€˜[01m[K)[m[Kâ€™ token
   13 |     std::vector<(void*)(*[01;31m[K)[m[K(void*)> a(5);
      |                          [01;31m[K^[m[K
[01m[K/home/arian/Framework/src/framework/src/main.cpp:13:28:[m[K [01;31m[Kerror: [m[Kexpected primary-expression before â€˜[01m[Kvoid[m[Kâ€™
   13 |     std::vector<(void*)(*)([01;31m[Kvoid[m[K*)> a(5);
      |                            [01;31m[K^~~~[m[K
[01m[K/home/arian/Framework/src/framework/src/main.cpp:13:34:[m[K [01;31m[Kerror: [m[Ktemplate argument 1 is invalid
   13 |     std::vector<(void*)(*)(void*)[01;31m[K>[m[K a(5);
      |                                  [01;31m[K^[m[K
[01m[K/home/arian/Framework/src/framework/src/main.cpp:13:34:[m[K [01;31m[Kerror: [m[Ktemplate argument 2 is invalid
[01m[K/home/arian/Framework/src/framework/src/main.cpp:13:36:[m[K [01;35m[Kwarning: [m[Kunused variable â€˜[01m[Ka[m[Kâ€™ [[01;35m[K-Wunused-variable[m[K]
   13 |     std::vector<(void*)(*)(void*)> [01;35m[Ka[m[K(5);
      |                                    [01;35m[K^[m[K
[01m[K/home/arian/Framework/src/framework/src/main.cpp:10:14:[m[K [01;35m[Kwarning: [m[Kunused parameter â€˜[01m[Kargc[m[Kâ€™ [[01;35m[K-Wunused-parameter[m[K]
   10 | int main([01;35m[Kint argc[m[K, char ** argv)
      |          [01;35m[K~~~~^~~~[m[K
[01m[K/home/arian/Framework/src/framework/src/main.cpp:10:28:[m[K [01;35m[Kwarning: [m[Kunused parameter â€˜[01m[Kargv[m[Kâ€™ [[01;35m[K-Wunused-parameter[m[K]
   10 | int main(int argc, [01;35m[Kchar ** argv[m[K)
      |                    [01;35m[K~~~~~~~~^~~~[m[K
make[2]: *** [CMakeFiles/main.dir/build.make:63: CMakeFiles/main.dir/src/main.cpp.o] Error 1
make[1]: *** [CMakeFiles/Makefile2:78: CMakeFiles/main.dir/all] Error 2
make: *** [Makefile:141: all] Error 2
