[0.039s] Invoking command in '/home/arian/Framework/build/framework': CMAKE_PREFIX_PATH=${CMAKE_PREFIX_PATH}:/home/arian/ros2_foxy/install/ros2bag:/home/arian/ros2_foxy/install/tracetools_launch:/home/arian/ros2_foxy/install/topic_monitor:/home/arian/ros2_foxy/install/examples_tf2_py:/home/arian/ros2_foxy/install/sros2:/home/arian/ros2_foxy/install/rqt_topic:/home/arian/ros2_foxy/install/rqt_reconfigure:/home/arian/ros2_foxy/install/rqt_action:/home/arian/ros2_foxy/install/rqt:/home/arian/ros2_foxy/install/rqt_graph:/home/arian/ros2_foxy/install/rqt_gui_py:/home/arian/ros2_foxy/install/rqt_gui:/home/arian/ros2_foxy/install/ros2trace:/home/arian/ros2_foxy/install/ros2topic:/home/arian/ros2_foxy/install/ros2test:/home/arian/ros2_foxy/install/ros2component:/home/arian/ros2_foxy/install/ros2param:/home/arian/ros2_foxy/install/ros2lifecycle:/home/arian/ros2_foxy/install/ros2service:/home/arian/ros2_foxy/install/ros2run:/home/arian/ros2_foxy/install/ros2launch:/home/arian/ros2_foxy/install/ros2pkg:/home/arian/ros2_foxy/install/ros2node:/home/arian/ros2_foxy/install/ros2multicast:/home/arian/ros2_foxy/install/ros2interface:/home/arian/ros2_foxy/install/ros2doctor:/home/arian/ros2_foxy/install/ros2action:/home/arian/ros2_foxy/install/ros2cli:/home/arian/ros2_foxy/install/quality_of_service_demo_py:/home/arian/ros2_foxy/install/launch_testing_ros:/home/arian/ros2_foxy/install/launch_ros:/home/arian/ros2_foxy/install/examples_rclpy_minimal_subscriber:/home/arian/ros2_foxy/install/examples_rclpy_minimal_service:/home/arian/ros2_foxy/install/examples_rclpy_minimal_publisher:/home/arian/ros2_foxy/install/examples_rclpy_minimal_client:/home/arian/ros2_foxy/install/examples_rclpy_minimal_action_server:/home/arian/ros2_foxy/install/examples_rclpy_minimal_action_client:/home/arian/ros2_foxy/install/examples_rclpy_executors:/home/arian/ros2_foxy/install/demo_nodes_py:/home/arian/ros2_foxy/install/action_tutorials_py:/home/arian/ros2_foxy/install/ament_uncrustify:/home/arian/ros2_foxy/install/tracetools_trace:/home/arian/ros2_foxy/install/tracetools_read:/home/arian/ros2_foxy/install/test_launch_ros:/home/arian/ros2_foxy/install/rpyutils:/home/arian/ros2_foxy/install/rosidl_runtime_py:/home/arian/ros2_foxy/install/launch_yaml:/home/arian/ros2_foxy/install/launch_xml:/home/arian/ros2_foxy/install/launch_testing:/home/arian/ros2_foxy/install/launch:/home/arian/ros2_foxy/install/osrf_pycommon:/home/arian/ros2_foxy/install/domain_coordinator:/home/arian/ros2_foxy/install/ament_xmllint:/home/arian/ros2_foxy/install/ament_pyflakes:/home/arian/ros2_foxy/install/ament_pycodestyle:/home/arian/ros2_foxy/install/ament_pep257:/home/arian/ros2_foxy/install/ament_pclint:/home/arian/ros2_foxy/install/ament_package:/home/arian/ros2_foxy/install/ament_mypy:/home/arian/ros2_foxy/install/ament_lint_cmake:/home/arian/ros2_foxy/install/ament_flake8:/home/arian/ros2_foxy/install/ament_copyright:/home/arian/ros2_foxy/install/ament_lint:/home/arian/ros2_foxy/install/ament_index_python:/home/arian/ros2_foxy/install/ament_cpplint:/home/arian/ros2_foxy/install/ament_cppcheck:/home/arian/ros2_foxy/install/ament_clang_tidy:/home/arian/ros2_foxy/install/ament_clang_format /usr/bin/cmake --build /home/arian/Framework/build/framework -- -j12 -l12
[0.121s] [35m[1mScanning dependencies of target main[0m
[0.159s] [ 50%] [32mBuilding CXX object CMakeFiles/main.dir/src/main.cpp.o[0m
[1.309s] In file included from [01m[K/home/arian/Framework/src/framework/src/main.cpp:12[m[K:
[1.309s] [01m[K/home/arian/Framework/src/framework/include/framework/multiply_parallel.hpp:159:26:[m[K [01;31m[Kerror: [m[Kdeclaration of â€˜[01m[Kconst settings& multiply_parallel::settings[m[Kâ€™ changes meaning of â€˜[01m[Ksettings[m[Kâ€™ [[01;31m[K-fpermissive[m[K]
[1.309s]   159 |         const settings & [01;31m[Ksettings[m[K;
[1.310s]       |                          [01;31m[K^~~~~~~~[m[K
[1.310s] In file included from [01m[K/home/arian/Framework/src/framework/src/main.cpp:12[m[K:
[1.310s] [01m[K/home/arian/Framework/src/framework/include/framework/multiply_parallel.hpp:9:8:[m[K [01;36m[Knote: [m[Kâ€˜[01m[Ksettings[m[Kâ€™ declared here as â€˜[01m[Kstruct settings[m[Kâ€™
[1.310s]     9 | struct [01;36m[Ksettings[m[K
[1.310s]       |        [01;36m[K^~~~~~~~[m[K
[1.310s] In file included from [01m[K/home/arian/Framework/src/framework/src/main.cpp:12[m[K:
[1.310s] [01m[K/home/arian/Framework/src/framework/include/framework/multiply_parallel.hpp:[m[K In constructor â€˜[01m[Kmultiply_parallel::multiply_parallel(const std::vector<int>&, std::vector<int>&, const settings&)[m[Kâ€™:
[1.310s] [01m[K/home/arian/Framework/src/framework/include/framework/multiply_parallel.hpp:106:31:[m[K [01;35m[Kwarning: [m[Klist-initializer for non-class type must not be parenthesized
[1.310s]   106 |             settings(settings_[01;35m[K)[m[K
[1.310s]       |                               [01;35m[K^[m[K
[1.310s] [01m[K/home/arian/Framework/src/framework/include/framework/multiply_parallel.hpp:106:31:[m[K [01;35m[Kwarning: [m[Ka temporary bound to â€˜[01m[Kmultiply_parallel::matrix_a[m[Kâ€™ only persists until the constructor exits [[01;35m[K-Wextra[m[K]
[1.310s] [01m[K/home/arian/Framework/src/framework/include/framework/multiply_parallel.hpp:106:31:[m[K [01;35m[Kwarning: [m[Klist-initializer for non-class type must not be parenthesized
[1.310s] [01m[K/home/arian/Framework/src/framework/include/framework/multiply_parallel.hpp:106:31:[m[K [01;35m[Kwarning: [m[Ka temporary bound to â€˜[01m[Kmultiply_parallel::matrix_b[m[Kâ€™ only persists until the constructor exits [[01;35m[K-Wextra[m[K]
[1.312s] [01m[K/home/arian/Framework/src/framework/include/framework/multiply_parallel.hpp:[m[K In member function â€˜[01m[Kvoid multiply_parallel::execute_pthread()[m[Kâ€™:
[1.312s] [01m[K/home/arian/Framework/src/framework/include/framework/multiply_parallel.hpp:120:48:[m[K [01;31m[Kerror: [m[Kâ€˜[01m[Ksettings_[m[Kâ€™ was not declared in this scope; did you mean â€˜[01m[Ksettings[m[Kâ€™?
[1.312s]   120 |             pthread_t* threads = new pthread_t[[01;31m[Ksettings_[m[K.THREAD_NUMBER];
[1.312s]       |                                                [01;31m[K^~~~~~~~~[m[K
[1.312s]       |                                                [32m[Ksettings[m[K
[1.312s] [01m[K/home/arian/Framework/src/framework/include/framework/multiply_parallel.hpp:127:44:[m[K [01;31m[Kerror: [m[Kâ€˜[01m[Kmatrix_a_[m[Kâ€™ was not declared in this scope; did you mean â€˜[01m[Kmatrix_a[m[Kâ€™?
[1.313s]   127 |                     int delimeter = (int)(([01;31m[Kmatrix_a_[m[K.size() / sqrt(matrix_a_.size())) / settings_.THREAD_NUMBER);
[1.313s]       |                                            [01;31m[K^~~~~~~~~[m[K
[1.313s]       |                                            [32m[Kmatrix_a[m[K
[1.314s] [01m[K/home/arian/Framework/src/framework/include/framework/multiply_parallel.hpp:129:36:[m[K [01;31m[Kerror: [m[Kâ€˜[01m[Kmatrix_b_[m[Kâ€™ was not declared in this scope; did you mean â€˜[01m[Kmatrix_b[m[Kâ€™?
[1.314s]   129 |                         matrix_a_, [01;31m[Kmatrix_b_[m[K, matrix_c_,
[1.314s]       |                                    [01;31m[K^~~~~~~~~[m[K
[1.314s]       |                                    [32m[Kmatrix_b[m[K
[1.315s] [01m[K/home/arian/Framework/src/framework/include/framework/multiply_parallel.hpp:129:47:[m[K [01;31m[Kerror: [m[Kâ€˜[01m[Kmatrix_c_[m[Kâ€™ was not declared in this scope; did you mean â€˜[01m[Kmatrix_c[m[Kâ€™?
[1.315s]   129 |                         matrix_a_, matrix_b_, [01;31m[Kmatrix_c_[m[K,
[1.315s]       |                                               [01;31m[K^~~~~~~~~[m[K
[1.315s]       |                                               [32m[Kmatrix_c[m[K
[1.316s] [01m[K/home/arian/Framework/src/framework/include/framework/multiply_parallel.hpp:138:44:[m[K [01;31m[Kerror: [m[Kâ€˜[01m[Kmatrix_a_[m[Kâ€™ was not declared in this scope; did you mean â€˜[01m[Kmatrix_a[m[Kâ€™?
[1.316s]   138 |                     int delimeter = (int)(([01;31m[Kmatrix_a_[m[K.size() / sqrt(matrix_a_.size())) / settings_.THREAD_NUMBER);
[1.316s]       |                                            [01;31m[K^~~~~~~~~[m[K
[1.316s]       |                                            [32m[Kmatrix_a[m[K
[1.317s] [01m[K/home/arian/Framework/src/framework/include/framework/multiply_parallel.hpp:140:36:[m[K [01;31m[Kerror: [m[Kâ€˜[01m[Kmatrix_b_[m[Kâ€™ was not declared in this scope; did you mean â€˜[01m[Kmatrix_b[m[Kâ€™?
[1.317s]   140 |                         matrix_a_, [01;31m[Kmatrix_b_[m[K, matrix_c_,
[1.317s]       |                                    [01;31m[K^~~~~~~~~[m[K
[1.317s]       |                                    [32m[Kmatrix_b[m[K
[1.319s] [01m[K/home/arian/Framework/src/framework/include/framework/multiply_parallel.hpp:140:47:[m[K [01;31m[Kerror: [m[Kâ€˜[01m[Kmatrix_c_[m[Kâ€™ was not declared in this scope; did you mean â€˜[01m[Kmatrix_c[m[Kâ€™?
[1.319s]   140 |                         matrix_a_, matrix_b_, [01;31m[Kmatrix_c_[m[K,
[1.319s]       |                                               [01;31m[K^~~~~~~~~[m[K
[1.319s]       |                                               [32m[Kmatrix_c[m[K
[1.632s] make[2]: *** [CMakeFiles/main.dir/build.make:63: CMakeFiles/main.dir/src/main.cpp.o] Error 1
[1.633s] make[1]: *** [CMakeFiles/Makefile2:78: CMakeFiles/main.dir/all] Error 2
[1.633s] make: *** [Makefile:141: all] Error 2
[1.636s] Invoked command in '/home/arian/Framework/build/framework' returned '2': CMAKE_PREFIX_PATH=${CMAKE_PREFIX_PATH}:/home/arian/ros2_foxy/install/ros2bag:/home/arian/ros2_foxy/install/tracetools_launch:/home/arian/ros2_foxy/install/topic_monitor:/home/arian/ros2_foxy/install/examples_tf2_py:/home/arian/ros2_foxy/install/sros2:/home/arian/ros2_foxy/install/rqt_topic:/home/arian/ros2_foxy/install/rqt_reconfigure:/home/arian/ros2_foxy/install/rqt_action:/home/arian/ros2_foxy/install/rqt:/home/arian/ros2_foxy/install/rqt_graph:/home/arian/ros2_foxy/install/rqt_gui_py:/home/arian/ros2_foxy/install/rqt_gui:/home/arian/ros2_foxy/install/ros2trace:/home/arian/ros2_foxy/install/ros2topic:/home/arian/ros2_foxy/install/ros2test:/home/arian/ros2_foxy/install/ros2component:/home/arian/ros2_foxy/install/ros2param:/home/arian/ros2_foxy/install/ros2lifecycle:/home/arian/ros2_foxy/install/ros2service:/home/arian/ros2_foxy/install/ros2run:/home/arian/ros2_foxy/install/ros2launch:/home/arian/ros2_foxy/install/ros2pkg:/home/arian/ros2_foxy/install/ros2node:/home/arian/ros2_foxy/install/ros2multicast:/home/arian/ros2_foxy/install/ros2interface:/home/arian/ros2_foxy/install/ros2doctor:/home/arian/ros2_foxy/install/ros2action:/home/arian/ros2_foxy/install/ros2cli:/home/arian/ros2_foxy/install/quality_of_service_demo_py:/home/arian/ros2_foxy/install/launch_testing_ros:/home/arian/ros2_foxy/install/launch_ros:/home/arian/ros2_foxy/install/examples_rclpy_minimal_subscriber:/home/arian/ros2_foxy/install/examples_rclpy_minimal_service:/home/arian/ros2_foxy/install/examples_rclpy_minimal_publisher:/home/arian/ros2_foxy/install/examples_rclpy_minimal_client:/home/arian/ros2_foxy/install/examples_rclpy_minimal_action_server:/home/arian/ros2_foxy/install/examples_rclpy_minimal_action_client:/home/arian/ros2_foxy/install/examples_rclpy_executors:/home/arian/ros2_foxy/install/demo_nodes_py:/home/arian/ros2_foxy/install/action_tutorials_py:/home/arian/ros2_foxy/install/ament_uncrustify:/home/arian/ros2_foxy/install/tracetools_trace:/home/arian/ros2_foxy/install/tracetools_read:/home/arian/ros2_foxy/install/test_launch_ros:/home/arian/ros2_foxy/install/rpyutils:/home/arian/ros2_foxy/install/rosidl_runtime_py:/home/arian/ros2_foxy/install/launch_yaml:/home/arian/ros2_foxy/install/launch_xml:/home/arian/ros2_foxy/install/launch_testing:/home/arian/ros2_foxy/install/launch:/home/arian/ros2_foxy/install/osrf_pycommon:/home/arian/ros2_foxy/install/domain_coordinator:/home/arian/ros2_foxy/install/ament_xmllint:/home/arian/ros2_foxy/install/ament_pyflakes:/home/arian/ros2_foxy/install/ament_pycodestyle:/home/arian/ros2_foxy/install/ament_pep257:/home/arian/ros2_foxy/install/ament_pclint:/home/arian/ros2_foxy/install/ament_package:/home/arian/ros2_foxy/install/ament_mypy:/home/arian/ros2_foxy/install/ament_lint_cmake:/home/arian/ros2_foxy/install/ament_flake8:/home/arian/ros2_foxy/install/ament_copyright:/home/arian/ros2_foxy/install/ament_lint:/home/arian/ros2_foxy/install/ament_index_python:/home/arian/ros2_foxy/install/ament_cpplint:/home/arian/ros2_foxy/install/ament_cppcheck:/home/arian/ros2_foxy/install/ament_clang_tidy:/home/arian/ros2_foxy/install/ament_clang_format /usr/bin/cmake --build /home/arian/Framework/build/framework -- -j12 -l12
