[35m[1mScanning dependencies of target minimal_examples[0m
[ 50%] Built target starting_point
[ 75%] [32mBuilding CXX object CMakeFiles/minimal_examples.dir/src/minimal_examples.cpp.o[0m
[01m[K/home/arian/dev_ws/src/starting_point/src/minimal_examples.cpp:[m[K In member function â€˜[01m[Kvoid MinimalPublisherMultipleBlockingThreads::timer_callback()[m[Kâ€™:
[01m[K/home/arian/dev_ws/src/starting_point/src/minimal_examples.cpp:188:101:[m[K [01;31m[Kerror: [m[Kcannot convert â€˜[01m[KMinimalPublisherNonBlockingThread*[m[Kâ€™ to â€˜[01m[KMinimalPublisherMultipleBlockingThreads*[m[Kâ€™ in initialization
  188 |             MinimalPublisherMultipleBlockingThreads* object = new MinimalPublisherNonBlockingThread([01;31m[K)[m[K;
      |                                                                                                     [01;31m[K^[m[K
[01m[K/home/arian/dev_ws/src/starting_point/src/minimal_examples.cpp:197:13:[m[K [01;31m[Kerror: [m[Kâ€˜[01m[Kcalculation_finished[m[Kâ€™ was not declared in this scope
  197 |             [01;31m[Kcalculation_finished[m[K = false;
      |             [01;31m[K^~~~~~~~~~~~~~~~~~~~[m[K
[01m[K/home/arian/dev_ws/src/starting_point/src/minimal_examples.cpp:198:13:[m[K [01;31m[Kerror: [m[Kâ€˜[01m[Kthread_created[m[Kâ€™ was not declared in this scope; did you mean â€˜[01m[Kpthread_create[m[Kâ€™?
  198 |             [01;31m[Kthread_created[m[K = false;
      |             [01;31m[K^~~~~~~~~~~~~~[m[K
      |             [32m[Kpthread_create[m[K
[01m[K/home/arian/dev_ws/src/starting_point/src/minimal_examples.cpp:[m[K In member function â€˜[01m[Kvoid MinimalPublisherMultipleBlockingThreads::thread_calc(int)[m[Kâ€™:
[01m[K/home/arian/dev_ws/src/starting_point/src/minimal_examples.cpp:203:30:[m[K [01;35m[Kwarning: [m[Kunused parameter â€˜[01m[Kinstance[m[Kâ€™ [[01;35m[K-Wunused-parameter[m[K]
  203 |         void thread_calc([01;35m[Kint instance[m[K)
      |                          [01;35m[K~~~~^~~~~~~~[m[K
make[2]: *** [CMakeFiles/minimal_examples.dir/build.make:63: CMakeFiles/minimal_examples.dir/src/minimal_examples.cpp.o] Error 1
make[1]: *** [CMakeFiles/Makefile2:80: CMakeFiles/minimal_examples.dir/all] Error 2
make: *** [Makefile:141: all] Error 2
