[0.040s] Invoking command in '/home/arian/Framework/build/framework': CMAKE_PREFIX_PATH=${CMAKE_PREFIX_PATH}:/home/arian/ros2_foxy/install/ros2bag:/home/arian/ros2_foxy/install/tracetools_launch:/home/arian/ros2_foxy/install/topic_monitor:/home/arian/ros2_foxy/install/examples_tf2_py:/home/arian/ros2_foxy/install/sros2:/home/arian/ros2_foxy/install/rqt_topic:/home/arian/ros2_foxy/install/rqt_reconfigure:/home/arian/ros2_foxy/install/rqt_action:/home/arian/ros2_foxy/install/rqt:/home/arian/ros2_foxy/install/rqt_graph:/home/arian/ros2_foxy/install/rqt_gui_py:/home/arian/ros2_foxy/install/rqt_gui:/home/arian/ros2_foxy/install/ros2trace:/home/arian/ros2_foxy/install/ros2topic:/home/arian/ros2_foxy/install/ros2test:/home/arian/ros2_foxy/install/ros2component:/home/arian/ros2_foxy/install/ros2param:/home/arian/ros2_foxy/install/ros2lifecycle:/home/arian/ros2_foxy/install/ros2service:/home/arian/ros2_foxy/install/ros2run:/home/arian/ros2_foxy/install/ros2launch:/home/arian/ros2_foxy/install/ros2pkg:/home/arian/ros2_foxy/install/ros2node:/home/arian/ros2_foxy/install/ros2multicast:/home/arian/ros2_foxy/install/ros2interface:/home/arian/ros2_foxy/install/ros2doctor:/home/arian/ros2_foxy/install/ros2action:/home/arian/ros2_foxy/install/ros2cli:/home/arian/ros2_foxy/install/quality_of_service_demo_py:/home/arian/ros2_foxy/install/launch_testing_ros:/home/arian/ros2_foxy/install/launch_ros:/home/arian/ros2_foxy/install/examples_rclpy_minimal_subscriber:/home/arian/ros2_foxy/install/examples_rclpy_minimal_service:/home/arian/ros2_foxy/install/examples_rclpy_minimal_publisher:/home/arian/ros2_foxy/install/examples_rclpy_minimal_client:/home/arian/ros2_foxy/install/examples_rclpy_minimal_action_server:/home/arian/ros2_foxy/install/examples_rclpy_minimal_action_client:/home/arian/ros2_foxy/install/examples_rclpy_executors:/home/arian/ros2_foxy/install/demo_nodes_py:/home/arian/ros2_foxy/install/action_tutorials_py:/home/arian/ros2_foxy/install/ament_uncrustify:/home/arian/ros2_foxy/install/tracetools_trace:/home/arian/ros2_foxy/install/tracetools_read:/home/arian/ros2_foxy/install/test_launch_ros:/home/arian/ros2_foxy/install/rpyutils:/home/arian/ros2_foxy/install/rosidl_runtime_py:/home/arian/ros2_foxy/install/launch_yaml:/home/arian/ros2_foxy/install/launch_xml:/home/arian/ros2_foxy/install/launch_testing:/home/arian/ros2_foxy/install/launch:/home/arian/ros2_foxy/install/osrf_pycommon:/home/arian/ros2_foxy/install/domain_coordinator:/home/arian/ros2_foxy/install/ament_xmllint:/home/arian/ros2_foxy/install/ament_pyflakes:/home/arian/ros2_foxy/install/ament_pycodestyle:/home/arian/ros2_foxy/install/ament_pep257:/home/arian/ros2_foxy/install/ament_pclint:/home/arian/ros2_foxy/install/ament_package:/home/arian/ros2_foxy/install/ament_mypy:/home/arian/ros2_foxy/install/ament_lint_cmake:/home/arian/ros2_foxy/install/ament_flake8:/home/arian/ros2_foxy/install/ament_copyright:/home/arian/ros2_foxy/install/ament_lint:/home/arian/ros2_foxy/install/ament_index_python:/home/arian/ros2_foxy/install/ament_cpplint:/home/arian/ros2_foxy/install/ament_cppcheck:/home/arian/ros2_foxy/install/ament_clang_tidy:/home/arian/ros2_foxy/install/ament_clang_format /usr/bin/cmake --build /home/arian/Framework/build/framework -- -j12 -l12
[0.124s] [35m[1mScanning dependencies of target main[0m
[0.164s] [ 50%] [32mBuilding CXX object CMakeFiles/main.dir/src/main.cpp.o[0m
[1.334s] [01m[K/home/arian/Framework/src/framework/src/main.cpp:[m[K In function â€˜[01m[Kvoid* summer(void*)[m[Kâ€™:
[1.334s] [01m[K/home/arian/Framework/src/framework/src/main.cpp:25:29:[m[K [01;31m[Kerror: [m[Kno match for call to â€˜[01m[K(std::vector<int>::iterator {aka __gnu_cxx::__normal_iterator<int*, std::vector<int> >}) ()[m[Kâ€™
[1.334s]    25 |   for(auto it = i->my_begin([01;31m[K)[m[K; it < i->my_end(); it++)
[1.334s]       |                             [01;31m[K^[m[K
[1.334s] [01m[K/home/arian/Framework/src/framework/src/main.cpp:25:47:[m[K [01;31m[Kerror: [m[Kno match for call to â€˜[01m[K(std::vector<int>::iterator {aka __gnu_cxx::__normal_iterator<int*, std::vector<int> >}) ()[m[Kâ€™
[1.334s]    25 |   for(auto it = i->my_begin(); it < i->my_end([01;31m[K)[m[K; it++)
[1.334s]       |                                               [01;31m[K^[m[K
[1.334s] [01m[K/home/arian/Framework/src/framework/src/main.cpp:30:10:[m[K [01;35m[Kwarning: [m[Kaddress of local variable â€˜[01m[Ksum[m[Kâ€™ returned [[01;35m[K-Wreturn-local-addr[m[K]
[1.334s]    30 |   return [01;35m[K(void*)&sum[m[K;
[1.334s]       |          [01;35m[K^~~~~~~~~~~[m[K
[1.335s] [01m[K/home/arian/Framework/src/framework/src/main.cpp:21:7:[m[K [01;36m[Knote: [m[Kdeclared here
[1.335s]    21 |   int [01;36m[Ksum[m[K = 0;
[1.335s]       |       [01;36m[K^~~[m[K
[1.335s] [01m[K/home/arian/Framework/src/framework/src/main.cpp:[m[K In function â€˜[01m[Kint main()[m[Kâ€™:
[1.335s] [01m[K/home/arian/Framework/src/framework/src/main.cpp:43:23:[m[K [01;35m[Kwarning: [m[Kcomparison of integer expressions of different signedness: â€˜[01m[Kint[m[Kâ€™ and â€˜[01m[Kstd::vector<int>::size_type[m[Kâ€™ {aka â€˜[01m[Klong unsigned int[m[Kâ€™} [[01;35m[K-Wsign-compare[m[K]
[1.335s]    43 |   for(auto it = 0; [01;35m[Kit < my_big_sum.size()[m[K; it++)
[1.335s]       |                    [01;35m[K~~~^~~~~~~~~~~~~~~~~~~[m[K
[1.335s] [01m[K/home/arian/Framework/src/framework/src/main.cpp:54:31:[m[K [01;31m[Kerror: [m[Kno match for â€˜[01m[Koperator*[m[Kâ€™ (operand types are â€˜[01m[Kint[m[Kâ€™ and â€˜[01m[Kstd::vector<int>::iterator[m[Kâ€™ {aka â€˜[01m[K__gnu_cxx::__normal_iterator<int*, std::vector<int> >[m[Kâ€™})
[1.335s]    54 |   my_iterator_1->my_begin = [32m[K0[m[K [01;31m[K*[m[K [34m[Kmy_big_sum.begin()[m[K;
[1.335s]       |                             [32m[K~[m[K [01;31m[K^[m[K [34m[K~~~~~~~~~~~~~~~~~~[m[K
[1.335s]       |                             [32m[K|[m[K                   [34m[K|[m[K
[1.335s]       |                             [32m[Kint[m[K                 [34m[Kstd::vector<int>::iterator {aka __gnu_cxx::__normal_iterator<int*, std::vector<int> >}[m[K
[1.335s] [01m[K/home/arian/Framework/src/framework/src/main.cpp:55:31:[m[K [01;31m[Kerror: [m[Kno match for â€˜[01m[Koperator*[m[Kâ€™ (operand types are â€˜[01m[Kint[m[Kâ€™ and â€˜[01m[Kstd::vector<int>::iterator[m[Kâ€™ {aka â€˜[01m[K__gnu_cxx::__normal_iterator<int*, std::vector<int> >[m[Kâ€™})
[1.335s]    55 |   my_iterator_1->my_begin = [32m[K1[m[K [01;31m[K*[m[K [34m[Kmy_big_sum.end()[m[K;
[1.335s]       |                             [32m[K~[m[K [01;31m[K^[m[K [34m[K~~~~~~~~~~~~~~~~[m[K
[1.336s]       |                             [32m[K|[m[K                 [34m[K|[m[K
[1.336s]       |                             [32m[Kint[m[K               [34m[Kstd::vector<int>::iterator {aka __gnu_cxx::__normal_iterator<int*, std::vector<int> >}[m[K
[1.336s] [01m[K/home/arian/Framework/src/framework/src/main.cpp:58:31:[m[K [01;31m[Kerror: [m[Kno match for â€˜[01m[Koperator*[m[Kâ€™ (operand types are â€˜[01m[Kint[m[Kâ€™ and â€˜[01m[Kstd::vector<int>::iterator[m[Kâ€™ {aka â€˜[01m[K__gnu_cxx::__normal_iterator<int*, std::vector<int> >[m[Kâ€™})
[1.336s]    58 |   my_iterator_2->my_begin = [32m[K1[m[K [01;31m[K*[m[K [34m[Kmy_big_sum.begin()[m[K;
[1.336s]       |                             [32m[K~[m[K [01;31m[K^[m[K [34m[K~~~~~~~~~~~~~~~~~~[m[K
[1.336s]       |                             [32m[K|[m[K                   [34m[K|[m[K
[1.336s]       |                             [32m[Kint[m[K                 [34m[Kstd::vector<int>::iterator {aka __gnu_cxx::__normal_iterator<int*, std::vector<int> >}[m[K
[1.336s] [01m[K/home/arian/Framework/src/framework/src/main.cpp:59:31:[m[K [01;31m[Kerror: [m[Kno match for â€˜[01m[Koperator*[m[Kâ€™ (operand types are â€˜[01m[Kint[m[Kâ€™ and â€˜[01m[Kstd::vector<int>::iterator[m[Kâ€™ {aka â€˜[01m[K__gnu_cxx::__normal_iterator<int*, std::vector<int> >[m[Kâ€™})
[1.336s]    59 |   my_iterator_2->my_begin = [32m[K2[m[K [01;31m[K*[m[K [34m[Kmy_big_sum.end()[m[K;
[1.336s]       |                             [32m[K~[m[K [01;31m[K^[m[K [34m[K~~~~~~~~~~~~~~~~[m[K
[1.336s]       |                             [32m[K|[m[K                 [34m[K|[m[K
[1.336s]       |                             [32m[Kint[m[K               [34m[Kstd::vector<int>::iterator {aka __gnu_cxx::__normal_iterator<int*, std::vector<int> >}[m[K
[1.336s] [01m[K/home/arian/Framework/src/framework/src/main.cpp:61:10:[m[K [01;31m[Kerror: [m[Kâ€˜[01m[Kreturn_sum_1[m[Kâ€™ was not declared in this scope
[1.337s]    61 |   (void*)[01;31m[Kreturn_sum_1[m[K;
[1.337s]       |          [01;31m[K^~~~~~~~~~~~[m[K
[1.338s] [01m[K/home/arian/Framework/src/framework/src/main.cpp:62:10:[m[K [01;31m[Kerror: [m[Kâ€˜[01m[Kreturn_sum_2[m[Kâ€™ was not declared in this scope
[1.339s]    62 |   (void*)[01;31m[Kreturn_sum_2[m[K;
[1.339s]       |          [01;31m[K^~~~~~~~~~~~[m[K
[1.636s] make[2]: *** [CMakeFiles/main.dir/build.make:63: CMakeFiles/main.dir/src/main.cpp.o] Error 1
[1.636s] make[1]: *** [CMakeFiles/Makefile2:78: CMakeFiles/main.dir/all] Error 2
[1.637s] make: *** [Makefile:141: all] Error 2
[1.640s] Invoked command in '/home/arian/Framework/build/framework' returned '2': CMAKE_PREFIX_PATH=${CMAKE_PREFIX_PATH}:/home/arian/ros2_foxy/install/ros2bag:/home/arian/ros2_foxy/install/tracetools_launch:/home/arian/ros2_foxy/install/topic_monitor:/home/arian/ros2_foxy/install/examples_tf2_py:/home/arian/ros2_foxy/install/sros2:/home/arian/ros2_foxy/install/rqt_topic:/home/arian/ros2_foxy/install/rqt_reconfigure:/home/arian/ros2_foxy/install/rqt_action:/home/arian/ros2_foxy/install/rqt:/home/arian/ros2_foxy/install/rqt_graph:/home/arian/ros2_foxy/install/rqt_gui_py:/home/arian/ros2_foxy/install/rqt_gui:/home/arian/ros2_foxy/install/ros2trace:/home/arian/ros2_foxy/install/ros2topic:/home/arian/ros2_foxy/install/ros2test:/home/arian/ros2_foxy/install/ros2component:/home/arian/ros2_foxy/install/ros2param:/home/arian/ros2_foxy/install/ros2lifecycle:/home/arian/ros2_foxy/install/ros2service:/home/arian/ros2_foxy/install/ros2run:/home/arian/ros2_foxy/install/ros2launch:/home/arian/ros2_foxy/install/ros2pkg:/home/arian/ros2_foxy/install/ros2node:/home/arian/ros2_foxy/install/ros2multicast:/home/arian/ros2_foxy/install/ros2interface:/home/arian/ros2_foxy/install/ros2doctor:/home/arian/ros2_foxy/install/ros2action:/home/arian/ros2_foxy/install/ros2cli:/home/arian/ros2_foxy/install/quality_of_service_demo_py:/home/arian/ros2_foxy/install/launch_testing_ros:/home/arian/ros2_foxy/install/launch_ros:/home/arian/ros2_foxy/install/examples_rclpy_minimal_subscriber:/home/arian/ros2_foxy/install/examples_rclpy_minimal_service:/home/arian/ros2_foxy/install/examples_rclpy_minimal_publisher:/home/arian/ros2_foxy/install/examples_rclpy_minimal_client:/home/arian/ros2_foxy/install/examples_rclpy_minimal_action_server:/home/arian/ros2_foxy/install/examples_rclpy_minimal_action_client:/home/arian/ros2_foxy/install/examples_rclpy_executors:/home/arian/ros2_foxy/install/demo_nodes_py:/home/arian/ros2_foxy/install/action_tutorials_py:/home/arian/ros2_foxy/install/ament_uncrustify:/home/arian/ros2_foxy/install/tracetools_trace:/home/arian/ros2_foxy/install/tracetools_read:/home/arian/ros2_foxy/install/test_launch_ros:/home/arian/ros2_foxy/install/rpyutils:/home/arian/ros2_foxy/install/rosidl_runtime_py:/home/arian/ros2_foxy/install/launch_yaml:/home/arian/ros2_foxy/install/launch_xml:/home/arian/ros2_foxy/install/launch_testing:/home/arian/ros2_foxy/install/launch:/home/arian/ros2_foxy/install/osrf_pycommon:/home/arian/ros2_foxy/install/domain_coordinator:/home/arian/ros2_foxy/install/ament_xmllint:/home/arian/ros2_foxy/install/ament_pyflakes:/home/arian/ros2_foxy/install/ament_pycodestyle:/home/arian/ros2_foxy/install/ament_pep257:/home/arian/ros2_foxy/install/ament_pclint:/home/arian/ros2_foxy/install/ament_package:/home/arian/ros2_foxy/install/ament_mypy:/home/arian/ros2_foxy/install/ament_lint_cmake:/home/arian/ros2_foxy/install/ament_flake8:/home/arian/ros2_foxy/install/ament_copyright:/home/arian/ros2_foxy/install/ament_lint:/home/arian/ros2_foxy/install/ament_index_python:/home/arian/ros2_foxy/install/ament_cpplint:/home/arian/ros2_foxy/install/ament_cppcheck:/home/arian/ros2_foxy/install/ament_clang_tidy:/home/arian/ros2_foxy/install/ament_clang_format /usr/bin/cmake --build /home/arian/Framework/build/framework -- -j12 -l12
