[0.000000] (-) TimerEvent: {}
[0.000752] (starting_point) JobQueued: {'identifier': 'starting_point', 'dependencies': OrderedDict()}
[0.000966] (starting_point) JobStarted: {'identifier': 'starting_point'}
[0.035808] (starting_point) JobProgress: {'identifier': 'starting_point', 'progress': 'cmake'}
[0.036506] (starting_point) JobProgress: {'identifier': 'starting_point', 'progress': 'build'}
[0.037211] (starting_point) Command: {'cmd': ['/usr/bin/cmake', '--build', '/home/arian/dev_ws/build/starting_point', '--', '-j12', '-l12'], 'cwd': '/home/arian/dev_ws/build/starting_point', 'env': OrderedDict([('LESSOPEN', '| /usr/bin/lesspipe %s'), ('USER', 'arian'), ('LC_TIME', 'de_DE.UTF-8'), ('SSH_AGENT_PID', '1757'), ('XDG_SESSION_TYPE', 'x11'), ('GIT_ASKPASS', '/usr/share/code/resources/app/extensions/git/dist/askpass.sh'), ('SHLVL', '2'), ('LD_LIBRARY_PATH', '/home/arian/ros2_foxy/install/rosbag2_transport/lib:/home/arian/ros2_foxy/install/rosbag2_compression/lib:/home/arian/ros2_foxy/install/zstd_vendor/lib:/home/arian/ros2_foxy/install/rviz_default_plugins/lib:/home/arian/ros2_foxy/install/rviz_common/lib:/home/arian/ros2_foxy/install/rosbag2_storage_default_plugins/lib:/home/arian/ros2_foxy/install/rosbag2_converter_default_plugins/lib:/home/arian/ros2_foxy/install/rosbag2_cpp/lib:/home/arian/ros2_foxy/install/rosbag2_storage/lib:/home/arian/ros2_foxy/install/yaml_cpp_vendor/opt/yaml_cpp_vendor/lib:/home/arian/ros2_foxy/install/interactive_markers/lib:/home/arian/ros2_foxy/install/visualization_msgs/lib:/home/arian/ros2_foxy/install/robot_state_publisher/lib:/home/arian/ros2_foxy/install/kdl_parser/lib:/home/arian/ros2_foxy/install/urdf/lib:/home/arian/ros2_foxy/install/urdfdom/lib:/home/arian/ros2_foxy/install/turtlesim/lib:/home/arian/ros2_foxy/install/tf2_bullet/lib:/home/arian/ros2_foxy/install/tf2_ros/lib:/home/arian/ros2_foxy/install/tf2_msgs/lib:/home/arian/ros2_foxy/install/test_msgs/lib:/home/arian/ros2_foxy/install/demo_nodes_cpp/lib:/home/arian/ros2_foxy/install/composition/lib:/home/arian/ros2_foxy/install/rclpy/lib:/home/arian/ros2_foxy/install/action_tutorials_cpp/lib:/home/arian/ros2_foxy/install/rclcpp_action/lib:/home/arian/ros2_foxy/install/rcl_action/lib:/home/arian/ros2_foxy/install/move_base_msgs/lib:/home/arian/ros2_foxy/install/example_interfaces/lib:/home/arian/ros2_foxy/install/action_tutorials_interfaces/lib:/home/arian/ros2_foxy/install/action_msgs/lib:/home/arian/ros2_foxy/install/unique_identifier_msgs/lib:/home/arian/ros2_foxy/install/trajectory_msgs/lib:/home/arian/ros2_foxy/install/rqt_gui_cpp/lib:/home/arian/ros2_foxy/install/rclcpp_lifecycle/lib:/home/arian/ros2_foxy/install/logging_demo/lib:/home/arian/ros2_foxy/install/image_tools/lib:/home/arian/ros2_foxy/install/examples_rclcpp_minimal_composition/lib:/home/arian/ros2_foxy/install/demo_nodes_cpp_native/lib:/home/arian/ros2_foxy/install/rclcpp_components/lib:/home/arian/ros2_foxy/install/laser_geometry/lib:/home/arian/ros2_foxy/install/rclcpp/lib:/home/arian/ros2_foxy/install/rcl_lifecycle/lib:/home/arian/ros2_foxy/install/libstatistics_collector/lib:/home/arian/ros2_foxy/install/rcl/lib:/home/arian/ros2_foxy/install/tracetools/lib:/home/arian/ros2_foxy/install/tlsf/lib:/home/arian/ros2_foxy/install/qt_gui_cpp/lib:/home/arian/ros2_foxy/install/tf2/lib:/home/arian/ros2_foxy/install/stereo_msgs/lib:/home/arian/ros2_foxy/install/std_srvs/lib:/home/arian/ros2_foxy/install/shape_msgs/lib:/home/arian/ros2_foxy/install/map_msgs/lib:/home/arian/ros2_foxy/install/sensor_msgs/lib:/home/arian/ros2_foxy/install/nav_msgs/lib:/home/arian/ros2_foxy/install/diagnostic_msgs/lib:/home/arian/ros2_foxy/install/geometry_msgs/lib:/home/arian/ros2_foxy/install/actionlib_msgs/lib:/home/arian/ros2_foxy/install/std_msgs/lib:/home/arian/ros2_foxy/install/statistics_msgs/lib:/home/arian/ros2_foxy/install/rcl_logging_spdlog/lib:/home/arian/ros2_foxy/install/rviz_rendering/lib:/home/arian/ros2_foxy/install/rviz_ogre_vendor/opt/rviz_ogre_vendor/lib:/home/arian/ros2_foxy/install/rttest/lib:/home/arian/ros2_foxy/install/rosgraph_msgs/lib:/home/arian/ros2_foxy/install/rmw_implementation/lib:/home/arian/ros2_foxy/install/rmw_fastrtps_dynamic_cpp/lib:/home/arian/ros2_foxy/install/rmw_fastrtps_cpp/lib:/home/arian/ros2_foxy/install/rmw_fastrtps_shared_cpp/lib:/home/arian/ros2_foxy/install/rmw_cyclonedds_cpp/lib:/home/arian/ros2_foxy/install/rmw_dds_common/lib:/home/arian/ros2_foxy/install/composition_interfaces/lib:/home/arian/ros2_foxy/install/rcl_interfaces/lib:/home/arian/ros2_foxy/install/pendulum_msgs/lib:/home/arian/ros2_foxy/install/lifecycle_msgs/lib:/home/arian/ros2_foxy/install/builtin_interfaces/lib:/home/arian/ros2_foxy/install/rosidl_typesupport_cpp/lib:/home/arian/ros2_foxy/install/rosidl_typesupport_introspection_cpp/lib:/home/arian/ros2_foxy/install/rosidl_typesupport_c/lib:/home/arian/ros2_foxy/install/rosidl_typesupport_introspection_c/lib:/home/arian/ros2_foxy/install/rosidl_typesupport_fastrtps_c/lib:/home/arian/ros2_foxy/install/rosidl_typesupport_fastrtps_cpp/lib:/home/arian/ros2_foxy/install/rmw_connext_cpp/lib:/home/arian/ros2_foxy/install/rosidl_typesupport_connext_c/lib:/home/arian/ros2_foxy/install/rosidl_typesupport_connext_cpp/lib:/home/arian/ros2_foxy/install/rmw/lib:/home/arian/ros2_foxy/install/rosidl_runtime_c/lib:/home/arian/ros2_foxy/install/rmw_connext_shared_cpp/lib:/home/arian/ros2_foxy/install/resource_retriever/lib:/home/arian/ros2_foxy/install/class_loader/lib:/home/arian/ros2_foxy/install/rcpputils/lib:/home/arian/ros2_foxy/install/rcl_logging_noop/lib:/home/arian/ros2_foxy/install/rcl_logging_log4cxx/lib:/home/arian/ros2_foxy/install/rcutils/lib:/home/arian/ros2_foxy/install/rcl_yaml_param_parser/lib:/home/arian/ros2_foxy/install/performance_test_fixture/lib:/home/arian/ros2_foxy/install/osrf_testing_tools_cpp/lib:/home/arian/ros2_foxy/install/orocos_kdl/lib:/home/arian/ros2_foxy/install/mimick_vendor/lib:/home/arian/ros2_foxy/install/message_filters/lib:/home/arian/ros2_foxy/install/libyaml_vendor/lib:/home/arian/ros2_foxy/install/google_benchmark_vendor/lib:/home/arian/ros2_foxy/install/fastrtps/lib:/home/arian/ros2_foxy/install/fastcdr/lib:/home/arian/ros2_foxy/install/cyclonedds/lib:/home/arian/ros2_foxy/install/console_bridge_vendor/lib:/home/arian/rti_connext_dds-5.3.1/lib/x64Linux3gcc5.4.0:/home/arian/ros2_foxy/install/ament_index_cpp/lib'), ('HOME', '/home/arian'), ('CHROME_DESKTOP', 'code-url-handler.desktop'), ('TERM_PROGRAM_VERSION', '1.49.3'), ('DESKTOP_SESSION', 'ubuntu'), ('RTI_LICENSE_FILE', '/home/arian/rti_license.dat'), ('APPLICATION_INSIGHTS_NO_DIAGNOSTIC_CHANNEL', 'true'), ('ROS_PYTHON_VERSION', '3'), ('GNOME_SHELL_SESSION_MODE', 'ubuntu'), ('GTK_MODULES', 'gail:atk-bridge'), ('NDDSHOME', '/home/arian/rti_connext_dds-5.3.1'), ('VSCODE_GIT_ASKPASS_MAIN', '/usr/share/code/resources/app/extensions/git/dist/askpass-main.js'), ('LC_MONETARY', 'de_DE.UTF-8'), ('VSCODE_GIT_ASKPASS_NODE', '/usr/share/code/code'), ('MANAGERPID', '1536'), ('DBUS_STARTER_BUS_TYPE', 'session'), ('DBUS_SESSION_BUS_ADDRESS', 'unix:path=/run/user/1000/bus,guid=0410b87fe62e85b692a4f3755f8ee227'), ('COLORTERM', 'truecolor'), ('IM_CONFIG_PHASE', '1'), ('COLCON_PREFIX_PATH', '/home/arian/ros2_foxy/install'), ('ROS_DISTRO', 'foxy'), ('LOGNAME', 'arian'), ('JOURNAL_STREAM', '9:45471'), ('_', '/usr/bin/colcon'), ('ROS_VERSION', '2'), ('PKG_CONFIG_PATH', '/home/arian/ros2_foxy/install/urdfdom/lib/x86_64-linux-gnu/pkgconfig:/home/arian/ros2_foxy/install/urdfdom/lib/pkgconfig:/home/arian/ros2_foxy/install/urdfdom_headers/lib/pkgconfig:/home/arian/ros2_foxy/install/test_osrf_testing_tools_cpp/lib/x86_64-linux-gnu/pkgconfig:/home/arian/ros2_foxy/install/test_osrf_testing_tools_cpp/lib/pkgconfig:/home/arian/ros2_foxy/install/osrf_testing_tools_cpp/lib/x86_64-linux-gnu/pkgconfig:/home/arian/ros2_foxy/install/osrf_testing_tools_cpp/lib/pkgconfig:/home/arian/ros2_foxy/install/orocos_kdl/lib/x86_64-linux-gnu/pkgconfig:/home/arian/ros2_foxy/install/orocos_kdl/lib/pkgconfig:/home/arian/ros2_foxy/install/gmock_vendor/lib/x86_64-linux-gnu/pkgconfig:/home/arian/ros2_foxy/install/gmock_vendor/lib/pkgconfig:/home/arian/ros2_foxy/install/gtest_vendor/lib/x86_64-linux-gnu/pkgconfig:/home/arian/ros2_foxy/install/gtest_vendor/lib/pkgconfig:/home/arian/ros2_foxy/install/google_benchmark_vendor/lib/x86_64-linux-gnu/pkgconfig:/home/arian/ros2_foxy/install/google_benchmark_vendor/lib/pkgconfig:/home/arian/ros2_foxy/install/foonathan_memory_vendor/lib/x86_64-linux-gnu/pkgconfig:/home/arian/ros2_foxy/install/foonathan_memory_vendor/lib/pkgconfig:/home/arian/ros2_foxy/install/cyclonedds/lib/x86_64-linux-gnu/pkgconfig:/home/arian/ros2_foxy/install/cyclonedds/lib/pkgconfig'), ('XDG_SESSION_CLASS', 'user'), ('USERNAME', 'arian'), ('TERM', 'xterm-256color'), ('GNOME_DESKTOP_SESSION_ID', 'this-is-deprecated'), ('ROS_LOCALHOST_ONLY', '0'), ('WINDOWPATH', '2'), ('PATH', '/home/arian/ros2_foxy/install/rviz2/bin:/home/arian/ros2_foxy/install/urdfdom/bin:/home/arian/ros2_foxy/install/rqt_topic/bin:/home/arian/ros2_foxy/install/rqt_graph/bin:/home/arian/ros2_foxy/install/rqt_gui/bin:/home/arian/ros2_foxy/install/ros2cli/bin:/home/arian/ros2_foxy/install/ament_uncrustify/bin:/home/arian/ros2_foxy/install/pendulum_control/bin:/home/arian/ros2_foxy/install/tlsf_cpp/bin:/home/arian/ros2_foxy/install/rttest/bin:/home/arian/ros2_foxy/install/launch_testing/bin:/home/arian/ros2_foxy/install/fastrtps/bin:/home/arian/ros2_foxy/install/foonathan_memory_vendor/bin:/home/arian/ros2_foxy/install/cyclonedds/bin:/home/arian/rti_connext_dds-5.3.1/lib/x64Linux3gcc5.4.0:/home/arian/rti_connext_dds-5.3.1/bin:/home/arian/ros2_foxy/install/ament_xmllint/bin:/home/arian/ros2_foxy/install/ament_pyflakes/bin:/home/arian/ros2_foxy/install/ament_pycodestyle/bin:/home/arian/ros2_foxy/install/ament_pep257/bin:/home/arian/ros2_foxy/install/ament_pclint/bin:/home/arian/ros2_foxy/install/ament_mypy/bin:/home/arian/ros2_foxy/install/ament_lint_cmake/bin:/home/arian/ros2_foxy/install/ament_flake8/bin:/home/arian/ros2_foxy/install/ament_copyright/bin:/home/arian/ros2_foxy/install/ament_index_python/bin:/home/arian/ros2_foxy/install/ament_cpplint/bin:/home/arian/ros2_foxy/install/ament_cppcheck/bin:/home/arian/ros2_foxy/install/ament_clang_tidy/bin:/home/arian/ros2_foxy/install/ament_clang_format/bin:/home/arian/.local/bin:/usr/local/sbin:/usr/local/bin:/usr/sbin:/usr/bin:/sbin:/bin:/usr/games:/usr/local/games:/snap/bin'), ('SESSION_MANAGER', 'local/arian-G3-3779:@/tmp/.ICE-unix/1792,unix/arian-G3-3779:/tmp/.ICE-unix/1792'), ('INVOCATION_ID', '1389ef6ee1d147bda9e3aac9f2c1612e'), ('XDG_MENU_PREFIX', 'gnome-'), ('LC_ADDRESS', 'de_DE.UTF-8'), ('GNOME_TERMINAL_SCREEN', '/org/gnome/Terminal/screen/c7901377_a367_425e_996d_c4aebba39218'), ('XDG_RUNTIME_DIR', '/run/user/1000'), ('DISPLAY', ':1'), ('LANG', 'en_US.UTF-8'), ('XDG_CURRENT_DESKTOP', 'Unity'), ('LC_TELEPHONE', 'de_DE.UTF-8'), ('XMODIFIERS', '@im=ibus'), ('XDG_SESSION_DESKTOP', 'ubuntu'), ('XAUTHORITY', '/run/user/1000/gdm/Xauthority'), ('LS_COLORS', 'rs=0:di=01;34:ln=01;36:mh=00:pi=40;33:so=01;35:do=01;35:bd=40;33;01:cd=40;33;01:or=40;31;01:mi=00:su=37;41:sg=30;43:ca=30;41:tw=30;42:ow=34;42:st=37;44:ex=01;32:*.tar=01;31:*.tgz=01;31:*.arc=01;31:*.arj=01;31:*.taz=01;31:*.lha=01;31:*.lz4=01;31:*.lzh=01;31:*.lzma=01;31:*.tlz=01;31:*.txz=01;31:*.tzo=01;31:*.t7z=01;31:*.zip=01;31:*.z=01;31:*.dz=01;31:*.gz=01;31:*.lrz=01;31:*.lz=01;31:*.lzo=01;31:*.xz=01;31:*.zst=01;31:*.tzst=01;31:*.bz2=01;31:*.bz=01;31:*.tbz=01;31:*.tbz2=01;31:*.tz=01;31:*.deb=01;31:*.rpm=01;31:*.jar=01;31:*.war=01;31:*.ear=01;31:*.sar=01;31:*.rar=01;31:*.alz=01;31:*.ace=01;31:*.zoo=01;31:*.cpio=01;31:*.7z=01;31:*.rz=01;31:*.cab=01;31:*.wim=01;31:*.swm=01;31:*.dwm=01;31:*.esd=01;31:*.jpg=01;35:*.jpeg=01;35:*.mjpg=01;35:*.mjpeg=01;35:*.gif=01;35:*.bmp=01;35:*.pbm=01;35:*.pgm=01;35:*.ppm=01;35:*.tga=01;35:*.xbm=01;35:*.xpm=01;35:*.tif=01;35:*.tiff=01;35:*.png=01;35:*.svg=01;35:*.svgz=01;35:*.mng=01;35:*.pcx=01;35:*.mov=01;35:*.mpg=01;35:*.mpeg=01;35:*.m2v=01;35:*.mkv=01;35:*.webm=01;35:*.ogm=01;35:*.mp4=01;35:*.m4v=01;35:*.mp4v=01;35:*.vob=01;35:*.qt=01;35:*.nuv=01;35:*.wmv=01;35:*.asf=01;35:*.rm=01;35:*.rmvb=01;35:*.flc=01;35:*.avi=01;35:*.fli=01;35:*.flv=01;35:*.gl=01;35:*.dl=01;35:*.xcf=01;35:*.xwd=01;35:*.yuv=01;35:*.cgm=01;35:*.emf=01;35:*.ogv=01;35:*.ogx=01;35:*.aac=00;36:*.au=00;36:*.flac=00;36:*.m4a=00;36:*.mid=00;36:*.midi=00;36:*.mka=00;36:*.mp3=00;36:*.mpc=00;36:*.ogg=00;36:*.ra=00;36:*.wav=00;36:*.oga=00;36:*.opus=00;36:*.spx=00;36:*.xspf=00;36:'), ('VSCODE_GIT_IPC_HANDLE', '/run/user/1000/vscode-git-e344cb1003.sock'), ('GNOME_TERMINAL_SERVICE', ':1.118'), ('TERM_PROGRAM', 'vscode'), ('SSH_AUTH_SOCK', '/run/user/1000/keyring/ssh'), ('AMENT_PREFIX_PATH', '/home/arian/ros2_foxy/install/rosbag2:/home/arian/ros2_foxy/install/ros2bag:/home/arian/ros2_foxy/install/rosbag2_transport:/home/arian/ros2_foxy/install/rosbag2_compression:/home/arian/ros2_foxy/install/zstd_vendor:/home/arian/ros2_foxy/install/rviz_visual_testing_framework:/home/arian/ros2_foxy/install/rviz2:/home/arian/ros2_foxy/install/rviz_default_plugins:/home/arian/ros2_foxy/install/rviz_common:/home/arian/ros2_foxy/install/rosbag2_storage_default_plugins:/home/arian/ros2_foxy/install/rosbag2_converter_default_plugins:/home/arian/ros2_foxy/install/rosbag2_cpp:/home/arian/ros2_foxy/install/rosbag2_storage:/home/arian/ros2_foxy/install/yaml_cpp_vendor:/home/arian/ros2_foxy/install/ros1_bridge:/home/arian/ros2_foxy/install/interactive_markers:/home/arian/ros2_foxy/install/common_interfaces:/home/arian/ros2_foxy/install/visualization_msgs:/home/arian/ros2_foxy/install/dummy_robot_bringup:/home/arian/ros2_foxy/install/robot_state_publisher:/home/arian/ros2_foxy/install/kdl_parser:/home/arian/ros2_foxy/install/urdf:/home/arian/ros2_foxy/install/turtlesim:/home/arian/ros2_foxy/install/tracetools_launch:/home/arian/ros2_foxy/install/topic_monitor:/home/arian/ros2_foxy/install/geometry2:/home/arian/ros2_foxy/install/tf2_tools:/home/arian/ros2_foxy/install/tf2_sensor_msgs:/home/arian/ros2_foxy/install/test_tf2:/home/arian/ros2_foxy/install/tf2_kdl:/home/arian/ros2_foxy/install/tf2_geometry_msgs:/home/arian/ros2_foxy/install/tf2_eigen:/home/arian/ros2_foxy/install/tf2_bullet:/home/arian/ros2_foxy/install/examples_tf2_py:/home/arian/ros2_foxy/install/tf2_ros:/home/arian/ros2_foxy/install/tf2_py:/home/arian/ros2_foxy/install/tf2_msgs:/home/arian/ros2_foxy/install/test_msgs:/home/arian/ros2_foxy/install/sros2_cmake:/home/arian/ros2_foxy/install/ros2cli_common_extensions:/home/arian/ros2_foxy/install/sros2:/home/arian/ros2_foxy/install/rqt_topic:/home/arian/ros2_foxy/install/rqt_top:/home/arian/ros2_foxy/install/rqt_srv:/home/arian/ros2_foxy/install/rqt_shell:/home/arian/ros2_foxy/install/rqt_service_caller:/home/arian/ros2_foxy/install/rqt_reconfigure:/home/arian/ros2_foxy/install/rqt_py_console:/home/arian/ros2_foxy/install/rqt_publisher:/home/arian/ros2_foxy/install/rqt_plot:/home/arian/ros2_foxy/install/rqt_action:/home/arian/ros2_foxy/install/rqt_msg:/home/arian/ros2_foxy/install/rqt_console:/home/arian/ros2_foxy/install/rqt:/home/arian/ros2_foxy/install/rqt_py_common:/home/arian/ros2_foxy/install/rqt_graph:/home/arian/ros2_foxy/install/rqt_gui_py:/home/arian/ros2_foxy/install/rqt_gui:/home/arian/ros2_foxy/install/ros_testing:/home/arian/ros2_foxy/install/ros2trace:/home/arian/ros2_foxy/install/ros2topic:/home/arian/ros2_foxy/install/ros2test:/home/arian/ros2_foxy/install/ros2component:/home/arian/ros2_foxy/install/ros2param:/home/arian/ros2_foxy/install/ros2lifecycle:/home/arian/ros2_foxy/install/ros2service:/home/arian/ros2_foxy/install/ros2run:/home/arian/ros2_foxy/install/ros2launch:/home/arian/ros2_foxy/install/ros2pkg:/home/arian/ros2_foxy/install/ros2node:/home/arian/ros2_foxy/install/ros2multicast:/home/arian/ros2_foxy/install/ros2interface:/home/arian/ros2_foxy/install/ros2doctor:/home/arian/ros2_foxy/install/ros2action:/home/arian/ros2_foxy/install/ros2cli:/home/arian/ros2_foxy/install/quality_of_service_demo_py:/home/arian/ros2_foxy/install/quality_of_service_demo_cpp:/home/arian/ros2_foxy/install/launch_testing_ros:/home/arian/ros2_foxy/install/demo_nodes_cpp:/home/arian/ros2_foxy/install/composition:/home/arian/ros2_foxy/install/launch_ros:/home/arian/ros2_foxy/install/examples_rclpy_minimal_subscriber:/home/arian/ros2_foxy/install/examples_rclpy_minimal_service:/home/arian/ros2_foxy/install/examples_rclpy_minimal_publisher:/home/arian/ros2_foxy/install/examples_rclpy_minimal_client:/home/arian/ros2_foxy/install/examples_rclpy_minimal_action_server:/home/arian/ros2_foxy/install/examples_rclpy_minimal_action_client:/home/arian/ros2_foxy/install/examples_rclpy_executors:/home/arian/ros2_foxy/install/demo_nodes_py:/home/arian/ros2_foxy/install/action_tutorials_py:/home/arian/ros2_foxy/install/rclpy:/home/arian/ros2_foxy/install/examples_rclcpp_minimal_action_server:/home/arian/ros2_foxy/install/examples_rclcpp_minimal_action_client:/home/arian/ros2_foxy/install/action_tutorials_cpp:/home/arian/ros2_foxy/install/rclcpp_action:/home/arian/ros2_foxy/install/rcl_action:/home/arian/ros2_foxy/install/move_base_msgs:/home/arian/ros2_foxy/install/examples_rclcpp_minimal_service:/home/arian/ros2_foxy/install/examples_rclcpp_minimal_client:/home/arian/ros2_foxy/install/example_interfaces:/home/arian/ros2_foxy/install/action_tutorials_interfaces:/home/arian/ros2_foxy/install/action_msgs:/home/arian/ros2_foxy/install/unique_identifier_msgs:/home/arian/ros2_foxy/install/ament_lint_common:/home/arian/ros2_foxy/install/ament_cmake_uncrustify:/home/arian/ros2_foxy/install/ament_uncrustify:/home/arian/ros2_foxy/install/uncrustify_vendor:/home/arian/ros2_foxy/install/trajectory_msgs:/home/arian/ros2_foxy/install/tracetools_trace:/home/arian/ros2_foxy/install/tracetools_test:/home/arian/ros2_foxy/install/tracetools_read:/home/arian/ros2_foxy/install/pendulum_control:/home/arian/ros2_foxy/install/tlsf_cpp:/home/arian/ros2_foxy/install/rqt_gui_cpp:/home/arian/ros2_foxy/install/rosbag2_test_common:/home/arian/ros2_foxy/install/ros2lifecycle_test_fixtures:/home/arian/ros2_foxy/install/lifecycle:/home/arian/ros2_foxy/install/rclcpp_lifecycle:/home/arian/ros2_foxy/install/logging_demo:/home/arian/ros2_foxy/install/image_tools:/home/arian/ros2_foxy/install/examples_rclcpp_minimal_composition:/home/arian/ros2_foxy/install/demo_nodes_cpp_native:/home/arian/ros2_foxy/install/rclcpp_components:/home/arian/ros2_foxy/install/laser_geometry:/home/arian/ros2_foxy/install/intra_process_demo:/home/arian/ros2_foxy/install/examples_rclcpp_multithreaded_executor:/home/arian/ros2_foxy/install/examples_rclcpp_minimal_timer:/home/arian/ros2_foxy/install/examples_rclcpp_minimal_subscriber:/home/arian/ros2_foxy/install/examples_rclcpp_minimal_publisher:/home/arian/ros2_foxy/install/dummy_sensors:/home/arian/ros2_foxy/install/dummy_map_server:/home/arian/ros2_foxy/install/rclcpp:/home/arian/ros2_foxy/install/rcl_lifecycle:/home/arian/ros2_foxy/install/libstatistics_collector:/home/arian/ros2_foxy/install/rcl:/home/arian/ros2_foxy/install/tracetools:/home/arian/ros2_foxy/install/tlsf:/home/arian/ros2_foxy/install/tinyxml_vendor:/home/arian/ros2_foxy/install/qt_gui_core:/home/arian/ros2_foxy/install/qt_gui_cpp:/home/arian/ros2_foxy/install/pluginlib:/home/arian/ros2_foxy/install/tinyxml2_vendor:/home/arian/ros2_foxy/install/tf2:/home/arian/ros2_foxy/install/test_security:/home/arian/ros2_foxy/install/test_rclcpp:/home/arian/ros2_foxy/install/test_quality_of_service:/home/arian/ros2_foxy/install/test_launch_testing:/home/arian/ros2_foxy/install/test_launch_ros:/home/arian/ros2_foxy/install/test_interface_files:/home/arian/ros2_foxy/install/test_communication:/home/arian/ros2_foxy/install/test_cli_remapping:/home/arian/ros2_foxy/install/test_cli:/home/arian/ros2_foxy/install/qt_gui_app:/home/arian/ros2_foxy/install/qt_gui:/home/arian/ros2_foxy/install/tango_icons_vendor:/home/arian/ros2_foxy/install/stereo_msgs:/home/arian/ros2_foxy/install/std_srvs:/home/arian/ros2_foxy/install/shape_msgs:/home/arian/ros2_foxy/install/map_msgs:/home/arian/ros2_foxy/install/sensor_msgs:/home/arian/ros2_foxy/install/nav_msgs:/home/arian/ros2_foxy/install/diagnostic_msgs:/home/arian/ros2_foxy/install/geometry_msgs:/home/arian/ros2_foxy/install/actionlib_msgs:/home/arian/ros2_foxy/install/std_msgs:/home/arian/ros2_foxy/install/statistics_msgs:/home/arian/ros2_foxy/install/sqlite3_vendor:/home/arian/ros2_foxy/install/rcl_logging_spdlog:/home/arian/ros2_foxy/install/spdlog_vendor:/home/arian/ros2_foxy/install/shared_queues_vendor:/home/arian/ros2_foxy/install/rviz_rendering_tests:/home/arian/ros2_foxy/install/rviz_rendering:/home/arian/ros2_foxy/install/rviz_ogre_vendor:/home/arian/ros2_foxy/install/rviz_assimp_vendor:/home/arian/ros2_foxy/install/rttest:/home/arian/ros2_foxy/install/rosgraph_msgs:/home/arian/ros2_foxy/install/rmw_implementation:/home/arian/ros2_foxy/install/rmw_fastrtps_dynamic_cpp:/home/arian/ros2_foxy/install/rmw_fastrtps_cpp:/home/arian/ros2_foxy/install/rmw_fastrtps_shared_cpp:/home/arian/ros2_foxy/install/rmw_cyclonedds_cpp:/home/arian/ros2_foxy/install/rmw_dds_common:/home/arian/ros2_foxy/install/composition_interfaces:/home/arian/ros2_foxy/install/rcl_interfaces:/home/arian/ros2_foxy/install/pendulum_msgs:/home/arian/ros2_foxy/install/lifecycle_msgs:/home/arian/ros2_foxy/install/builtin_interfaces:/home/arian/ros2_foxy/install/rosidl_default_runtime:/home/arian/ros2_foxy/install/rosidl_default_generators:/home/arian/ros2_foxy/install/rosidl_generator_py:/home/arian/ros2_foxy/install/rpyutils:/home/arian/ros2_foxy/install/rosidl_typesupport_cpp:/home/arian/ros2_foxy/install/rosidl_typesupport_introspection_cpp:/home/arian/ros2_foxy/install/rosidl_typesupport_c:/home/arian/ros2_foxy/install/rosidl_typesupport_introspection_c:/home/arian/ros2_foxy/install/rosidl_typesupport_fastrtps_c:/home/arian/ros2_foxy/install/rosidl_typesupport_fastrtps_cpp:/home/arian/ros2_foxy/install/rmw_connext_cpp:/home/arian/ros2_foxy/install/rosidl_typesupport_connext_c:/home/arian/ros2_foxy/install/rosidl_typesupport_connext_cpp:/home/arian/ros2_foxy/install/rmw:/home/arian/ros2_foxy/install/rosidl_runtime_c:/home/arian/ros2_foxy/install/rosidl_generator_cpp:/home/arian/ros2_foxy/install/rosidl_generator_c:/home/arian/ros2_foxy/install/rosidl_typesupport_interface:/home/arian/ros2_foxy/install/rosidl_runtime_py:/home/arian/ros2_foxy/install/rosidl_runtime_cpp:/home/arian/ros2_foxy/install/rosidl_generator_dds_idl:/home/arian/ros2_foxy/install/rosidl_cmake:/home/arian/ros2_foxy/install/rosidl_parser:/home/arian/ros2_foxy/install/rosidl_adapter:/home/arian/ros2_foxy/install/rosbag2_tests:/home/arian/ros2_foxy/install/ros_environment:/home/arian/ros2_foxy/install/rmw_implementation_cmake:/home/arian/ros2_foxy/install/rmw_connext_shared_cpp:/home/arian/ros2_foxy/install/resource_retriever:/home/arian/ros2_foxy/install/class_loader:/home/arian/ros2_foxy/install/rcpputils:/home/arian/ros2_foxy/install/rcl_logging_noop:/home/arian/ros2_foxy/install/rcl_logging_log4cxx:/home/arian/ros2_foxy/install/rcutils:/home/arian/ros2_foxy/install/rcl_yaml_param_parser:/home/arian/ros2_foxy/install/qt_gui_py_common:/home/arian/ros2_foxy/install/qt_dotgraph:/home/arian/ros2_foxy/install/python_qt_binding:/home/arian/ros2_foxy/install/launch_testing_ament_cmake:/home/arian/ros2_foxy/install/python_cmake_module:/home/arian/ros2_foxy/install/performance_test_fixture:/home/arian/ros2_foxy/install/launch_yaml:/home/arian/ros2_foxy/install/launch_xml:/home/arian/ros2_foxy/install/launch_testing:/home/arian/ros2_foxy/install/launch:/home/arian/ros2_foxy/install/osrf_pycommon:/home/arian/ros2_foxy/install/mimick_vendor:/home/arian/ros2_foxy/install/message_filters:/home/arian/ros2_foxy/install/libyaml_vendor:/home/arian/ros2_foxy/install/libcurl_vendor:/home/arian/ros2_foxy/install/ament_cmake_ros:/home/arian/ros2_foxy/install/ament_cmake_gmock:/home/arian/ros2_foxy/install/ament_cmake_gtest:/home/arian/ros2_foxy/install/ament_cmake_google_benchmark:/home/arian/ros2_foxy/install/fastrtps_cmake_module:/home/arian/ros2_foxy/install/eigen3_cmake_module:/home/arian/ros2_foxy/install/domain_coordinator:/home/arian/ros2_foxy/install/console_bridge_vendor:/home/arian/ros2_foxy/install/connext_cmake_module:/home/arian/ros2_foxy/install/ament_cmake_xmllint:/home/arian/ros2_foxy/install/ament_xmllint:/home/arian/ros2_foxy/install/ament_cmake_pyflakes:/home/arian/ros2_foxy/install/ament_pyflakes:/home/arian/ros2_foxy/install/ament_cmake_pycodestyle:/home/arian/ros2_foxy/install/ament_pycodestyle:/home/arian/ros2_foxy/install/ament_cmake_pep257:/home/arian/ros2_foxy/install/ament_pep257:/home/arian/ros2_foxy/install/ament_cmake_pclint:/home/arian/ros2_foxy/install/ament_pclint:/home/arian/ros2_foxy/install/ament_lint_auto:/home/arian/ros2_foxy/install/ament_cmake_auto:/home/arian/ros2_foxy/install/ament_cmake:/home/arian/ros2_foxy/install/ament_cmake_version:/home/arian/ros2_foxy/install/ament_cmake_pytest:/home/arian/ros2_foxy/install/ament_cmake_nose:/home/arian/ros2_foxy/install/ament_cmake_mypy:/home/arian/ros2_foxy/install/ament_cmake_lint_cmake:/home/arian/ros2_foxy/install/ament_cmake_flake8:/home/arian/ros2_foxy/install/ament_cmake_cpplint:/home/arian/ros2_foxy/install/ament_cmake_cppcheck:/home/arian/ros2_foxy/install/ament_cmake_copyright:/home/arian/ros2_foxy/install/ament_cmake_clang_tidy:/home/arian/ros2_foxy/install/ament_cmake_clang_format:/home/arian/ros2_foxy/install/ament_cmake_test:/home/arian/ros2_foxy/install/ament_cmake_target_dependencies:/home/arian/ros2_foxy/install/ament_cmake_python:/home/arian/ros2_foxy/install/ament_cmake_export_dependencies:/home/arian/ros2_foxy/install/ament_cmake_libraries:/home/arian/ros2_foxy/install/ament_cmake_include_directories:/home/arian/ros2_foxy/install/ament_cmake_export_targets:/home/arian/ros2_foxy/install/ament_cmake_export_link_flags:/home/arian/ros2_foxy/install/ament_cmake_export_interfaces:/home/arian/ros2_foxy/install/ament_cmake_export_libraries:/home/arian/ros2_foxy/install/ament_cmake_export_include_directories:/home/arian/ros2_foxy/install/ament_cmake_export_definitions:/home/arian/ros2_foxy/install/ament_cmake_core:/home/arian/ros2_foxy/install/ament_package:/home/arian/ros2_foxy/install/ament_mypy:/home/arian/ros2_foxy/install/ament_lint_cmake:/home/arian/ros2_foxy/install/ament_flake8:/home/arian/ros2_foxy/install/ament_copyright:/home/arian/ros2_foxy/install/ament_lint:/home/arian/ros2_foxy/install/ament_index_python:/home/arian/ros2_foxy/install/ament_index_cpp:/home/arian/ros2_foxy/install/ament_cpplint:/home/arian/ros2_foxy/install/ament_cppcheck:/home/arian/ros2_foxy/install/ament_clang_tidy:/home/arian/ros2_foxy/install/ament_clang_format'), ('ORIGINAL_XDG_CURRENT_DESKTOP', 'ubuntu:GNOME'), ('SHELL', '/bin/bash'), ('LC_NAME', 'de_DE.UTF-8'), ('QT_ACCESSIBILITY', '1'), ('GDMSESSION', 'ubuntu'), ('LESSCLOSE', '/usr/bin/lesspipe %s %s'), ('LC_MEASUREMENT', 'de_DE.UTF-8'), ('GPG_AGENT_INFO', '/run/user/1000/gnupg/S.gpg-agent:0:1'), ('LC_IDENTIFICATION', 'de_DE.UTF-8'), ('QT_IM_MODULE', 'ibus'), ('PWD', '/home/arian/dev_ws/build/starting_point'), ('XDG_CONFIG_DIRS', '/etc/xdg/xdg-ubuntu:/etc/xdg'), ('DBUS_STARTER_ADDRESS', 'unix:path=/run/user/1000/bus,guid=0410b87fe62e85b692a4f3755f8ee227'), ('XDG_DATA_DIRS', '/usr/share/ubuntu:/usr/local/share/:/usr/share/:/var/lib/snapd/desktop'), ('PYTHONPATH', '/home/arian/ros2_foxy/build/ros2bag:/home/arian/ros2_foxy/install/ros2bag/lib/python3.8/site-packages:/home/arian/ros2_foxy/install/rosbag2_transport/lib/python3.8/site-packages:/home/arian/ros2_foxy/install/interactive_markers/lib/python3.8/site-packages:/home/arian/ros2_foxy/install/visualization_msgs/lib/python3.8/site-packages:/home/arian/ros2_foxy/install/turtlesim/lib/python3.8/site-packages:/home/arian/ros2_foxy/build/tracetools_launch:/home/arian/ros2_foxy/install/tracetools_launch/lib/python3.8/site-packages:/home/arian/ros2_foxy/build/topic_monitor:/home/arian/ros2_foxy/install/topic_monitor/lib/python3.8/site-packages:/home/arian/ros2_foxy/install/tf2_kdl/lib/python3.8/site-packages:/home/arian/ros2_foxy/build/examples_tf2_py:/home/arian/ros2_foxy/install/examples_tf2_py/lib/python3.8/site-packages:/home/arian/ros2_foxy/install/tf2_ros/lib/python3.8/site-packages:/home/arian/ros2_foxy/install/tf2_py/lib/python3.8/site-packages:/home/arian/ros2_foxy/install/tf2_msgs/lib/python3.8/site-packages:/home/arian/ros2_foxy/install/test_msgs/lib/python3.8/site-packages:/home/arian/ros2_foxy/build/sros2:/home/arian/ros2_foxy/install/sros2/lib/python3.8/site-packages:/home/arian/ros2_foxy/build/rqt_topic/src:/home/arian/ros2_foxy/install/rqt_topic/lib/python3.8/site-packages:/home/arian/ros2_foxy/install/rqt_top/lib/python3.8/site-packages:/home/arian/ros2_foxy/install/rqt_srv/lib/python3.8/site-packages:/home/arian/ros2_foxy/install/rqt_shell/lib/python3.8/site-packages:/home/arian/ros2_foxy/install/rqt_service_caller/lib/python3.8/site-packages:/home/arian/ros2_foxy/build/rqt_reconfigure/src:/home/arian/ros2_foxy/install/rqt_reconfigure/lib/python3.8/site-packages:/home/arian/ros2_foxy/install/rqt_py_console/lib/python3.8/site-packages:/home/arian/ros2_foxy/install/rqt_publisher/lib/python3.8/site-packages:/home/arian/ros2_foxy/install/rqt_plot/lib/python3.8/site-packages:/home/arian/ros2_foxy/build/rqt_action/src:/home/arian/ros2_foxy/install/rqt_action/lib/python3.8/site-packages:/home/arian/ros2_foxy/install/rqt_msg/lib/python3.8/site-packages:/home/arian/ros2_foxy/install/rqt_console/lib/python3.8/site-packages:/home/arian/ros2_foxy/build/rqt:/home/arian/ros2_foxy/install/rqt/lib/python3.8/site-packages:/home/arian/ros2_foxy/install/rqt_py_common/lib/python3.8/site-packages:/home/arian/ros2_foxy/build/rqt_graph/src:/home/arian/ros2_foxy/install/rqt_graph/lib/python3.8/site-packages:/home/arian/ros2_foxy/build/rqt_gui_py/src:/home/arian/ros2_foxy/install/rqt_gui_py/lib/python3.8/site-packages:/home/arian/ros2_foxy/build/rqt_gui/src:/home/arian/ros2_foxy/install/rqt_gui/lib/python3.8/site-packages:/home/arian/ros2_foxy/build/ros2trace:/home/arian/ros2_foxy/install/ros2trace/lib/python3.8/site-packages:/home/arian/ros2_foxy/build/ros2topic:/home/arian/ros2_foxy/install/ros2topic/lib/python3.8/site-packages:/home/arian/ros2_foxy/build/ros2test:/home/arian/ros2_foxy/install/ros2test/lib/python3.8/site-packages:/home/arian/ros2_foxy/build/ros2component:/home/arian/ros2_foxy/install/ros2component/lib/python3.8/site-packages:/home/arian/ros2_foxy/build/ros2param:/home/arian/ros2_foxy/install/ros2param/lib/python3.8/site-packages:/home/arian/ros2_foxy/build/ros2lifecycle:/home/arian/ros2_foxy/install/ros2lifecycle/lib/python3.8/site-packages:/home/arian/ros2_foxy/build/ros2service:/home/arian/ros2_foxy/install/ros2service/lib/python3.8/site-packages:/home/arian/ros2_foxy/build/ros2run:/home/arian/ros2_foxy/install/ros2run/lib/python3.8/site-packages:/home/arian/ros2_foxy/build/ros2launch:/home/arian/ros2_foxy/install/ros2launch/lib/python3.8/site-packages:/home/arian/ros2_foxy/build/ros2pkg:/home/arian/ros2_foxy/install/ros2pkg/lib/python3.8/site-packages:/home/arian/ros2_foxy/build/ros2node:/home/arian/ros2_foxy/install/ros2node/lib/python3.8/site-packages:/home/arian/ros2_foxy/build/ros2multicast:/home/arian/ros2_foxy/install/ros2multicast/lib/python3.8/site-packages:/home/arian/ros2_foxy/build/ros2interface:/home/arian/ros2_foxy/install/ros2interface/lib/python3.8/site-packages:/home/arian/ros2_foxy/build/ros2doctor:/home/arian/ros2_foxy/install/ros2doctor/lib/python3.8/site-packages:/home/arian/ros2_foxy/build/ros2action:/home/arian/ros2_foxy/install/ros2action/lib/python3.8/site-packages:/home/arian/ros2_foxy/build/ros2cli:/home/arian/ros2_foxy/install/ros2cli/lib/python3.8/site-packages:/home/arian/ros2_foxy/build/quality_of_service_demo_py:/home/arian/ros2_foxy/install/quality_of_service_demo_py/lib/python3.8/site-packages:/home/arian/ros2_foxy/build/launch_testing_ros:/home/arian/ros2_foxy/install/launch_testing_ros/lib/python3.8/site-packages:/home/arian/ros2_foxy/build/launch_ros:/home/arian/ros2_foxy/install/launch_ros/lib/python3.8/site-packages:/home/arian/ros2_foxy/build/examples_rclpy_minimal_subscriber:/home/arian/ros2_foxy/install/examples_rclpy_minimal_subscriber/lib/python3.8/site-packages:/home/arian/ros2_foxy/build/examples_rclpy_minimal_service:/home/arian/ros2_foxy/install/examples_rclpy_minimal_service/lib/python3.8/site-packages:/home/arian/ros2_foxy/build/examples_rclpy_minimal_publisher:/home/arian/ros2_foxy/install/examples_rclpy_minimal_publisher/lib/python3.8/site-packages:/home/arian/ros2_foxy/build/examples_rclpy_minimal_client:/home/arian/ros2_foxy/install/examples_rclpy_minimal_client/lib/python3.8/site-packages:/home/arian/ros2_foxy/build/examples_rclpy_minimal_action_server:/home/arian/ros2_foxy/install/examples_rclpy_minimal_action_server/lib/python3.8/site-packages:/home/arian/ros2_foxy/build/examples_rclpy_minimal_action_client:/home/arian/ros2_foxy/install/examples_rclpy_minimal_action_client/lib/python3.8/site-packages:/home/arian/ros2_foxy/build/examples_rclpy_executors:/home/arian/ros2_foxy/install/examples_rclpy_executors/lib/python3.8/site-packages:/home/arian/ros2_foxy/build/demo_nodes_py:/home/arian/ros2_foxy/install/demo_nodes_py/lib/python3.8/site-packages:/home/arian/ros2_foxy/build/action_tutorials_py:/home/arian/ros2_foxy/install/action_tutorials_py/lib/python3.8/site-packages:/home/arian/ros2_foxy/install/rclpy/lib/python3.8/site-packages:/home/arian/ros2_foxy/install/move_base_msgs/lib/python3.8/site-packages:/home/arian/ros2_foxy/install/example_interfaces/lib/python3.8/site-packages:/home/arian/ros2_foxy/install/action_tutorials_interfaces/lib/python3.8/site-packages:/home/arian/ros2_foxy/install/action_msgs/lib/python3.8/site-packages:/home/arian/ros2_foxy/install/unique_identifier_msgs/lib/python3.8/site-packages:/home/arian/ros2_foxy/build/ament_uncrustify:/home/arian/ros2_foxy/install/ament_uncrustify/lib/python3.8/site-packages:/home/arian/ros2_foxy/install/trajectory_msgs/lib/python3.8/site-packages:/home/arian/ros2_foxy/build/tracetools_trace:/home/arian/ros2_foxy/install/tracetools_trace/lib/python3.8/site-packages:/home/arian/ros2_foxy/build/tracetools_read:/home/arian/ros2_foxy/install/tracetools_read/lib/python3.8/site-packages:/home/arian/ros2_foxy/install/logging_demo/lib/python3.8/site-packages:/home/arian/ros2_foxy/install/libstatistics_collector/lib/python3.8/site-packages:/home/arian/ros2_foxy/install/qt_gui_cpp/lib/python3.8/site-packages:/home/arian/ros2_foxy/build/test_launch_ros:/home/arian/ros2_foxy/install/test_launch_ros/lib/python3.8/site-packages:/home/arian/ros2_foxy/install/qt_gui/lib/python3.8/site-packages:/home/arian/ros2_foxy/install/stereo_msgs/lib/python3.8/site-packages:/home/arian/ros2_foxy/install/std_srvs/lib/python3.8/site-packages:/home/arian/ros2_foxy/install/shape_msgs/lib/python3.8/site-packages:/home/arian/ros2_foxy/install/map_msgs/lib/python3.8/site-packages:/home/arian/ros2_foxy/install/sensor_msgs/lib/python3.8/site-packages:/home/arian/ros2_foxy/install/nav_msgs/lib/python3.8/site-packages:/home/arian/ros2_foxy/install/diagnostic_msgs/lib/python3.8/site-packages:/home/arian/ros2_foxy/install/geometry_msgs/lib/python3.8/site-packages:/home/arian/ros2_foxy/install/actionlib_msgs/lib/python3.8/site-packages:/home/arian/ros2_foxy/install/std_msgs/lib/python3.8/site-packages:/home/arian/ros2_foxy/install/statistics_msgs/lib/python3.8/site-packages:/home/arian/ros2_foxy/install/rosgraph_msgs/lib/python3.8/site-packages:/home/arian/ros2_foxy/install/rmw_dds_common/lib/python3.8/site-packages:/home/arian/ros2_foxy/install/composition_interfaces/lib/python3.8/site-packages:/home/arian/ros2_foxy/install/rcl_interfaces/lib/python3.8/site-packages:/home/arian/ros2_foxy/install/pendulum_msgs/lib/python3.8/site-packages:/home/arian/ros2_foxy/install/lifecycle_msgs/lib/python3.8/site-packages:/home/arian/ros2_foxy/install/builtin_interfaces/lib/python3.8/site-packages:/home/arian/ros2_foxy/install/rosidl_generator_py/lib/python3.8/site-packages:/home/arian/ros2_foxy/build/rpyutils:/home/arian/ros2_foxy/install/rpyutils/lib/python3.8/site-packages:/home/arian/ros2_foxy/install/rosidl_typesupport_cpp/lib/python3.8/site-packages:/home/arian/ros2_foxy/install/rosidl_typesupport_introspection_cpp/lib/python3.8/site-packages:/home/arian/ros2_foxy/install/rosidl_typesupport_c/lib/python3.8/site-packages:/home/arian/ros2_foxy/install/rosidl_typesupport_introspection_c/lib/python3.8/site-packages:/home/arian/ros2_foxy/install/rosidl_typesupport_fastrtps_c/lib/python3.8/site-packages:/home/arian/ros2_foxy/install/rosidl_typesupport_fastrtps_cpp/lib/python3.8/site-packages:/home/arian/ros2_foxy/install/rosidl_typesupport_connext_c/lib/python3.8/site-packages:/home/arian/ros2_foxy/install/rosidl_typesupport_connext_cpp/lib/python3.8/site-packages:/home/arian/ros2_foxy/install/rosidl_generator_cpp/lib/python3.8/site-packages:/home/arian/ros2_foxy/install/rosidl_generator_c/lib/python3.8/site-packages:/home/arian/ros2_foxy/build/rosidl_runtime_py:/home/arian/ros2_foxy/install/rosidl_runtime_py/lib/python3.8/site-packages:/home/arian/ros2_foxy/install/rosidl_generator_dds_idl/lib/python3.8/site-packages:/home/arian/ros2_foxy/install/rosidl_cmake/lib/python3.8/site-packages:/home/arian/ros2_foxy/install/rosidl_parser/lib/python3.8/site-packages:/home/arian/ros2_foxy/install/rosidl_adapter/lib/python3.8/site-packages:/home/arian/ros2_foxy/install/resource_retriever/lib/python3.8/site-packages:/home/arian/ros2_foxy/install/rcutils/lib/python3.8/site-packages:/home/arian/ros2_foxy/install/qt_gui_py_common/lib/python3.8/site-packages:/home/arian/ros2_foxy/install/qt_dotgraph/lib/python3.8/site-packages:/home/arian/ros2_foxy/install/python_qt_binding/lib/python3.8/site-packages:/home/arian/ros2_foxy/build/launch_yaml:/home/arian/ros2_foxy/install/launch_yaml/lib/python3.8/site-packages:/home/arian/ros2_foxy/build/launch_xml:/home/arian/ros2_foxy/install/launch_xml/lib/python3.8/site-packages:/home/arian/ros2_foxy/build/launch_testing:/home/arian/ros2_foxy/install/launch_testing/lib/python3.8/site-packages:/home/arian/ros2_foxy/build/launch:/home/arian/ros2_foxy/install/launch/lib/python3.8/site-packages:/home/arian/ros2_foxy/build/osrf_pycommon:/home/arian/ros2_foxy/install/osrf_pycommon/lib/python3.8/site-packages:/home/arian/ros2_foxy/install/message_filters/lib/python3.8/site-packages:/home/arian/ros2_foxy/install/ament_cmake_google_benchmark/lib/python3.8/site-packages:/home/arian/ros2_foxy/build/domain_coordinator:/home/arian/ros2_foxy/install/domain_coordinator/lib/python3.8/site-packages:/home/arian/ros2_foxy/build/ament_xmllint:/home/arian/ros2_foxy/install/ament_xmllint/lib/python3.8/site-packages:/home/arian/ros2_foxy/build/ament_pyflakes:/home/arian/ros2_foxy/install/ament_pyflakes/lib/python3.8/site-packages:/home/arian/ros2_foxy/build/ament_pycodestyle:/home/arian/ros2_foxy/install/ament_pycodestyle/lib/python3.8/site-packages:/home/arian/ros2_foxy/build/ament_pep257:/home/arian/ros2_foxy/install/ament_pep257/lib/python3.8/site-packages:/home/arian/ros2_foxy/build/ament_pclint:/home/arian/ros2_foxy/install/ament_pclint/lib/python3.8/site-packages:/home/arian/ros2_foxy/install/ament_cmake_test/lib/python3.8/site-packages:/home/arian/ros2_foxy/build/ament_package:/home/arian/ros2_foxy/install/ament_package/lib/python3.8/site-packages:/home/arian/ros2_foxy/build/ament_mypy:/home/arian/ros2_foxy/install/ament_mypy/lib/python3.8/site-packages:/home/arian/ros2_foxy/build/ament_lint_cmake:/home/arian/ros2_foxy/install/ament_lint_cmake/lib/python3.8/site-packages:/home/arian/ros2_foxy/build/ament_flake8:/home/arian/ros2_foxy/install/ament_flake8/lib/python3.8/site-packages:/home/arian/ros2_foxy/build/ament_copyright:/home/arian/ros2_foxy/install/ament_copyright/lib/python3.8/site-packages:/home/arian/ros2_foxy/build/ament_lint:/home/arian/ros2_foxy/install/ament_lint/lib/python3.8/site-packages:/home/arian/ros2_foxy/build/ament_index_python:/home/arian/ros2_foxy/install/ament_index_python/lib/python3.8/site-packages:/home/arian/ros2_foxy/build/ament_cpplint:/home/arian/ros2_foxy/install/ament_cpplint/lib/python3.8/site-packages:/home/arian/ros2_foxy/build/ament_cppcheck:/home/arian/ros2_foxy/install/ament_cppcheck/lib/python3.8/site-packages:/home/arian/ros2_foxy/build/ament_clang_tidy:/home/arian/ros2_foxy/install/ament_clang_tidy/lib/python3.8/site-packages:/home/arian/ros2_foxy/build/ament_clang_format:/home/arian/ros2_foxy/install/ament_clang_format/lib/python3.8/site-packages'), ('LC_NUMERIC', 'de_DE.UTF-8'), ('LC_PAPER', 'de_DE.UTF-8'), ('COLCON', '1'), ('VTE_VERSION', '6003'), ('CMAKE_PREFIX_PATH', '/home/arian/ros2_foxy/install/rosbag2:/home/arian/ros2_foxy/install/rosbag2_transport:/home/arian/ros2_foxy/install/rosbag2_compression:/home/arian/ros2_foxy/install/zstd_vendor:/home/arian/ros2_foxy/install/rviz_visual_testing_framework:/home/arian/ros2_foxy/install/rviz2:/home/arian/ros2_foxy/install/rviz_default_plugins:/home/arian/ros2_foxy/install/rviz_common:/home/arian/ros2_foxy/install/rosbag2_storage_default_plugins:/home/arian/ros2_foxy/install/rosbag2_converter_default_plugins:/home/arian/ros2_foxy/install/rosbag2_cpp:/home/arian/ros2_foxy/install/rosbag2_storage:/home/arian/ros2_foxy/install/yaml_cpp_vendor:/home/arian/ros2_foxy/install/ros1_bridge:/home/arian/ros2_foxy/install/interactive_markers:/home/arian/ros2_foxy/install/common_interfaces:/home/arian/ros2_foxy/install/visualization_msgs:/home/arian/ros2_foxy/install/dummy_robot_bringup:/home/arian/ros2_foxy/install/robot_state_publisher:/home/arian/ros2_foxy/install/kdl_parser:/home/arian/ros2_foxy/install/urdf:/home/arian/ros2_foxy/install/urdfdom:/home/arian/ros2_foxy/install/urdfdom_headers:/home/arian/ros2_foxy/install/turtlesim:/home/arian/ros2_foxy/install/geometry2:/home/arian/ros2_foxy/install/tf2_tools:/home/arian/ros2_foxy/install/tf2_sensor_msgs:/home/arian/ros2_foxy/install/test_tf2:/home/arian/ros2_foxy/install/tf2_kdl:/home/arian/ros2_foxy/install/tf2_geometry_msgs:/home/arian/ros2_foxy/install/tf2_eigen:/home/arian/ros2_foxy/install/tf2_bullet:/home/arian/ros2_foxy/install/tf2_ros:/home/arian/ros2_foxy/install/tf2_py:/home/arian/ros2_foxy/install/tf2_msgs:/home/arian/ros2_foxy/install/test_msgs:/home/arian/ros2_foxy/install/sros2_cmake:/home/arian/ros2_foxy/install/ros2cli_common_extensions:/home/arian/ros2_foxy/install/rqt_top:/home/arian/ros2_foxy/install/rqt_srv:/home/arian/ros2_foxy/install/rqt_shell:/home/arian/ros2_foxy/install/rqt_service_caller:/home/arian/ros2_foxy/install/rqt_py_console:/home/arian/ros2_foxy/install/rqt_publisher:/home/arian/ros2_foxy/install/rqt_plot:/home/arian/ros2_foxy/install/rqt_msg:/home/arian/ros2_foxy/install/rqt_console:/home/arian/ros2_foxy/install/rqt_py_common:/home/arian/ros2_foxy/install/ros_testing:/home/arian/ros2_foxy/install/quality_of_service_demo_cpp:/home/arian/ros2_foxy/install/demo_nodes_cpp:/home/arian/ros2_foxy/install/composition:/home/arian/ros2_foxy/install/rclpy:/home/arian/ros2_foxy/install/examples_rclcpp_minimal_action_server:/home/arian/ros2_foxy/install/examples_rclcpp_minimal_action_client:/home/arian/ros2_foxy/install/action_tutorials_cpp:/home/arian/ros2_foxy/install/rclcpp_action:/home/arian/ros2_foxy/install/rcl_action:/home/arian/ros2_foxy/install/move_base_msgs:/home/arian/ros2_foxy/install/examples_rclcpp_minimal_service:/home/arian/ros2_foxy/install/examples_rclcpp_minimal_client:/home/arian/ros2_foxy/install/example_interfaces:/home/arian/ros2_foxy/install/action_tutorials_interfaces:/home/arian/ros2_foxy/install/action_msgs:/home/arian/ros2_foxy/install/unique_identifier_msgs:/home/arian/ros2_foxy/install/ament_lint_common:/home/arian/ros2_foxy/install/ament_cmake_uncrustify:/home/arian/ros2_foxy/install/uncrustify_vendor:/home/arian/ros2_foxy/install/trajectory_msgs:/home/arian/ros2_foxy/install/tracetools_test:/home/arian/ros2_foxy/install/pendulum_control:/home/arian/ros2_foxy/install/tlsf_cpp:/home/arian/ros2_foxy/install/rqt_gui_cpp:/home/arian/ros2_foxy/install/rosbag2_test_common:/home/arian/ros2_foxy/install/ros2lifecycle_test_fixtures:/home/arian/ros2_foxy/install/lifecycle:/home/arian/ros2_foxy/install/rclcpp_lifecycle:/home/arian/ros2_foxy/install/logging_demo:/home/arian/ros2_foxy/install/image_tools:/home/arian/ros2_foxy/install/examples_rclcpp_minimal_composition:/home/arian/ros2_foxy/install/demo_nodes_cpp_native:/home/arian/ros2_foxy/install/rclcpp_components:/home/arian/ros2_foxy/install/laser_geometry:/home/arian/ros2_foxy/install/intra_process_demo:/home/arian/ros2_foxy/install/examples_rclcpp_multithreaded_executor:/home/arian/ros2_foxy/install/examples_rclcpp_minimal_timer:/home/arian/ros2_foxy/install/examples_rclcpp_minimal_subscriber:/home/arian/ros2_foxy/install/examples_rclcpp_minimal_publisher:/home/arian/ros2_foxy/install/dummy_sensors:/home/arian/ros2_foxy/install/dummy_map_server:/home/arian/ros2_foxy/install/rclcpp:/home/arian/ros2_foxy/install/rcl_lifecycle:/home/arian/ros2_foxy/install/libstatistics_collector:/home/arian/ros2_foxy/install/rcl:/home/arian/ros2_foxy/install/tracetools:/home/arian/ros2_foxy/install/tlsf:/home/arian/ros2_foxy/install/tinyxml_vendor:/home/arian/ros2_foxy/install/qt_gui_core:/home/arian/ros2_foxy/install/qt_gui_cpp:/home/arian/ros2_foxy/install/pluginlib:/home/arian/ros2_foxy/install/tinyxml2_vendor:/home/arian/ros2_foxy/install/tf2:/home/arian/ros2_foxy/install/test_security:/home/arian/ros2_foxy/install/test_rclcpp:/home/arian/ros2_foxy/install/test_quality_of_service:/home/arian/ros2_foxy/install/test_launch_testing:/home/arian/ros2_foxy/install/test_interface_files:/home/arian/ros2_foxy/install/test_communication:/home/arian/ros2_foxy/install/test_cli_remapping:/home/arian/ros2_foxy/install/test_cli:/home/arian/ros2_foxy/install/qt_gui_app:/home/arian/ros2_foxy/install/qt_gui:/home/arian/ros2_foxy/install/tango_icons_vendor:/home/arian/ros2_foxy/install/stereo_msgs:/home/arian/ros2_foxy/install/std_srvs:/home/arian/ros2_foxy/install/shape_msgs:/home/arian/ros2_foxy/install/map_msgs:/home/arian/ros2_foxy/install/sensor_msgs:/home/arian/ros2_foxy/install/nav_msgs:/home/arian/ros2_foxy/install/diagnostic_msgs:/home/arian/ros2_foxy/install/geometry_msgs:/home/arian/ros2_foxy/install/actionlib_msgs:/home/arian/ros2_foxy/install/std_msgs:/home/arian/ros2_foxy/install/statistics_msgs:/home/arian/ros2_foxy/install/sqlite3_vendor:/home/arian/ros2_foxy/install/rcl_logging_spdlog:/home/arian/ros2_foxy/install/spdlog_vendor:/home/arian/ros2_foxy/install/shared_queues_vendor:/home/arian/ros2_foxy/install/rviz_rendering_tests:/home/arian/ros2_foxy/install/rviz_rendering:/home/arian/ros2_foxy/install/rviz_ogre_vendor:/home/arian/ros2_foxy/install/rviz_assimp_vendor:/home/arian/ros2_foxy/install/rttest:/home/arian/ros2_foxy/install/rosgraph_msgs:/home/arian/ros2_foxy/install/rmw_implementation:/home/arian/ros2_foxy/install/rmw_fastrtps_dynamic_cpp:/home/arian/ros2_foxy/install/rmw_fastrtps_cpp:/home/arian/ros2_foxy/install/rmw_fastrtps_shared_cpp:/home/arian/ros2_foxy/install/rmw_cyclonedds_cpp:/home/arian/ros2_foxy/install/rmw_dds_common:/home/arian/ros2_foxy/install/composition_interfaces:/home/arian/ros2_foxy/install/rcl_interfaces:/home/arian/ros2_foxy/install/pendulum_msgs:/home/arian/ros2_foxy/install/lifecycle_msgs:/home/arian/ros2_foxy/install/builtin_interfaces:/home/arian/ros2_foxy/install/rosidl_default_runtime:/home/arian/ros2_foxy/install/rosidl_default_generators:/home/arian/ros2_foxy/install/rosidl_generator_py:/home/arian/ros2_foxy/install/rosidl_typesupport_cpp:/home/arian/ros2_foxy/install/rosidl_typesupport_introspection_cpp:/home/arian/ros2_foxy/install/rosidl_typesupport_c:/home/arian/ros2_foxy/install/rosidl_typesupport_introspection_c:/home/arian/ros2_foxy/install/rosidl_typesupport_fastrtps_c:/home/arian/ros2_foxy/install/rosidl_typesupport_fastrtps_cpp:/home/arian/ros2_foxy/install/rmw_connext_cpp:/home/arian/ros2_foxy/install/rosidl_typesupport_connext_c:/home/arian/ros2_foxy/install/rosidl_typesupport_connext_cpp:/home/arian/ros2_foxy/install/rmw:/home/arian/ros2_foxy/install/rosidl_runtime_c:/home/arian/ros2_foxy/install/rosidl_generator_cpp:/home/arian/ros2_foxy/install/rosidl_generator_c:/home/arian/ros2_foxy/install/rosidl_typesupport_interface:/home/arian/ros2_foxy/install/rosidl_runtime_cpp:/home/arian/ros2_foxy/install/rosidl_generator_dds_idl:/home/arian/ros2_foxy/install/rosidl_cmake:/home/arian/ros2_foxy/install/rosidl_parser:/home/arian/ros2_foxy/install/rosidl_adapter:/home/arian/ros2_foxy/install/rosbag2_tests:/home/arian/ros2_foxy/install/ros_environment:/home/arian/ros2_foxy/install/rmw_implementation_cmake:/home/arian/ros2_foxy/install/rmw_connext_shared_cpp:/home/arian/ros2_foxy/install/resource_retriever:/home/arian/ros2_foxy/install/class_loader:/home/arian/ros2_foxy/install/rcpputils:/home/arian/ros2_foxy/install/rcl_logging_noop:/home/arian/ros2_foxy/install/rcl_logging_log4cxx:/home/arian/ros2_foxy/install/rcutils:/home/arian/ros2_foxy/install/rcl_yaml_param_parser:/home/arian/ros2_foxy/install/qt_gui_py_common:/home/arian/ros2_foxy/install/qt_dotgraph:/home/arian/ros2_foxy/install/python_qt_binding:/home/arian/ros2_foxy/install/launch_testing_ament_cmake:/home/arian/ros2_foxy/install/python_cmake_module:/home/arian/ros2_foxy/install/performance_test_fixture:/home/arian/ros2_foxy/install/osrf_testing_tools_cpp:/home/arian/ros2_foxy/install/orocos_kdl:/home/arian/ros2_foxy/install/mimick_vendor:/home/arian/ros2_foxy/install/message_filters:/home/arian/ros2_foxy/install/libyaml_vendor:/home/arian/ros2_foxy/install/libcurl_vendor:/home/arian/ros2_foxy/install/ament_cmake_ros:/home/arian/ros2_foxy/install/ament_cmake_gmock:/home/arian/ros2_foxy/install/gmock_vendor:/home/arian/ros2_foxy/install/ament_cmake_gtest:/home/arian/ros2_foxy/install/gtest_vendor:/home/arian/ros2_foxy/install/ament_cmake_google_benchmark:/home/arian/ros2_foxy/install/google_benchmark_vendor:/home/arian/ros2_foxy/install/fastrtps:/home/arian/ros2_foxy/install/foonathan_memory_vendor:/home/arian/ros2_foxy/install/fastrtps_cmake_module:/home/arian/ros2_foxy/install/fastcdr:/home/arian/ros2_foxy/install/eigen3_cmake_module:/home/arian/ros2_foxy/install/cyclonedds:/home/arian/ros2_foxy/install/console_bridge_vendor:/home/arian/ros2_foxy/install/connext_cmake_module:/home/arian/ros2_foxy/install/ament_cmake_xmllint:/home/arian/ros2_foxy/install/ament_cmake_pyflakes:/home/arian/ros2_foxy/install/ament_cmake_pycodestyle:/home/arian/ros2_foxy/install/ament_cmake_pep257:/home/arian/ros2_foxy/install/ament_cmake_pclint:/home/arian/ros2_foxy/install/ament_lint_auto:/home/arian/ros2_foxy/install/ament_cmake_auto:/home/arian/ros2_foxy/install/ament_cmake:/home/arian/ros2_foxy/install/ament_cmake_version:/home/arian/ros2_foxy/install/ament_cmake_pytest:/home/arian/ros2_foxy/install/ament_cmake_nose:/home/arian/ros2_foxy/install/ament_cmake_mypy:/home/arian/ros2_foxy/install/ament_cmake_lint_cmake:/home/arian/ros2_foxy/install/ament_cmake_flake8:/home/arian/ros2_foxy/install/ament_cmake_cpplint:/home/arian/ros2_foxy/install/ament_cmake_cppcheck:/home/arian/ros2_foxy/install/ament_cmake_copyright:/home/arian/ros2_foxy/install/ament_cmake_clang_tidy:/home/arian/ros2_foxy/install/ament_cmake_clang_format:/home/arian/ros2_foxy/install/ament_cmake_test:/home/arian/ros2_foxy/install/ament_cmake_target_dependencies:/home/arian/ros2_foxy/install/ament_cmake_python:/home/arian/ros2_foxy/install/ament_cmake_export_dependencies:/home/arian/ros2_foxy/install/ament_cmake_libraries:/home/arian/ros2_foxy/install/ament_cmake_include_directories:/home/arian/ros2_foxy/install/ament_cmake_export_targets:/home/arian/ros2_foxy/install/ament_cmake_export_link_flags:/home/arian/ros2_foxy/install/ament_cmake_export_interfaces:/home/arian/ros2_foxy/install/ament_cmake_export_libraries:/home/arian/ros2_foxy/install/ament_cmake_export_include_directories:/home/arian/ros2_foxy/install/ament_cmake_export_definitions:/home/arian/ros2_foxy/install/ament_cmake_core:/home/arian/ros2_foxy/install/ament_index_cpp:/home/arian/ros2_foxy/install/ros2bag:/home/arian/ros2_foxy/install/tracetools_launch:/home/arian/ros2_foxy/install/topic_monitor:/home/arian/ros2_foxy/install/examples_tf2_py:/home/arian/ros2_foxy/install/sros2:/home/arian/ros2_foxy/install/rqt_topic:/home/arian/ros2_foxy/install/rqt_reconfigure:/home/arian/ros2_foxy/install/rqt_action:/home/arian/ros2_foxy/install/rqt:/home/arian/ros2_foxy/install/rqt_graph:/home/arian/ros2_foxy/install/rqt_gui_py:/home/arian/ros2_foxy/install/rqt_gui:/home/arian/ros2_foxy/install/ros2trace:/home/arian/ros2_foxy/install/ros2topic:/home/arian/ros2_foxy/install/ros2test:/home/arian/ros2_foxy/install/ros2component:/home/arian/ros2_foxy/install/ros2param:/home/arian/ros2_foxy/install/ros2lifecycle:/home/arian/ros2_foxy/install/ros2service:/home/arian/ros2_foxy/install/ros2run:/home/arian/ros2_foxy/install/ros2launch:/home/arian/ros2_foxy/install/ros2pkg:/home/arian/ros2_foxy/install/ros2node:/home/arian/ros2_foxy/install/ros2multicast:/home/arian/ros2_foxy/install/ros2interface:/home/arian/ros2_foxy/install/ros2doctor:/home/arian/ros2_foxy/install/ros2action:/home/arian/ros2_foxy/install/ros2cli:/home/arian/ros2_foxy/install/quality_of_service_demo_py:/home/arian/ros2_foxy/install/launch_testing_ros:/home/arian/ros2_foxy/install/launch_ros:/home/arian/ros2_foxy/install/examples_rclpy_minimal_subscriber:/home/arian/ros2_foxy/install/examples_rclpy_minimal_service:/home/arian/ros2_foxy/install/examples_rclpy_minimal_publisher:/home/arian/ros2_foxy/install/examples_rclpy_minimal_client:/home/arian/ros2_foxy/install/examples_rclpy_minimal_action_server:/home/arian/ros2_foxy/install/examples_rclpy_minimal_action_client:/home/arian/ros2_foxy/install/examples_rclpy_executors:/home/arian/ros2_foxy/install/demo_nodes_py:/home/arian/ros2_foxy/install/action_tutorials_py:/home/arian/ros2_foxy/install/ament_uncrustify:/home/arian/ros2_foxy/install/tracetools_trace:/home/arian/ros2_foxy/install/tracetools_read:/home/arian/ros2_foxy/install/test_launch_ros:/home/arian/ros2_foxy/install/rpyutils:/home/arian/ros2_foxy/install/rosidl_runtime_py:/home/arian/ros2_foxy/install/launch_yaml:/home/arian/ros2_foxy/install/launch_xml:/home/arian/ros2_foxy/install/launch_testing:/home/arian/ros2_foxy/install/launch:/home/arian/ros2_foxy/install/osrf_pycommon:/home/arian/ros2_foxy/install/domain_coordinator:/home/arian/ros2_foxy/install/ament_xmllint:/home/arian/ros2_foxy/install/ament_pyflakes:/home/arian/ros2_foxy/install/ament_pycodestyle:/home/arian/ros2_foxy/install/ament_pep257:/home/arian/ros2_foxy/install/ament_pclint:/home/arian/ros2_foxy/install/ament_package:/home/arian/ros2_foxy/install/ament_mypy:/home/arian/ros2_foxy/install/ament_lint_cmake:/home/arian/ros2_foxy/install/ament_flake8:/home/arian/ros2_foxy/install/ament_copyright:/home/arian/ros2_foxy/install/ament_lint:/home/arian/ros2_foxy/install/ament_index_python:/home/arian/ros2_foxy/install/ament_cpplint:/home/arian/ros2_foxy/install/ament_cppcheck:/home/arian/ros2_foxy/install/ament_clang_tidy:/home/arian/ros2_foxy/install/ament_clang_format')]), 'shell': False}
[0.100029] (-) TimerEvent: {}
[0.124296] (starting_point) StdoutLine: {'line': b'\x1b[35m\x1b[1mScanning dependencies of target minimal_examples\x1b[0m\n'}
[0.151358] (starting_point) StdoutLine: {'line': b'[ 50%] Built target starting_point\n'}
[0.168818] (starting_point) StdoutLine: {'line': b'[ 75%] \x1b[32mBuilding CXX object CMakeFiles/minimal_examples.dir/src/minimal_examples.cpp.o\x1b[0m\n'}
[0.200095] (-) TimerEvent: {}
[0.300363] (-) TimerEvent: {}
[0.400625] (-) TimerEvent: {}
[0.500885] (-) TimerEvent: {}
[0.601151] (-) TimerEvent: {}
[0.701420] (-) TimerEvent: {}
[0.801683] (-) TimerEvent: {}
[0.901958] (-) TimerEvent: {}
[1.002222] (-) TimerEvent: {}
[1.102451] (-) TimerEvent: {}
[1.202711] (-) TimerEvent: {}
[1.290842] (starting_point) StderrLine: {'line': b'In file included from \x1b[01m\x1b[K/home/arian/dev_ws/src/starting_point/src/minimal_examples.cpp:2\x1b[m\x1b[K:\n'}
[1.291007] (starting_point) StderrLine: {'line': b'/usr/include/c++/9/functional: In instantiation of \xe2\x80\x98\x1b[01m\x1b[Kstruct std::_Bind_check_arity<void (MinimalPublisherNonBlockingThread::*)(std::promise<int>), std::promise<int>&>\x1b[m\x1b[K\xe2\x80\x99:\n'}
[1.291072] (starting_point) StderrLine: {'line': b'\x1b[01m\x1b[K/usr/include/c++/9/functional:787:12:\x1b[m\x1b[K   required from \xe2\x80\x98\x1b[01m\x1b[Kstruct std::_Bind_helper<false, void (MinimalPublisherNonBlockingThread::*)(std::promise<int>), std::promise<int>&>\x1b[m\x1b[K\xe2\x80\x99\n'}
[1.291132] (starting_point) StderrLine: {'line': b'\x1b[01m\x1b[K/usr/include/c++/9/functional:808:5:\x1b[m\x1b[K   required by substitution of \xe2\x80\x98\x1b[01m\x1b[Ktemplate<class _Func, class ... _BoundArgs> typename std::_Bind_helper<std::__is_socketlike<_Func>::value, _Func, _BoundArgs ...>::type std::bind(_Func&&, _BoundArgs&& ...) [with _Func = void (MinimalPublisherNonBlockingThread::*)(std::promise<int>); _BoundArgs = {std::promise<int>&}]\x1b[m\x1b[K\xe2\x80\x99\n'}
[1.291231] (starting_point) StderrLine: {'line': b'\x1b[01m\x1b[K/home/arian/dev_ws/src/starting_point/src/minimal_examples.cpp:130:91:\x1b[m\x1b[K   required from here\n'}
[1.291330] (starting_point) StderrLine: {'line': b'\x1b[01m\x1b[K/usr/include/c++/9/functional:775:7:\x1b[m\x1b[K \x1b[01;31m\x1b[Kerror: \x1b[m\x1b[Kstatic assertion failed: Wrong number of arguments for pointer-to-member\n'}
[1.291388] (starting_point) StderrLine: {'line': b'  774 |       static_assert(_Varargs::\x1b[01;31m\x1b[Kvalue\x1b[m\x1b[K\n'}
[1.291440] (starting_point) StderrLine: {'line': b'      |                               \x1b[01;31m\x1b[K~~~~~\x1b[m\x1b[K\n'}
[1.291491] (starting_point) StderrLine: {'line': b'  775 | \x1b[01;31m\x1b[K      ? sizeof...(_BoundArgs) >= _Arity::value + 1\x1b[m\x1b[K\n'}
[1.291541] (starting_point) StderrLine: {'line': b'      |       \x1b[01;31m\x1b[K^~~~~~~~~~~~~~~~~~~~~~~~~~~~~~~~~~~~~~~~~~~~\x1b[m\x1b[K\n'}
[1.291591] (starting_point) StderrLine: {'line': b'  776 | \x1b[01;31m\x1b[K      : sizeof...(_BoundArgs) == _Arity::value + 1\x1b[m\x1b[K,\n'}
[1.291642] (starting_point) StderrLine: {'line': b'      |       \x1b[01;31m\x1b[K~~~~~~~~~~~~~~~~~~~~~~~~~~~~~~~~~~~~~~~~~~~~\x1b[m\x1b[K\n'}
[1.295134] (starting_point) StderrLine: {'line': b'\x1b[01m\x1b[K/home/arian/dev_ws/src/starting_point/src/minimal_examples.cpp:\x1b[m\x1b[K In member function \xe2\x80\x98\x1b[01m\x1b[Kvoid MinimalPublisherNonBlockingThread::timer_callback()\x1b[m\x1b[K\xe2\x80\x99:\n'}
[1.295237] (starting_point) StderrLine: {'line': b'\x1b[01m\x1b[K/home/arian/dev_ws/src/starting_point/src/minimal_examples.cpp:130:93:\x1b[m\x1b[K \x1b[01;31m\x1b[Kerror: \x1b[m\x1b[K\xe2\x80\x98\x1b[01m\x1b[Kstd::_Bind_helper<false, void (MinimalPublisherNonBlockingThread::*)(std::promise<int>), std::promise<int>&>::type\x1b[m\x1b[K\xe2\x80\x99 {aka \xe2\x80\x98\x1b[01m\x1b[Kstruct std::_Bind<void (MinimalPublisherNonBlockingThread::*(std::promise<int>))(std::promise<int>)>\x1b[m\x1b[K\xe2\x80\x99} has no member named \xe2\x80\x98\x1b[01m\x1b[Kdetach\x1b[m\x1b[K\xe2\x80\x99\n'}
[1.295305] (starting_point) StderrLine: {'line': b'  130 |             std::thread(std::bind(&MinimalPublisherNonBlockingThread::thread_calc, promise).\x1b[01;31m\x1b[Kdetach\x1b[m\x1b[K();\n'}
[1.295360] (starting_point) StderrLine: {'line': b'      |                                                                                             \x1b[01;31m\x1b[K^~~~~~\x1b[m\x1b[K\n'}
[1.302863] (-) TimerEvent: {}
[1.403117] (-) TimerEvent: {}
[1.482754] (starting_point) StderrLine: {'line': b'In file included from \x1b[01m\x1b[K/home/arian/dev_ws/src/starting_point/src/minimal_examples.cpp:2\x1b[m\x1b[K:\n'}
[1.483875] (starting_point) StderrLine: {'line': b'/usr/include/c++/9/functional: In instantiation of \xe2\x80\x98\x1b[01m\x1b[Kstd::_Bind<_Functor(_Bound_args ...)>::_Bind(_Functor&&, _Args&& ...) [with _Args = {std::promise<int>&}; _Functor = void (MinimalPublisherNonBlockingThread::*)(std::promise<int>); _Bound_args = {std::promise<int>}]\x1b[m\x1b[K\xe2\x80\x99:\n'}
[1.484575] (starting_point) StderrLine: {'line': b'\x1b[01m\x1b[K/usr/include/c++/9/functional:811:38:\x1b[m\x1b[K   required from \xe2\x80\x98\x1b[01m\x1b[Ktypename std::_Bind_helper<std::__is_socketlike<_Func>::value, _Func, _BoundArgs ...>::type std::bind(_Func&&, _BoundArgs&& ...) [with _Func = void (MinimalPublisherNonBlockingThread::*)(std::promise<int>); _BoundArgs = {std::promise<int>&}; typename std::_Bind_helper<std::__is_socketlike<_Func>::value, _Func, _BoundArgs ...>::type = std::_Bind<void (MinimalPublisherNonBlockingThread::*(std::promise<int>))(std::promise<int>)>]\x1b[m\x1b[K\xe2\x80\x99\n'}
[1.484660] (starting_point) StderrLine: {'line': b'\x1b[01m\x1b[K/home/arian/dev_ws/src/starting_point/src/minimal_examples.cpp:130:91:\x1b[m\x1b[K   required from here\n'}
[1.484715] (starting_point) StderrLine: {'line': b'\x1b[01m\x1b[K/usr/include/c++/9/functional:467:70:\x1b[m\x1b[K \x1b[01;31m\x1b[Kerror: \x1b[m\x1b[Kno matching function for call to \xe2\x80\x98\x1b[01m\x1b[Kstd::tuple<std::promise<int> >::tuple(std::promise<int>&)\x1b[m\x1b[K\xe2\x80\x99\n'}
[1.484769] (starting_point) StderrLine: {'line': b'  467 |  : _M_f(std::move(__f)), _M_bound_args(std::forward<_Args>(__args)...\x1b[01;31m\x1b[K)\x1b[m\x1b[K\n'}
[1.484865] (starting_point) StderrLine: {'line': b'      |                                                                      \x1b[01;31m\x1b[K^\x1b[m\x1b[K\n'}
[1.484953] (starting_point) StderrLine: {'line': b'In file included from \x1b[01m\x1b[K/usr/include/c++/9/functional:54\x1b[m\x1b[K,\n'}
[1.485033] (starting_point) StderrLine: {'line': b'                 from \x1b[01m\x1b[K/home/arian/dev_ws/src/starting_point/src/minimal_examples.cpp:2\x1b[m\x1b[K:\n'}
[1.485089] (starting_point) StderrLine: {'line': b'\x1b[01m\x1b[K/usr/include/c++/9/tuple:808:11:\x1b[m\x1b[K \x1b[01;36m\x1b[Knote: \x1b[m\x1b[Kcandidate: \xe2\x80\x98\x1b[01m\x1b[Ktemplate<class _Alloc, class _Dummy, class ... _UElements, typename std::enable_if<((std::tuple<std::promise<int> >::_TMCT<_UElements ...>::_MoveConstructibleTuple<_UElements ...>() && (! std::tuple<std::promise<int> >::_TMCT<_UElements ...>::_ImplicitlyMoveConvertibleTuple<_UElements ...>())) && std::tuple<std::promise<int> >::_TNTC<_Dummy>::_NonNestedTuple<tuple<_Tail ...>&&>()), bool>::type <anonymous> > std::tuple<_Elements>::tuple(std::allocator_arg_t, const _Alloc&, std::tuple<_Args2 ...>&&)\x1b[m\x1b[K\xe2\x80\x99\n'}
[1.485152] (starting_point) StderrLine: {'line': b'  808 |  explicit \x1b[01;36m\x1b[Ktuple\x1b[m\x1b[K(allocator_arg_t __tag, const _Alloc& __a,\n'}
[1.485204] (starting_point) StderrLine: {'line': b'      |           \x1b[01;36m\x1b[K^~~~~\x1b[m\x1b[K\n'}
[1.485256] (starting_point) StderrLine: {'line': b'\x1b[01m\x1b[K/usr/include/c++/9/tuple:808:11:\x1b[m\x1b[K \x1b[01;36m\x1b[Knote: \x1b[m\x1b[K  template argument deduction/substitution failed:\n'}
[1.485307] (starting_point) StderrLine: {'line': b'In file included from \x1b[01m\x1b[K/home/arian/dev_ws/src/starting_point/src/minimal_examples.cpp:2\x1b[m\x1b[K:\n'}
[1.485357] (starting_point) StderrLine: {'line': b'\x1b[01m\x1b[K/usr/include/c++/9/functional:467:70:\x1b[m\x1b[K \x1b[01;36m\x1b[Knote: \x1b[m\x1b[K  candidate expects 3 arguments, 1 provided\n'}
[1.485407] (starting_point) StderrLine: {'line': b'  467 |  : _M_f(std::move(__f)), _M_bound_args(std::forward<_Args>(__args)...\x1b[01;36m\x1b[K)\x1b[m\x1b[K\n'}
[1.485457] (starting_point) StderrLine: {'line': b'      |                                                                      \x1b[01;36m\x1b[K^\x1b[m\x1b[K\n'}
[1.485507] (starting_point) StderrLine: {'line': b'In file included from \x1b[01m\x1b[K/usr/include/c++/9/functional:54\x1b[m\x1b[K,\n'}
[1.485558] (starting_point) StderrLine: {'line': b'                 from \x1b[01m\x1b[K/home/arian/dev_ws/src/starting_point/src/minimal_examples.cpp:2\x1b[m\x1b[K:\n'}
[1.485608] (starting_point) StderrLine: {'line': b'\x1b[01m\x1b[K/usr/include/c++/9/tuple:793:2:\x1b[m\x1b[K \x1b[01;36m\x1b[Knote: \x1b[m\x1b[Kcandidate: \xe2\x80\x98\x1b[01m\x1b[Ktemplate<class _Alloc, class _Dummy, class ... _UElements, typename std::enable_if<((std::tuple<std::promise<int> >::_TMCT<_UElements ...>::_MoveConstructibleTuple<_UElements ...>() && std::tuple<std::promise<int> >::_TMCT<_UElements ...>::_ImplicitlyMoveConvertibleTuple<_UElements ...>()) && std::tuple<std::promise<int> >::_TNTC<_Dummy>::_NonNestedTuple<tuple<_Tail ...>&&>()), bool>::type <anonymous> > std::tuple<_Elements>::tuple(std::allocator_arg_t, const _Alloc&, std::tuple<_Args2 ...>&&)\x1b[m\x1b[K\xe2\x80\x99\n'}
[1.485664] (starting_point) StderrLine: {'line': b'  793 |  \x1b[01;36m\x1b[Ktuple\x1b[m\x1b[K(allocator_arg_t __tag, const _Alloc& __a,\n'}
[1.485715] (starting_point) StderrLine: {'line': b'      |  \x1b[01;36m\x1b[K^~~~~\x1b[m\x1b[K\n'}
[1.485765] (starting_point) StderrLine: {'line': b'\x1b[01m\x1b[K/usr/include/c++/9/tuple:793:2:\x1b[m\x1b[K \x1b[01;36m\x1b[Knote: \x1b[m\x1b[K  template argument deduction/substitution failed:\n'}
[1.485816] (starting_point) StderrLine: {'line': b'In file included from \x1b[01m\x1b[K/home/arian/dev_ws/src/starting_point/src/minimal_examples.cpp:2\x1b[m\x1b[K:\n'}
[1.485866] (starting_point) StderrLine: {'line': b'\x1b[01m\x1b[K/usr/include/c++/9/functional:467:70:\x1b[m\x1b[K \x1b[01;36m\x1b[Knote: \x1b[m\x1b[K  candidate expects 3 arguments, 1 provided\n'}
[1.485920] (starting_point) StderrLine: {'line': b'  467 |  : _M_f(std::move(__f)), _M_bound_args(std::forward<_Args>(__args)...\x1b[01;36m\x1b[K)\x1b[m\x1b[K\n'}
[1.485971] (starting_point) StderrLine: {'line': b'      |                                                                      \x1b[01;36m\x1b[K^\x1b[m\x1b[K\n'}
[1.486021] (starting_point) StderrLine: {'line': b'In file included from \x1b[01m\x1b[K/usr/include/c++/9/functional:54\x1b[m\x1b[K,\n'}
[1.486071] (starting_point) StderrLine: {'line': b'                 from \x1b[01m\x1b[K/home/arian/dev_ws/src/starting_point/src/minimal_examples.cpp:2\x1b[m\x1b[K:\n'}
[1.486121] (starting_point) StderrLine: {'line': b'\x1b[01m\x1b[K/usr/include/c++/9/tuple:778:11:\x1b[m\x1b[K \x1b[01;36m\x1b[Knote: \x1b[m\x1b[Kcandidate: \xe2\x80\x98\x1b[01m\x1b[Ktemplate<class _Alloc, class _Dummy, class ... _UElements, typename std::enable_if<((std::tuple<std::promise<int> >::_TMCT<_UElements ...>::_ConstructibleTuple<_UElements ...>() && (! std::tuple<std::promise<int> >::_TMCT<_UElements ...>::_ImplicitlyConvertibleTuple<_UElements ...>())) && std::tuple<std::promise<int> >::_TNTC<_Dummy>::_NonNestedTuple<const tuple<_Tail ...>&>()), bool>::type <anonymous> > std::tuple<_Elements>::tuple(std::allocator_arg_t, const _Alloc&, const std::tuple<_Args2 ...>&)\x1b[m\x1b[K\xe2\x80\x99\n'}
[1.486177] (starting_point) StderrLine: {'line': b'  778 |  explicit \x1b[01;36m\x1b[Ktuple\x1b[m\x1b[K(allocator_arg_t __tag, const _Alloc& __a,\n'}
[1.486228] (starting_point) StderrLine: {'line': b'      |           \x1b[01;36m\x1b[K^~~~~\x1b[m\x1b[K\n'}
[1.486278] (starting_point) StderrLine: {'line': b'\x1b[01m\x1b[K/usr/include/c++/9/tuple:778:11:\x1b[m\x1b[K \x1b[01;36m\x1b[Knote: \x1b[m\x1b[K  template argument deduction/substitution failed:\n'}
[1.486329] (starting_point) StderrLine: {'line': b'In file included from \x1b[01m\x1b[K/home/arian/dev_ws/src/starting_point/src/minimal_examples.cpp:2\x1b[m\x1b[K:\n'}
[1.486379] (starting_point) StderrLine: {'line': b'\x1b[01m\x1b[K/usr/include/c++/9/functional:467:70:\x1b[m\x1b[K \x1b[01;36m\x1b[Knote: \x1b[m\x1b[K  candidate expects 3 arguments, 1 provided\n'}
[1.486429] (starting_point) StderrLine: {'line': b'  467 |  : _M_f(std::move(__f)), _M_bound_args(std::forward<_Args>(__args)...\x1b[01;36m\x1b[K)\x1b[m\x1b[K\n'}
[1.486480] (starting_point) StderrLine: {'line': b'      |                                                                      \x1b[01;36m\x1b[K^\x1b[m\x1b[K\n'}
[1.486533] (starting_point) StderrLine: {'line': b'In file included from \x1b[01m\x1b[K/usr/include/c++/9/functional:54\x1b[m\x1b[K,\n'}
[1.486583] (starting_point) StderrLine: {'line': b'                 from \x1b[01m\x1b[K/home/arian/dev_ws/src/starting_point/src/minimal_examples.cpp:2\x1b[m\x1b[K:\n'}
[1.486635] (starting_point) StderrLine: {'line': b'\x1b[01m\x1b[K/usr/include/c++/9/tuple:763:2:\x1b[m\x1b[K \x1b[01;36m\x1b[Knote: \x1b[m\x1b[Kcandidate: \xe2\x80\x98\x1b[01m\x1b[Ktemplate<class _Alloc, class _Dummy, class ... _UElements, typename std::enable_if<((std::tuple<std::promise<int> >::_TMCT<_UElements ...>::_ConstructibleTuple<_UElements ...>() && std::tuple<std::promise<int> >::_TMCT<_UElements ...>::_ImplicitlyConvertibleTuple<_UElements ...>()) && std::tuple<std::promise<int> >::_TNTC<_Dummy>::_NonNestedTuple<const tuple<_Tail ...>&>()), bool>::type <anonymous> > std::tuple<_Elements>::tuple(std::allocator_arg_t, const _Alloc&, const std::tuple<_Args2 ...>&)\x1b[m\x1b[K\xe2\x80\x99\n'}
[1.486691] (starting_point) StderrLine: {'line': b'  763 |  \x1b[01;36m\x1b[Ktuple\x1b[m\x1b[K(allocator_arg_t __tag, const _Alloc& __a,\n'}
[1.486741] (starting_point) StderrLine: {'line': b'      |  \x1b[01;36m\x1b[K^~~~~\x1b[m\x1b[K\n'}
[1.486826] (starting_point) StderrLine: {'line': b'\x1b[01m\x1b[K/usr/include/c++/9/tuple:763:2:\x1b[m\x1b[K \x1b[01;36m\x1b[Knote: \x1b[m\x1b[K  template argument deduction/substitution failed:\n'}
[1.486895] (starting_point) StderrLine: {'line': b'In file included from \x1b[01m\x1b[K/home/arian/dev_ws/src/starting_point/src/minimal_examples.cpp:2\x1b[m\x1b[K:\n'}
[1.486949] (starting_point) StderrLine: {'line': b'\x1b[01m\x1b[K/usr/include/c++/9/functional:467:70:\x1b[m\x1b[K \x1b[01;36m\x1b[Knote: \x1b[m\x1b[K  candidate expects 3 arguments, 1 provided\n'}
[1.487000] (starting_point) StderrLine: {'line': b'  467 |  : _M_f(std::move(__f)), _M_bound_args(std::forward<_Args>(__args)...\x1b[01;36m\x1b[K)\x1b[m\x1b[K\n'}
[1.487051] (starting_point) StderrLine: {'line': b'      |                                                                      \x1b[01;36m\x1b[K^\x1b[m\x1b[K\n'}
[1.487101] (starting_point) StderrLine: {'line': b'In file included from \x1b[01m\x1b[K/usr/include/c++/9/functional:54\x1b[m\x1b[K,\n'}
[1.487152] (starting_point) StderrLine: {'line': b'                 from \x1b[01m\x1b[K/home/arian/dev_ws/src/starting_point/src/minimal_examples.cpp:2\x1b[m\x1b[K:\n'}
[1.487203] (starting_point) StderrLine: {'line': b'\x1b[01m\x1b[K/usr/include/c++/9/tuple:751:2:\x1b[m\x1b[K \x1b[01;36m\x1b[Knote: \x1b[m\x1b[Kcandidate: \xe2\x80\x98\x1b[01m\x1b[Ktemplate<class _Alloc> std::tuple<_Elements>::tuple(std::allocator_arg_t, const _Alloc&, std::tuple<_Elements>&&)\x1b[m\x1b[K\xe2\x80\x99\n'}
[1.487254] (starting_point) StderrLine: {'line': b'  751 |  \x1b[01;36m\x1b[Ktuple\x1b[m\x1b[K(allocator_arg_t __tag, const _Alloc& __a, tuple&& __in)\n'}
[1.487304] (starting_point) StderrLine: {'line': b'      |  \x1b[01;36m\x1b[K^~~~~\x1b[m\x1b[K\n'}
[1.487353] (starting_point) StderrLine: {'line': b'\x1b[01m\x1b[K/usr/include/c++/9/tuple:751:2:\x1b[m\x1b[K \x1b[01;36m\x1b[Knote: \x1b[m\x1b[K  template argument deduction/substitution failed:\n'}
[1.487403] (starting_point) StderrLine: {'line': b'In file included from \x1b[01m\x1b[K/home/arian/dev_ws/src/starting_point/src/minimal_examples.cpp:2\x1b[m\x1b[K:\n'}
[1.487453] (starting_point) StderrLine: {'line': b'\x1b[01m\x1b[K/usr/include/c++/9/functional:467:70:\x1b[m\x1b[K \x1b[01;36m\x1b[Knote: \x1b[m\x1b[K  candidate expects 3 arguments, 1 provided\n'}
[1.487503] (starting_point) StderrLine: {'line': b'  467 |  : _M_f(std::move(__f)), _M_bound_args(std::forward<_Args>(__args)...\x1b[01;36m\x1b[K)\x1b[m\x1b[K\n'}
[1.487554] (starting_point) StderrLine: {'line': b'      |                                                                      \x1b[01;36m\x1b[K^\x1b[m\x1b[K\n'}
[1.487604] (starting_point) StderrLine: {'line': b'In file included from \x1b[01m\x1b[K/usr/include/c++/9/functional:54\x1b[m\x1b[K,\n'}
[1.487655] (starting_point) StderrLine: {'line': b'                 from \x1b[01m\x1b[K/home/arian/dev_ws/src/starting_point/src/minimal_examples.cpp:2\x1b[m\x1b[K:\n'}
[1.487706] (starting_point) StderrLine: {'line': b'\x1b[01m\x1b[K/usr/include/c++/9/tuple:747:2:\x1b[m\x1b[K \x1b[01;36m\x1b[Knote: \x1b[m\x1b[Kcandidate: \xe2\x80\x98\x1b[01m\x1b[Ktemplate<class _Alloc> std::tuple<_Elements>::tuple(std::allocator_arg_t, const _Alloc&, const std::tuple<_Elements>&)\x1b[m\x1b[K\xe2\x80\x99\n'}
[1.487758] (starting_point) StderrLine: {'line': b'  747 |  \x1b[01;36m\x1b[Ktuple\x1b[m\x1b[K(allocator_arg_t __tag, const _Alloc& __a, const tuple& __in)\n'}
[1.487808] (starting_point) StderrLine: {'line': b'      |  \x1b[01;36m\x1b[K^~~~~\x1b[m\x1b[K\n'}
[1.487858] (starting_point) StderrLine: {'line': b'\x1b[01m\x1b[K/usr/include/c++/9/tuple:747:2:\x1b[m\x1b[K \x1b[01;36m\x1b[Knote: \x1b[m\x1b[K  template argument deduction/substitution failed:\n'}
[1.487908] (starting_point) StderrLine: {'line': b'In file included from \x1b[01m\x1b[K/home/arian/dev_ws/src/starting_point/src/minimal_examples.cpp:2\x1b[m\x1b[K:\n'}
[1.487958] (starting_point) StderrLine: {'line': b'\x1b[01m\x1b[K/usr/include/c++/9/functional:467:70:\x1b[m\x1b[K \x1b[01;36m\x1b[Knote: \x1b[m\x1b[K  candidate expects 3 arguments, 1 provided\n'}
[1.488008] (starting_point) StderrLine: {'line': b'  467 |  : _M_f(std::move(__f)), _M_bound_args(std::forward<_Args>(__args)...\x1b[01;36m\x1b[K)\x1b[m\x1b[K\n'}
[1.488058] (starting_point) StderrLine: {'line': b'      |                                                                      \x1b[01;36m\x1b[K^\x1b[m\x1b[K\n'}
[1.488112] (starting_point) StderrLine: {'line': b'In file included from \x1b[01m\x1b[K/usr/include/c++/9/functional:54\x1b[m\x1b[K,\n'}
[1.488162] (starting_point) StderrLine: {'line': b'                 from \x1b[01m\x1b[K/home/arian/dev_ws/src/starting_point/src/minimal_examples.cpp:2\x1b[m\x1b[K:\n'}
[1.488213] (starting_point) StderrLine: {'line': b'\x1b[01m\x1b[K/usr/include/c++/9/tuple:741:11:\x1b[m\x1b[K \x1b[01;36m\x1b[Knote: \x1b[m\x1b[Kcandidate: \xe2\x80\x98\x1b[01m\x1b[Ktemplate<class _Alloc, class ... _UElements, typename std::enable_if<(std::tuple<std::promise<int> >::_TMC<_UElements ...>::_MoveConstructibleTuple<_UElements ...>() && (! std::tuple<std::promise<int> >::_TMC<_UElements ...>::_ImplicitlyMoveConvertibleTuple<_UElements ...>())), bool>::type <anonymous> > std::tuple<_Elements>::tuple(std::allocator_arg_t, const _Alloc&, _UElements&& ...)\x1b[m\x1b[K\xe2\x80\x99\n'}
[1.488275] (starting_point) StderrLine: {'line': b'  741 |  explicit \x1b[01;36m\x1b[Ktuple\x1b[m\x1b[K(allocator_arg_t __tag, const _Alloc& __a,\n'}
[1.488376] (starting_point) StderrLine: {'line': b'      |           \x1b[01;36m\x1b[K^~~~~\x1b[m\x1b[K\n'}
[1.488426] (starting_point) StderrLine: {'line': b'\x1b[01m\x1b[K/usr/include/c++/9/tuple:741:11:\x1b[m\x1b[K \x1b[01;36m\x1b[Knote: \x1b[m\x1b[K  template argument deduction/substitution failed:\n'}
[1.488479] (starting_point) StderrLine: {'line': b'In file included from \x1b[01m\x1b[K/home/arian/dev_ws/src/starting_point/src/minimal_examples.cpp:2\x1b[m\x1b[K:\n'}
[1.488529] (starting_point) StderrLine: {'line': b'\x1b[01m\x1b[K/usr/include/c++/9/functional:467:70:\x1b[m\x1b[K \x1b[01;36m\x1b[Knote: \x1b[m\x1b[K  candidate expects at least 2 arguments, 1 provided\n'}
[1.488579] (starting_point) StderrLine: {'line': b'  467 |  : _M_f(std::move(__f)), _M_bound_args(std::forward<_Args>(__args)...\x1b[01;36m\x1b[K)\x1b[m\x1b[K\n'}
[1.488629] (starting_point) StderrLine: {'line': b'      |                                                                      \x1b[01;36m\x1b[K^\x1b[m\x1b[K\n'}
[1.488679] (starting_point) StderrLine: {'line': b'In file included from \x1b[01m\x1b[K/usr/include/c++/9/functional:54\x1b[m\x1b[K,\n'}
[1.488729] (starting_point) StderrLine: {'line': b'                 from \x1b[01m\x1b[K/home/arian/dev_ws/src/starting_point/src/minimal_examples.cpp:2\x1b[m\x1b[K:\n'}
[1.488780] (starting_point) StderrLine: {'line': b'\x1b[01m\x1b[K/usr/include/c++/9/tuple:730:2:\x1b[m\x1b[K \x1b[01;36m\x1b[Knote: \x1b[m\x1b[Kcandidate: \xe2\x80\x98\x1b[01m\x1b[Ktemplate<class _Alloc, class ... _UElements, typename std::enable_if<(std::tuple<std::promise<int> >::_TMC<_UElements ...>::_MoveConstructibleTuple<_UElements ...>() && std::tuple<std::promise<int> >::_TMC<_UElements ...>::_ImplicitlyMoveConvertibleTuple<_UElements ...>()), bool>::type <anonymous> > std::tuple<_Elements>::tuple(std::allocator_arg_t, const _Alloc&, _UElements&& ...)\x1b[m\x1b[K\xe2\x80\x99\n'}
[1.488833] (starting_point) StderrLine: {'line': b'  730 |  \x1b[01;36m\x1b[Ktuple\x1b[m\x1b[K(allocator_arg_t __tag, const _Alloc& __a,\n'}
[1.488884] (starting_point) StderrLine: {'line': b'      |  \x1b[01;36m\x1b[K^~~~~\x1b[m\x1b[K\n'}
[1.488935] (starting_point) StderrLine: {'line': b'\x1b[01m\x1b[K/usr/include/c++/9/tuple:730:2:\x1b[m\x1b[K \x1b[01;36m\x1b[Knote: \x1b[m\x1b[K  template argument deduction/substitution failed:\n'}
[1.488987] (starting_point) StderrLine: {'line': b'In file included from \x1b[01m\x1b[K/home/arian/dev_ws/src/starting_point/src/minimal_examples.cpp:2\x1b[m\x1b[K:\n'}
[1.489038] (starting_point) StderrLine: {'line': b'\x1b[01m\x1b[K/usr/include/c++/9/functional:467:70:\x1b[m\x1b[K \x1b[01;36m\x1b[Knote: \x1b[m\x1b[K  candidate expects at least 2 arguments, 1 provided\n'}
[1.489088] (starting_point) StderrLine: {'line': b'  467 |  : _M_f(std::move(__f)), _M_bound_args(std::forward<_Args>(__args)...\x1b[01;36m\x1b[K)\x1b[m\x1b[K\n'}
[1.489138] (starting_point) StderrLine: {'line': b'      |                                                                      \x1b[01;36m\x1b[K^\x1b[m\x1b[K\n'}
[1.489191] (starting_point) StderrLine: {'line': b'In file included from \x1b[01m\x1b[K/usr/include/c++/9/functional:54\x1b[m\x1b[K,\n'}
[1.489240] (starting_point) StderrLine: {'line': b'                 from \x1b[01m\x1b[K/home/arian/dev_ws/src/starting_point/src/minimal_examples.cpp:2\x1b[m\x1b[K:\n'}
[1.489289] (starting_point) StderrLine: {'line': b'\x1b[01m\x1b[K/usr/include/c++/9/tuple:720:11:\x1b[m\x1b[K \x1b[01;36m\x1b[Knote: \x1b[m\x1b[Kcandidate: \xe2\x80\x98\x1b[01m\x1b[Ktemplate<class _Alloc, class _Dummy, typename std::enable_if<(std::tuple<std::promise<int> >::_TCC<_Dummy>::_ConstructibleTuple<promise<int> >() && (! std::tuple<std::promise<int> >::_TCC<_Dummy>::_ImplicitlyConvertibleTuple<promise<int> >())), bool>::type <anonymous> > std::tuple<_Elements>::tuple(std::allocator_arg_t, const _Alloc&, const _Elements& ...)\x1b[m\x1b[K\xe2\x80\x99\n'}
[1.489342] (starting_point) StderrLine: {'line': b'  720 |  explicit \x1b[01;36m\x1b[Ktuple\x1b[m\x1b[K(allocator_arg_t __tag, const _Alloc& __a,\n'}
[1.489393] (starting_point) StderrLine: {'line': b'      |           \x1b[01;36m\x1b[K^~~~~\x1b[m\x1b[K\n'}
[1.489444] (starting_point) StderrLine: {'line': b'\x1b[01m\x1b[K/usr/include/c++/9/tuple:720:11:\x1b[m\x1b[K \x1b[01;36m\x1b[Knote: \x1b[m\x1b[K  template argument deduction/substitution failed:\n'}
[1.489495] (starting_point) StderrLine: {'line': b'In file included from \x1b[01m\x1b[K/home/arian/dev_ws/src/starting_point/src/minimal_examples.cpp:2\x1b[m\x1b[K:\n'}
[1.489546] (starting_point) StderrLine: {'line': b'\x1b[01m\x1b[K/usr/include/c++/9/functional:467:70:\x1b[m\x1b[K \x1b[01;36m\x1b[Knote: \x1b[m\x1b[K  candidate expects 3 arguments, 1 provided\n'}
[1.489596] (starting_point) StderrLine: {'line': b'  467 |  : _M_f(std::move(__f)), _M_bound_args(std::forward<_Args>(__args)...\x1b[01;36m\x1b[K)\x1b[m\x1b[K\n'}
[1.489646] (starting_point) StderrLine: {'line': b'      |                                                                      \x1b[01;36m\x1b[K^\x1b[m\x1b[K\n'}
[1.489696] (starting_point) StderrLine: {'line': b'In file included from \x1b[01m\x1b[K/usr/include/c++/9/functional:54\x1b[m\x1b[K,\n'}
[1.489746] (starting_point) StderrLine: {'line': b'                 from \x1b[01m\x1b[K/home/arian/dev_ws/src/starting_point/src/minimal_examples.cpp:2\x1b[m\x1b[K:\n'}
[1.489795] (starting_point) StderrLine: {'line': b'\x1b[01m\x1b[K/usr/include/c++/9/tuple:709:2:\x1b[m\x1b[K \x1b[01;36m\x1b[Knote: \x1b[m\x1b[Kcandidate: \xe2\x80\x98\x1b[01m\x1b[Ktemplate<class _Alloc, class _Dummy, typename std::enable_if<(std::tuple<std::promise<int> >::_TCC<_Dummy>::_ConstructibleTuple<promise<int> >() && std::tuple<std::promise<int> >::_TCC<_Dummy>::_ImplicitlyConvertibleTuple<promise<int> >()), bool>::type <anonymous> > std::tuple<_Elements>::tuple(std::allocator_arg_t, const _Alloc&, const _Elements& ...)\x1b[m\x1b[K\xe2\x80\x99\n'}
[1.489850] (starting_point) StderrLine: {'line': b'  709 |  \x1b[01;36m\x1b[Ktuple\x1b[m\x1b[K(allocator_arg_t __tag, const _Alloc& __a,\n'}
[1.489903] (starting_point) StderrLine: {'line': b'      |  \x1b[01;36m\x1b[K^~~~~\x1b[m\x1b[K\n'}
[1.489953] (starting_point) StderrLine: {'line': b'\x1b[01m\x1b[K/usr/include/c++/9/tuple:709:2:\x1b[m\x1b[K \x1b[01;36m\x1b[Knote: \x1b[m\x1b[K  template argument deduction/substitution failed:\n'}
[1.490003] (starting_point) StderrLine: {'line': b'In file included from \x1b[01m\x1b[K/home/arian/dev_ws/src/starting_point/src/minimal_examples.cpp:2\x1b[m\x1b[K:\n'}
[1.490057] (starting_point) StderrLine: {'line': b'\x1b[01m\x1b[K/usr/include/c++/9/functional:467:70:\x1b[m\x1b[K \x1b[01;36m\x1b[Knote: \x1b[m\x1b[K  candidate expects 3 arguments, 1 provided\n'}
[1.490107] (starting_point) StderrLine: {'line': b'  467 |  : _M_f(std::move(__f)), _M_bound_args(std::forward<_Args>(__args)...\x1b[01;36m\x1b[K)\x1b[m\x1b[K\n'}
[1.490158] (starting_point) StderrLine: {'line': b'      |                                                                      \x1b[01;36m\x1b[K^\x1b[m\x1b[K\n'}
[1.490212] (starting_point) StderrLine: {'line': b'In file included from \x1b[01m\x1b[K/usr/include/c++/9/functional:54\x1b[m\x1b[K,\n'}
[1.490261] (starting_point) StderrLine: {'line': b'                 from \x1b[01m\x1b[K/home/arian/dev_ws/src/starting_point/src/minimal_examples.cpp:2\x1b[m\x1b[K:\n'}
[1.490312] (starting_point) StderrLine: {'line': b'\x1b[01m\x1b[K/usr/include/c++/9/tuple:699:2:\x1b[m\x1b[K \x1b[01;36m\x1b[Knote: \x1b[m\x1b[Kcandidate: \xe2\x80\x98\x1b[01m\x1b[Ktemplate<class _Alloc> std::tuple<_Elements>::tuple(std::allocator_arg_t, const _Alloc&)\x1b[m\x1b[K\xe2\x80\x99\n'}
[1.490363] (starting_point) StderrLine: {'line': b'  699 |  \x1b[01;36m\x1b[Ktuple\x1b[m\x1b[K(allocator_arg_t __tag, const _Alloc& __a)\n'}
[1.490414] (starting_point) StderrLine: {'line': b'      |  \x1b[01;36m\x1b[K^~~~~\x1b[m\x1b[K\n'}
[1.490463] (starting_point) StderrLine: {'line': b'\x1b[01m\x1b[K/usr/include/c++/9/tuple:699:2:\x1b[m\x1b[K \x1b[01;36m\x1b[Knote: \x1b[m\x1b[K  template argument deduction/substitution failed:\n'}
[1.490513] (starting_point) StderrLine: {'line': b'In file included from \x1b[01m\x1b[K/home/arian/dev_ws/src/starting_point/src/minimal_examples.cpp:2\x1b[m\x1b[K:\n'}
[1.490563] (starting_point) StderrLine: {'line': b'\x1b[01m\x1b[K/usr/include/c++/9/functional:467:70:\x1b[m\x1b[K \x1b[01;36m\x1b[Knote: \x1b[m\x1b[K  candidate expects 2 arguments, 1 provided\n'}
[1.490612] (starting_point) StderrLine: {'line': b'  467 |  : _M_f(std::move(__f)), _M_bound_args(std::forward<_Args>(__args)...\x1b[01;36m\x1b[K)\x1b[m\x1b[K\n'}
[1.490662] (starting_point) StderrLine: {'line': b'      |                                                                      \x1b[01;36m\x1b[K^\x1b[m\x1b[K\n'}
[1.490712] (starting_point) StderrLine: {'line': b'In file included from \x1b[01m\x1b[K/usr/include/c++/9/functional:54\x1b[m\x1b[K,\n'}
[1.490762] (starting_point) StderrLine: {'line': b'                 from \x1b[01m\x1b[K/home/arian/dev_ws/src/starting_point/src/minimal_examples.cpp:2\x1b[m\x1b[K:\n'}
[1.490860] (starting_point) StderrLine: {'line': b'\x1b[01m\x1b[K/usr/include/c++/9/tuple:693:28:\x1b[m\x1b[K \x1b[01;36m\x1b[Knote: \x1b[m\x1b[Kcandidate: \xe2\x80\x98\x1b[01m\x1b[Ktemplate<class ... _UElements, class _Dummy, typename std::enable_if<((std::tuple<std::promise<int> >::_TMCT<_UElements ...>::_MoveConstructibleTuple<_UElements ...>() && (! std::tuple<std::promise<int> >::_TMCT<_UElements ...>::_ImplicitlyMoveConvertibleTuple<_UElements ...>())) && std::tuple<std::promise<int> >::_TNTC<_Dummy>::_NonNestedTuple<tuple<_Tps ...>&&>()), bool>::type <anonymous> > constexpr std::tuple<_Elements>::tuple(std::tuple<_Args1 ...>&&)\x1b[m\x1b[K\xe2\x80\x99\n'}
[1.490917] (starting_point) StderrLine: {'line': b'  693 |         explicit constexpr \x1b[01;36m\x1b[Ktuple\x1b[m\x1b[K(tuple<_UElements...>&& __in)\n'}
[1.490968] (starting_point) StderrLine: {'line': b'      |                            \x1b[01;36m\x1b[K^~~~~\x1b[m\x1b[K\n'}
[1.491019] (starting_point) StderrLine: {'line': b'\x1b[01m\x1b[K/usr/include/c++/9/tuple:693:28:\x1b[m\x1b[K \x1b[01;36m\x1b[Knote: \x1b[m\x1b[K  template argument deduction/substitution failed:\n'}
[1.491070] (starting_point) StderrLine: {'line': b'In file included from \x1b[01m\x1b[K/home/arian/dev_ws/src/starting_point/src/minimal_examples.cpp:2\x1b[m\x1b[K:\n'}
[1.491120] (starting_point) StderrLine: {'line': b'\x1b[01m\x1b[K/usr/include/c++/9/functional:467:70:\x1b[m\x1b[K \x1b[01;36m\x1b[Knote: \x1b[m\x1b[K  \xe2\x80\x98\x1b[01m\x1b[Kstd::promise<int>\x1b[m\x1b[K\xe2\x80\x99 is not derived from \xe2\x80\x98\x1b[01m\x1b[Kstd::tuple<_Tps ...>\x1b[m\x1b[K\xe2\x80\x99\n'}
[1.491177] (starting_point) StderrLine: {'line': b'  467 |  : _M_f(std::move(__f)), _M_bound_args(std::forward<_Args>(__args)...\x1b[01;36m\x1b[K)\x1b[m\x1b[K\n'}
[1.491228] (starting_point) StderrLine: {'line': b'      |                                                                      \x1b[01;36m\x1b[K^\x1b[m\x1b[K\n'}
[1.491277] (starting_point) StderrLine: {'line': b'In file included from \x1b[01m\x1b[K/usr/include/c++/9/functional:54\x1b[m\x1b[K,\n'}
[1.491331] (starting_point) StderrLine: {'line': b'                 from \x1b[01m\x1b[K/home/arian/dev_ws/src/starting_point/src/minimal_examples.cpp:2\x1b[m\x1b[K:\n'}
[1.491381] (starting_point) StderrLine: {'line': b'\x1b[01m\x1b[K/usr/include/c++/9/tuple:682:19:\x1b[m\x1b[K \x1b[01;36m\x1b[Knote: \x1b[m\x1b[Kcandidate: \xe2\x80\x98\x1b[01m\x1b[Ktemplate<class ... _UElements, class _Dummy, typename std::enable_if<((std::tuple<std::promise<int> >::_TMCT<_UElements ...>::_MoveConstructibleTuple<_UElements ...>() && std::tuple<std::promise<int> >::_TMCT<_UElements ...>::_ImplicitlyMoveConvertibleTuple<_UElements ...>()) && std::tuple<std::promise<int> >::_TNTC<_Dummy>::_NonNestedTuple<tuple<_Tps ...>&&>()), bool>::type <anonymous> > constexpr std::tuple<_Elements>::tuple(std::tuple<_Args1 ...>&&)\x1b[m\x1b[K\xe2\x80\x99\n'}
[1.491438] (starting_point) StderrLine: {'line': b'  682 |         constexpr \x1b[01;36m\x1b[Ktuple\x1b[m\x1b[K(tuple<_UElements...>&& __in)\n'}
[1.491489] (starting_point) StderrLine: {'line': b'      |                   \x1b[01;36m\x1b[K^~~~~\x1b[m\x1b[K\n'}
[1.491539] (starting_point) StderrLine: {'line': b'\x1b[01m\x1b[K/usr/include/c++/9/tuple:682:19:\x1b[m\x1b[K \x1b[01;36m\x1b[Knote: \x1b[m\x1b[K  template argument deduction/substitution failed:\n'}
[1.491592] (starting_point) StderrLine: {'line': b'In file included from \x1b[01m\x1b[K/home/arian/dev_ws/src/starting_point/src/minimal_examples.cpp:2\x1b[m\x1b[K:\n'}
[1.491689] (starting_point) StderrLine: {'line': b'\x1b[01m\x1b[K/usr/include/c++/9/functional:467:70:\x1b[m\x1b[K \x1b[01;36m\x1b[Knote: \x1b[m\x1b[K  \xe2\x80\x98\x1b[01m\x1b[Kstd::promise<int>\x1b[m\x1b[K\xe2\x80\x99 is not derived from \xe2\x80\x98\x1b[01m\x1b[Kstd::tuple<_Tps ...>\x1b[m\x1b[K\xe2\x80\x99\n'}
[1.491744] (starting_point) StderrLine: {'line': b'  467 |  : _M_f(std::move(__f)), _M_bound_args(std::forward<_Args>(__args)...\x1b[01;36m\x1b[K)\x1b[m\x1b[K\n'}
[1.491794] (starting_point) StderrLine: {'line': b'      |                                                                      \x1b[01;36m\x1b[K^\x1b[m\x1b[K\n'}
[1.491844] (starting_point) StderrLine: {'line': b'In file included from \x1b[01m\x1b[K/usr/include/c++/9/functional:54\x1b[m\x1b[K,\n'}
[1.491893] (starting_point) StderrLine: {'line': b'                 from \x1b[01m\x1b[K/home/arian/dev_ws/src/starting_point/src/minimal_examples.cpp:2\x1b[m\x1b[K:\n'}
[1.491943] (starting_point) StderrLine: {'line': b'\x1b[01m\x1b[K/usr/include/c++/9/tuple:670:28:\x1b[m\x1b[K \x1b[01;36m\x1b[Knote: \x1b[m\x1b[Kcandidate: \xe2\x80\x98\x1b[01m\x1b[Ktemplate<class ... _UElements, class _Dummy, typename std::enable_if<((std::tuple<std::promise<int> >::_TMCT<_UElements ...>::_ConstructibleTuple<_UElements ...>() && (! std::tuple<std::promise<int> >::_TMCT<_UElements ...>::_ImplicitlyConvertibleTuple<_UElements ...>())) && std::tuple<std::promise<int> >::_TNTC<_Dummy>::_NonNestedTuple<const tuple<_Tps ...>&>()), bool>::type <anonymous> > constexpr std::tuple<_Elements>::tuple(const std::tuple<_Args1 ...>&)\x1b[m\x1b[K\xe2\x80\x99\n'}
[1.491998] (starting_point) StderrLine: {'line': b'  670 |         explicit constexpr \x1b[01;36m\x1b[Ktuple\x1b[m\x1b[K(const tuple<_UElements...>& __in)\n'}
[1.492049] (starting_point) StderrLine: {'line': b'      |                            \x1b[01;36m\x1b[K^~~~~\x1b[m\x1b[K\n'}
[1.492101] (starting_point) StderrLine: {'line': b'\x1b[01m\x1b[K/usr/include/c++/9/tuple:670:28:\x1b[m\x1b[K \x1b[01;36m\x1b[Knote: \x1b[m\x1b[K  template argument deduction/substitution failed:\n'}
[1.492152] (starting_point) StderrLine: {'line': b'In file included from \x1b[01m\x1b[K/home/arian/dev_ws/src/starting_point/src/minimal_examples.cpp:2\x1b[m\x1b[K:\n'}
[1.492203] (starting_point) StderrLine: {'line': b'\x1b[01m\x1b[K/usr/include/c++/9/functional:467:70:\x1b[m\x1b[K \x1b[01;36m\x1b[Knote: \x1b[m\x1b[K  \xe2\x80\x98\x1b[01m\x1b[Kstd::promise<int>\x1b[m\x1b[K\xe2\x80\x99 is not derived from \xe2\x80\x98\x1b[01m\x1b[Kconst std::tuple<_Tps ...>\x1b[m\x1b[K\xe2\x80\x99\n'}
[1.492258] (starting_point) StderrLine: {'line': b'  467 |  : _M_f(std::move(__f)), _M_bound_args(std::forward<_Args>(__args)...\x1b[01;36m\x1b[K)\x1b[m\x1b[K\n'}
[1.492308] (starting_point) StderrLine: {'line': b'      |                                                                      \x1b[01;36m\x1b[K^\x1b[m\x1b[K\n'}
[1.492358] (starting_point) StderrLine: {'line': b'In file included from \x1b[01m\x1b[K/usr/include/c++/9/functional:54\x1b[m\x1b[K,\n'}
[1.492409] (starting_point) StderrLine: {'line': b'                 from \x1b[01m\x1b[K/home/arian/dev_ws/src/starting_point/src/minimal_examples.cpp:2\x1b[m\x1b[K:\n'}
[1.492459] (starting_point) StderrLine: {'line': b'\x1b[01m\x1b[K/usr/include/c++/9/tuple:658:19:\x1b[m\x1b[K \x1b[01;36m\x1b[Knote: \x1b[m\x1b[Kcandidate: \xe2\x80\x98\x1b[01m\x1b[Ktemplate<class ... _UElements, class _Dummy, typename std::enable_if<((std::tuple<std::promise<int> >::_TMCT<_UElements ...>::_ConstructibleTuple<_UElements ...>() && std::tuple<std::promise<int> >::_TMCT<_UElements ...>::_ImplicitlyConvertibleTuple<_UElements ...>()) && std::tuple<std::promise<int> >::_TNTC<_Dummy>::_NonNestedTuple<const tuple<_Tps ...>&>()), bool>::type <anonymous> > constexpr std::tuple<_Elements>::tuple(const std::tuple<_Args1 ...>&)\x1b[m\x1b[K\xe2\x80\x99\n'}
[1.492513] (starting_point) StderrLine: {'line': b'  658 |         constexpr \x1b[01;36m\x1b[Ktuple\x1b[m\x1b[K(const tuple<_UElements...>& __in)\n'}
[1.492563] (starting_point) StderrLine: {'line': b'      |                   \x1b[01;36m\x1b[K^~~~~\x1b[m\x1b[K\n'}
[1.492612] (starting_point) StderrLine: {'line': b'\x1b[01m\x1b[K/usr/include/c++/9/tuple:658:19:\x1b[m\x1b[K \x1b[01;36m\x1b[Knote: \x1b[m\x1b[K  template argument deduction/substitution failed:\n'}
[1.492662] (starting_point) StderrLine: {'line': b'In file included from \x1b[01m\x1b[K/home/arian/dev_ws/src/starting_point/src/minimal_examples.cpp:2\x1b[m\x1b[K:\n'}
[1.492713] (starting_point) StderrLine: {'line': b'\x1b[01m\x1b[K/usr/include/c++/9/functional:467:70:\x1b[m\x1b[K \x1b[01;36m\x1b[Knote: \x1b[m\x1b[K  \xe2\x80\x98\x1b[01m\x1b[Kstd::promise<int>\x1b[m\x1b[K\xe2\x80\x99 is not derived from \xe2\x80\x98\x1b[01m\x1b[Kconst std::tuple<_Tps ...>\x1b[m\x1b[K\xe2\x80\x99\n'}
[1.492763] (starting_point) StderrLine: {'line': b'  467 |  : _M_f(std::move(__f)), _M_bound_args(std::forward<_Args>(__args)...\x1b[01;36m\x1b[K)\x1b[m\x1b[K\n'}
[1.492813] (starting_point) StderrLine: {'line': b'      |                                                                      \x1b[01;36m\x1b[K^\x1b[m\x1b[K\n'}
[1.492864] (starting_point) StderrLine: {'line': b'In file included from \x1b[01m\x1b[K/usr/include/c++/9/functional:54\x1b[m\x1b[K,\n'}
[1.492917] (starting_point) StderrLine: {'line': b'                 from \x1b[01m\x1b[K/home/arian/dev_ws/src/starting_point/src/minimal_examples.cpp:2\x1b[m\x1b[K:\n'}
[1.492969] (starting_point) StderrLine: {'line': b'\x1b[01m\x1b[K/usr/include/c++/9/tuple:642:17:\x1b[m\x1b[K \x1b[01;36m\x1b[Knote: \x1b[m\x1b[Kcandidate: \xe2\x80\x98\x1b[01m\x1b[Kconstexpr std::tuple<_Elements>::tuple(std::tuple<_Elements>&&) [with _Elements = {std::promise<int>}]\x1b[m\x1b[K\xe2\x80\x99\n'}
[1.493021] (starting_point) StderrLine: {'line': b'  642 |       constexpr \x1b[01;36m\x1b[Ktuple\x1b[m\x1b[K(tuple&&) = default;\n'}
[1.493071] (starting_point) StderrLine: {'line': b'      |                 \x1b[01;36m\x1b[K^~~~~\x1b[m\x1b[K\n'}
[1.493122] (starting_point) StderrLine: {'line': b'\x1b[01m\x1b[K/usr/include/c++/9/tuple:642:23:\x1b[m\x1b[K \x1b[01;36m\x1b[Knote: \x1b[m\x1b[K  no known conversion for argument 1 from \xe2\x80\x98\x1b[01m\x1b[Kstd::promise<int>\x1b[m\x1b[K\xe2\x80\x99 to \xe2\x80\x98\x1b[01m\x1b[Kstd::tuple<std::promise<int> >&&\x1b[m\x1b[K\xe2\x80\x99\n'}
[1.493174] (starting_point) StderrLine: {'line': b'  642 |       constexpr tuple(\x1b[01;36m\x1b[Ktuple&&\x1b[m\x1b[K) = default;\n'}
[1.493227] (starting_point) StderrLine: {'line': b'      |                       \x1b[01;36m\x1b[K^~~~~~~\x1b[m\x1b[K\n'}
[1.493281] (starting_point) StderrLine: {'line': b'\x1b[01m\x1b[K/usr/include/c++/9/tuple:637:28:\x1b[m\x1b[K \x1b[01;36m\x1b[Knote: \x1b[m\x1b[Kcandidate: \xe2\x80\x98\x1b[01m\x1b[Ktemplate<class ... _UElements, typename std::enable_if<((std::tuple<std::promise<int> >::_TMC<_UElements ...>::_MoveConstructibleTuple<_UElements ...>() && (! std::tuple<std::promise<int> >::_TMC<_UElements ...>::_ImplicitlyMoveConvertibleTuple<_UElements ...>())) && (1 >= 1)), bool>::type <anonymous> > constexpr std::tuple<_Elements>::tuple(_UElements&& ...)\x1b[m\x1b[K\xe2\x80\x99\n'}
[1.493337] (starting_point) StderrLine: {'line': b'  637 |         explicit constexpr \x1b[01;36m\x1b[Ktuple\x1b[m\x1b[K(_UElements&&... __elements)\n'}
[1.493388] (starting_point) StderrLine: {'line': b'      |                            \x1b[01;36m\x1b[K^~~~~\x1b[m\x1b[K\n'}
[1.493438] (starting_point) StderrLine: {'line': b'\x1b[01m\x1b[K/usr/include/c++/9/tuple:637:28:\x1b[m\x1b[K \x1b[01;36m\x1b[Knote: \x1b[m\x1b[K  template argument deduction/substitution failed:\n'}
[1.493489] (starting_point) StderrLine: {'line': b'\x1b[01m\x1b[K/usr/include/c++/9/tuple:636:21:\x1b[m\x1b[K \x1b[01;31m\x1b[Kerror: \x1b[m\x1b[Kno type named \xe2\x80\x98\x1b[01m\x1b[Ktype\x1b[m\x1b[K\xe2\x80\x99 in \xe2\x80\x98\x1b[01m\x1b[Kstruct std::enable_if<false, bool>\x1b[m\x1b[K\xe2\x80\x99\n'}
[1.493539] (starting_point) StderrLine: {'line': b'  636 |         bool>::type=\x1b[01;31m\x1b[Kfalse\x1b[m\x1b[K>\n'}
[1.493590] (starting_point) StderrLine: {'line': b'      |                     \x1b[01;31m\x1b[K^~~~~\x1b[m\x1b[K\n'}
[1.493641] (starting_point) StderrLine: {'line': b'\x1b[01m\x1b[K/usr/include/c++/9/tuple:626:19:\x1b[m\x1b[K \x1b[01;36m\x1b[Knote: \x1b[m\x1b[Kcandidate: \xe2\x80\x98\x1b[01m\x1b[Ktemplate<class ... _UElements, typename std::enable_if<((std::tuple<std::promise<int> >::_TMC<_UElements ...>::_MoveConstructibleTuple<_UElements ...>() && std::tuple<std::promise<int> >::_TMC<_UElements ...>::_ImplicitlyMoveConvertibleTuple<_UElements ...>()) && (1 >= 1)), bool>::type <anonymous> > constexpr std::tuple<_Elements>::tuple(_UElements&& ...)\x1b[m\x1b[K\xe2\x80\x99\n'}
[1.493695] (starting_point) StderrLine: {'line': b'  626 |         constexpr \x1b[01;36m\x1b[Ktuple\x1b[m\x1b[K(_UElements&&... __elements)\n'}
[1.493747] (starting_point) StderrLine: {'line': b'      |                   \x1b[01;36m\x1b[K^~~~~\x1b[m\x1b[K\n'}
[1.493798] (starting_point) StderrLine: {'line': b'\x1b[01m\x1b[K/usr/include/c++/9/tuple:626:19:\x1b[m\x1b[K \x1b[01;36m\x1b[Knote: \x1b[m\x1b[K  template argument deduction/substitution failed:\n'}
[1.493849] (starting_point) StderrLine: {'line': b'\x1b[01m\x1b[K/usr/include/c++/9/tuple:625:21:\x1b[m\x1b[K \x1b[01;31m\x1b[Kerror: \x1b[m\x1b[Kno type named \xe2\x80\x98\x1b[01m\x1b[Ktype\x1b[m\x1b[K\xe2\x80\x99 in \xe2\x80\x98\x1b[01m\x1b[Kstruct std::enable_if<false, bool>\x1b[m\x1b[K\xe2\x80\x99\n'}
[1.493900] (starting_point) StderrLine: {'line': b'  625 |         bool>::type=\x1b[01;31m\x1b[Ktrue\x1b[m\x1b[K>\n'}
[1.493951] (starting_point) StderrLine: {'line': b'      |                     \x1b[01;31m\x1b[K^~~~\x1b[m\x1b[K\n'}
[1.494001] (starting_point) StderrLine: {'line': b'\x1b[01m\x1b[K/usr/include/c++/9/tuple:599:26:\x1b[m\x1b[K \x1b[01;36m\x1b[Knote: \x1b[m\x1b[Kcandidate: \xe2\x80\x98\x1b[01m\x1b[Ktemplate<class _Dummy, typename std::enable_if<((std::tuple<std::promise<int> >::_TCC<_Dummy>::_ConstructibleTuple<promise<int> >() && (! std::tuple<std::promise<int> >::_TCC<_Dummy>::_ImplicitlyConvertibleTuple<promise<int> >())) && (1 >= 1)), bool>::type <anonymous> > constexpr std::tuple<_Elements>::tuple(const _Elements& ...)\x1b[m\x1b[K\xe2\x80\x99\n'}
[1.494055] (starting_point) StderrLine: {'line': b'  599 |       explicit constexpr \x1b[01;36m\x1b[Ktuple\x1b[m\x1b[K(const _Elements&... __elements)\n'}
[1.494105] (starting_point) StderrLine: {'line': b'      |                          \x1b[01;36m\x1b[K^~~~~\x1b[m\x1b[K\n'}
[1.494156] (starting_point) StderrLine: {'line': b'\x1b[01m\x1b[K/usr/include/c++/9/tuple:599:26:\x1b[m\x1b[K \x1b[01;36m\x1b[Knote: \x1b[m\x1b[K  template argument deduction/substitution failed:\n'}
[1.494210] (starting_point) StderrLine: {'line': b'\x1b[01m\x1b[K/usr/include/c++/9/tuple:598:28:\x1b[m\x1b[K \x1b[01;31m\x1b[Kerror: \x1b[m\x1b[Kno type named \xe2\x80\x98\x1b[01m\x1b[Ktype\x1b[m\x1b[K\xe2\x80\x99 in \xe2\x80\x98\x1b[01m\x1b[Kstruct std::enable_if<false, bool>\x1b[m\x1b[K\xe2\x80\x99\n'}
[1.494261] (starting_point) StderrLine: {'line': b'  598 |                bool>::type=\x1b[01;31m\x1b[Kfalse\x1b[m\x1b[K>\n'}
[1.494312] (starting_point) StderrLine: {'line': b'      |                            \x1b[01;31m\x1b[K^~~~~\x1b[m\x1b[K\n'}
[1.494365] (starting_point) StderrLine: {'line': b'\x1b[01m\x1b[K/usr/include/c++/9/tuple:588:19:\x1b[m\x1b[K \x1b[01;36m\x1b[Knote: \x1b[m\x1b[Kcandidate: \xe2\x80\x98\x1b[01m\x1b[Ktemplate<class _Dummy, typename std::enable_if<((std::tuple<std::promise<int> >::_TCC<_Dummy>::_ConstructibleTuple<promise<int> >() && std::tuple<std::promise<int> >::_TCC<_Dummy>::_ImplicitlyConvertibleTuple<promise<int> >()) && (1 >= 1)), bool>::type <anonymous> > constexpr std::tuple<_Elements>::tuple(const _Elements& ...)\x1b[m\x1b[K\xe2\x80\x99\n'}
[1.494422] (starting_point) StderrLine: {'line': b'  588 |         constexpr \x1b[01;36m\x1b[Ktuple\x1b[m\x1b[K(const _Elements&... __elements)\n'}
[1.494474] (starting_point) StderrLine: {'line': b'      |                   \x1b[01;36m\x1b[K^~~~~\x1b[m\x1b[K\n'}
[1.494524] (starting_point) StderrLine: {'line': b'\x1b[01m\x1b[K/usr/include/c++/9/tuple:588:19:\x1b[m\x1b[K \x1b[01;36m\x1b[Knote: \x1b[m\x1b[K  template argument deduction/substitution failed:\n'}
[1.494574] (starting_point) StderrLine: {'line': b'\x1b[01m\x1b[K/usr/include/c++/9/tuple:587:28:\x1b[m\x1b[K \x1b[01;31m\x1b[Kerror: \x1b[m\x1b[Kno type named \xe2\x80\x98\x1b[01m\x1b[Ktype\x1b[m\x1b[K\xe2\x80\x99 in \xe2\x80\x98\x1b[01m\x1b[Kstruct std::enable_if<false, bool>\x1b[m\x1b[K\xe2\x80\x99\n'}
[1.494625] (starting_point) StderrLine: {'line': b'  587 |                bool>::type=\x1b[01;31m\x1b[Ktrue\x1b[m\x1b[K>\n'}
[1.494675] (starting_point) StderrLine: {'line': b'      |                            \x1b[01;31m\x1b[K^~~~\x1b[m\x1b[K\n'}
[1.494725] (starting_point) StderrLine: {'line': b'\x1b[01m\x1b[K/usr/include/c++/9/tuple:571:26:\x1b[m\x1b[K \x1b[01;36m\x1b[Knote: \x1b[m\x1b[Kcandidate: \xe2\x80\x98\x1b[01m\x1b[Ktemplate<class _Dummy, typename std::enable_if<(std::tuple<std::promise<int> >::_TC2<_Dummy>::_DefaultConstructibleTuple() && (! std::tuple<std::promise<int> >::_TC2<_Dummy>::_ImplicitlyDefaultConstructibleTuple())), bool>::type <anonymous> > constexpr std::tuple<_Elements>::tuple()\x1b[m\x1b[K\xe2\x80\x99\n'}
[1.494786] (starting_point) StderrLine: {'line': b'  571 |       explicit constexpr \x1b[01;36m\x1b[Ktuple\x1b[m\x1b[K()\n'}
[1.494881] (starting_point) StderrLine: {'line': b'      |                          \x1b[01;36m\x1b[K^~~~~\x1b[m\x1b[K\n'}
[1.494932] (starting_point) StderrLine: {'line': b'\x1b[01m\x1b[K/usr/include/c++/9/tuple:571:26:\x1b[m\x1b[K \x1b[01;36m\x1b[Knote: \x1b[m\x1b[K  template argument deduction/substitution failed:\n'}
[1.495018] (starting_point) StderrLine: {'line': b'In file included from \x1b[01m\x1b[K/home/arian/dev_ws/src/starting_point/src/minimal_examples.cpp:2\x1b[m\x1b[K:\n'}
[1.495070] (starting_point) StderrLine: {'line': b'\x1b[01m\x1b[K/usr/include/c++/9/functional:467:70:\x1b[m\x1b[K \x1b[01;36m\x1b[Knote: \x1b[m\x1b[K  candidate expects 0 arguments, 1 provided\n'}
[1.495121] (starting_point) StderrLine: {'line': b'  467 |  : _M_f(std::move(__f)), _M_bound_args(std::forward<_Args>(__args)...\x1b[01;36m\x1b[K)\x1b[m\x1b[K\n'}
[1.495172] (starting_point) StderrLine: {'line': b'      |                                                                      \x1b[01;36m\x1b[K^\x1b[m\x1b[K\n'}
[1.495223] (starting_point) StderrLine: {'line': b'In file included from \x1b[01m\x1b[K/usr/include/c++/9/functional:54\x1b[m\x1b[K,\n'}
[1.495274] (starting_point) StderrLine: {'line': b'                 from \x1b[01m\x1b[K/home/arian/dev_ws/src/starting_point/src/minimal_examples.cpp:2\x1b[m\x1b[K:\n'}
[1.495327] (starting_point) StderrLine: {'line': b'\x1b[01m\x1b[K/usr/include/c++/9/tuple:561:17:\x1b[m\x1b[K \x1b[01;36m\x1b[Knote: \x1b[m\x1b[Kcandidate: \xe2\x80\x98\x1b[01m\x1b[Ktemplate<class _Dummy, typename std::enable_if<std::tuple<std::promise<int> >::_TC2<_Dummy>::_ImplicitlyDefaultConstructibleTuple(), bool>::type <anonymous> > constexpr std::tuple<_Elements>::tuple()\x1b[m\x1b[K\xe2\x80\x99\n'}
[1.495380] (starting_point) StderrLine: {'line': b'  561 |       constexpr \x1b[01;36m\x1b[Ktuple\x1b[m\x1b[K()\n'}
[1.495431] (starting_point) StderrLine: {'line': b'      |                 \x1b[01;36m\x1b[K^~~~~\x1b[m\x1b[K\n'}
[1.495482] (starting_point) StderrLine: {'line': b'\x1b[01m\x1b[K/usr/include/c++/9/tuple:561:17:\x1b[m\x1b[K \x1b[01;36m\x1b[Knote: \x1b[m\x1b[K  template argument deduction/substitution failed:\n'}
[1.495532] (starting_point) StderrLine: {'line': b'In file included from \x1b[01m\x1b[K/home/arian/dev_ws/src/starting_point/src/minimal_examples.cpp:2\x1b[m\x1b[K:\n'}
[1.495583] (starting_point) StderrLine: {'line': b'\x1b[01m\x1b[K/usr/include/c++/9/functional:467:70:\x1b[m\x1b[K \x1b[01;36m\x1b[Knote: \x1b[m\x1b[K  candidate expects 0 arguments, 1 provided\n'}
[1.495634] (starting_point) StderrLine: {'line': b'  467 |  : _M_f(std::move(__f)), _M_bound_args(std::forward<_Args>(__args)...\x1b[01;36m\x1b[K)\x1b[m\x1b[K\n'}
[1.495684] (starting_point) StderrLine: {'line': b'      |                                                                      \x1b[01;36m\x1b[K^\x1b[m\x1b[K\n'}
[1.503230] (-) TimerEvent: {}
[1.603473] (-) TimerEvent: {}
[1.703753] (-) TimerEvent: {}
[1.804037] (-) TimerEvent: {}
[1.904302] (-) TimerEvent: {}
[2.004569] (-) TimerEvent: {}
[2.104834] (-) TimerEvent: {}
[2.205098] (-) TimerEvent: {}
[2.305405] (-) TimerEvent: {}
[2.405663] (-) TimerEvent: {}
[2.505953] (-) TimerEvent: {}
[2.529966] (starting_point) StderrLine: {'line': b'make[2]: *** [CMakeFiles/minimal_examples.dir/build.make:63: CMakeFiles/minimal_examples.dir/src/minimal_examples.cpp.o] Error 1\n'}
[2.530251] (starting_point) StderrLine: {'line': b'make[1]: *** [CMakeFiles/Makefile2:80: CMakeFiles/minimal_examples.dir/all] Error 2\n'}
[2.530389] (starting_point) StderrLine: {'line': b'make: *** [Makefile:141: all] Error 2\n'}
[2.532006] (starting_point) CommandEnded: {'returncode': 2}
[2.606344] (-) TimerEvent: {}
[2.613417] (starting_point) JobEnded: {'identifier': 'starting_point', 'rc': 2}
[2.623979] (-) EventReactorShutdown: {}
