[0.035s] Invoking command in '/home/arian/Framework/build/framework': CMAKE_PREFIX_PATH=${CMAKE_PREFIX_PATH}:/home/arian/ros2_foxy/install/ros2bag:/home/arian/ros2_foxy/install/tracetools_launch:/home/arian/ros2_foxy/install/topic_monitor:/home/arian/ros2_foxy/install/examples_tf2_py:/home/arian/ros2_foxy/install/sros2:/home/arian/ros2_foxy/install/rqt_topic:/home/arian/ros2_foxy/install/rqt_reconfigure:/home/arian/ros2_foxy/install/rqt_action:/home/arian/ros2_foxy/install/rqt:/home/arian/ros2_foxy/install/rqt_graph:/home/arian/ros2_foxy/install/rqt_gui_py:/home/arian/ros2_foxy/install/rqt_gui:/home/arian/ros2_foxy/install/ros2trace:/home/arian/ros2_foxy/install/ros2topic:/home/arian/ros2_foxy/install/ros2test:/home/arian/ros2_foxy/install/ros2component:/home/arian/ros2_foxy/install/ros2param:/home/arian/ros2_foxy/install/ros2lifecycle:/home/arian/ros2_foxy/install/ros2service:/home/arian/ros2_foxy/install/ros2run:/home/arian/ros2_foxy/install/ros2launch:/home/arian/ros2_foxy/install/ros2pkg:/home/arian/ros2_foxy/install/ros2node:/home/arian/ros2_foxy/install/ros2multicast:/home/arian/ros2_foxy/install/ros2interface:/home/arian/ros2_foxy/install/ros2doctor:/home/arian/ros2_foxy/install/ros2action:/home/arian/ros2_foxy/install/ros2cli:/home/arian/ros2_foxy/install/quality_of_service_demo_py:/home/arian/ros2_foxy/install/launch_testing_ros:/home/arian/ros2_foxy/install/launch_ros:/home/arian/ros2_foxy/install/examples_rclpy_minimal_subscriber:/home/arian/ros2_foxy/install/examples_rclpy_minimal_service:/home/arian/ros2_foxy/install/examples_rclpy_minimal_publisher:/home/arian/ros2_foxy/install/examples_rclpy_minimal_client:/home/arian/ros2_foxy/install/examples_rclpy_minimal_action_server:/home/arian/ros2_foxy/install/examples_rclpy_minimal_action_client:/home/arian/ros2_foxy/install/examples_rclpy_executors:/home/arian/ros2_foxy/install/demo_nodes_py:/home/arian/ros2_foxy/install/action_tutorials_py:/home/arian/ros2_foxy/install/ament_uncrustify:/home/arian/ros2_foxy/install/tracetools_trace:/home/arian/ros2_foxy/install/tracetools_read:/home/arian/ros2_foxy/install/test_launch_ros:/home/arian/ros2_foxy/install/rpyutils:/home/arian/ros2_foxy/install/rosidl_runtime_py:/home/arian/ros2_foxy/install/launch_yaml:/home/arian/ros2_foxy/install/launch_xml:/home/arian/ros2_foxy/install/launch_testing:/home/arian/ros2_foxy/install/launch:/home/arian/ros2_foxy/install/osrf_pycommon:/home/arian/ros2_foxy/install/domain_coordinator:/home/arian/ros2_foxy/install/ament_xmllint:/home/arian/ros2_foxy/install/ament_pyflakes:/home/arian/ros2_foxy/install/ament_pycodestyle:/home/arian/ros2_foxy/install/ament_pep257:/home/arian/ros2_foxy/install/ament_pclint:/home/arian/ros2_foxy/install/ament_package:/home/arian/ros2_foxy/install/ament_mypy:/home/arian/ros2_foxy/install/ament_lint_cmake:/home/arian/ros2_foxy/install/ament_flake8:/home/arian/ros2_foxy/install/ament_copyright:/home/arian/ros2_foxy/install/ament_lint:/home/arian/ros2_foxy/install/ament_index_python:/home/arian/ros2_foxy/install/ament_cpplint:/home/arian/ros2_foxy/install/ament_cppcheck:/home/arian/ros2_foxy/install/ament_clang_tidy:/home/arian/ros2_foxy/install/ament_clang_format /usr/bin/cmake --build /home/arian/Framework/build/framework -- -j12 -l12
[0.117s] [35m[1mScanning dependencies of target main[0m
[0.155s] [ 50%] [32mBuilding CXX object CMakeFiles/main.dir/src/main.cpp.o[0m
[0.300s] In file included from [01m[K/home/arian/Framework/src/framework/src/main.cpp:12[m[K:
[0.300s] [01m[K/home/arian/Framework/src/framework/include/framework/multiply_parallel.hpp:396:[m[K [01;35m[Kwarning: [m[Kignoring #pragma omp parallel [[01;35m[K-Wunknown-pragmas[m[K]
[0.300s]   396 |             #pragma omp parallel num_threads(settings_.THREAD_NUMBER)
[0.301s]       | 
[1.239s] [01m[K/home/arian/Framework/src/framework/src/main.cpp:[m[K In function â€˜[01m[Kint main()[m[Kâ€™:
[1.239s] [01m[K/home/arian/Framework/src/framework/src/main.cpp:82:3:[m[K [01;31m[Kerror: [m[Kâ€˜[01m[Kgenerator[m[Kâ€™ is not a template
[1.239s]    82 |   [01;31m[Kgenerator[m[K<int>::generate({2,3,4});
[1.239s]       |   [01;31m[K^~~~~~~~~[m[K
[1.239s] [01m[K/home/arian/Framework/src/framework/src/main.cpp:82:27:[m[K [01;31m[Kerror: [m[Kqualified-id in declaration before â€˜[01m[K([m[Kâ€™ token
[1.239s]    82 |   generator<int>::generate[01;31m[K([m[K{2,3,4});
[1.239s]       |                           [01;31m[K^[m[K
[1.239s] [01m[K/home/arian/Framework/src/framework/src/main.cpp:82:35:[m[K [01;31m[Kerror: [m[Kexpected primary-expression before â€˜[01m[K)[m[Kâ€™ token
[1.239s]    82 |   generator<int>::generate({2,3,4}[01;31m[K)[m[K;
[1.239s]       |                                   [01;31m[K^[m[K
[1.244s] [01m[K/home/arian/Framework/src/framework/src/main.cpp:109:115:[m[K [01;31m[Kerror: [m[Kno matching function for call to â€˜[01m[Kbenchmark<double>::benchmark(multiply_parallel<double>*, std::vector<std::vector<int>, std::allocator<std::vector<int> > >&, std::vector<std::vector<int>, std::allocator<std::vector<int> > >&, std::vector<settings>&)[m[Kâ€™
[1.244s]   109 |   benchmark<double> benchmark_ = benchmark<double>(new multiply_parallel<double>(), inputs_a, inputs_b, settingss_[01;31m[K)[m[K;
[1.244s]       |                                                                                                                   [01;31m[K^[m[K
[1.244s] In file included from [01m[K/home/arian/Framework/src/framework/src/main.cpp:12[m[K:
[1.244s] [01m[K/home/arian/Framework/src/framework/include/framework/multiply_parallel.hpp:475:9:[m[K [01;36m[Knote: [m[Kcandidate: â€˜[01m[Kbenchmark<T>::benchmark(base_parallel<T>*, std::vector<std::vector<BufferT> >, std::vector<std::vector<BufferT> >, std::vector<settings>) [with T = double][m[Kâ€™
[1.244s]   475 |         [01;36m[Kbenchmark[m[K(base_parallel<T>* base_parallel_, std::vector<std::vector<T> > inputs_a_, std::vector<std::vector<T> > inputs_b_, std::vector<settings> settingss_) :
[1.244s]       |         [01;36m[K^~~~~~~~~[m[K
[1.244s] [01m[K/home/arian/Framework/src/framework/include/framework/multiply_parallel.hpp:475:82:[m[K [01;36m[Knote: [m[K  no known conversion for argument 2 from â€˜[01m[Kvector<vector<[01;32m[Kint[m[K,allocator<[01;32m[Kint[m[K>>,allocator<vector<[01;32m[Kint[m[K,allocator<[01;32m[Kint[m[K>>>>[m[Kâ€™ to â€˜[01m[Kvector<vector<[01;32m[Kdouble[m[K,allocator<[01;32m[Kdouble[m[K>>,allocator<vector<[01;32m[Kdouble[m[K,allocator<[01;32m[Kdouble[m[K>>>>[m[Kâ€™
[1.245s]   475 |         benchmark(base_parallel<T>* base_parallel_, [01;36m[Kstd::vector<std::vector<T> > inputs_a_[m[K, std::vector<std::vector<T> > inputs_b_, std::vector<settings> settingss_) :
[1.245s]       |                                                     [01;36m[K~~~~~~~~~~~~~~~~~~~~~~~~~~~~~^~~~~~~~~[m[K
[1.245s] [01m[K/home/arian/Framework/src/framework/include/framework/multiply_parallel.hpp:466:9:[m[K [01;36m[Knote: [m[Kcandidate: â€˜[01m[Kbenchmark<T>::benchmark(base_parallel<T>*, std::vector<BufferT>, std::vector<BufferT>, settings) [with T = double][m[Kâ€™
[1.245s]   466 |         [01;36m[Kbenchmark[m[K(base_parallel<T>* base_parallel_, std::vector<T> input_a_, std::vector<T> input_b_, settings settings_) :
[1.245s]       |         [01;36m[K^~~~~~~~~[m[K
[1.245s] [01m[K/home/arian/Framework/src/framework/include/framework/multiply_parallel.hpp:466:68:[m[K [01;36m[Knote: [m[K  no known conversion for argument 2 from â€˜[01m[Kvector<[01;32m[Kstd::vector<int>[m[K,allocator<[01;32m[Kstd::vector<int>[m[K>>[m[Kâ€™ to â€˜[01m[Kvector<[01;32m[Kdouble[m[K,allocator<[01;32m[Kdouble[m[K>>[m[Kâ€™
[1.245s]   466 |         benchmark(base_parallel<T>* base_parallel_, [01;36m[Kstd::vector<T> input_a_[m[K, std::vector<T> input_b_, settings settings_) :
[1.245s]       |                                                     [01;36m[K~~~~~~~~~~~~~~~^~~~~~~~[m[K
[1.245s] [01m[K/home/arian/Framework/src/framework/include/framework/multiply_parallel.hpp:461:7:[m[K [01;36m[Knote: [m[Kcandidate: â€˜[01m[Kbenchmark<double>::benchmark(const benchmark<double>&)[m[Kâ€™
[1.245s]   461 | class [01;36m[Kbenchmark[m[K
[1.246s]       |       [01;36m[K^~~~~~~~~[m[K
[1.246s] [01m[K/home/arian/Framework/src/framework/include/framework/multiply_parallel.hpp:461:7:[m[K [01;36m[Knote: [m[K  candidate expects 1 argument, 4 provided
[1.246s] [01m[K/home/arian/Framework/src/framework/include/framework/multiply_parallel.hpp:461:7:[m[K [01;36m[Knote: [m[Kcandidate: â€˜[01m[Kbenchmark<double>::benchmark(benchmark<double>&&)[m[Kâ€™
[1.246s] [01m[K/home/arian/Framework/src/framework/include/framework/multiply_parallel.hpp:461:7:[m[K [01;36m[Knote: [m[K  candidate expects 1 argument, 4 provided
[1.309s] /home/arian/Framework/src/framework/include/framework/multiply_parallel.hpp: In instantiation of â€˜[01m[Kstatic std::vector<std::vector<BufferT> > generator::generate(std::initializer_list<int>) [with T = int][m[Kâ€™:
[1.309s] [01m[K/home/arian/Framework/src/framework/src/main.cpp:103:54:[m[K   required from here
[1.309s] [01m[K/home/arian/Framework/src/framework/include/framework/multiply_parallel.hpp:446:34:[m[K [01;35m[Kwarning: [m[Kcomparison of integer expressions of different signedness: â€˜[01m[Kint[m[Kâ€™ and â€˜[01m[Kstd::vector<int>::size_type[m[Kâ€™ {aka â€˜[01m[Klong unsigned int[m[Kâ€™} [[01;35m[K-Wsign-compare[m[K]
[1.309s]   446 |                 for(int i = 0; i < temp.capacity(); i++)
[1.310s] /home/arian/Framework/src/framework/include/framework/multiply_parallel.hpp: In instantiation of â€˜[01m[Kvoid benchmark<T>::execute_all() [with K = std::ratio<1, 1000000000>; T = double][m[Kâ€™:
[1.310s] [01m[K/home/arian/Framework/src/framework/src/main.cpp:112:45:[m[K   required from here
[1.310s] [01m[K/home/arian/Framework/src/framework/include/framework/multiply_parallel.hpp:499:30:[m[K [01;35m[Kwarning: [m[Kcomparison of integer expressions of different signedness: â€˜[01m[Kint[m[Kâ€™ and â€˜[01m[Kstd::vector<settings>::size_type[m[Kâ€™ {aka â€˜[01m[Klong unsigned int[m[Kâ€™} [[01;35m[K-Wsign-compare[m[K]
[1.310s]   499 |             for(int i = 0; [01;35m[Ki < settingss_.size()[m[K; i++)
[1.310s]       |                            [01;35m[K~~^~~~~~~~~~~~~~~~~~~[m[K
[1.311s] [01m[K/home/arian/Framework/src/framework/include/framework/multiply_parallel.hpp:501:34:[m[K [01;35m[Kwarning: [m[Kcomparison of integer expressions of different signedness: â€˜[01m[Kint[m[Kâ€™ and â€˜[01m[Kstd::vector<std::vector<double, std::allocator<double> >, std::allocator<std::vector<double, std::allocator<double> > > >::size_type[m[Kâ€™ {aka â€˜[01m[Klong unsigned int[m[Kâ€™} [[01;35m[K-Wsign-compare[m[K]
[1.311s]   501 |                 for(int j = 0; j < inputs_a_.size(); j++)
[1.517s] /home/arian/Framework/src/framework/include/framework/multiply_parallel.hpp: In instantiation of â€˜[01m[Kvoid multiply_parallel<T>::execute_openmp(const std::vector<BufferT>&, const std::vector<BufferT>&, std::vector<BufferT>&, const settings&) [with T = double][m[Kâ€™:
[1.517s] [01m[K/home/arian/Framework/src/framework/include/framework/multiply_parallel.hpp:394:14:[m[K   required from here
[1.517s] [01m[K/home/arian/Framework/src/framework/include/framework/multiply_parallel.hpp:394:139:[m[K [01;35m[Kwarning: [m[Kunused parameter â€˜[01m[Ksettings_[m[Kâ€™ [[01;35m[K-Wunused-parameter[m[K]
[1.517s]   394 |         void execute_openmp(const std::vector<T>& matrix_a_, const std::vector<T>& matrix_b_, std::vector<T>& matrix_c_, [01;35m[Kconst settings & settings_[m[K )
[1.517s]       |                                                                                                                          [01;35m[K~~~~~~~~~~~~~~~~~^~~~~~~~~[m[K
[1.557s] make[2]: *** [CMakeFiles/main.dir/build.make:63: CMakeFiles/main.dir/src/main.cpp.o] Error 1
[1.557s] make[1]: *** [CMakeFiles/Makefile2:78: CMakeFiles/main.dir/all] Error 2
[1.557s] make: *** [Makefile:141: all] Error 2
[1.560s] Invoked command in '/home/arian/Framework/build/framework' returned '2': CMAKE_PREFIX_PATH=${CMAKE_PREFIX_PATH}:/home/arian/ros2_foxy/install/ros2bag:/home/arian/ros2_foxy/install/tracetools_launch:/home/arian/ros2_foxy/install/topic_monitor:/home/arian/ros2_foxy/install/examples_tf2_py:/home/arian/ros2_foxy/install/sros2:/home/arian/ros2_foxy/install/rqt_topic:/home/arian/ros2_foxy/install/rqt_reconfigure:/home/arian/ros2_foxy/install/rqt_action:/home/arian/ros2_foxy/install/rqt:/home/arian/ros2_foxy/install/rqt_graph:/home/arian/ros2_foxy/install/rqt_gui_py:/home/arian/ros2_foxy/install/rqt_gui:/home/arian/ros2_foxy/install/ros2trace:/home/arian/ros2_foxy/install/ros2topic:/home/arian/ros2_foxy/install/ros2test:/home/arian/ros2_foxy/install/ros2component:/home/arian/ros2_foxy/install/ros2param:/home/arian/ros2_foxy/install/ros2lifecycle:/home/arian/ros2_foxy/install/ros2service:/home/arian/ros2_foxy/install/ros2run:/home/arian/ros2_foxy/install/ros2launch:/home/arian/ros2_foxy/install/ros2pkg:/home/arian/ros2_foxy/install/ros2node:/home/arian/ros2_foxy/install/ros2multicast:/home/arian/ros2_foxy/install/ros2interface:/home/arian/ros2_foxy/install/ros2doctor:/home/arian/ros2_foxy/install/ros2action:/home/arian/ros2_foxy/install/ros2cli:/home/arian/ros2_foxy/install/quality_of_service_demo_py:/home/arian/ros2_foxy/install/launch_testing_ros:/home/arian/ros2_foxy/install/launch_ros:/home/arian/ros2_foxy/install/examples_rclpy_minimal_subscriber:/home/arian/ros2_foxy/install/examples_rclpy_minimal_service:/home/arian/ros2_foxy/install/examples_rclpy_minimal_publisher:/home/arian/ros2_foxy/install/examples_rclpy_minimal_client:/home/arian/ros2_foxy/install/examples_rclpy_minimal_action_server:/home/arian/ros2_foxy/install/examples_rclpy_minimal_action_client:/home/arian/ros2_foxy/install/examples_rclpy_executors:/home/arian/ros2_foxy/install/demo_nodes_py:/home/arian/ros2_foxy/install/action_tutorials_py:/home/arian/ros2_foxy/install/ament_uncrustify:/home/arian/ros2_foxy/install/tracetools_trace:/home/arian/ros2_foxy/install/tracetools_read:/home/arian/ros2_foxy/install/test_launch_ros:/home/arian/ros2_foxy/install/rpyutils:/home/arian/ros2_foxy/install/rosidl_runtime_py:/home/arian/ros2_foxy/install/launch_yaml:/home/arian/ros2_foxy/install/launch_xml:/home/arian/ros2_foxy/install/launch_testing:/home/arian/ros2_foxy/install/launch:/home/arian/ros2_foxy/install/osrf_pycommon:/home/arian/ros2_foxy/install/domain_coordinator:/home/arian/ros2_foxy/install/ament_xmllint:/home/arian/ros2_foxy/install/ament_pyflakes:/home/arian/ros2_foxy/install/ament_pycodestyle:/home/arian/ros2_foxy/install/ament_pep257:/home/arian/ros2_foxy/install/ament_pclint:/home/arian/ros2_foxy/install/ament_package:/home/arian/ros2_foxy/install/ament_mypy:/home/arian/ros2_foxy/install/ament_lint_cmake:/home/arian/ros2_foxy/install/ament_flake8:/home/arian/ros2_foxy/install/ament_copyright:/home/arian/ros2_foxy/install/ament_lint:/home/arian/ros2_foxy/install/ament_index_python:/home/arian/ros2_foxy/install/ament_cpplint:/home/arian/ros2_foxy/install/ament_cppcheck:/home/arian/ros2_foxy/install/ament_clang_tidy:/home/arian/ros2_foxy/install/ament_clang_format /usr/bin/cmake --build /home/arian/Framework/build/framework -- -j12 -l12
