[0.041s] Invoking command in '/home/arian/Framework/build/framework': CMAKE_PREFIX_PATH=${CMAKE_PREFIX_PATH}:/home/arian/ros2_foxy/install/ros2bag:/home/arian/ros2_foxy/install/tracetools_launch:/home/arian/ros2_foxy/install/topic_monitor:/home/arian/ros2_foxy/install/examples_tf2_py:/home/arian/ros2_foxy/install/sros2:/home/arian/ros2_foxy/install/rqt_topic:/home/arian/ros2_foxy/install/rqt_reconfigure:/home/arian/ros2_foxy/install/rqt_action:/home/arian/ros2_foxy/install/rqt:/home/arian/ros2_foxy/install/rqt_graph:/home/arian/ros2_foxy/install/rqt_gui_py:/home/arian/ros2_foxy/install/rqt_gui:/home/arian/ros2_foxy/install/ros2trace:/home/arian/ros2_foxy/install/ros2topic:/home/arian/ros2_foxy/install/ros2test:/home/arian/ros2_foxy/install/ros2component:/home/arian/ros2_foxy/install/ros2param:/home/arian/ros2_foxy/install/ros2lifecycle:/home/arian/ros2_foxy/install/ros2service:/home/arian/ros2_foxy/install/ros2run:/home/arian/ros2_foxy/install/ros2launch:/home/arian/ros2_foxy/install/ros2pkg:/home/arian/ros2_foxy/install/ros2node:/home/arian/ros2_foxy/install/ros2multicast:/home/arian/ros2_foxy/install/ros2interface:/home/arian/ros2_foxy/install/ros2doctor:/home/arian/ros2_foxy/install/ros2action:/home/arian/ros2_foxy/install/ros2cli:/home/arian/ros2_foxy/install/quality_of_service_demo_py:/home/arian/ros2_foxy/install/launch_testing_ros:/home/arian/ros2_foxy/install/launch_ros:/home/arian/ros2_foxy/install/examples_rclpy_minimal_subscriber:/home/arian/ros2_foxy/install/examples_rclpy_minimal_service:/home/arian/ros2_foxy/install/examples_rclpy_minimal_publisher:/home/arian/ros2_foxy/install/examples_rclpy_minimal_client:/home/arian/ros2_foxy/install/examples_rclpy_minimal_action_server:/home/arian/ros2_foxy/install/examples_rclpy_minimal_action_client:/home/arian/ros2_foxy/install/examples_rclpy_executors:/home/arian/ros2_foxy/install/demo_nodes_py:/home/arian/ros2_foxy/install/action_tutorials_py:/home/arian/ros2_foxy/install/ament_uncrustify:/home/arian/ros2_foxy/install/tracetools_trace:/home/arian/ros2_foxy/install/tracetools_read:/home/arian/ros2_foxy/install/test_launch_ros:/home/arian/ros2_foxy/install/rpyutils:/home/arian/ros2_foxy/install/rosidl_runtime_py:/home/arian/ros2_foxy/install/launch_yaml:/home/arian/ros2_foxy/install/launch_xml:/home/arian/ros2_foxy/install/launch_testing:/home/arian/ros2_foxy/install/launch:/home/arian/ros2_foxy/install/osrf_pycommon:/home/arian/ros2_foxy/install/domain_coordinator:/home/arian/ros2_foxy/install/ament_xmllint:/home/arian/ros2_foxy/install/ament_pyflakes:/home/arian/ros2_foxy/install/ament_pycodestyle:/home/arian/ros2_foxy/install/ament_pep257:/home/arian/ros2_foxy/install/ament_pclint:/home/arian/ros2_foxy/install/ament_package:/home/arian/ros2_foxy/install/ament_mypy:/home/arian/ros2_foxy/install/ament_lint_cmake:/home/arian/ros2_foxy/install/ament_flake8:/home/arian/ros2_foxy/install/ament_copyright:/home/arian/ros2_foxy/install/ament_lint:/home/arian/ros2_foxy/install/ament_index_python:/home/arian/ros2_foxy/install/ament_cpplint:/home/arian/ros2_foxy/install/ament_cppcheck:/home/arian/ros2_foxy/install/ament_clang_tidy:/home/arian/ros2_foxy/install/ament_clang_format /usr/bin/cmake --build /home/arian/Framework/build/framework -- -j12 -l12
[0.125s] [35m[1mScanning dependencies of target main[0m
[0.147s] [ 50%] [32mBuilding CXX object CMakeFiles/main.dir/src/main.cpp.o[0m
[0.460s] In file included from [01m[K/home/arian/Framework/src/framework/src/main.cpp:2[m[K:
[0.460s] [01m[K/home/arian/Framework/src/framework/include/framework/base/sum_parallel.hpp:[m[K In function â€˜[01m[Kvoid* framework::base::sum_parallel_pthread(void*)[m[Kâ€™:
[0.460s] [01m[K/home/arian/Framework/src/framework/include/framework/base/sum_parallel.hpp:30:1:[m[K [01;35m[Kwarning: [m[Kno return statement in function returning non-void [[01;35m[K-Wreturn-type[m[K]
[0.460s]    30 | [01;35m[K}[m[K
[0.460s]       | [01;35m[K^[m[K
[0.462s] In file included from [01m[K/home/arian/Framework/src/framework/src/main.cpp:3[m[K:
[0.462s] [01m[K/home/arian/Framework/src/framework/include/framework/base/complex_parallel.hpp:[m[K In function â€˜[01m[Kvoid* framework::base::complex_parallel_pthread(void*)[m[Kâ€™:
[0.462s] [01m[K/home/arian/Framework/src/framework/include/framework/base/complex_parallel.hpp:30:1:[m[K [01;35m[Kwarning: [m[Kno return statement in function returning non-void [[01;35m[K-Wreturn-type[m[K]
[0.462s]    30 | [01;35m[K}[m[K
[0.462s]       | [01;35m[K^[m[K
[0.483s] [01m[K/home/arian/Framework/src/framework/src/main.cpp:[m[K In function â€˜[01m[Kint main(int, const char**)[m[Kâ€™:
[0.483s] [01m[K/home/arian/Framework/src/framework/src/main.cpp:22:204:[m[K [01;31m[Kerror: [m[Kno matching function for call to â€˜[01m[Kframework::benchmark<double>::benchmark(framework::base::adjoint_parallel<double>*, std::vector<std::vector<int>, std::allocator<std::vector<int> > >&, std::vector<std::vector<int>, std::allocator<std::vector<int> > >&, std::vector<framework::settings>)[m[Kâ€™
[0.483s]    22 | llel(new framework::base::adjoint_parallel<double>(), matrices_a, matrices_b, std::vector<framework::settings>{input_settings_one, input_settings_two}[01;31m[K)[m[K;
[0.483s]       |                                                                                                                                                       [01;31m[K^[m[K
[0.484s] 
[0.484s] In file included from [01m[K/home/arian/Framework/src/framework/src/main.cpp:6[m[K:
[0.484s] [01m[K/home/arian/Framework/src/framework/include/framework/benchmark/benchmark.hpp:30:9:[m[K [01;36m[Knote: [m[Kcandidate: â€˜[01m[Kframework::benchmark<T>::benchmark(framework::base_parallel<T>*, std::vector<std::vector<T> >, std::vector<std::vector<T> >, std::vector<framework::settings>) [with T = double][m[Kâ€™
[0.484s]    30 |         [01;36m[Kbenchmark[m[K(base_parallel<T>* base_parallel_, std::vector<std::vector<T> > inputs_a_, std::vector<std::vector<T> > inputs_b_, std::vector<settings> settingss_) :
[0.484s]       |         [01;36m[K^~~~~~~~~[m[K
[0.484s] [01m[K/home/arian/Framework/src/framework/include/framework/benchmark/benchmark.hpp:30:82:[m[K [01;36m[Knote: [m[K  no known conversion for argument 2 from â€˜[01m[Kvector<vector<[01;32m[Kint[m[K,allocator<[01;32m[Kint[m[K>>,allocator<vector<[01;32m[Kint[m[K,allocator<[01;32m[Kint[m[K>>>>[m[Kâ€™ to â€˜[01m[Kvector<vector<[01;32m[Kdouble[m[K,allocator<[01;32m[Kdouble[m[K>>,allocator<vector<[01;32m[Kdouble[m[K,allocator<[01;32m[Kdouble[m[K>>>>[m[Kâ€™
[0.484s]    30 |         benchmark(base_parallel<T>* base_parallel_, [01;36m[Kstd::vector<std::vector<T> > inputs_a_[m[K, std::vector<std::vector<T> > inputs_b_, std::vector<settings> settingss_) :
[0.484s]       |                                                     [01;36m[K~~~~~~~~~~~~~~~~~~~~~~~~~~~~~^~~~~~~~~[m[K
[0.484s] [01m[K/home/arian/Framework/src/framework/include/framework/benchmark/benchmark.hpp:21:9:[m[K [01;36m[Knote: [m[Kcandidate: â€˜[01m[Kframework::benchmark<T>::benchmark(framework::base_parallel<T>*, std::vector<T>, std::vector<T>, framework::settings) [with T = double][m[Kâ€™
[0.484s]    21 |         [01;36m[Kbenchmark[m[K(base_parallel<T>* base_parallel_, std::vector<T> input_a_, std::vector<T> input_b_, settings settings_) :
[0.484s]       |         [01;36m[K^~~~~~~~~[m[K
[0.484s] [01m[K/home/arian/Framework/src/framework/include/framework/benchmark/benchmark.hpp:21:68:[m[K [01;36m[Knote: [m[K  no known conversion for argument 2 from â€˜[01m[Kvector<[01;32m[Kstd::vector<int>[m[K,allocator<[01;32m[Kstd::vector<int>[m[K>>[m[Kâ€™ to â€˜[01m[Kvector<[01;32m[Kdouble[m[K,allocator<[01;32m[Kdouble[m[K>>[m[Kâ€™
[0.484s]    21 |         benchmark(base_parallel<T>* base_parallel_, [01;36m[Kstd::vector<T> input_a_[m[K, std::vector<T> input_b_, settings settings_) :
[0.484s]       |                                                     [01;36m[K~~~~~~~~~~~~~~~^~~~~~~~[m[K
[0.484s] [01m[K/home/arian/Framework/src/framework/include/framework/benchmark/benchmark.hpp:16:7:[m[K [01;36m[Knote: [m[Kcandidate: â€˜[01m[Kframework::benchmark<double>::benchmark(framework::benchmark<double>&&)[m[Kâ€™
[0.484s]    16 | class [01;36m[Kbenchmark[m[K
[0.484s]       |       [01;36m[K^~~~~~~~~[m[K
[0.484s] [01m[K/home/arian/Framework/src/framework/include/framework/benchmark/benchmark.hpp:16:7:[m[K [01;36m[Knote: [m[K  candidate expects 1 argument, 4 provided
[0.485s] [01m[K/home/arian/Framework/src/framework/src/main.cpp:10:14:[m[K [01;35m[Kwarning: [m[Kunused parameter â€˜[01m[Kargc[m[Kâ€™ [[01;35m[K-Wunused-parameter[m[K]
[0.485s]    10 | int main([01;35m[Kint argc[m[K, const char ** argv)
[0.485s]       |          [01;35m[K~~~~^~~~[m[K
[0.485s] [01m[K/home/arian/Framework/src/framework/src/main.cpp:10:34:[m[K [01;35m[Kwarning: [m[Kunused parameter â€˜[01m[Kargv[m[Kâ€™ [[01;35m[K-Wunused-parameter[m[K]
[0.485s]    10 | int main(int argc, [01;35m[Kconst char ** argv[m[K)
[0.485s]       |                    [01;35m[K~~~~~~~~~~~~~~^~~~[m[K
[0.498s] In file included from [01m[K/home/arian/Framework/src/framework/src/main.cpp:7[m[K:
[0.498s] /home/arian/Framework/src/framework/include/framework/generators/generator.hpp: In instantiation of â€˜[01m[Kstatic std::vector<std::vector<T> > framework::generator::generate_inputs(std::initializer_list<int>) [with T = int][m[Kâ€™:
[0.499s] [01m[K/home/arian/Framework/src/framework/src/main.cpp:13:68:[m[K   required from here
[0.499s] [01m[K/home/arian/Framework/src/framework/include/framework/generators/generator.hpp:27:34:[m[K [01;35m[Kwarning: [m[Kcomparison of integer expressions of different signedness: â€˜[01m[Kint[m[Kâ€™ and â€˜[01m[Kstd::vector<int>::size_type[m[Kâ€™ {aka â€˜[01m[Klong unsigned int[m[Kâ€™} [[01;35m[K-Wsign-compare[m[K]
[0.499s]    27 |                 for(int i = 0; i < temp.capacity(); i++)
[0.501s] In file included from [01m[K/home/arian/Framework/src/framework/src/main.cpp:6[m[K:
[0.501s] /home/arian/Framework/src/framework/include/framework/benchmark/benchmark.hpp: In instantiation of â€˜[01m[Kvoid framework::benchmark<T>::execute_all() [with K = std::ratio<1, 1000>; T = double][m[Kâ€™:
[0.501s] [01m[K/home/arian/Framework/src/framework/src/main.cpp:24:62:[m[K   required from here
[0.501s] [01m[K/home/arian/Framework/src/framework/include/framework/benchmark/benchmark.hpp:64:30:[m[K [01;35m[Kwarning: [m[Kcomparison of integer expressions of different signedness: â€˜[01m[Kint[m[Kâ€™ and â€˜[01m[Kstd::vector<framework::settings>::size_type[m[Kâ€™ {aka â€˜[01m[Klong unsigned int[m[Kâ€™} [[01;35m[K-Wsign-compare[m[K]
[0.501s]    64 |             for(int i = 0; [01;35m[Ki < settingss_.size()[m[K; i++)
[0.501s]       |                            [01;35m[K~~^~~~~~~~~~~~~~~~~~~[m[K
[0.501s] [01m[K/home/arian/Framework/src/framework/include/framework/benchmark/benchmark.hpp:73:34:[m[K [01;35m[Kwarning: [m[Kcomparison of integer expressions of different signedness: â€˜[01m[Kint[m[Kâ€™ and â€˜[01m[Kstd::vector<std::vector<double, std::allocator<double> >, std::allocator<std::vector<double, std::allocator<double> > > >::size_type[m[Kâ€™ {aka â€˜[01m[Klong unsigned int[m[Kâ€™} [[01;35m[K-Wsign-compare[m[K]
[0.501s]    73 |                 for(int j = 0; j < inputs_a_.size(); j++)
[0.501s] [01m[K/home/arian/Framework/src/framework/include/framework/benchmark/benchmark.hpp:87:26:[m[K [01;35m[Kwarning: [m[Kcomparison of integer expressions of different signedness: â€˜[01m[Kint[m[Kâ€™ and â€˜[01m[Kstd::vector<std::vector<double, std::allocator<double> >, std::allocator<std::vector<double, std::allocator<double> > > >::size_type[m[Kâ€™ {aka â€˜[01m[Klong unsigned int[m[Kâ€™} [[01;35m[K-Wsign-compare[m[K]
[0.501s]    87 |                     if([01;35m[Kj != inputs_a_.size() - 1[m[K)
[0.501s]       |                        [01;35m[K~~^~~~~~~~~~~~~~~~~~~~~~~[m[K
[0.502s] [01m[K/home/arian/Framework/src/framework/include/framework/benchmark/benchmark.hpp:95:22:[m[K [01;35m[Kwarning: [m[Kcomparison of integer expressions of different signedness: â€˜[01m[Kint[m[Kâ€™ and â€˜[01m[Kstd::vector<framework::settings>::size_type[m[Kâ€™ {aka â€˜[01m[Klong unsigned int[m[Kâ€™} [[01;35m[K-Wsign-compare[m[K]
[0.502s]    95 |                 if([01;35m[Ki == settingss_.size() - 1[m[K)
[0.502s]       |                    [01;35m[K~~^~~~~~~~~~~~~~~~~~~~~~~~[m[K
[0.512s] In file included from [01m[K/home/arian/Framework/src/framework/include/framework/benchmark/benchmark.hpp:10[m[K,
[0.512s]                  from [01m[K/home/arian/Framework/src/framework/src/main.cpp:6[m[K:
[0.513s] /home/arian/Framework/src/framework/include/framework/generators/json_generator.hpp: In instantiation of â€˜[01m[Kframework::json_generator& framework::json_generator::add(const std::chrono::duration<long int, T>&) [with T = std::ratio<1, 1000>][m[Kâ€™:
[0.513s] [01m[K/home/arian/Framework/src/framework/include/framework/benchmark/benchmark.hpp:61:29:[m[K   required from â€˜[01m[Kvoid framework::benchmark<T>::execute_all() [with K = std::ratio<1, 1000>; T = double][m[Kâ€™
[0.513s] [01m[K/home/arian/Framework/src/framework/src/main.cpp:24:62:[m[K   required from here
[0.513s] [01m[K/home/arian/Framework/src/framework/include/framework/generators/json_generator.hpp:44:70:[m[K [01;35m[Kwarning: [m[Kunused parameter â€˜[01m[Kduration[m[Kâ€™ [[01;35m[K-Wunused-parameter[m[K]
[0.513s]    44 |         json_generator& add([01;35m[Kconst std::chrono::duration<int64_t, T>& duration[m[K)
[0.513s]       |                             [01;35m[K~~~~~~~~~~~~~~~~~~~~~~~~~~~~~~~~~~~~~~~~~^~~~~~~~[m[K
[0.543s] In file included from [01m[K/home/arian/Framework/src/framework/src/main.cpp:4[m[K:
[0.543s] /home/arian/Framework/src/framework/include/framework/base/adjoint_parallel.hpp: In instantiation of â€˜[01m[Kvoid framework::base::adjoint_parallel_openmp(const std::vector<T>&, const std::vector<T>&, std::vector<T>&, const framework::settings&) [with T = double][m[Kâ€™:
[0.543s] [01m[K/home/arian/Framework/src/framework/include/framework/base/adjoint_parallel.hpp:196:40:[m[K   required from â€˜[01m[Kvoid framework::base::adjoint_parallel<T>::execute(const std::vector<T>&, const std::vector<T>&, std::vector<T>&, const framework::settings&) [with T = double][m[Kâ€™
[0.543s] [01m[K/home/arian/Framework/src/framework/include/framework/base/adjoint_parallel.hpp:174:14:[m[K   required from here
[0.543s] [01m[K/home/arian/Framework/src/framework/include/framework/base/adjoint_parallel.hpp:105:24:[m[K [01;31m[Kerror: [m[Kno matching function for call to â€˜[01m[KgetCofactor(const std::vector<double, std::allocator<double> >&, const std::vector<double, std::allocator<double> >&, int&, int&, int&, int&)[m[Kâ€™
[0.543s]   105 |             [01;31m[KgetCofactor(matrix_a_, matrix_b_, i, j, matrix_delimeter, matrix_delimeter)[m[K;
[0.543s]       |             [01;31m[K~~~~~~~~~~~^~~~~~~~~~~~~~~~~~~~~~~~~~~~~~~~~~~~~~~~~~~~~~~~~~~~~~~~~~~~~~~~[m[K
[0.543s] In file included from [01m[K/home/arian/Framework/src/framework/src/main.cpp:4[m[K:
[0.543s] [01m[K/home/arian/Framework/src/framework/include/framework/base/adjoint_parallel.hpp:22:6:[m[K [01;36m[Knote: [m[Kcandidate: â€˜[01m[Ktemplate<class T> void framework::base::getCofactor(std::vector<T>&, std::vector<T>&, int, int, int, int)[m[Kâ€™
[0.543s]    22 | void [01;36m[KgetCofactor[m[K(std::vector<T> & A, std::vector<T> & temp, int p, int q, int n, int width)
[0.544s]       |      [01;36m[K^~~~~~~~~~~[m[K
[0.544s] [01m[K/home/arian/Framework/src/framework/include/framework/base/adjoint_parallel.hpp:22:6:[m[K [01;36m[Knote: [m[K  template argument deduction/substitution failed:
[0.544s] In file included from [01m[K/home/arian/Framework/src/framework/src/main.cpp:4[m[K:
[0.544s] [01m[K/home/arian/Framework/src/framework/include/framework/base/adjoint_parallel.hpp:105:24:[m[K [01;36m[Knote: [m[K  types â€˜[01m[Kstd::vector<T>[m[Kâ€™ and â€˜[01m[Kconst std::vector<double, std::allocator<double> >[m[Kâ€™ have incompatible cv-qualifiers
[0.544s]   105 |             [01;36m[KgetCofactor(matrix_a_, matrix_b_, i, j, matrix_delimeter, matrix_delimeter)[m[K;
[0.544s]       |             [01;36m[K~~~~~~~~~~~^~~~~~~~~~~~~~~~~~~~~~~~~~~~~~~~~~~~~~~~~~~~~~~~~~~~~~~~~~~~~~~~[m[K
[0.544s] [01m[K/home/arian/Framework/src/framework/include/framework/base/adjoint_parallel.hpp:107:70:[m[K [01;31m[Kerror: [m[Kno matching function for call to â€˜[01m[Kdeterminant(const std::vector<double, std::allocator<double> >&, int, std::vector<double, std::allocator<double> >::size_type, int&)[m[Kâ€™
[0.544s]   107 |             matrix_c_[j * matrix_delimeter + i] = (sign)*[01;31m[K(determinant(matrix_b_, matrix_delimeter - 1, matrix_a_.size(), matrix_delimeter))[m[K;
[0.544s]       |                                                          [01;31m[K~~~~~~~~~~~~^~~~~~~~~~~~~~~~~~~~~~~~~~~~~~~~~~~~~~~~~~~~~~~~~~~~~~~~~~~~~~~~~~~~~~[m[K
[0.544s] In file included from [01m[K/home/arian/Framework/src/framework/src/main.cpp:4[m[K:
[0.544s] [01m[K/home/arian/Framework/src/framework/include/framework/base/adjoint_parallel.hpp:45:3:[m[K [01;36m[Knote: [m[Kcandidate: â€˜[01m[Ktemplate<class T> T framework::base::determinant(std::vector<T>&, int, int, int)[m[Kâ€™
[0.544s]    45 | T [01;36m[Kdeterminant[m[K(std::vector<T> & A, int n, int size, int width)
[0.544s]       |   [01;36m[K^~~~~~~~~~~[m[K
[0.544s] [01m[K/home/arian/Framework/src/framework/include/framework/base/adjoint_parallel.hpp:45:3:[m[K [01;36m[Knote: [m[K  template argument deduction/substitution failed:
[0.544s] In file included from [01m[K/home/arian/Framework/src/framework/src/main.cpp:4[m[K:
[0.544s] [01m[K/home/arian/Framework/src/framework/include/framework/base/adjoint_parallel.hpp:107:70:[m[K [01;36m[Knote: [m[K  types â€˜[01m[Kstd::vector<T>[m[Kâ€™ and â€˜[01m[Kconst std::vector<double, std::allocator<double> >[m[Kâ€™ have incompatible cv-qualifiers
[0.544s]   107 |             matrix_c_[j * matrix_delimeter + i] = (sign)*[01;36m[K(determinant(matrix_b_, matrix_delimeter - 1, matrix_a_.size(), matrix_delimeter))[m[K;
[0.545s]       |                                                          [01;36m[K~~~~~~~~~~~~^~~~~~~~~~~~~~~~~~~~~~~~~~~~~~~~~~~~~~~~~~~~~~~~~~~~~~~~~~~~~~~~~~~~~~[m[K
[0.545s] /home/arian/Framework/src/framework/include/framework/base/adjoint_parallel.hpp: In instantiation of â€˜[01m[Kvoid framework::base::adjoint_serial(const std::vector<T>&, const std::vector<T>&, std::vector<T>&, const framework::settings&) [with T = double][m[Kâ€™:
[0.545s] [01m[K/home/arian/Framework/src/framework/include/framework/base/adjoint_parallel.hpp:200:31:[m[K   required from â€˜[01m[Kvoid framework::base::adjoint_parallel<T>::execute(const std::vector<T>&, const std::vector<T>&, std::vector<T>&, const framework::settings&) [with T = double][m[Kâ€™
[0.545s] [01m[K/home/arian/Framework/src/framework/include/framework/base/adjoint_parallel.hpp:174:14:[m[K   required from here
[0.545s] [01m[K/home/arian/Framework/src/framework/include/framework/base/adjoint_parallel.hpp:125:24:[m[K [01;31m[Kerror: [m[Kno matching function for call to â€˜[01m[KgetCofactor(const std::vector<double, std::allocator<double> >&, const std::vector<double, std::allocator<double> >&, int&, int&, int&, int&)[m[Kâ€™
[0.545s]   125 |             [01;31m[KgetCofactor(matrix_a_, matrix_b_, i, j, matrix_delimeter, matrix_delimeter)[m[K;
[0.545s]       |             [01;31m[K~~~~~~~~~~~^~~~~~~~~~~~~~~~~~~~~~~~~~~~~~~~~~~~~~~~~~~~~~~~~~~~~~~~~~~~~~~~[m[K
[0.545s] In file included from [01m[K/home/arian/Framework/src/framework/src/main.cpp:4[m[K:
[0.545s] [01m[K/home/arian/Framework/src/framework/include/framework/base/adjoint_parallel.hpp:22:6:[m[K [01;36m[Knote: [m[Kcandidate: â€˜[01m[Ktemplate<class T> void framework::base::getCofactor(std::vector<T>&, std::vector<T>&, int, int, int, int)[m[Kâ€™
[0.545s]    22 | void [01;36m[KgetCofactor[m[K(std::vector<T> & A, std::vector<T> & temp, int p, int q, int n, int width)
[0.545s]       |      [01;36m[K^~~~~~~~~~~[m[K
[0.545s] [01m[K/home/arian/Framework/src/framework/include/framework/base/adjoint_parallel.hpp:22:6:[m[K [01;36m[Knote: [m[K  template argument deduction/substitution failed:
[0.545s] In file included from [01m[K/home/arian/Framework/src/framework/src/main.cpp:4[m[K:
[0.545s] [01m[K/home/arian/Framework/src/framework/include/framework/base/adjoint_parallel.hpp:125:24:[m[K [01;36m[Knote: [m[K  types â€˜[01m[Kstd::vector<T>[m[Kâ€™ and â€˜[01m[Kconst std::vector<double, std::allocator<double> >[m[Kâ€™ have incompatible cv-qualifiers
[0.545s]   125 |             [01;36m[KgetCofactor(matrix_a_, matrix_b_, i, j, matrix_delimeter, matrix_delimeter)[m[K;
[0.545s]       |             [01;36m[K~~~~~~~~~~~^~~~~~~~~~~~~~~~~~~~~~~~~~~~~~~~~~~~~~~~~~~~~~~~~~~~~~~~~~~~~~~~[m[K
[0.545s] [01m[K/home/arian/Framework/src/framework/include/framework/base/adjoint_parallel.hpp:127:70:[m[K [01;31m[Kerror: [m[Kno matching function for call to â€˜[01m[Kdeterminant(const std::vector<double, std::allocator<double> >&, int, std::vector<double, std::allocator<double> >::size_type, int&)[m[Kâ€™
[0.545s]   127 |             matrix_c_[j * matrix_delimeter + i] = (sign)*[01;31m[K(determinant(matrix_b_, matrix_delimeter - 1, matrix_a_.size(), matrix_delimeter))[m[K;
[0.545s]       |                                                          [01;31m[K~~~~~~~~~~~~^~~~~~~~~~~~~~~~~~~~~~~~~~~~~~~~~~~~~~~~~~~~~~~~~~~~~~~~~~~~~~~~~~~~~~[m[K
[0.546s] In file included from [01m[K/home/arian/Framework/src/framework/src/main.cpp:4[m[K:
[0.546s] [01m[K/home/arian/Framework/src/framework/include/framework/base/adjoint_parallel.hpp:45:3:[m[K [01;36m[Knote: [m[Kcandidate: â€˜[01m[Ktemplate<class T> T framework::base::determinant(std::vector<T>&, int, int, int)[m[Kâ€™
[0.546s]    45 | T [01;36m[Kdeterminant[m[K(std::vector<T> & A, int n, int size, int width)
[0.546s]       |   [01;36m[K^~~~~~~~~~~[m[K
[0.546s] [01m[K/home/arian/Framework/src/framework/include/framework/base/adjoint_parallel.hpp:45:3:[m[K [01;36m[Knote: [m[K  template argument deduction/substitution failed:
[0.546s] In file included from [01m[K/home/arian/Framework/src/framework/src/main.cpp:4[m[K:
[0.546s] [01m[K/home/arian/Framework/src/framework/include/framework/base/adjoint_parallel.hpp:127:70:[m[K [01;36m[Knote: [m[K  types â€˜[01m[Kstd::vector<T>[m[Kâ€™ and â€˜[01m[Kconst std::vector<double, std::allocator<double> >[m[Kâ€™ have incompatible cv-qualifiers
[0.546s]   127 |             matrix_c_[j * matrix_delimeter + i] = (sign)*[01;36m[K(determinant(matrix_b_, matrix_delimeter - 1, matrix_a_.size(), matrix_delimeter))[m[K;
[0.546s]       |                                                          [01;36m[K~~~~~~~~~~~~^~~~~~~~~~~~~~~~~~~~~~~~~~~~~~~~~~~~~~~~~~~~~~~~~~~~~~~~~~~~~~~~~~~~~~[m[K
[0.546s] [01m[K/home/arian/Framework/src/framework/include/framework/base/adjoint_parallel.hpp:114:131:[m[K [01;35m[Kwarning: [m[Kunused parameter â€˜[01m[Ksettings_[m[Kâ€™ [[01;35m[K-Wunused-parameter[m[K]
[0.546s]   114 | void adjoint_serial(const std::vector<T>& matrix_a_, const std::vector<T>& matrix_b_, std::vector<T>& matrix_c_, [01;35m[Kconst settings & settings_[m[K )
[0.546s]       |                                                                                                                  [01;35m[K~~~~~~~~~~~~~~~~~^~~~~~~~~[m[K
[0.546s] In file included from [01m[K/home/arian/Framework/src/framework/src/main.cpp:4[m[K:
[0.546s] /home/arian/Framework/src/framework/include/framework/base/adjoint_parallel.hpp: In instantiation of â€˜[01m[Kvoid* framework::base::adjoint_parallel_pthread(void*) [with T = double][m[Kâ€™:
[0.546s] [01m[K/home/arian/Framework/src/framework/include/framework/base/adjoint_parallel.hpp:234:31:[m[K   required from â€˜[01m[Kvoid framework::base::adjoint_parallel<T>::execute_pthread(const std::vector<T>&, const std::vector<T>&, std::vector<T>&, const framework::settings&) [with T = double][m[Kâ€™
[0.546s] [01m[K/home/arian/Framework/src/framework/include/framework/base/adjoint_parallel.hpp:205:14:[m[K   required from here
[0.546s] [01m[K/home/arian/Framework/src/framework/include/framework/base/adjoint_parallel.hpp:82:24:[m[K [01;31m[Kerror: [m[Kno matching function for call to â€˜[01m[KgetCofactor(const std::vector<double, std::allocator<double> >&, const std::vector<double, std::allocator<double> >&, int&, int&, int&, int&)[m[Kâ€™
[0.547s]    82 |             [01;31m[KgetCofactor(iterators_->matrix_a, iterators_->matrix_b, i, j, iterators_->width, iterators_->width)[m[K;
[0.547s]       |             [01;31m[K~~~~~~~~~~~^~~~~~~~~~~~~~~~~~~~~~~~~~~~~~~~~~~~~~~~~~~~~~~~~~~~~~~~~~~~~~~~~~~~~~~~~~~~~~~~~~~~~~~~[m[K
[0.547s] [01m[K/home/arian/Framework/src/framework/include/framework/base/adjoint_parallel.hpp:22:6:[m[K [01;36m[Knote: [m[Kcandidate: â€˜[01m[Ktemplate<class T> void framework::base::getCofactor(std::vector<T>&, std::vector<T>&, int, int, int, int)[m[Kâ€™
[0.547s]    22 | void [01;36m[KgetCofactor[m[K(std::vector<T> & A, std::vector<T> & temp, int p, int q, int n, int width)
[0.547s]       |      [01;36m[K^~~~~~~~~~~[m[K
[0.547s] [01m[K/home/arian/Framework/src/framework/include/framework/base/adjoint_parallel.hpp:22:6:[m[K [01;36m[Knote: [m[K  template argument deduction/substitution failed:
[0.547s] [01m[K/home/arian/Framework/src/framework/include/framework/base/adjoint_parallel.hpp:82:24:[m[K [01;36m[Knote: [m[K  types â€˜[01m[Kstd::vector<T>[m[Kâ€™ and â€˜[01m[Kconst std::vector<double, std::allocator<double> >[m[Kâ€™ have incompatible cv-qualifiers
[0.547s]    82 |             [01;36m[KgetCofactor(iterators_->matrix_a, iterators_->matrix_b, i, j, iterators_->width, iterators_->width)[m[K;
[0.547s]       |             [01;36m[K~~~~~~~~~~~^~~~~~~~~~~~~~~~~~~~~~~~~~~~~~~~~~~~~~~~~~~~~~~~~~~~~~~~~~~~~~~~~~~~~~~~~~~~~~~~~~~~~~~~[m[K
[0.547s] [01m[K/home/arian/Framework/src/framework/include/framework/base/adjoint_parallel.hpp:84:82:[m[K [01;31m[Kerror: [m[Kno matching function for call to â€˜[01m[Kdeterminant(const std::vector<double, std::allocator<double> >&, int, int&, int&)[m[Kâ€™
[0.547s]    84 |             iterators_->matrix_c[j * iterators_->width + i] = (sign)*[01;31m[K(determinant(iterators_->matrix_b, iterators_->width - 1, iterators_->size, iterators_->width))[m[K;
[0.547s]       |                                                                      [01;31m[K~~~~~~~~~~~~^~~~~~~~~~~~~~~~~~~~~~~~~~~~~~~~~~~~~~~~~~~~~~~~~~~~~~~~~~~~~~~~~~~~~~~~~~~~~~~~~~~[m[K
[0.547s] [01m[K/home/arian/Framework/src/framework/include/framework/base/adjoint_parallel.hpp:45:3:[m[K [01;36m[Knote: [m[Kcandidate: â€˜[01m[Ktemplate<class T> T framework::base::determinant(std::vector<T>&, int, int, int)[m[Kâ€™
[0.547s]    45 | T [01;36m[Kdeterminant[m[K(std::vector<T> & A, int n, int size, int width)
[0.547s]       |   [01;36m[K^~~~~~~~~~~[m[K
[0.547s] [01m[K/home/arian/Framework/src/framework/include/framework/base/adjoint_parallel.hpp:45:3:[m[K [01;36m[Knote: [m[K  template argument deduction/substitution failed:
[0.547s] [01m[K/home/arian/Framework/src/framework/include/framework/base/adjoint_parallel.hpp:84:82:[m[K [01;36m[Knote: [m[K  types â€˜[01m[Kstd::vector<T>[m[Kâ€™ and â€˜[01m[Kconst std::vector<double, std::allocator<double> >[m[Kâ€™ have incompatible cv-qualifiers
[0.547s]    84 |             iterators_->matrix_c[j * iterators_->width + i] = (sign)*[01;36m[K(determinant(iterators_->matrix_b, iterators_->width - 1, iterators_->size, iterators_->width))[m[K;
[0.547s]       |                                                                      [01;36m[K~~~~~~~~~~~~^~~~~~~~~~~~~~~~~~~~~~~~~~~~~~~~~~~~~~~~~~~~~~~~~~~~~~~~~~~~~~~~~~~~~~~~~~~~~~~~~~~[m[K
[0.560s] make[2]: *** [CMakeFiles/main.dir/build.make:63: CMakeFiles/main.dir/src/main.cpp.o] Error 1
[0.560s] make[1]: *** [CMakeFiles/Makefile2:78: CMakeFiles/main.dir/all] Error 2
[0.561s] make: *** [Makefile:141: all] Error 2
[0.563s] Invoked command in '/home/arian/Framework/build/framework' returned '2': CMAKE_PREFIX_PATH=${CMAKE_PREFIX_PATH}:/home/arian/ros2_foxy/install/ros2bag:/home/arian/ros2_foxy/install/tracetools_launch:/home/arian/ros2_foxy/install/topic_monitor:/home/arian/ros2_foxy/install/examples_tf2_py:/home/arian/ros2_foxy/install/sros2:/home/arian/ros2_foxy/install/rqt_topic:/home/arian/ros2_foxy/install/rqt_reconfigure:/home/arian/ros2_foxy/install/rqt_action:/home/arian/ros2_foxy/install/rqt:/home/arian/ros2_foxy/install/rqt_graph:/home/arian/ros2_foxy/install/rqt_gui_py:/home/arian/ros2_foxy/install/rqt_gui:/home/arian/ros2_foxy/install/ros2trace:/home/arian/ros2_foxy/install/ros2topic:/home/arian/ros2_foxy/install/ros2test:/home/arian/ros2_foxy/install/ros2component:/home/arian/ros2_foxy/install/ros2param:/home/arian/ros2_foxy/install/ros2lifecycle:/home/arian/ros2_foxy/install/ros2service:/home/arian/ros2_foxy/install/ros2run:/home/arian/ros2_foxy/install/ros2launch:/home/arian/ros2_foxy/install/ros2pkg:/home/arian/ros2_foxy/install/ros2node:/home/arian/ros2_foxy/install/ros2multicast:/home/arian/ros2_foxy/install/ros2interface:/home/arian/ros2_foxy/install/ros2doctor:/home/arian/ros2_foxy/install/ros2action:/home/arian/ros2_foxy/install/ros2cli:/home/arian/ros2_foxy/install/quality_of_service_demo_py:/home/arian/ros2_foxy/install/launch_testing_ros:/home/arian/ros2_foxy/install/launch_ros:/home/arian/ros2_foxy/install/examples_rclpy_minimal_subscriber:/home/arian/ros2_foxy/install/examples_rclpy_minimal_service:/home/arian/ros2_foxy/install/examples_rclpy_minimal_publisher:/home/arian/ros2_foxy/install/examples_rclpy_minimal_client:/home/arian/ros2_foxy/install/examples_rclpy_minimal_action_server:/home/arian/ros2_foxy/install/examples_rclpy_minimal_action_client:/home/arian/ros2_foxy/install/examples_rclpy_executors:/home/arian/ros2_foxy/install/demo_nodes_py:/home/arian/ros2_foxy/install/action_tutorials_py:/home/arian/ros2_foxy/install/ament_uncrustify:/home/arian/ros2_foxy/install/tracetools_trace:/home/arian/ros2_foxy/install/tracetools_read:/home/arian/ros2_foxy/install/test_launch_ros:/home/arian/ros2_foxy/install/rpyutils:/home/arian/ros2_foxy/install/rosidl_runtime_py:/home/arian/ros2_foxy/install/launch_yaml:/home/arian/ros2_foxy/install/launch_xml:/home/arian/ros2_foxy/install/launch_testing:/home/arian/ros2_foxy/install/launch:/home/arian/ros2_foxy/install/osrf_pycommon:/home/arian/ros2_foxy/install/domain_coordinator:/home/arian/ros2_foxy/install/ament_xmllint:/home/arian/ros2_foxy/install/ament_pyflakes:/home/arian/ros2_foxy/install/ament_pycodestyle:/home/arian/ros2_foxy/install/ament_pep257:/home/arian/ros2_foxy/install/ament_pclint:/home/arian/ros2_foxy/install/ament_package:/home/arian/ros2_foxy/install/ament_mypy:/home/arian/ros2_foxy/install/ament_lint_cmake:/home/arian/ros2_foxy/install/ament_flake8:/home/arian/ros2_foxy/install/ament_copyright:/home/arian/ros2_foxy/install/ament_lint:/home/arian/ros2_foxy/install/ament_index_python:/home/arian/ros2_foxy/install/ament_cpplint:/home/arian/ros2_foxy/install/ament_cppcheck:/home/arian/ros2_foxy/install/ament_clang_tidy:/home/arian/ros2_foxy/install/ament_clang_format /usr/bin/cmake --build /home/arian/Framework/build/framework -- -j12 -l12
