[01m[K/home/arian/Desktop/someCandCppExamples/ROS2/dev_ws/src/cpp_pubsub/src/main.cpp:[m[K In member function â€˜[01m[Kvoid MinimalPublisher::timer_vector()[m[Kâ€™:
[01m[K/home/arian/Desktop/someCandCppExamples/ROS2/dev_ws/src/cpp_pubsub/src/main.cpp:66:13:[m[K [01;31m[Kerror: [m[Kâ€˜[01m[Kmessage[m[Kâ€™ was not declared in this scope
   66 |             [01;31m[Kmessage[m[K.data = 4;
      |             [01;31m[K^~~~~~~[m[K
[01m[K/home/arian/Desktop/someCandCppExamples/ROS2/dev_ws/src/cpp_pubsub/src/main.cpp:[m[K In member function â€˜[01m[Kvoid MinimalPublisher::timer_callback_parallel_affinity()[m[Kâ€™:
[01m[K/home/arian/Desktop/someCandCppExamples/ROS2/dev_ws/src/cpp_pubsub/src/main.cpp:105:21:[m[K [01;35m[Kwarning: [m[Kunused variable â€˜[01m[Kpolicy[m[Kâ€™ [[01;35m[K-Wunused-variable[m[K]
  105 |                 int [01;35m[Kpolicy[m[K;
      |                     [01;35m[K^~~~~~[m[K
make[2]: *** [CMakeFiles/talker.dir/build.make:63: CMakeFiles/talker.dir/src/main.cpp.o] Error 1
make[1]: *** [CMakeFiles/Makefile2:78: CMakeFiles/talker.dir/all] Error 2
make: *** [Makefile:141: all] Error 2
