[0.035s] Invoking command in '/home/arian/Framework/build/framework': CMAKE_PREFIX_PATH=${CMAKE_PREFIX_PATH}:/home/arian/ros2_foxy/install/ros2bag:/home/arian/ros2_foxy/install/tracetools_launch:/home/arian/ros2_foxy/install/topic_monitor:/home/arian/ros2_foxy/install/examples_tf2_py:/home/arian/ros2_foxy/install/sros2:/home/arian/ros2_foxy/install/rqt_topic:/home/arian/ros2_foxy/install/rqt_reconfigure:/home/arian/ros2_foxy/install/rqt_action:/home/arian/ros2_foxy/install/rqt:/home/arian/ros2_foxy/install/rqt_graph:/home/arian/ros2_foxy/install/rqt_gui_py:/home/arian/ros2_foxy/install/rqt_gui:/home/arian/ros2_foxy/install/ros2trace:/home/arian/ros2_foxy/install/ros2topic:/home/arian/ros2_foxy/install/ros2test:/home/arian/ros2_foxy/install/ros2component:/home/arian/ros2_foxy/install/ros2param:/home/arian/ros2_foxy/install/ros2lifecycle:/home/arian/ros2_foxy/install/ros2service:/home/arian/ros2_foxy/install/ros2run:/home/arian/ros2_foxy/install/ros2launch:/home/arian/ros2_foxy/install/ros2pkg:/home/arian/ros2_foxy/install/ros2node:/home/arian/ros2_foxy/install/ros2multicast:/home/arian/ros2_foxy/install/ros2interface:/home/arian/ros2_foxy/install/ros2doctor:/home/arian/ros2_foxy/install/ros2action:/home/arian/ros2_foxy/install/ros2cli:/home/arian/ros2_foxy/install/quality_of_service_demo_py:/home/arian/ros2_foxy/install/launch_testing_ros:/home/arian/ros2_foxy/install/launch_ros:/home/arian/ros2_foxy/install/examples_rclpy_minimal_subscriber:/home/arian/ros2_foxy/install/examples_rclpy_minimal_service:/home/arian/ros2_foxy/install/examples_rclpy_minimal_publisher:/home/arian/ros2_foxy/install/examples_rclpy_minimal_client:/home/arian/ros2_foxy/install/examples_rclpy_minimal_action_server:/home/arian/ros2_foxy/install/examples_rclpy_minimal_action_client:/home/arian/ros2_foxy/install/examples_rclpy_executors:/home/arian/ros2_foxy/install/demo_nodes_py:/home/arian/ros2_foxy/install/action_tutorials_py:/home/arian/ros2_foxy/install/ament_uncrustify:/home/arian/ros2_foxy/install/tracetools_trace:/home/arian/ros2_foxy/install/tracetools_read:/home/arian/ros2_foxy/install/test_launch_ros:/home/arian/ros2_foxy/install/rpyutils:/home/arian/ros2_foxy/install/rosidl_runtime_py:/home/arian/ros2_foxy/install/launch_yaml:/home/arian/ros2_foxy/install/launch_xml:/home/arian/ros2_foxy/install/launch_testing:/home/arian/ros2_foxy/install/launch:/home/arian/ros2_foxy/install/osrf_pycommon:/home/arian/ros2_foxy/install/domain_coordinator:/home/arian/ros2_foxy/install/ament_xmllint:/home/arian/ros2_foxy/install/ament_pyflakes:/home/arian/ros2_foxy/install/ament_pycodestyle:/home/arian/ros2_foxy/install/ament_pep257:/home/arian/ros2_foxy/install/ament_pclint:/home/arian/ros2_foxy/install/ament_package:/home/arian/ros2_foxy/install/ament_mypy:/home/arian/ros2_foxy/install/ament_lint_cmake:/home/arian/ros2_foxy/install/ament_flake8:/home/arian/ros2_foxy/install/ament_copyright:/home/arian/ros2_foxy/install/ament_lint:/home/arian/ros2_foxy/install/ament_index_python:/home/arian/ros2_foxy/install/ament_cpplint:/home/arian/ros2_foxy/install/ament_cppcheck:/home/arian/ros2_foxy/install/ament_clang_tidy:/home/arian/ros2_foxy/install/ament_clang_format /usr/bin/cmake --build /home/arian/Framework/build/framework -- -j12 -l12
[0.117s] [35m[1mScanning dependencies of target main[0m
[0.156s] [ 50%] [32mBuilding CXX object CMakeFiles/main.dir/src/main.cpp.o[0m
[1.231s] In file included from [01m[K/home/arian/Framework/src/framework/include/framework/multiply_parallel.hpp:10[m[K,
[1.231s]                  from [01m[K/home/arian/Framework/src/framework/src/main.cpp:7[m[K:
[1.231s] [01m[K/home/arian/Framework/src/framework/include/framework/types/matrix.hpp:[m[K In constructor â€˜[01m[Kframework::utilities::matrix::matrix(int**)[m[Kâ€™:
[1.231s] [01m[K/home/arian/Framework/src/framework/include/framework/types/matrix.hpp:14:26:[m[K [01;35m[Kwarning: [m[Kunused parameter â€˜[01m[Kmatrix[m[Kâ€™ [[01;35m[K-Wunused-parameter[m[K]
[1.231s]    14 |             matrix([01;35m[Kint** matrix[m[K)
[1.231s]       |                    [01;35m[K~~~~~~^~~~~~[m[K
[1.231s] In file included from [01m[K/home/arian/Framework/src/framework/src/main.cpp:7[m[K:
[1.231s] [01m[K/home/arian/Framework/src/framework/include/framework/multiply_parallel.hpp:[m[K At global scope:
[1.232s] [01m[K/home/arian/Framework/src/framework/include/framework/multiply_parallel.hpp:18:41:[m[K [01;31m[Kerror: [m[Kâ€˜[01m[Kframework::types[m[Kâ€™ has not been declared
[1.232s]    18 |             matrix_container(framework::[01;31m[Ktypes[m[K::matrix a, framework::types::matrix b, framework::types::matrix c) : a(a), b(b), c(c) {}
[1.232s]       |                                         [01;31m[K^~~~~[m[K
[1.232s] [01m[K/home/arian/Framework/src/framework/include/framework/multiply_parallel.hpp:18:54:[m[K [01;31m[Kerror: [m[Kexpected â€˜[01m[K)[m[Kâ€™ before â€˜[01m[Ka[m[Kâ€™
[1.232s]    18 |             matrix_container[34m[K([m[Kframework::types::matrix[01;31m[K [m[K[32m[Ka[m[K, framework::types::matrix b, framework::types::matrix c) : a(a), b(b), c(c) {}
[1.232s]       |                             [34m[K~[m[K                        [01;31m[K^[m[K[32m[K~[m[K
[1.232s]       |                                                      [32m[K)[m[K
[1.232s] In file included from [01m[K/home/arian/Framework/src/framework/src/main.cpp:7[m[K:
[1.232s] [01m[K/home/arian/Framework/src/framework/include/framework/multiply_parallel.hpp:20:24:[m[K [01;31m[Kerror: [m[Kâ€˜[01m[Ktypes[m[Kâ€™ in namespace â€˜[01m[Kframework[m[Kâ€™ does not name a type
[1.232s]    20 |             framework::[01;31m[Ktypes[m[K::matrix a;
[1.232s]       |                        [01;31m[K^~~~~[m[K
[1.232s] [01m[K/home/arian/Framework/src/framework/include/framework/multiply_parallel.hpp:21:24:[m[K [01;31m[Kerror: [m[Kâ€˜[01m[Ktypes[m[Kâ€™ in namespace â€˜[01m[Kframework[m[Kâ€™ does not name a type
[1.233s]    21 |             framework::[01;31m[Ktypes[m[K::matrix b;
[1.233s]       |                        [01;31m[K^~~~~[m[K
[1.233s] [01m[K/home/arian/Framework/src/framework/include/framework/multiply_parallel.hpp:22:24:[m[K [01;31m[Kerror: [m[Kâ€˜[01m[Ktypes[m[Kâ€™ in namespace â€˜[01m[Kframework[m[Kâ€™ does not name a type
[1.233s]    22 |             framework::[01;31m[Ktypes[m[K::matrix c;
[1.233s]       |                        [01;31m[K^~~~~[m[K
[1.233s] [01m[K/home/arian/Framework/src/framework/include/framework/multiply_parallel.hpp:[m[K In function â€˜[01m[Kvoid* framework::matrix_utilities::parallel_multiply_pthread_2(void*)[m[Kâ€™:
[1.233s] [01m[K/home/arian/Framework/src/framework/include/framework/multiply_parallel.hpp:34:53:[m[K [01;35m[Kwarning: [m[Kunused variable â€˜[01m[Kmatrices[m[Kâ€™ [[01;35m[K-Wunused-variable[m[K]
[1.233s]    34 |             framework::container::matrix_container* [01;35m[Kmatrices[m[K = (framework::container::matrix_container*)container;
[1.233s]       |                                                     [01;35m[K^~~~~~~~[m[K
[1.233s] [01m[K/home/arian/Framework/src/framework/include/framework/multiply_parallel.hpp:[m[K At global scope:
[1.233s] [01m[K/home/arian/Framework/src/framework/include/framework/multiply_parallel.hpp:68:28:[m[K [01;31m[Kerror: [m[Kâ€˜[01m[Kframework::types[m[Kâ€™ has not been declared
[1.233s]    68 |                 framework::[01;31m[Ktypes[m[K::matrix a,
[1.233s]       |                            [01;31m[K^~~~~[m[K
[1.233s] [01m[K/home/arian/Framework/src/framework/include/framework/multiply_parallel.hpp:68:41:[m[K [01;31m[Kerror: [m[Kexpected â€˜[01m[K)[m[Kâ€™ before â€˜[01m[Ka[m[Kâ€™
[1.233s]    68 |                 framework::types::matrix[01;31m[K [m[K[32m[Ka[m[K,
[1.233s]       |                                         [01;31m[K^[m[K[32m[K~[m[K
[1.233s]       |                                         [32m[K)[m[K
[1.233s] [01m[K/home/arian/Framework/src/framework/include/framework/multiply_parallel.hpp:67:37:[m[K [01;36m[Knote: [m[Kto match this â€˜[01m[K([m[Kâ€™
[1.234s]    67 |             matrix_multiply_parallel[01;36m[K([m[K
[1.234s]       |                                     [01;36m[K^[m[K
[1.234s] [01m[K/home/arian/Framework/src/framework/include/framework/multiply_parallel.hpp:100:24:[m[K [01;31m[Kerror: [m[Kâ€˜[01m[Ktypes[m[Kâ€™ in namespace â€˜[01m[Kframework[m[Kâ€™ does not name a type
[1.234s]   100 |             framework::[01;31m[Ktypes[m[K::matrix matrix_a;
[1.234s]       |                        [01;31m[K^~~~~[m[K
[1.234s] [01m[K/home/arian/Framework/src/framework/include/framework/multiply_parallel.hpp:101:24:[m[K [01;31m[Kerror: [m[Kâ€˜[01m[Ktypes[m[Kâ€™ in namespace â€˜[01m[Kframework[m[Kâ€™ does not name a type
[1.234s]   101 |             framework::[01;31m[Ktypes[m[K::matrix matrix_b;
[1.234s]       |                        [01;31m[K^~~~~[m[K
[1.234s] [01m[K/home/arian/Framework/src/framework/include/framework/multiply_parallel.hpp:102:24:[m[K [01;31m[Kerror: [m[Kâ€˜[01m[Ktypes[m[Kâ€™ in namespace â€˜[01m[Kframework[m[Kâ€™ does not name a type
[1.234s]   102 |             framework::[01;31m[Ktypes[m[K::matrix matrix_c;
[1.234s]       |                        [01;31m[K^~~~~[m[K
[1.234s] [01m[K/home/arian/Framework/src/framework/include/framework/multiply_parallel.hpp:[m[K In member function â€˜[01m[Kvoid framework::matrix_multiply_parallel::execute()[m[Kâ€™:
[1.234s] [01m[K/home/arian/Framework/src/framework/include/framework/multiply_parallel.hpp:78:111:[m[K [01;31m[Kerror: [m[Kâ€˜[01m[Kmatrix_a[m[Kâ€™ was not declared in this scope
[1.235s]    78 |                 framework::container::matrix_container* matrices = new framework::container::matrix_container([01;31m[Kmatrix_a[m[K, matrix_b, matrix_c);
[1.235s]       |                                                                                                               [01;31m[K^~~~~~~~[m[K
[1.235s] [01m[K/home/arian/Framework/src/framework/include/framework/multiply_parallel.hpp:78:121:[m[K [01;31m[Kerror: [m[Kâ€˜[01m[Kmatrix_b[m[Kâ€™ was not declared in this scope
[1.235s]    78 |                 framework::container::matrix_container* matrices = new framework::container::matrix_container(matrix_a, [01;31m[Kmatrix_b[m[K, matrix_c);
[1.235s]       |                                                                                                                         [01;31m[K^~~~~~~~[m[K
[1.237s] [01m[K/home/arian/Framework/src/framework/include/framework/multiply_parallel.hpp:78:131:[m[K [01;31m[Kerror: [m[Kâ€˜[01m[Kmatrix_c[m[Kâ€™ was not declared in this scope
[1.237s]    78 |                 framework::container::matrix_container* matrices = new framework::container::matrix_container(matrix_a, matrix_b, [01;31m[Kmatrix_c[m[K);
[1.237s]       |                                                                                                                                   [01;31m[K^~~~~~~~[m[K
[1.237s] [01m[K/home/arian/Framework/src/framework/include/framework/multiply_parallel.hpp:78:139:[m[K [01;31m[Kerror: [m[Knew initializer expression list treated as compound expression [[01;31m[K-fpermissive[m[K]
[1.237s]    78 |                 framework::container::matrix_container* matrices = new framework::container::matrix_container(matrix_a, matrix_b, matrix_c[01;31m[K)[m[K;
[1.237s]       |                                                                                                                                           [01;31m[K^[m[K
[1.237s] [01m[K/home/arian/Framework/src/framework/src/main.cpp:[m[K In function â€˜[01m[Kint main()[m[Kâ€™:
[1.237s] [01m[K/home/arian/Framework/src/framework/src/main.cpp:27:67:[m[K [01;31m[Kerror: [m[Kno matching function for call to â€˜[01m[Kframework::matrix_multiply_parallel::matrix_multiply_parallel(framework::utilities::matrix&, framework::utilities::matrix&)[m[Kâ€™
[1.238s]    27 |    auto b = framework::matrix_multiply_parallel(matrix_a, matrix_a[01;31m[K)[m[K;
[1.238s]       |                                                                   [01;31m[K^[m[K
[1.238s] In file included from [01m[K/home/arian/Framework/src/framework/src/main.cpp:7[m[K:
[1.238s] [01m[K/home/arian/Framework/src/framework/include/framework/multiply_parallel.hpp:62:11:[m[K [01;36m[Knote: [m[Kcandidate: â€˜[01m[Kconstexpr framework::matrix_multiply_parallel::matrix_multiply_parallel(const framework::matrix_multiply_parallel&)[m[Kâ€™
[1.238s]    62 |     class [01;36m[Kmatrix_multiply_parallel[m[K
[1.238s]       |           [01;36m[K^~~~~~~~~~~~~~~~~~~~~~~~[m[K
[1.238s] [01m[K/home/arian/Framework/src/framework/include/framework/multiply_parallel.hpp:62:11:[m[K [01;36m[Knote: [m[K  candidate expects 1 argument, 2 provided
[1.238s] [01m[K/home/arian/Framework/src/framework/include/framework/multiply_parallel.hpp:62:11:[m[K [01;36m[Knote: [m[Kcandidate: â€˜[01m[Kconstexpr framework::matrix_multiply_parallel::matrix_multiply_parallel(framework::matrix_multiply_parallel&&)[m[Kâ€™
[1.238s] [01m[K/home/arian/Framework/src/framework/include/framework/multiply_parallel.hpp:62:11:[m[K [01;36m[Knote: [m[K  candidate expects 1 argument, 2 provided
[1.536s] make[2]: *** [CMakeFiles/main.dir/build.make:63: CMakeFiles/main.dir/src/main.cpp.o] Error 1
[1.537s] make[1]: *** [CMakeFiles/Makefile2:78: CMakeFiles/main.dir/all] Error 2
[1.537s] make: *** [Makefile:141: all] Error 2
[1.539s] Invoked command in '/home/arian/Framework/build/framework' returned '2': CMAKE_PREFIX_PATH=${CMAKE_PREFIX_PATH}:/home/arian/ros2_foxy/install/ros2bag:/home/arian/ros2_foxy/install/tracetools_launch:/home/arian/ros2_foxy/install/topic_monitor:/home/arian/ros2_foxy/install/examples_tf2_py:/home/arian/ros2_foxy/install/sros2:/home/arian/ros2_foxy/install/rqt_topic:/home/arian/ros2_foxy/install/rqt_reconfigure:/home/arian/ros2_foxy/install/rqt_action:/home/arian/ros2_foxy/install/rqt:/home/arian/ros2_foxy/install/rqt_graph:/home/arian/ros2_foxy/install/rqt_gui_py:/home/arian/ros2_foxy/install/rqt_gui:/home/arian/ros2_foxy/install/ros2trace:/home/arian/ros2_foxy/install/ros2topic:/home/arian/ros2_foxy/install/ros2test:/home/arian/ros2_foxy/install/ros2component:/home/arian/ros2_foxy/install/ros2param:/home/arian/ros2_foxy/install/ros2lifecycle:/home/arian/ros2_foxy/install/ros2service:/home/arian/ros2_foxy/install/ros2run:/home/arian/ros2_foxy/install/ros2launch:/home/arian/ros2_foxy/install/ros2pkg:/home/arian/ros2_foxy/install/ros2node:/home/arian/ros2_foxy/install/ros2multicast:/home/arian/ros2_foxy/install/ros2interface:/home/arian/ros2_foxy/install/ros2doctor:/home/arian/ros2_foxy/install/ros2action:/home/arian/ros2_foxy/install/ros2cli:/home/arian/ros2_foxy/install/quality_of_service_demo_py:/home/arian/ros2_foxy/install/launch_testing_ros:/home/arian/ros2_foxy/install/launch_ros:/home/arian/ros2_foxy/install/examples_rclpy_minimal_subscriber:/home/arian/ros2_foxy/install/examples_rclpy_minimal_service:/home/arian/ros2_foxy/install/examples_rclpy_minimal_publisher:/home/arian/ros2_foxy/install/examples_rclpy_minimal_client:/home/arian/ros2_foxy/install/examples_rclpy_minimal_action_server:/home/arian/ros2_foxy/install/examples_rclpy_minimal_action_client:/home/arian/ros2_foxy/install/examples_rclpy_executors:/home/arian/ros2_foxy/install/demo_nodes_py:/home/arian/ros2_foxy/install/action_tutorials_py:/home/arian/ros2_foxy/install/ament_uncrustify:/home/arian/ros2_foxy/install/tracetools_trace:/home/arian/ros2_foxy/install/tracetools_read:/home/arian/ros2_foxy/install/test_launch_ros:/home/arian/ros2_foxy/install/rpyutils:/home/arian/ros2_foxy/install/rosidl_runtime_py:/home/arian/ros2_foxy/install/launch_yaml:/home/arian/ros2_foxy/install/launch_xml:/home/arian/ros2_foxy/install/launch_testing:/home/arian/ros2_foxy/install/launch:/home/arian/ros2_foxy/install/osrf_pycommon:/home/arian/ros2_foxy/install/domain_coordinator:/home/arian/ros2_foxy/install/ament_xmllint:/home/arian/ros2_foxy/install/ament_pyflakes:/home/arian/ros2_foxy/install/ament_pycodestyle:/home/arian/ros2_foxy/install/ament_pep257:/home/arian/ros2_foxy/install/ament_pclint:/home/arian/ros2_foxy/install/ament_package:/home/arian/ros2_foxy/install/ament_mypy:/home/arian/ros2_foxy/install/ament_lint_cmake:/home/arian/ros2_foxy/install/ament_flake8:/home/arian/ros2_foxy/install/ament_copyright:/home/arian/ros2_foxy/install/ament_lint:/home/arian/ros2_foxy/install/ament_index_python:/home/arian/ros2_foxy/install/ament_cpplint:/home/arian/ros2_foxy/install/ament_cppcheck:/home/arian/ros2_foxy/install/ament_clang_tidy:/home/arian/ros2_foxy/install/ament_clang_format /usr/bin/cmake --build /home/arian/Framework/build/framework -- -j12 -l12
