[01m[K/home/arian/Framework/src/framework/src/main.cpp:12:40:[m[K [01;31m[Kerror: [m[Kexpected â€˜[01m[K)[m[Kâ€™ before â€˜[01m[Ka[m[Kâ€™
   12 | int print[34m[K([m[Kstd::array<T, size>::iterator[01;31m[K [m[K[32m[Ka[m[K)
      |          [34m[K~[m[K                             [01;31m[K^[m[K[32m[K~[m[K
      |                                        [32m[K)[m[K
[01m[K/home/arian/Framework/src/framework/src/main.cpp:12:43:[m[K [01;31m[Kerror: [m[Kexpected â€˜[01m[K;[m[Kâ€™ before â€˜[01m[K{[m[Kâ€™ token
   12 | int print(std::array<T, size>::iterator a)
      |                                           [01;31m[K^[m[K
      |                                           [32m[K;[m[K
   13 | [32m[K{[m[K
      | [32m[K~[m[K                                          
[01m[K/home/arian/Framework/src/framework/src/main.cpp:[m[K In function â€˜[01m[Kint main()[m[Kâ€™:
[01m[K/home/arian/Framework/src/framework/src/main.cpp:50:3:[m[K [01;31m[Kerror: [m[Kwrong number of template arguments (0, should be 2)
   50 |   [01;31m[Kprint<>[m[K(a.begin());
      |   [01;31m[K^~~~~~~[m[K
[01m[K/home/arian/Framework/src/framework/src/main.cpp:12:5:[m[K [01;36m[Knote: [m[Kprovided for â€˜[01m[Ktemplate<class T, int size> int print<T, size>[m[Kâ€™
   12 | int [01;36m[Kprint[m[K(std::array<T, size>::iterator a)
      |     [01;36m[K^~~~~[m[K
[01m[K/home/arian/Framework/src/framework/src/main.cpp:48:45:[m[K [01;35m[Kwarning: [m[Kunused variable â€˜[01m[Kit[m[Kâ€™ [[01;35m[K-Wunused-variable[m[K]
   48 |   std::array<int, std::size_t(5)>::iterator [01;35m[Kit[m[K = a.begin();
      |                                             [01;35m[K^~[m[K
make[2]: *** [CMakeFiles/main.dir/build.make:63: CMakeFiles/main.dir/src/main.cpp.o] Error 1
make[1]: *** [CMakeFiles/Makefile2:78: CMakeFiles/main.dir/all] Error 2
make: *** [Makefile:141: all] Error 2
