[35m[1mScanning dependencies of target main[0m
[ 50%] [32mBuilding CXX object CMakeFiles/main.dir/src/main.cpp.o[0m
[01m[K/home/arian/Framework/src/framework/src/main.cpp:22:7:[m[K [01;31m[Kerror: [m[Kexpected nested-name-specifier before â€˜[01m[KArian[m[Kâ€™
   22 | using [01;31m[KArian[m[K() = Arian_();
      |       [01;31m[K^~~~~[m[K
[01m[K/home/arian/Framework/src/framework/src/main.cpp:[m[K In function â€˜[01m[Kint main(int, const char**)[m[Kâ€™:
[01m[K/home/arian/Framework/src/framework/src/main.cpp:53:5:[m[K [01;31m[Kerror: [m[Kâ€˜[01m[KArian[m[Kâ€™ was not declared in this scope; did you mean â€˜[01m[KArian_[m[Kâ€™?
   53 |     [01;31m[KArian[m[K a();
      |     [01;31m[K^~~~~[m[K
      |     [32m[KArian_[m[K
[01m[K/home/arian/Framework/src/framework/src/main.cpp:25:14:[m[K [01;35m[Kwarning: [m[Kunused parameter â€˜[01m[Kargc[m[Kâ€™ [[01;35m[K-Wunused-parameter[m[K]
   25 | int main([01;35m[Kint argc[m[K, const char ** argv)
      |          [01;35m[K~~~~^~~~[m[K
[01m[K/home/arian/Framework/src/framework/src/main.cpp:25:34:[m[K [01;35m[Kwarning: [m[Kunused parameter â€˜[01m[Kargv[m[Kâ€™ [[01;35m[K-Wunused-parameter[m[K]
   25 | int main(int argc, [01;35m[Kconst char ** argv[m[K)
      |                    [01;35m[K~~~~~~~~~~~~~~^~~~[m[K
make[2]: *** [CMakeFiles/main.dir/build.make:63: CMakeFiles/main.dir/src/main.cpp.o] Error 1
make[1]: *** [CMakeFiles/Makefile2:78: CMakeFiles/main.dir/all] Error 2
make: *** [Makefile:141: all] Error 2
