[0.037s] Invoking command in '/home/arian/Desktop/someCandCppExamples/ROS2/dev_ws/build/cpp_pubsub': AMENT_PREFIX_PATH=/home/arian/Desktop/someCandCppExamples/ROS2/dev_ws/install/tutorial_interfaces:${AMENT_PREFIX_PATH} CMAKE_PREFIX_PATH=/home/arian/Desktop/someCandCppExamples/ROS2/dev_ws/install/tutorial_interfaces:/home/arian/ros2_foxy/install/rosbag2:/home/arian/ros2_foxy/install/rosbag2_transport:/home/arian/ros2_foxy/install/rosbag2_compression:/home/arian/ros2_foxy/install/zstd_vendor:/home/arian/ros2_foxy/install/rviz_visual_testing_framework:/home/arian/ros2_foxy/install/rviz2:/home/arian/ros2_foxy/install/rviz_default_plugins:/home/arian/ros2_foxy/install/rviz_common:/home/arian/ros2_foxy/install/rosbag2_storage_default_plugins:/home/arian/ros2_foxy/install/rosbag2_converter_default_plugins:/home/arian/ros2_foxy/install/rosbag2_cpp:/home/arian/ros2_foxy/install/rosbag2_storage:/home/arian/ros2_foxy/install/yaml_cpp_vendor:/home/arian/ros2_foxy/install/ros1_bridge:/home/arian/ros2_foxy/install/interactive_markers:/home/arian/ros2_foxy/install/common_interfaces:/home/arian/ros2_foxy/install/visualization_msgs:/home/arian/ros2_foxy/install/dummy_robot_bringup:/home/arian/ros2_foxy/install/robot_state_publisher:/home/arian/ros2_foxy/install/kdl_parser:/home/arian/ros2_foxy/install/urdf:/home/arian/ros2_foxy/install/urdfdom:/home/arian/ros2_foxy/install/urdfdom_headers:/home/arian/ros2_foxy/install/turtlesim:/home/arian/ros2_foxy/install/geometry2:/home/arian/ros2_foxy/install/tf2_tools:/home/arian/ros2_foxy/install/tf2_sensor_msgs:/home/arian/ros2_foxy/install/test_tf2:/home/arian/ros2_foxy/install/tf2_kdl:/home/arian/ros2_foxy/install/tf2_geometry_msgs:/home/arian/ros2_foxy/install/tf2_eigen:/home/arian/ros2_foxy/install/tf2_bullet:/home/arian/ros2_foxy/install/tf2_ros:/home/arian/ros2_foxy/install/tf2_py:/home/arian/ros2_foxy/install/tf2_msgs:/home/arian/ros2_foxy/install/test_msgs:/home/arian/ros2_foxy/install/sros2_cmake:/home/arian/ros2_foxy/install/ros2cli_common_extensions:/home/arian/ros2_foxy/install/rqt_top:/home/arian/ros2_foxy/install/rqt_srv:/home/arian/ros2_foxy/install/rqt_shell:/home/arian/ros2_foxy/install/rqt_service_caller:/home/arian/ros2_foxy/install/rqt_py_console:/home/arian/ros2_foxy/install/rqt_publisher:/home/arian/ros2_foxy/install/rqt_plot:/home/arian/ros2_foxy/install/rqt_msg:/home/arian/ros2_foxy/install/rqt_console:/home/arian/ros2_foxy/install/rqt_py_common:/home/arian/ros2_foxy/install/ros_testing:/home/arian/ros2_foxy/install/quality_of_service_demo_cpp:/home/arian/ros2_foxy/install/demo_nodes_cpp:/home/arian/ros2_foxy/install/composition:/home/arian/ros2_foxy/install/rclpy:/home/arian/ros2_foxy/install/examples_rclcpp_minimal_action_server:/home/arian/ros2_foxy/install/examples_rclcpp_minimal_action_client:/home/arian/ros2_foxy/install/action_tutorials_cpp:/home/arian/ros2_foxy/install/rclcpp_action:/home/arian/ros2_foxy/install/rcl_action:/home/arian/ros2_foxy/install/move_base_msgs:/home/arian/ros2_foxy/install/examples_rclcpp_minimal_service:/home/arian/ros2_foxy/install/examples_rclcpp_minimal_client:/home/arian/ros2_foxy/install/example_interfaces:/home/arian/ros2_foxy/install/action_tutorials_interfaces:/home/arian/ros2_foxy/install/action_msgs:/home/arian/ros2_foxy/install/unique_identifier_msgs:/home/arian/ros2_foxy/install/ament_lint_common:/home/arian/ros2_foxy/install/ament_cmake_uncrustify:/home/arian/ros2_foxy/install/uncrustify_vendor:/home/arian/ros2_foxy/install/trajectory_msgs:/home/arian/ros2_foxy/install/tracetools_test:/home/arian/ros2_foxy/install/pendulum_control:/home/arian/ros2_foxy/install/tlsf_cpp:/home/arian/ros2_foxy/install/rqt_gui_cpp:/home/arian/ros2_foxy/install/rosbag2_test_common:/home/arian/ros2_foxy/install/ros2lifecycle_test_fixtures:/home/arian/ros2_foxy/install/lifecycle:/home/arian/ros2_foxy/install/rclcpp_lifecycle:/home/arian/ros2_foxy/install/logging_demo:/home/arian/ros2_foxy/install/image_tools:/home/arian/ros2_foxy/install/examples_rclcpp_minimal_composition:/home/arian/ros2_foxy/install/demo_nodes_cpp_native:/home/arian/ros2_foxy/install/rclcpp_components:/home/arian/ros2_foxy/install/laser_geometry:/home/arian/ros2_foxy/install/intra_process_demo:/home/arian/ros2_foxy/install/examples_rclcpp_multithreaded_executor:/home/arian/ros2_foxy/install/examples_rclcpp_minimal_timer:/home/arian/ros2_foxy/install/examples_rclcpp_minimal_subscriber:/home/arian/ros2_foxy/install/examples_rclcpp_minimal_publisher:/home/arian/ros2_foxy/install/dummy_sensors:/home/arian/ros2_foxy/install/dummy_map_server:/home/arian/ros2_foxy/install/rclcpp:/home/arian/ros2_foxy/install/rcl_lifecycle:/home/arian/ros2_foxy/install/libstatistics_collector:/home/arian/ros2_foxy/install/rcl:/home/arian/ros2_foxy/install/tracetools:/home/arian/ros2_foxy/install/tlsf:/home/arian/ros2_foxy/install/tinyxml_vendor:/home/arian/ros2_foxy/install/qt_gui_core:/home/arian/ros2_foxy/install/qt_gui_cpp:/home/arian/ros2_foxy/install/pluginlib:/home/arian/ros2_foxy/install/tinyxml2_vendor:/home/arian/ros2_foxy/install/tf2:/home/arian/ros2_foxy/install/test_security:/home/arian/ros2_foxy/install/test_rclcpp:/home/arian/ros2_foxy/install/test_quality_of_service:/home/arian/ros2_foxy/install/test_launch_testing:/home/arian/ros2_foxy/install/test_interface_files:/home/arian/ros2_foxy/install/test_communication:/home/arian/ros2_foxy/install/test_cli_remapping:/home/arian/ros2_foxy/install/test_cli:/home/arian/ros2_foxy/install/qt_gui_app:/home/arian/ros2_foxy/install/qt_gui:/home/arian/ros2_foxy/install/tango_icons_vendor:/home/arian/ros2_foxy/install/stereo_msgs:/home/arian/ros2_foxy/install/std_srvs:/home/arian/ros2_foxy/install/shape_msgs:/home/arian/ros2_foxy/install/map_msgs:/home/arian/ros2_foxy/install/sensor_msgs:/home/arian/ros2_foxy/install/nav_msgs:/home/arian/ros2_foxy/install/diagnostic_msgs:/home/arian/ros2_foxy/install/geometry_msgs:/home/arian/ros2_foxy/install/actionlib_msgs:/home/arian/ros2_foxy/install/std_msgs:/home/arian/ros2_foxy/install/statistics_msgs:/home/arian/ros2_foxy/install/sqlite3_vendor:/home/arian/ros2_foxy/install/rcl_logging_spdlog:/home/arian/ros2_foxy/install/spdlog_vendor:/home/arian/ros2_foxy/install/shared_queues_vendor:/home/arian/ros2_foxy/install/rviz_rendering_tests:/home/arian/ros2_foxy/install/rviz_rendering:/home/arian/ros2_foxy/install/rviz_ogre_vendor:/home/arian/ros2_foxy/install/rviz_assimp_vendor:/home/arian/ros2_foxy/install/rttest:/home/arian/ros2_foxy/install/rosgraph_msgs:/home/arian/ros2_foxy/install/rmw_implementation:/home/arian/ros2_foxy/install/rmw_fastrtps_dynamic_cpp:/home/arian/ros2_foxy/install/rmw_fastrtps_cpp:/home/arian/ros2_foxy/install/rmw_fastrtps_shared_cpp:/home/arian/ros2_foxy/install/rmw_cyclonedds_cpp:/home/arian/ros2_foxy/install/rmw_dds_common:/home/arian/ros2_foxy/install/composition_interfaces:/home/arian/ros2_foxy/install/rcl_interfaces:/home/arian/ros2_foxy/install/pendulum_msgs:/home/arian/ros2_foxy/install/lifecycle_msgs:/home/arian/ros2_foxy/install/builtin_interfaces:/home/arian/ros2_foxy/install/rosidl_default_runtime:/home/arian/ros2_foxy/install/rosidl_default_generators:/home/arian/ros2_foxy/install/rosidl_generator_py:/home/arian/ros2_foxy/install/rosidl_typesupport_cpp:/home/arian/ros2_foxy/install/rosidl_typesupport_introspection_cpp:/home/arian/ros2_foxy/install/rosidl_typesupport_c:/home/arian/ros2_foxy/install/rosidl_typesupport_introspection_c:/home/arian/ros2_foxy/install/rosidl_typesupport_fastrtps_c:/home/arian/ros2_foxy/install/rosidl_typesupport_fastrtps_cpp:/home/arian/ros2_foxy/install/rmw_connext_cpp:/home/arian/ros2_foxy/install/rosidl_typesupport_connext_c:/home/arian/ros2_foxy/install/rosidl_typesupport_connext_cpp:/home/arian/ros2_foxy/install/rmw:/home/arian/ros2_foxy/install/rosidl_runtime_c:/home/arian/ros2_foxy/install/rosidl_generator_cpp:/home/arian/ros2_foxy/install/rosidl_generator_c:/home/arian/ros2_foxy/install/rosidl_typesupport_interface:/home/arian/ros2_foxy/install/rosidl_runtime_cpp:/home/arian/ros2_foxy/install/rosidl_generator_dds_idl:/home/arian/ros2_foxy/install/rosidl_cmake:/home/arian/ros2_foxy/install/rosidl_parser:/home/arian/ros2_foxy/install/rosidl_adapter:/home/arian/ros2_foxy/install/rosbag2_tests:/home/arian/ros2_foxy/install/ros_environment:/home/arian/ros2_foxy/install/rmw_implementation_cmake:/home/arian/ros2_foxy/install/rmw_connext_shared_cpp:/home/arian/ros2_foxy/install/resource_retriever:/home/arian/ros2_foxy/install/class_loader:/home/arian/ros2_foxy/install/rcpputils:/home/arian/ros2_foxy/install/rcl_logging_noop:/home/arian/ros2_foxy/install/rcl_logging_log4cxx:/home/arian/ros2_foxy/install/rcutils:/home/arian/ros2_foxy/install/rcl_yaml_param_parser:/home/arian/ros2_foxy/install/qt_gui_py_common:/home/arian/ros2_foxy/install/qt_dotgraph:/home/arian/ros2_foxy/install/python_qt_binding:/home/arian/ros2_foxy/install/launch_testing_ament_cmake:/home/arian/ros2_foxy/install/python_cmake_module:/home/arian/ros2_foxy/install/performance_test_fixture:/home/arian/ros2_foxy/install/osrf_testing_tools_cpp:/home/arian/ros2_foxy/install/orocos_kdl:/home/arian/ros2_foxy/install/mimick_vendor:/home/arian/ros2_foxy/install/message_filters:/home/arian/ros2_foxy/install/libyaml_vendor:/home/arian/ros2_foxy/install/libcurl_vendor:/home/arian/ros2_foxy/install/ament_cmake_ros:/home/arian/ros2_foxy/install/ament_cmake_gmock:/home/arian/ros2_foxy/install/gmock_vendor:/home/arian/ros2_foxy/install/ament_cmake_gtest:/home/arian/ros2_foxy/install/gtest_vendor:/home/arian/ros2_foxy/install/ament_cmake_google_benchmark:/home/arian/ros2_foxy/install/google_benchmark_vendor:/home/arian/ros2_foxy/install/fastrtps:/home/arian/ros2_foxy/install/foonathan_memory_vendor:/home/arian/ros2_foxy/install/fastrtps_cmake_module:/home/arian/ros2_foxy/install/fastcdr:/home/arian/ros2_foxy/install/eigen3_cmake_module:/home/arian/ros2_foxy/install/cyclonedds:/home/arian/ros2_foxy/install/console_bridge_vendor:/home/arian/ros2_foxy/install/connext_cmake_module:/home/arian/ros2_foxy/install/ament_cmake_xmllint:/home/arian/ros2_foxy/install/ament_cmake_pyflakes:/home/arian/ros2_foxy/install/ament_cmake_pycodestyle:/home/arian/ros2_foxy/install/ament_cmake_pep257:/home/arian/ros2_foxy/install/ament_cmake_pclint:/home/arian/ros2_foxy/install/ament_lint_auto:/home/arian/ros2_foxy/install/ament_cmake_auto:/home/arian/ros2_foxy/install/ament_cmake:/home/arian/ros2_foxy/install/ament_cmake_version:/home/arian/ros2_foxy/install/ament_cmake_pytest:/home/arian/ros2_foxy/install/ament_cmake_nose:/home/arian/ros2_foxy/install/ament_cmake_mypy:/home/arian/ros2_foxy/install/ament_cmake_lint_cmake:/home/arian/ros2_foxy/install/ament_cmake_flake8:/home/arian/ros2_foxy/install/ament_cmake_cpplint:/home/arian/ros2_foxy/install/ament_cmake_cppcheck:/home/arian/ros2_foxy/install/ament_cmake_copyright:/home/arian/ros2_foxy/install/ament_cmake_clang_tidy:/home/arian/ros2_foxy/install/ament_cmake_clang_format:/home/arian/ros2_foxy/install/ament_cmake_test:/home/arian/ros2_foxy/install/ament_cmake_target_dependencies:/home/arian/ros2_foxy/install/ament_cmake_python:/home/arian/ros2_foxy/install/ament_cmake_export_dependencies:/home/arian/ros2_foxy/install/ament_cmake_libraries:/home/arian/ros2_foxy/install/ament_cmake_include_directories:/home/arian/ros2_foxy/install/ament_cmake_export_targets:/home/arian/ros2_foxy/install/ament_cmake_export_link_flags:/home/arian/ros2_foxy/install/ament_cmake_export_interfaces:/home/arian/ros2_foxy/install/ament_cmake_export_libraries:/home/arian/ros2_foxy/install/ament_cmake_export_include_directories:/home/arian/ros2_foxy/install/ament_cmake_export_definitions:/home/arian/ros2_foxy/install/ament_cmake_core:/home/arian/ros2_foxy/install/ament_index_cpp:/home/arian/ros2_foxy/install/ros2bag:/home/arian/ros2_foxy/install/tracetools_launch:/home/arian/ros2_foxy/install/topic_monitor:/home/arian/ros2_foxy/install/examples_tf2_py:/home/arian/ros2_foxy/install/sros2:/home/arian/ros2_foxy/install/rqt_topic:/home/arian/ros2_foxy/install/rqt_reconfigure:/home/arian/ros2_foxy/install/rqt_action:/home/arian/ros2_foxy/install/rqt:/home/arian/ros2_foxy/install/rqt_graph:/home/arian/ros2_foxy/install/rqt_gui_py:/home/arian/ros2_foxy/install/rqt_gui:/home/arian/ros2_foxy/install/ros2trace:/home/arian/ros2_foxy/install/ros2topic:/home/arian/ros2_foxy/install/ros2test:/home/arian/ros2_foxy/install/ros2component:/home/arian/ros2_foxy/install/ros2param:/home/arian/ros2_foxy/install/ros2lifecycle:/home/arian/ros2_foxy/install/ros2service:/home/arian/ros2_foxy/install/ros2run:/home/arian/ros2_foxy/install/ros2launch:/home/arian/ros2_foxy/install/ros2pkg:/home/arian/ros2_foxy/install/ros2node:/home/arian/ros2_foxy/install/ros2multicast:/home/arian/ros2_foxy/install/ros2interface:/home/arian/ros2_foxy/install/ros2doctor:/home/arian/ros2_foxy/install/ros2action:/home/arian/ros2_foxy/install/ros2cli:/home/arian/ros2_foxy/install/quality_of_service_demo_py:/home/arian/ros2_foxy/install/launch_testing_ros:/home/arian/ros2_foxy/install/launch_ros:/home/arian/ros2_foxy/install/examples_rclpy_minimal_subscriber:/home/arian/ros2_foxy/install/examples_rclpy_minimal_service:/home/arian/ros2_foxy/install/examples_rclpy_minimal_publisher:/home/arian/ros2_foxy/install/examples_rclpy_minimal_client:/home/arian/ros2_foxy/install/examples_rclpy_minimal_action_server:/home/arian/ros2_foxy/install/examples_rclpy_minimal_action_client:/home/arian/ros2_foxy/install/examples_rclpy_executors:/home/arian/ros2_foxy/install/demo_nodes_py:/home/arian/ros2_foxy/install/action_tutorials_py:/home/arian/ros2_foxy/install/ament_uncrustify:/home/arian/ros2_foxy/install/tracetools_trace:/home/arian/ros2_foxy/install/tracetools_read:/home/arian/ros2_foxy/install/test_launch_ros:/home/arian/ros2_foxy/install/rpyutils:/home/arian/ros2_foxy/install/rosidl_runtime_py:/home/arian/ros2_foxy/install/launch_yaml:/home/arian/ros2_foxy/install/launch_xml:/home/arian/ros2_foxy/install/launch_testing:/home/arian/ros2_foxy/install/launch:/home/arian/ros2_foxy/install/osrf_pycommon:/home/arian/ros2_foxy/install/domain_coordinator:/home/arian/ros2_foxy/install/ament_xmllint:/home/arian/ros2_foxy/install/ament_pyflakes:/home/arian/ros2_foxy/install/ament_pycodestyle:/home/arian/ros2_foxy/install/ament_pep257:/home/arian/ros2_foxy/install/ament_pclint:/home/arian/ros2_foxy/install/ament_package:/home/arian/ros2_foxy/install/ament_mypy:/home/arian/ros2_foxy/install/ament_lint_cmake:/home/arian/ros2_foxy/install/ament_flake8:/home/arian/ros2_foxy/install/ament_copyright:/home/arian/ros2_foxy/install/ament_lint:/home/arian/ros2_foxy/install/ament_index_python:/home/arian/ros2_foxy/install/ament_cpplint:/home/arian/ros2_foxy/install/ament_cppcheck:/home/arian/ros2_foxy/install/ament_clang_tidy:/home/arian/ros2_foxy/install/ament_clang_format LD_LIBRARY_PATH=/home/arian/Desktop/someCandCppExamples/ROS2/dev_ws/install/tutorial_interfaces/lib:${LD_LIBRARY_PATH} PYTHONPATH=/home/arian/Desktop/someCandCppExamples/ROS2/dev_ws/install/tutorial_interfaces/lib/python3.8/site-packages:${PYTHONPATH} /usr/bin/cmake --build /home/arian/Desktop/someCandCppExamples/ROS2/dev_ws/build/cpp_pubsub -- -j12 -l12
[0.136s] [ 50%] [32mBuilding CXX object CMakeFiles/talker.dir/src/main.cpp.o[0m
[1.194s] [01m[K/home/arian/Desktop/someCandCppExamples/ROS2/dev_ws/src/cpp_pubsub/src/main.cpp:38:14:[m[K [01;31m[Kerror: [m[Kexpected unqualified-id before â€˜[01m[K)[m[Kâ€™ token
[1.194s]    38 |             }[01;31m[K)[m[K;
[1.194s]       |              [01;31m[K^[m[K
[1.194s] [01m[K/home/arian/Desktop/someCandCppExamples/ROS2/dev_ws/src/cpp_pubsub/src/main.cpp:40:10:[m[K [01;31m[Kerror: [m[Kexpected â€˜[01m[K;[m[Kâ€™ after class definition
[1.194s]    40 |         }
[1.194s]       |          [01;31m[K^[m[K
[1.194s]       |          [32m[K;[m[K
[1.194s] [01m[K/home/arian/Desktop/someCandCppExamples/ROS2/dev_ws/src/cpp_pubsub/src/main.cpp:[m[K In constructor â€˜[01m[KMinimalPublisher::MinimalPublisher()[m[Kâ€™:
[1.194s] [01m[K/home/arian/Desktop/someCandCppExamples/ROS2/dev_ws/src/cpp_pubsub/src/main.cpp:17:49:[m[K [01;31m[Kerror: [m[Kclass â€˜[01m[KMinimalPublisher[m[Kâ€™ does not have any field named â€˜[01m[Kcount_[m[Kâ€™
[1.194s]    17 |         MinimalPublisher() : Node("publisher"), [01;31m[Kcount_[m[K(0), thread_number(4), arr_length(36000)
[1.195s]       |                                                 [01;31m[K^~~~~~[m[K
[1.195s] [01m[K/home/arian/Desktop/someCandCppExamples/ROS2/dev_ws/src/cpp_pubsub/src/main.cpp:17:60:[m[K [01;31m[Kerror: [m[Kclass â€˜[01m[KMinimalPublisher[m[Kâ€™ does not have any field named â€˜[01m[Kthread_number[m[Kâ€™
[1.195s]    17 |         MinimalPublisher() : Node("publisher"), count_(0), [01;31m[Kthread_number[m[K(4), arr_length(36000)
[1.195s]       |                                                            [01;31m[K^~~~~~~~~~~~~[m[K
[1.195s] [01m[K/home/arian/Desktop/someCandCppExamples/ROS2/dev_ws/src/cpp_pubsub/src/main.cpp:17:78:[m[K [01;31m[Kerror: [m[Kclass â€˜[01m[KMinimalPublisher[m[Kâ€™ does not have any field named â€˜[01m[Karr_length[m[Kâ€™
[1.195s]    17 |         MinimalPublisher() : Node("publisher"), count_(0), thread_number(4), [01;31m[Karr_length[m[K(36000)
[1.195s]       |                                                                              [01;31m[K^~~~~~~~~~[m[K
[1.196s] [01m[K/home/arian/Desktop/someCandCppExamples/ROS2/dev_ws/src/cpp_pubsub/src/main.cpp:19:13:[m[K [01;31m[Kerror: [m[Kâ€˜[01m[Kpublisher_[m[Kâ€™ was not declared in this scope; did you mean â€˜[01m[Krcl_publisher_t[m[Kâ€™?
[1.196s]    19 |             [01;31m[Kpublisher_[m[K = this->create_publisher<std_msgs::msg::String>("topic", 10);
[1.196s]       |             [01;31m[K^~~~~~~~~~[m[K
[1.197s]       |             [32m[Krcl_publisher_t[m[K
[1.200s] [01m[K/home/arian/Desktop/someCandCppExamples/ROS2/dev_ws/src/cpp_pubsub/src/main.cpp:20:13:[m[K [01;31m[Kerror: [m[Kâ€˜[01m[Ktimer_[m[Kâ€™ was not declared in this scope; did you mean â€˜[01m[Ktimer_t[m[Kâ€™?
[1.201s]    20 |             [01;31m[Ktimer_[m[K = this->create_wall_timer(
[1.201s]       |             [01;31m[K^~~~~~[m[K
[1.201s]       |             [32m[Ktimer_t[m[K
[1.201s] [01m[K/home/arian/Desktop/someCandCppExamples/ROS2/dev_ws/src/cpp_pubsub/src/main.cpp:21:87:[m[K [01;31m[Kerror: [m[Kâ€˜[01m[Ktimer_callback_parallel_affinity[m[Kâ€™ is not a member of â€˜[01m[KMinimalPublisher[m[Kâ€™
[1.201s]    21 |                 std::chrono_literals::operator""ms(500), std::bind(&MinimalPublisher::[01;31m[Ktimer_callback_parallel_affinity[m[K, this));
[1.201s]       |                                                                                       [01;31m[K^~~~~~~~~~~~~~~~~~~~~~~~~~~~~~~~[m[K
[1.201s] [01m[K/home/arian/Desktop/someCandCppExamples/ROS2/dev_ws/src/cpp_pubsub/src/main.cpp:[m[K At global scope:
[1.201s] [01m[K/home/arian/Desktop/someCandCppExamples/ROS2/dev_ws/src/cpp_pubsub/src/main.cpp:42:5:[m[K [01;31m[Kerror: [m[Kexpected unqualified-id before â€˜[01m[Kprivate[m[Kâ€™
[1.202s]    42 |     [01;31m[Kprivate[m[K:
[1.202s]       |     [01;31m[K^~~~~~~[m[K
[1.202s] In file included from [01m[K/home/arian/ros2_foxy/install/rclcpp/include/rclcpp/service.hpp:34[m[K,
[1.202s]                  from [01m[K/home/arian/ros2_foxy/install/rclcpp/include/rclcpp/callback_group.hpp:25[m[K,
[1.202s]                  from [01m[K/home/arian/ros2_foxy/install/rclcpp/include/rclcpp/any_executable.hpp:20[m[K,
[1.202s]                  from [01m[K/home/arian/ros2_foxy/install/rclcpp/include/rclcpp/memory_strategy.hpp:24[m[K,
[1.202s]                  from [01m[K/home/arian/ros2_foxy/install/rclcpp/include/rclcpp/memory_strategies.hpp:18[m[K,
[1.202s]                  from [01m[K/home/arian/ros2_foxy/install/rclcpp/include/rclcpp/executor_options.hpp:20[m[K,
[1.202s]                  from [01m[K/home/arian/ros2_foxy/install/rclcpp/include/rclcpp/executor.hpp:33[m[K,
[1.202s]                  from [01m[K/home/arian/ros2_foxy/install/rclcpp/include/rclcpp/executors/multi_threaded_executor.hpp:25[m[K,
[1.202s]                  from [01m[K/home/arian/ros2_foxy/install/rclcpp/include/rclcpp/executors.hpp:21[m[K,
[1.202s]                  from [01m[K/home/arian/ros2_foxy/install/rclcpp/include/rclcpp/rclcpp.hpp:146[m[K,
[1.202s]                  from [01m[K/home/arian/Desktop/someCandCppExamples/ROS2/dev_ws/src/cpp_pubsub/src/main.cpp:2[m[K:
[1.202s] [01m[K/home/arian/Desktop/someCandCppExamples/ROS2/dev_ws/src/cpp_pubsub/src/main.cpp:[m[K In function â€˜[01m[Kvoid timer_callback()[m[Kâ€™:
[1.202s] [01m[K/home/arian/Desktop/someCandCppExamples/ROS2/dev_ws/src/cpp_pubsub/src/main.cpp:78:25:[m[K [01;31m[Kerror: [m[Kinvalid use of â€˜[01m[Kthis[m[Kâ€™ in non-member function
[1.202s]    78 |             RCLCPP_INFO([01;31m[Kthis[m[K->get_logger(), "Publishing: %s", message.data.c_str());
[1.203s]       |                         [01;31m[K^~~~[m[K
[1.203s] [01m[K/home/arian/Desktop/someCandCppExamples/ROS2/dev_ws/src/cpp_pubsub/src/main.cpp:78:25:[m[K [01;31m[Kerror: [m[Kinvalid use of â€˜[01m[Kthis[m[Kâ€™ in non-member function
[1.203s] [01m[K/home/arian/Desktop/someCandCppExamples/ROS2/dev_ws/src/cpp_pubsub/src/main.cpp:78:13:[m[K [01;31m[Kerror: [m[Ktemplate argument 1 is invalid
[1.203s]    78 |             [01;31m[KRCLCPP_INFO[m[K(this->get_logger(), "Publishing: %s", message.data.c_str());
[1.203s]       |             [01;31m[K^~~~~~~~~~~[m[K
[1.203s] [01m[K/home/arian/Desktop/someCandCppExamples/ROS2/dev_ws/src/cpp_pubsub/src/main.cpp:78:13:[m[K [01;31m[Kerror: [m[Ktemplate argument 1 is invalid
[1.203s]    78 |             [01;31m[KRCLCPP_INFO[m[K(this->get_logger(), "Publishing: %s", message.data.c_str());
[1.203s]       |             [01;31m[K^~~~~~~~~~~[m[K
[1.203s] [01m[K/home/arian/Desktop/someCandCppExamples/ROS2/dev_ws/src/cpp_pubsub/src/main.cpp:78:13:[m[K [01;31m[Kerror: [m[Ktemplate argument 1 is invalid
[1.203s]    78 |             [01;31m[KRCLCPP_INFO[m[K(this->get_logger(), "Publishing: %s", message.data.c_str());
[1.203s]       |             [01;31m[K^~~~~~~~~~~[m[K
[1.203s] In file included from [01m[K/home/arian/ros2_foxy/install/rclcpp/include/rclcpp/client.hpp:40[m[K,
[1.204s]                  from [01m[K/home/arian/ros2_foxy/install/rclcpp/include/rclcpp/callback_group.hpp:23[m[K,
[1.204s]                  from [01m[K/home/arian/ros2_foxy/install/rclcpp/include/rclcpp/any_executable.hpp:20[m[K,
[1.204s]                  from [01m[K/home/arian/ros2_foxy/install/rclcpp/include/rclcpp/memory_strategy.hpp:24[m[K,
[1.204s]                  from [01m[K/home/arian/ros2_foxy/install/rclcpp/include/rclcpp/memory_strategies.hpp:18[m[K,
[1.204s]                  from [01m[K/home/arian/ros2_foxy/install/rclcpp/include/rclcpp/executor_options.hpp:20[m[K,
[1.204s]                  from [01m[K/home/arian/ros2_foxy/install/rclcpp/include/rclcpp/executor.hpp:33[m[K,
[1.204s]                  from [01m[K/home/arian/ros2_foxy/install/rclcpp/include/rclcpp/executors/multi_threaded_executor.hpp:25[m[K,
[1.204s]                  from [01m[K/home/arian/ros2_foxy/install/rclcpp/include/rclcpp/executors.hpp:21[m[K,
[1.204s]                  from [01m[K/home/arian/ros2_foxy/install/rclcpp/include/rclcpp/rclcpp.hpp:146[m[K,
[1.204s]                  from [01m[K/home/arian/Desktop/someCandCppExamples/ROS2/dev_ws/src/cpp_pubsub/src/main.cpp:2[m[K:
[1.204s] [01m[K/home/arian/Desktop/someCandCppExamples/ROS2/dev_ws/src/cpp_pubsub/src/main.cpp:78:25:[m[K [01;31m[Kerror: [m[Kinvalid use of â€˜[01m[Kthis[m[Kâ€™ in non-member function
[1.204s]    78 |             RCLCPP_INFO([01;31m[Kthis[m[K->get_logger(), "Publishing: %s", message.data.c_str());
[1.204s]       |                         [01;31m[K^~~~[m[K
[1.204s] [01m[K/home/arian/Desktop/someCandCppExamples/ROS2/dev_ws/src/cpp_pubsub/src/main.cpp:78:25:[m[K [01;31m[Kerror: [m[Kinvalid use of â€˜[01m[Kthis[m[Kâ€™ in non-member function
[1.204s]    78 |             RCLCPP_INFO([01;31m[Kthis[m[K->get_logger(), "Publishing: %s", message.data.c_str());
[1.204s]       |                         [01;31m[K^~~~[m[K
[1.204s] [01m[K/home/arian/Desktop/someCandCppExamples/ROS2/dev_ws/src/cpp_pubsub/src/main.cpp:79:13:[m[K [01;31m[Kerror: [m[Kâ€˜[01m[Kpublisher_[m[Kâ€™ was not declared in this scope; did you mean â€˜[01m[Krcl_publisher_t[m[Kâ€™?
[1.204s]    79 |             [01;31m[Kpublisher_[m[K->publish(message);
[1.205s]       |             [01;31m[K^~~~~~~~~~[m[K
[1.205s]       |             [32m[Krcl_publisher_t[m[K
[1.207s] [01m[K/home/arian/Desktop/someCandCppExamples/ROS2/dev_ws/src/cpp_pubsub/src/main.cpp:[m[K In function â€˜[01m[Kvoid timer_callback_parallel_affinity()[m[Kâ€™:
[1.207s] [01m[K/home/arian/Desktop/someCandCppExamples/ROS2/dev_ws/src/cpp_pubsub/src/main.cpp:84:46:[m[K [01;31m[Kerror: [m[Kâ€˜[01m[Kthread_number[m[Kâ€™ was not declared in this scope
[1.207s]    84 |             std::vector<std::thread> threads([01;31m[Kthread_number[m[K);
[1.207s]       |                                              [01;31m[K^~~~~~~~~~~~~[m[K
[1.208s] [01m[K/home/arian/Desktop/someCandCppExamples/ROS2/dev_ws/src/cpp_pubsub/src/main.cpp:90:13:[m[K [01;31m[Kerror: [m[Kâ€˜[01m[Karr_[m[Kâ€™ was not declared in this scope
[1.208s]    90 |             [01;31m[Karr_[m[K = new int[arr_length];
[1.208s]       |             [01;31m[K^~~~[m[K
[1.209s] [01m[K/home/arian/Desktop/someCandCppExamples/ROS2/dev_ws/src/cpp_pubsub/src/main.cpp:90:28:[m[K [01;31m[Kerror: [m[Kâ€˜[01m[Karr_length[m[Kâ€™ was not declared in this scope
[1.209s]    90 |             arr_ = new int[[01;31m[Karr_length[m[K];
[1.209s]       |                            [01;31m[K^~~~~~~~~~[m[K
[1.210s] [01m[K/home/arian/Desktop/someCandCppExamples/ROS2/dev_ws/src/cpp_pubsub/src/main.cpp:101:64:[m[K [01;31m[Kerror: [m[Kâ€˜[01m[Kheavy_function[m[Kâ€™ is not a member of â€˜[01m[KMinimalPublisher[m[Kâ€™
[1.210s]   101 |                 *it = std::thread(std::bind(&MinimalPublisher::[01;31m[Kheavy_function[m[K, this, arr_, iterator));
[1.210s]       |                                                                [01;31m[K^~~~~~~~~~~~~~[m[K
[1.210s] [01m[K/home/arian/Desktop/someCandCppExamples/ROS2/dev_ws/src/cpp_pubsub/src/main.cpp:101:80:[m[K [01;31m[Kerror: [m[Kinvalid use of â€˜[01m[Kthis[m[Kâ€™ in non-member function
[1.210s]   101 |                 *it = std::thread(std::bind(&MinimalPublisher::heavy_function, [01;31m[Kthis[m[K, arr_, iterator));
[1.211s]       |                                                                                [01;31m[K^~~~[m[K
[1.211s] [01m[K/home/arian/Desktop/someCandCppExamples/ROS2/dev_ws/src/cpp_pubsub/src/main.cpp:105:21:[m[K [01;35m[Kwarning: [m[Kunused variable â€˜[01m[Kpolicy[m[Kâ€™ [[01;35m[K-Wunused-variable[m[K]
[1.211s]   105 |                 int [01;35m[Kpolicy[m[K;
[1.211s]       |                     [01;35m[K^~~~~~[m[K
[1.211s] In file included from [01m[K/home/arian/ros2_foxy/install/rclcpp/include/rclcpp/service.hpp:34[m[K,
[1.211s]                  from [01m[K/home/arian/ros2_foxy/install/rclcpp/include/rclcpp/callback_group.hpp:25[m[K,
[1.211s]                  from [01m[K/home/arian/ros2_foxy/install/rclcpp/include/rclcpp/any_executable.hpp:20[m[K,
[1.211s]                  from [01m[K/home/arian/ros2_foxy/install/rclcpp/include/rclcpp/memory_strategy.hpp:24[m[K,
[1.211s]                  from [01m[K/home/arian/ros2_foxy/install/rclcpp/include/rclcpp/memory_strategies.hpp:18[m[K,
[1.211s]                  from [01m[K/home/arian/ros2_foxy/install/rclcpp/include/rclcpp/executor_options.hpp:20[m[K,
[1.211s]                  from [01m[K/home/arian/ros2_foxy/install/rclcpp/include/rclcpp/executor.hpp:33[m[K,
[1.212s]                  from [01m[K/home/arian/ros2_foxy/install/rclcpp/include/rclcpp/executors/multi_threaded_executor.hpp:25[m[K,
[1.212s]                  from [01m[K/home/arian/ros2_foxy/install/rclcpp/include/rclcpp/executors.hpp:21[m[K,
[1.212s]                  from [01m[K/home/arian/ros2_foxy/install/rclcpp/include/rclcpp/rclcpp.hpp:146[m[K,
[1.212s]                  from [01m[K/home/arian/Desktop/someCandCppExamples/ROS2/dev_ws/src/cpp_pubsub/src/main.cpp:2[m[K:
[1.212s] [01m[K/home/arian/Desktop/someCandCppExamples/ROS2/dev_ws/src/cpp_pubsub/src/main.cpp:123:25:[m[K [01;31m[Kerror: [m[Kinvalid use of â€˜[01m[Kthis[m[Kâ€™ in non-member function
[1.212s]   123 |             RCLCPP_INFO([01;31m[Kthis[m[K->get_logger(), "EXEC TIME: %d", std::chrono::duration_cast<std::chrono::nanoseconds>(after - before).count());
[1.212s]       |                         [01;31m[K^~~~[m[K
[1.212s] [01m[K/home/arian/Desktop/someCandCppExamples/ROS2/dev_ws/src/cpp_pubsub/src/main.cpp:123:25:[m[K [01;31m[Kerror: [m[Kinvalid use of â€˜[01m[Kthis[m[Kâ€™ in non-member function
[1.212s] [01m[K/home/arian/Desktop/someCandCppExamples/ROS2/dev_ws/src/cpp_pubsub/src/main.cpp:123:13:[m[K [01;31m[Kerror: [m[Ktemplate argument 1 is invalid
[1.212s]   123 |             [01;31m[KRCLCPP_INFO[m[K(this->get_logger(), "EXEC TIME: %d", std::chrono::duration_cast<std::chrono::nanoseconds>(after - before).count());
[1.212s]       |             [01;31m[K^~~~~~~~~~~[m[K
[1.212s] [01m[K/home/arian/Desktop/someCandCppExamples/ROS2/dev_ws/src/cpp_pubsub/src/main.cpp:123:13:[m[K [01;31m[Kerror: [m[Ktemplate argument 1 is invalid
[1.212s]   123 |             [01;31m[KRCLCPP_INFO[m[K(this->get_logger(), "EXEC TIME: %d", std::chrono::duration_cast<std::chrono::nanoseconds>(after - before).count());
[1.212s]       |             [01;31m[K^~~~~~~~~~~[m[K
[1.212s] [01m[K/home/arian/Desktop/someCandCppExamples/ROS2/dev_ws/src/cpp_pubsub/src/main.cpp:123:13:[m[K [01;31m[Kerror: [m[Ktemplate argument 1 is invalid
[1.212s]   123 |             [01;31m[KRCLCPP_INFO[m[K(this->get_logger(), "EXEC TIME: %d", std::chrono::duration_cast<std::chrono::nanoseconds>(after - before).count());
[1.212s]       |             [01;31m[K^~~~~~~~~~~[m[K
[1.212s] In file included from [01m[K/home/arian/ros2_foxy/install/rclcpp/include/rclcpp/client.hpp:40[m[K,
[1.213s]                  from [01m[K/home/arian/ros2_foxy/install/rclcpp/include/rclcpp/callback_group.hpp:23[m[K,
[1.213s]                  from [01m[K/home/arian/ros2_foxy/install/rclcpp/include/rclcpp/any_executable.hpp:20[m[K,
[1.213s]                  from [01m[K/home/arian/ros2_foxy/install/rclcpp/include/rclcpp/memory_strategy.hpp:24[m[K,
[1.213s]                  from [01m[K/home/arian/ros2_foxy/install/rclcpp/include/rclcpp/memory_strategies.hpp:18[m[K,
[1.213s]                  from [01m[K/home/arian/ros2_foxy/install/rclcpp/include/rclcpp/executor_options.hpp:20[m[K,
[1.213s]                  from [01m[K/home/arian/ros2_foxy/install/rclcpp/include/rclcpp/executor.hpp:33[m[K,
[1.213s]                  from [01m[K/home/arian/ros2_foxy/install/rclcpp/include/rclcpp/executors/multi_threaded_executor.hpp:25[m[K,
[1.213s]                  from [01m[K/home/arian/ros2_foxy/install/rclcpp/include/rclcpp/executors.hpp:21[m[K,
[1.213s]                  from [01m[K/home/arian/ros2_foxy/install/rclcpp/include/rclcpp/rclcpp.hpp:146[m[K,
[1.213s]                  from [01m[K/home/arian/Desktop/someCandCppExamples/ROS2/dev_ws/src/cpp_pubsub/src/main.cpp:2[m[K:
[1.213s] [01m[K/home/arian/Desktop/someCandCppExamples/ROS2/dev_ws/src/cpp_pubsub/src/main.cpp:123:25:[m[K [01;31m[Kerror: [m[Kinvalid use of â€˜[01m[Kthis[m[Kâ€™ in non-member function
[1.213s]   123 |             RCLCPP_INFO([01;31m[Kthis[m[K->get_logger(), "EXEC TIME: %d", std::chrono::duration_cast<std::chrono::nanoseconds>(after - before).count());
[1.213s]       |                         [01;31m[K^~~~[m[K
[1.213s] [01m[K/home/arian/Desktop/someCandCppExamples/ROS2/dev_ws/src/cpp_pubsub/src/main.cpp:123:25:[m[K [01;31m[Kerror: [m[Kinvalid use of â€˜[01m[Kthis[m[Kâ€™ in non-member function
[1.213s]   123 |             RCLCPP_INFO([01;31m[Kthis[m[K->get_logger(), "EXEC TIME: %d", std::chrono::duration_cast<std::chrono::nanoseconds>(after - before).count());
[1.213s]       |                         [01;31m[K^~~~[m[K
[1.214s] [01m[K/home/arian/Desktop/someCandCppExamples/ROS2/dev_ws/src/cpp_pubsub/src/main.cpp:125:22:[m[K [01;31m[Kerror: [m[Ktype â€˜[01m[K<type error>[m[Kâ€™ argument given to â€˜[01m[Kdelete[m[Kâ€™, expected pointer
[1.214s]   125 |             delete[] [01;31m[Karr_[m[K;
[1.214s]       |                      [01;31m[K^~~~[m[K
[1.214s] [01m[K/home/arian/Desktop/someCandCppExamples/ROS2/dev_ws/src/cpp_pubsub/src/main.cpp:[m[K In function â€˜[01m[Kvoid timer_callback_parallel()[m[Kâ€™:
[1.214s] [01m[K/home/arian/Desktop/someCandCppExamples/ROS2/dev_ws/src/cpp_pubsub/src/main.cpp:130:46:[m[K [01;31m[Kerror: [m[Kâ€˜[01m[Kthread_number[m[Kâ€™ was not declared in this scope
[1.214s]   130 |             std::vector<std::thread> threads([01;31m[Kthread_number[m[K);
[1.214s]       |                                              [01;31m[K^~~~~~~~~~~~~[m[K
[1.214s] [01m[K/home/arian/Desktop/someCandCppExamples/ROS2/dev_ws/src/cpp_pubsub/src/main.cpp:132:13:[m[K [01;31m[Kerror: [m[Kâ€˜[01m[Karr_[m[Kâ€™ was not declared in this scope
[1.214s]   132 |             [01;31m[Karr_[m[K = new int[arr_length];
[1.214s]       |             [01;31m[K^~~~[m[K
[1.215s] [01m[K/home/arian/Desktop/someCandCppExamples/ROS2/dev_ws/src/cpp_pubsub/src/main.cpp:132:28:[m[K [01;31m[Kerror: [m[Kâ€˜[01m[Karr_length[m[Kâ€™ was not declared in this scope
[1.215s]   132 |             arr_ = new int[[01;31m[Karr_length[m[K];
[1.215s]       |                            [01;31m[K^~~~~~~~~~[m[K
[1.215s] [01m[K/home/arian/Desktop/someCandCppExamples/ROS2/dev_ws/src/cpp_pubsub/src/main.cpp:142:64:[m[K [01;31m[Kerror: [m[Kâ€˜[01m[Kheavy_function[m[Kâ€™ is not a member of â€˜[01m[KMinimalPublisher[m[Kâ€™
[1.215s]   142 |                 *it = std::thread(std::bind(&MinimalPublisher::[01;31m[Kheavy_function[m[K, this, arr_, iterator));
[1.215s]       |                                                                [01;31m[K^~~~~~~~~~~~~~[m[K
[1.215s] [01m[K/home/arian/Desktop/someCandCppExamples/ROS2/dev_ws/src/cpp_pubsub/src/main.cpp:142:80:[m[K [01;31m[Kerror: [m[Kinvalid use of â€˜[01m[Kthis[m[Kâ€™ in non-member function
[1.215s]   142 |                 *it = std::thread(std::bind(&MinimalPublisher::heavy_function, [01;31m[Kthis[m[K, arr_, iterator));
[1.216s]       |                                                                                [01;31m[K^~~~[m[K
[1.216s] In file included from [01m[K/home/arian/ros2_foxy/install/rclcpp/include/rclcpp/service.hpp:34[m[K,
[1.216s]                  from [01m[K/home/arian/ros2_foxy/install/rclcpp/include/rclcpp/callback_group.hpp:25[m[K,
[1.216s]                  from [01m[K/home/arian/ros2_foxy/install/rclcpp/include/rclcpp/any_executable.hpp:20[m[K,
[1.216s]                  from [01m[K/home/arian/ros2_foxy/install/rclcpp/include/rclcpp/memory_strategy.hpp:24[m[K,
[1.216s]                  from [01m[K/home/arian/ros2_foxy/install/rclcpp/include/rclcpp/memory_strategies.hpp:18[m[K,
[1.216s]                  from [01m[K/home/arian/ros2_foxy/install/rclcpp/include/rclcpp/executor_options.hpp:20[m[K,
[1.216s]                  from [01m[K/home/arian/ros2_foxy/install/rclcpp/include/rclcpp/executor.hpp:33[m[K,
[1.216s]                  from [01m[K/home/arian/ros2_foxy/install/rclcpp/include/rclcpp/executors/multi_threaded_executor.hpp:25[m[K,
[1.216s]                  from [01m[K/home/arian/ros2_foxy/install/rclcpp/include/rclcpp/executors.hpp:21[m[K,
[1.216s]                  from [01m[K/home/arian/ros2_foxy/install/rclcpp/include/rclcpp/rclcpp.hpp:146[m[K,
[1.216s]                  from [01m[K/home/arian/Desktop/someCandCppExamples/ROS2/dev_ws/src/cpp_pubsub/src/main.cpp:2[m[K:
[1.216s] [01m[K/home/arian/Desktop/someCandCppExamples/ROS2/dev_ws/src/cpp_pubsub/src/main.cpp:153:25:[m[K [01;31m[Kerror: [m[Kinvalid use of â€˜[01m[Kthis[m[Kâ€™ in non-member function
[1.216s]   153 |             RCLCPP_INFO([01;31m[Kthis[m[K->get_logger(), "EXEC TIME: %d", std::chrono::duration_cast<std::chrono::nanoseconds>(after - before).count());
[1.216s]       |                         [01;31m[K^~~~[m[K
[1.217s] [01m[K/home/arian/Desktop/someCandCppExamples/ROS2/dev_ws/src/cpp_pubsub/src/main.cpp:153:25:[m[K [01;31m[Kerror: [m[Kinvalid use of â€˜[01m[Kthis[m[Kâ€™ in non-member function
[1.217s] [01m[K/home/arian/Desktop/someCandCppExamples/ROS2/dev_ws/src/cpp_pubsub/src/main.cpp:153:13:[m[K [01;31m[Kerror: [m[Ktemplate argument 1 is invalid
[1.217s]   153 |             [01;31m[KRCLCPP_INFO[m[K(this->get_logger(), "EXEC TIME: %d", std::chrono::duration_cast<std::chrono::nanoseconds>(after - before).count());
[1.217s]       |             [01;31m[K^~~~~~~~~~~[m[K
[1.217s] [01m[K/home/arian/Desktop/someCandCppExamples/ROS2/dev_ws/src/cpp_pubsub/src/main.cpp:153:13:[m[K [01;31m[Kerror: [m[Ktemplate argument 1 is invalid
[1.217s]   153 |             [01;31m[KRCLCPP_INFO[m[K(this->get_logger(), "EXEC TIME: %d", std::chrono::duration_cast<std::chrono::nanoseconds>(after - before).count());
[1.217s]       |             [01;31m[K^~~~~~~~~~~[m[K
[1.217s] [01m[K/home/arian/Desktop/someCandCppExamples/ROS2/dev_ws/src/cpp_pubsub/src/main.cpp:153:13:[m[K [01;31m[Kerror: [m[Ktemplate argument 1 is invalid
[1.217s]   153 |             [01;31m[KRCLCPP_INFO[m[K(this->get_logger(), "EXEC TIME: %d", std::chrono::duration_cast<std::chrono::nanoseconds>(after - before).count());
[1.217s]       |             [01;31m[K^~~~~~~~~~~[m[K
[1.217s] In file included from [01m[K/home/arian/ros2_foxy/install/rclcpp/include/rclcpp/client.hpp:40[m[K,
[1.217s]                  from [01m[K/home/arian/ros2_foxy/install/rclcpp/include/rclcpp/callback_group.hpp:23[m[K,
[1.217s]                  from [01m[K/home/arian/ros2_foxy/install/rclcpp/include/rclcpp/any_executable.hpp:20[m[K,
[1.217s]                  from [01m[K/home/arian/ros2_foxy/install/rclcpp/include/rclcpp/memory_strategy.hpp:24[m[K,
[1.217s]                  from [01m[K/home/arian/ros2_foxy/install/rclcpp/include/rclcpp/memory_strategies.hpp:18[m[K,
[1.217s]                  from [01m[K/home/arian/ros2_foxy/install/rclcpp/include/rclcpp/executor_options.hpp:20[m[K,
[1.217s]                  from [01m[K/home/arian/ros2_foxy/install/rclcpp/include/rclcpp/executor.hpp:33[m[K,
[1.217s]                  from [01m[K/home/arian/ros2_foxy/install/rclcpp/include/rclcpp/executors/multi_threaded_executor.hpp:25[m[K,
[1.218s]                  from [01m[K/home/arian/ros2_foxy/install/rclcpp/include/rclcpp/executors.hpp:21[m[K,
[1.218s]                  from [01m[K/home/arian/ros2_foxy/install/rclcpp/include/rclcpp/rclcpp.hpp:146[m[K,
[1.218s]                  from [01m[K/home/arian/Desktop/someCandCppExamples/ROS2/dev_ws/src/cpp_pubsub/src/main.cpp:2[m[K:
[1.218s] [01m[K/home/arian/Desktop/someCandCppExamples/ROS2/dev_ws/src/cpp_pubsub/src/main.cpp:153:25:[m[K [01;31m[Kerror: [m[Kinvalid use of â€˜[01m[Kthis[m[Kâ€™ in non-member function
[1.218s]   153 |             RCLCPP_INFO([01;31m[Kthis[m[K->get_logger(), "EXEC TIME: %d", std::chrono::duration_cast<std::chrono::nanoseconds>(after - before).count());
[1.218s]       |                         [01;31m[K^~~~[m[K
[1.218s] [01m[K/home/arian/Desktop/someCandCppExamples/ROS2/dev_ws/src/cpp_pubsub/src/main.cpp:153:25:[m[K [01;31m[Kerror: [m[Kinvalid use of â€˜[01m[Kthis[m[Kâ€™ in non-member function
[1.218s]   153 |             RCLCPP_INFO([01;31m[Kthis[m[K->get_logger(), "EXEC TIME: %d", std::chrono::duration_cast<std::chrono::nanoseconds>(after - before).count());
[1.218s]       |                         [01;31m[K^~~~[m[K
[1.218s] [01m[K/home/arian/Desktop/someCandCppExamples/ROS2/dev_ws/src/cpp_pubsub/src/main.cpp:155:22:[m[K [01;31m[Kerror: [m[Ktype â€˜[01m[K<type error>[m[Kâ€™ argument given to â€˜[01m[Kdelete[m[Kâ€™, expected pointer
[1.218s]   155 |             delete[] [01;31m[Karr_[m[K;
[1.218s]       |                      [01;31m[K^~~~[m[K
[1.230s] [01m[K/home/arian/Desktop/someCandCppExamples/ROS2/dev_ws/src/cpp_pubsub/src/main.cpp:[m[K At global scope:
[1.230s] [01m[K/home/arian/Desktop/someCandCppExamples/ROS2/dev_ws/src/cpp_pubsub/src/main.cpp:182:1:[m[K [01;31m[Kerror: [m[Kexpected declaration before â€˜[01m[K}[m[Kâ€™ token
[1.230s]   182 | [01;31m[K}[m[K;
[1.230s]       | [01;31m[K^[m[K
[2.452s] make[2]: *** [CMakeFiles/talker.dir/build.make:63: CMakeFiles/talker.dir/src/main.cpp.o] Error 1
[2.452s] make[1]: *** [CMakeFiles/Makefile2:78: CMakeFiles/talker.dir/all] Error 2
[2.452s] make: *** [Makefile:141: all] Error 2
[2.454s] Invoked command in '/home/arian/Desktop/someCandCppExamples/ROS2/dev_ws/build/cpp_pubsub' returned '2': AMENT_PREFIX_PATH=/home/arian/Desktop/someCandCppExamples/ROS2/dev_ws/install/tutorial_interfaces:${AMENT_PREFIX_PATH} CMAKE_PREFIX_PATH=/home/arian/Desktop/someCandCppExamples/ROS2/dev_ws/install/tutorial_interfaces:/home/arian/ros2_foxy/install/rosbag2:/home/arian/ros2_foxy/install/rosbag2_transport:/home/arian/ros2_foxy/install/rosbag2_compression:/home/arian/ros2_foxy/install/zstd_vendor:/home/arian/ros2_foxy/install/rviz_visual_testing_framework:/home/arian/ros2_foxy/install/rviz2:/home/arian/ros2_foxy/install/rviz_default_plugins:/home/arian/ros2_foxy/install/rviz_common:/home/arian/ros2_foxy/install/rosbag2_storage_default_plugins:/home/arian/ros2_foxy/install/rosbag2_converter_default_plugins:/home/arian/ros2_foxy/install/rosbag2_cpp:/home/arian/ros2_foxy/install/rosbag2_storage:/home/arian/ros2_foxy/install/yaml_cpp_vendor:/home/arian/ros2_foxy/install/ros1_bridge:/home/arian/ros2_foxy/install/interactive_markers:/home/arian/ros2_foxy/install/common_interfaces:/home/arian/ros2_foxy/install/visualization_msgs:/home/arian/ros2_foxy/install/dummy_robot_bringup:/home/arian/ros2_foxy/install/robot_state_publisher:/home/arian/ros2_foxy/install/kdl_parser:/home/arian/ros2_foxy/install/urdf:/home/arian/ros2_foxy/install/urdfdom:/home/arian/ros2_foxy/install/urdfdom_headers:/home/arian/ros2_foxy/install/turtlesim:/home/arian/ros2_foxy/install/geometry2:/home/arian/ros2_foxy/install/tf2_tools:/home/arian/ros2_foxy/install/tf2_sensor_msgs:/home/arian/ros2_foxy/install/test_tf2:/home/arian/ros2_foxy/install/tf2_kdl:/home/arian/ros2_foxy/install/tf2_geometry_msgs:/home/arian/ros2_foxy/install/tf2_eigen:/home/arian/ros2_foxy/install/tf2_bullet:/home/arian/ros2_foxy/install/tf2_ros:/home/arian/ros2_foxy/install/tf2_py:/home/arian/ros2_foxy/install/tf2_msgs:/home/arian/ros2_foxy/install/test_msgs:/home/arian/ros2_foxy/install/sros2_cmake:/home/arian/ros2_foxy/install/ros2cli_common_extensions:/home/arian/ros2_foxy/install/rqt_top:/home/arian/ros2_foxy/install/rqt_srv:/home/arian/ros2_foxy/install/rqt_shell:/home/arian/ros2_foxy/install/rqt_service_caller:/home/arian/ros2_foxy/install/rqt_py_console:/home/arian/ros2_foxy/install/rqt_publisher:/home/arian/ros2_foxy/install/rqt_plot:/home/arian/ros2_foxy/install/rqt_msg:/home/arian/ros2_foxy/install/rqt_console:/home/arian/ros2_foxy/install/rqt_py_common:/home/arian/ros2_foxy/install/ros_testing:/home/arian/ros2_foxy/install/quality_of_service_demo_cpp:/home/arian/ros2_foxy/install/demo_nodes_cpp:/home/arian/ros2_foxy/install/composition:/home/arian/ros2_foxy/install/rclpy:/home/arian/ros2_foxy/install/examples_rclcpp_minimal_action_server:/home/arian/ros2_foxy/install/examples_rclcpp_minimal_action_client:/home/arian/ros2_foxy/install/action_tutorials_cpp:/home/arian/ros2_foxy/install/rclcpp_action:/home/arian/ros2_foxy/install/rcl_action:/home/arian/ros2_foxy/install/move_base_msgs:/home/arian/ros2_foxy/install/examples_rclcpp_minimal_service:/home/arian/ros2_foxy/install/examples_rclcpp_minimal_client:/home/arian/ros2_foxy/install/example_interfaces:/home/arian/ros2_foxy/install/action_tutorials_interfaces:/home/arian/ros2_foxy/install/action_msgs:/home/arian/ros2_foxy/install/unique_identifier_msgs:/home/arian/ros2_foxy/install/ament_lint_common:/home/arian/ros2_foxy/install/ament_cmake_uncrustify:/home/arian/ros2_foxy/install/uncrustify_vendor:/home/arian/ros2_foxy/install/trajectory_msgs:/home/arian/ros2_foxy/install/tracetools_test:/home/arian/ros2_foxy/install/pendulum_control:/home/arian/ros2_foxy/install/tlsf_cpp:/home/arian/ros2_foxy/install/rqt_gui_cpp:/home/arian/ros2_foxy/install/rosbag2_test_common:/home/arian/ros2_foxy/install/ros2lifecycle_test_fixtures:/home/arian/ros2_foxy/install/lifecycle:/home/arian/ros2_foxy/install/rclcpp_lifecycle:/home/arian/ros2_foxy/install/logging_demo:/home/arian/ros2_foxy/install/image_tools:/home/arian/ros2_foxy/install/examples_rclcpp_minimal_composition:/home/arian/ros2_foxy/install/demo_nodes_cpp_native:/home/arian/ros2_foxy/install/rclcpp_components:/home/arian/ros2_foxy/install/laser_geometry:/home/arian/ros2_foxy/install/intra_process_demo:/home/arian/ros2_foxy/install/examples_rclcpp_multithreaded_executor:/home/arian/ros2_foxy/install/examples_rclcpp_minimal_timer:/home/arian/ros2_foxy/install/examples_rclcpp_minimal_subscriber:/home/arian/ros2_foxy/install/examples_rclcpp_minimal_publisher:/home/arian/ros2_foxy/install/dummy_sensors:/home/arian/ros2_foxy/install/dummy_map_server:/home/arian/ros2_foxy/install/rclcpp:/home/arian/ros2_foxy/install/rcl_lifecycle:/home/arian/ros2_foxy/install/libstatistics_collector:/home/arian/ros2_foxy/install/rcl:/home/arian/ros2_foxy/install/tracetools:/home/arian/ros2_foxy/install/tlsf:/home/arian/ros2_foxy/install/tinyxml_vendor:/home/arian/ros2_foxy/install/qt_gui_core:/home/arian/ros2_foxy/install/qt_gui_cpp:/home/arian/ros2_foxy/install/pluginlib:/home/arian/ros2_foxy/install/tinyxml2_vendor:/home/arian/ros2_foxy/install/tf2:/home/arian/ros2_foxy/install/test_security:/home/arian/ros2_foxy/install/test_rclcpp:/home/arian/ros2_foxy/install/test_quality_of_service:/home/arian/ros2_foxy/install/test_launch_testing:/home/arian/ros2_foxy/install/test_interface_files:/home/arian/ros2_foxy/install/test_communication:/home/arian/ros2_foxy/install/test_cli_remapping:/home/arian/ros2_foxy/install/test_cli:/home/arian/ros2_foxy/install/qt_gui_app:/home/arian/ros2_foxy/install/qt_gui:/home/arian/ros2_foxy/install/tango_icons_vendor:/home/arian/ros2_foxy/install/stereo_msgs:/home/arian/ros2_foxy/install/std_srvs:/home/arian/ros2_foxy/install/shape_msgs:/home/arian/ros2_foxy/install/map_msgs:/home/arian/ros2_foxy/install/sensor_msgs:/home/arian/ros2_foxy/install/nav_msgs:/home/arian/ros2_foxy/install/diagnostic_msgs:/home/arian/ros2_foxy/install/geometry_msgs:/home/arian/ros2_foxy/install/actionlib_msgs:/home/arian/ros2_foxy/install/std_msgs:/home/arian/ros2_foxy/install/statistics_msgs:/home/arian/ros2_foxy/install/sqlite3_vendor:/home/arian/ros2_foxy/install/rcl_logging_spdlog:/home/arian/ros2_foxy/install/spdlog_vendor:/home/arian/ros2_foxy/install/shared_queues_vendor:/home/arian/ros2_foxy/install/rviz_rendering_tests:/home/arian/ros2_foxy/install/rviz_rendering:/home/arian/ros2_foxy/install/rviz_ogre_vendor:/home/arian/ros2_foxy/install/rviz_assimp_vendor:/home/arian/ros2_foxy/install/rttest:/home/arian/ros2_foxy/install/rosgraph_msgs:/home/arian/ros2_foxy/install/rmw_implementation:/home/arian/ros2_foxy/install/rmw_fastrtps_dynamic_cpp:/home/arian/ros2_foxy/install/rmw_fastrtps_cpp:/home/arian/ros2_foxy/install/rmw_fastrtps_shared_cpp:/home/arian/ros2_foxy/install/rmw_cyclonedds_cpp:/home/arian/ros2_foxy/install/rmw_dds_common:/home/arian/ros2_foxy/install/composition_interfaces:/home/arian/ros2_foxy/install/rcl_interfaces:/home/arian/ros2_foxy/install/pendulum_msgs:/home/arian/ros2_foxy/install/lifecycle_msgs:/home/arian/ros2_foxy/install/builtin_interfaces:/home/arian/ros2_foxy/install/rosidl_default_runtime:/home/arian/ros2_foxy/install/rosidl_default_generators:/home/arian/ros2_foxy/install/rosidl_generator_py:/home/arian/ros2_foxy/install/rosidl_typesupport_cpp:/home/arian/ros2_foxy/install/rosidl_typesupport_introspection_cpp:/home/arian/ros2_foxy/install/rosidl_typesupport_c:/home/arian/ros2_foxy/install/rosidl_typesupport_introspection_c:/home/arian/ros2_foxy/install/rosidl_typesupport_fastrtps_c:/home/arian/ros2_foxy/install/rosidl_typesupport_fastrtps_cpp:/home/arian/ros2_foxy/install/rmw_connext_cpp:/home/arian/ros2_foxy/install/rosidl_typesupport_connext_c:/home/arian/ros2_foxy/install/rosidl_typesupport_connext_cpp:/home/arian/ros2_foxy/install/rmw:/home/arian/ros2_foxy/install/rosidl_runtime_c:/home/arian/ros2_foxy/install/rosidl_generator_cpp:/home/arian/ros2_foxy/install/rosidl_generator_c:/home/arian/ros2_foxy/install/rosidl_typesupport_interface:/home/arian/ros2_foxy/install/rosidl_runtime_cpp:/home/arian/ros2_foxy/install/rosidl_generator_dds_idl:/home/arian/ros2_foxy/install/rosidl_cmake:/home/arian/ros2_foxy/install/rosidl_parser:/home/arian/ros2_foxy/install/rosidl_adapter:/home/arian/ros2_foxy/install/rosbag2_tests:/home/arian/ros2_foxy/install/ros_environment:/home/arian/ros2_foxy/install/rmw_implementation_cmake:/home/arian/ros2_foxy/install/rmw_connext_shared_cpp:/home/arian/ros2_foxy/install/resource_retriever:/home/arian/ros2_foxy/install/class_loader:/home/arian/ros2_foxy/install/rcpputils:/home/arian/ros2_foxy/install/rcl_logging_noop:/home/arian/ros2_foxy/install/rcl_logging_log4cxx:/home/arian/ros2_foxy/install/rcutils:/home/arian/ros2_foxy/install/rcl_yaml_param_parser:/home/arian/ros2_foxy/install/qt_gui_py_common:/home/arian/ros2_foxy/install/qt_dotgraph:/home/arian/ros2_foxy/install/python_qt_binding:/home/arian/ros2_foxy/install/launch_testing_ament_cmake:/home/arian/ros2_foxy/install/python_cmake_module:/home/arian/ros2_foxy/install/performance_test_fixture:/home/arian/ros2_foxy/install/osrf_testing_tools_cpp:/home/arian/ros2_foxy/install/orocos_kdl:/home/arian/ros2_foxy/install/mimick_vendor:/home/arian/ros2_foxy/install/message_filters:/home/arian/ros2_foxy/install/libyaml_vendor:/home/arian/ros2_foxy/install/libcurl_vendor:/home/arian/ros2_foxy/install/ament_cmake_ros:/home/arian/ros2_foxy/install/ament_cmake_gmock:/home/arian/ros2_foxy/install/gmock_vendor:/home/arian/ros2_foxy/install/ament_cmake_gtest:/home/arian/ros2_foxy/install/gtest_vendor:/home/arian/ros2_foxy/install/ament_cmake_google_benchmark:/home/arian/ros2_foxy/install/google_benchmark_vendor:/home/arian/ros2_foxy/install/fastrtps:/home/arian/ros2_foxy/install/foonathan_memory_vendor:/home/arian/ros2_foxy/install/fastrtps_cmake_module:/home/arian/ros2_foxy/install/fastcdr:/home/arian/ros2_foxy/install/eigen3_cmake_module:/home/arian/ros2_foxy/install/cyclonedds:/home/arian/ros2_foxy/install/console_bridge_vendor:/home/arian/ros2_foxy/install/connext_cmake_module:/home/arian/ros2_foxy/install/ament_cmake_xmllint:/home/arian/ros2_foxy/install/ament_cmake_pyflakes:/home/arian/ros2_foxy/install/ament_cmake_pycodestyle:/home/arian/ros2_foxy/install/ament_cmake_pep257:/home/arian/ros2_foxy/install/ament_cmake_pclint:/home/arian/ros2_foxy/install/ament_lint_auto:/home/arian/ros2_foxy/install/ament_cmake_auto:/home/arian/ros2_foxy/install/ament_cmake:/home/arian/ros2_foxy/install/ament_cmake_version:/home/arian/ros2_foxy/install/ament_cmake_pytest:/home/arian/ros2_foxy/install/ament_cmake_nose:/home/arian/ros2_foxy/install/ament_cmake_mypy:/home/arian/ros2_foxy/install/ament_cmake_lint_cmake:/home/arian/ros2_foxy/install/ament_cmake_flake8:/home/arian/ros2_foxy/install/ament_cmake_cpplint:/home/arian/ros2_foxy/install/ament_cmake_cppcheck:/home/arian/ros2_foxy/install/ament_cmake_copyright:/home/arian/ros2_foxy/install/ament_cmake_clang_tidy:/home/arian/ros2_foxy/install/ament_cmake_clang_format:/home/arian/ros2_foxy/install/ament_cmake_test:/home/arian/ros2_foxy/install/ament_cmake_target_dependencies:/home/arian/ros2_foxy/install/ament_cmake_python:/home/arian/ros2_foxy/install/ament_cmake_export_dependencies:/home/arian/ros2_foxy/install/ament_cmake_libraries:/home/arian/ros2_foxy/install/ament_cmake_include_directories:/home/arian/ros2_foxy/install/ament_cmake_export_targets:/home/arian/ros2_foxy/install/ament_cmake_export_link_flags:/home/arian/ros2_foxy/install/ament_cmake_export_interfaces:/home/arian/ros2_foxy/install/ament_cmake_export_libraries:/home/arian/ros2_foxy/install/ament_cmake_export_include_directories:/home/arian/ros2_foxy/install/ament_cmake_export_definitions:/home/arian/ros2_foxy/install/ament_cmake_core:/home/arian/ros2_foxy/install/ament_index_cpp:/home/arian/ros2_foxy/install/ros2bag:/home/arian/ros2_foxy/install/tracetools_launch:/home/arian/ros2_foxy/install/topic_monitor:/home/arian/ros2_foxy/install/examples_tf2_py:/home/arian/ros2_foxy/install/sros2:/home/arian/ros2_foxy/install/rqt_topic:/home/arian/ros2_foxy/install/rqt_reconfigure:/home/arian/ros2_foxy/install/rqt_action:/home/arian/ros2_foxy/install/rqt:/home/arian/ros2_foxy/install/rqt_graph:/home/arian/ros2_foxy/install/rqt_gui_py:/home/arian/ros2_foxy/install/rqt_gui:/home/arian/ros2_foxy/install/ros2trace:/home/arian/ros2_foxy/install/ros2topic:/home/arian/ros2_foxy/install/ros2test:/home/arian/ros2_foxy/install/ros2component:/home/arian/ros2_foxy/install/ros2param:/home/arian/ros2_foxy/install/ros2lifecycle:/home/arian/ros2_foxy/install/ros2service:/home/arian/ros2_foxy/install/ros2run:/home/arian/ros2_foxy/install/ros2launch:/home/arian/ros2_foxy/install/ros2pkg:/home/arian/ros2_foxy/install/ros2node:/home/arian/ros2_foxy/install/ros2multicast:/home/arian/ros2_foxy/install/ros2interface:/home/arian/ros2_foxy/install/ros2doctor:/home/arian/ros2_foxy/install/ros2action:/home/arian/ros2_foxy/install/ros2cli:/home/arian/ros2_foxy/install/quality_of_service_demo_py:/home/arian/ros2_foxy/install/launch_testing_ros:/home/arian/ros2_foxy/install/launch_ros:/home/arian/ros2_foxy/install/examples_rclpy_minimal_subscriber:/home/arian/ros2_foxy/install/examples_rclpy_minimal_service:/home/arian/ros2_foxy/install/examples_rclpy_minimal_publisher:/home/arian/ros2_foxy/install/examples_rclpy_minimal_client:/home/arian/ros2_foxy/install/examples_rclpy_minimal_action_server:/home/arian/ros2_foxy/install/examples_rclpy_minimal_action_client:/home/arian/ros2_foxy/install/examples_rclpy_executors:/home/arian/ros2_foxy/install/demo_nodes_py:/home/arian/ros2_foxy/install/action_tutorials_py:/home/arian/ros2_foxy/install/ament_uncrustify:/home/arian/ros2_foxy/install/tracetools_trace:/home/arian/ros2_foxy/install/tracetools_read:/home/arian/ros2_foxy/install/test_launch_ros:/home/arian/ros2_foxy/install/rpyutils:/home/arian/ros2_foxy/install/rosidl_runtime_py:/home/arian/ros2_foxy/install/launch_yaml:/home/arian/ros2_foxy/install/launch_xml:/home/arian/ros2_foxy/install/launch_testing:/home/arian/ros2_foxy/install/launch:/home/arian/ros2_foxy/install/osrf_pycommon:/home/arian/ros2_foxy/install/domain_coordinator:/home/arian/ros2_foxy/install/ament_xmllint:/home/arian/ros2_foxy/install/ament_pyflakes:/home/arian/ros2_foxy/install/ament_pycodestyle:/home/arian/ros2_foxy/install/ament_pep257:/home/arian/ros2_foxy/install/ament_pclint:/home/arian/ros2_foxy/install/ament_package:/home/arian/ros2_foxy/install/ament_mypy:/home/arian/ros2_foxy/install/ament_lint_cmake:/home/arian/ros2_foxy/install/ament_flake8:/home/arian/ros2_foxy/install/ament_copyright:/home/arian/ros2_foxy/install/ament_lint:/home/arian/ros2_foxy/install/ament_index_python:/home/arian/ros2_foxy/install/ament_cpplint:/home/arian/ros2_foxy/install/ament_cppcheck:/home/arian/ros2_foxy/install/ament_clang_tidy:/home/arian/ros2_foxy/install/ament_clang_format LD_LIBRARY_PATH=/home/arian/Desktop/someCandCppExamples/ROS2/dev_ws/install/tutorial_interfaces/lib:${LD_LIBRARY_PATH} PYTHONPATH=/home/arian/Desktop/someCandCppExamples/ROS2/dev_ws/install/tutorial_interfaces/lib/python3.8/site-packages:${PYTHONPATH} /usr/bin/cmake --build /home/arian/Desktop/someCandCppExamples/ROS2/dev_ws/build/cpp_pubsub -- -j12 -l12
