[0.037s] Invoking command in '/home/arian/Framework/build/framework': CMAKE_PREFIX_PATH=${CMAKE_PREFIX_PATH}:/home/arian/ros2_foxy/install/ros2bag:/home/arian/ros2_foxy/install/tracetools_launch:/home/arian/ros2_foxy/install/topic_monitor:/home/arian/ros2_foxy/install/examples_tf2_py:/home/arian/ros2_foxy/install/sros2:/home/arian/ros2_foxy/install/rqt_topic:/home/arian/ros2_foxy/install/rqt_reconfigure:/home/arian/ros2_foxy/install/rqt_action:/home/arian/ros2_foxy/install/rqt:/home/arian/ros2_foxy/install/rqt_graph:/home/arian/ros2_foxy/install/rqt_gui_py:/home/arian/ros2_foxy/install/rqt_gui:/home/arian/ros2_foxy/install/ros2trace:/home/arian/ros2_foxy/install/ros2topic:/home/arian/ros2_foxy/install/ros2test:/home/arian/ros2_foxy/install/ros2component:/home/arian/ros2_foxy/install/ros2param:/home/arian/ros2_foxy/install/ros2lifecycle:/home/arian/ros2_foxy/install/ros2service:/home/arian/ros2_foxy/install/ros2run:/home/arian/ros2_foxy/install/ros2launch:/home/arian/ros2_foxy/install/ros2pkg:/home/arian/ros2_foxy/install/ros2node:/home/arian/ros2_foxy/install/ros2multicast:/home/arian/ros2_foxy/install/ros2interface:/home/arian/ros2_foxy/install/ros2doctor:/home/arian/ros2_foxy/install/ros2action:/home/arian/ros2_foxy/install/ros2cli:/home/arian/ros2_foxy/install/quality_of_service_demo_py:/home/arian/ros2_foxy/install/launch_testing_ros:/home/arian/ros2_foxy/install/launch_ros:/home/arian/ros2_foxy/install/examples_rclpy_minimal_subscriber:/home/arian/ros2_foxy/install/examples_rclpy_minimal_service:/home/arian/ros2_foxy/install/examples_rclpy_minimal_publisher:/home/arian/ros2_foxy/install/examples_rclpy_minimal_client:/home/arian/ros2_foxy/install/examples_rclpy_minimal_action_server:/home/arian/ros2_foxy/install/examples_rclpy_minimal_action_client:/home/arian/ros2_foxy/install/examples_rclpy_executors:/home/arian/ros2_foxy/install/demo_nodes_py:/home/arian/ros2_foxy/install/action_tutorials_py:/home/arian/ros2_foxy/install/ament_uncrustify:/home/arian/ros2_foxy/install/tracetools_trace:/home/arian/ros2_foxy/install/tracetools_read:/home/arian/ros2_foxy/install/test_launch_ros:/home/arian/ros2_foxy/install/rpyutils:/home/arian/ros2_foxy/install/rosidl_runtime_py:/home/arian/ros2_foxy/install/launch_yaml:/home/arian/ros2_foxy/install/launch_xml:/home/arian/ros2_foxy/install/launch_testing:/home/arian/ros2_foxy/install/launch:/home/arian/ros2_foxy/install/osrf_pycommon:/home/arian/ros2_foxy/install/domain_coordinator:/home/arian/ros2_foxy/install/ament_xmllint:/home/arian/ros2_foxy/install/ament_pyflakes:/home/arian/ros2_foxy/install/ament_pycodestyle:/home/arian/ros2_foxy/install/ament_pep257:/home/arian/ros2_foxy/install/ament_pclint:/home/arian/ros2_foxy/install/ament_package:/home/arian/ros2_foxy/install/ament_mypy:/home/arian/ros2_foxy/install/ament_lint_cmake:/home/arian/ros2_foxy/install/ament_flake8:/home/arian/ros2_foxy/install/ament_copyright:/home/arian/ros2_foxy/install/ament_lint:/home/arian/ros2_foxy/install/ament_index_python:/home/arian/ros2_foxy/install/ament_cpplint:/home/arian/ros2_foxy/install/ament_cppcheck:/home/arian/ros2_foxy/install/ament_clang_tidy:/home/arian/ros2_foxy/install/ament_clang_format /usr/bin/cmake --build /home/arian/Framework/build/framework -- -j12 -l12
[0.119s] [35m[1mScanning dependencies of target main[0m
[0.157s] [ 50%] [32mBuilding CXX object CMakeFiles/main.dir/src/main.cpp.o[0m
[1.271s] In file included from [01m[K/home/arian/Framework/src/framework/src/main.cpp:12[m[K:
[1.271s] [01m[K/home/arian/Framework/src/framework/include/framework/multiply_parallel.hpp:[m[K In member function â€˜[01m[Kvoid multiply_parallel::execute(const std::vector<int>&, const std::vector<int>&, std::vector<int>&, const settings&)[m[Kâ€™:
[1.272s] [01m[K/home/arian/Framework/src/framework/include/framework/multiply_parallel.hpp:11:18:[m[K [01;31m[Kerror: [m[Kexpected unqualified-id before numeric constant
[1.272s]    11 | #define PTHREADS [01;31m[K0[m[K
[1.272s]       |                  [01;31m[K^[m[K
[1.272s] [01m[K/home/arian/Framework/src/framework/include/framework/multiply_parallel.hpp:119:80:[m[K [01;36m[Knote: [m[Kin expansion of macro â€˜[01m[KPTHREADS[m[Kâ€™
[1.272s]   119 |             if(settings_.PARALLELIZATION_STRATEGY == PARALLELIZATION_STRATEGY::[01;36m[KPTHREADS[m[K)
[1.272s]       |                                                                                [01;36m[K^~~~~~~~[m[K
[1.272s] In file included from [01m[K/home/arian/Framework/src/framework/src/main.cpp:12[m[K:
[1.272s] [01m[K/home/arian/Framework/src/framework/include/framework/multiply_parallel.hpp:119:78:[m[K [01;31m[Kerror: [m[Kexpected â€˜[01m[K)[m[Kâ€™ before numeric constant
[1.272s]   119 |             if[32m[K([m[Ksettings_.PARALLELIZATION_STRATEGY == PARALLELIZATION_STRATEGY[01;31m[K:[m[K:PTHREADS)
[1.272s]       |               [32m[K~[m[K                                                              [01;31m[K^[m[K
[1.272s]       |                                                                              [32m[K)[m[K
[1.273s] In file included from [01m[K/home/arian/Framework/src/framework/src/main.cpp:12[m[K:
[1.273s] [01m[K/home/arian/Framework/src/framework/include/framework/multiply_parallel.hpp:12:18:[m[K [01;31m[Kerror: [m[Kexpected unqualified-id before numeric constant
[1.273s]    12 | #define OPENMP   [01;31m[K1[m[K
[1.273s]       |                  [01;31m[K^[m[K
[1.273s] [01m[K/home/arian/Framework/src/framework/include/framework/multiply_parallel.hpp:123:85:[m[K [01;36m[Knote: [m[Kin expansion of macro â€˜[01m[KOPENMP[m[Kâ€™
[1.273s]   123 |             else if(settings_.PARALLELIZATION_STRATEGY == PARALLELIZATION_STRATEGY::[01;36m[KOPENMP[m[K)
[1.273s]       |                                                                                     [01;36m[K^~~~~~[m[K
[1.273s] In file included from [01m[K/home/arian/Framework/src/framework/src/main.cpp:12[m[K:
[1.273s] [01m[K/home/arian/Framework/src/framework/include/framework/multiply_parallel.hpp:123:83:[m[K [01;31m[Kerror: [m[Kexpected â€˜[01m[K)[m[Kâ€™ before numeric constant
[1.273s]   123 |             else if[32m[K([m[Ksettings_.PARALLELIZATION_STRATEGY == PARALLELIZATION_STRATEGY[01;31m[K:[m[K:OPENMP)
[1.273s]       |                    [32m[K~[m[K                                                              [01;31m[K^[m[K
[1.273s]       |                                                                                   [32m[K)[m[K
[1.273s] [01m[K/home/arian/Framework/src/framework/src/main.cpp:[m[K In function â€˜[01m[Kint main()[m[Kâ€™:
[1.273s] [01m[K/home/arian/Framework/src/framework/src/main.cpp:84:32:[m[K [01;31m[Kerror: [m[Kexpected primary-expression before â€˜[01m[K([m[Kâ€™ token
[1.273s]    84 |   settings settings_ = settings[01;31m[K([m[K4_THREADS, 1, 1, false, PARALLELIZATION_STRATEGY::PTHREADS);
[1.274s]       |                                [01;31m[K^[m[K
[1.274s] In file included from [01m[K/home/arian/Framework/src/framework/src/main.cpp:12[m[K:
[1.274s] [01m[K/home/arian/Framework/src/framework/include/framework/multiply_parallel.hpp:11:18:[m[K [01;31m[Kerror: [m[Kexpected unqualified-id before numeric constant
[1.274s]    11 | #define PTHREADS [01;31m[K0[m[K
[1.274s]       |                  [01;31m[K^[m[K
[1.274s] [01m[K/home/arian/Framework/src/framework/src/main.cpp:84:83:[m[K [01;36m[Knote: [m[Kin expansion of macro â€˜[01m[KPTHREADS[m[Kâ€™
[1.274s]    84 |   settings settings_ = settings(4_THREADS, 1, 1, false, PARALLELIZATION_STRATEGY::[01;36m[KPTHREADS[m[K);
[1.274s]       |                                                                                   [01;36m[K^~~~~~~~[m[K
[1.570s] make[2]: *** [CMakeFiles/main.dir/build.make:63: CMakeFiles/main.dir/src/main.cpp.o] Error 1
[1.571s] make[1]: *** [CMakeFiles/Makefile2:78: CMakeFiles/main.dir/all] Error 2
[1.571s] make: *** [Makefile:141: all] Error 2
[1.573s] Invoked command in '/home/arian/Framework/build/framework' returned '2': CMAKE_PREFIX_PATH=${CMAKE_PREFIX_PATH}:/home/arian/ros2_foxy/install/ros2bag:/home/arian/ros2_foxy/install/tracetools_launch:/home/arian/ros2_foxy/install/topic_monitor:/home/arian/ros2_foxy/install/examples_tf2_py:/home/arian/ros2_foxy/install/sros2:/home/arian/ros2_foxy/install/rqt_topic:/home/arian/ros2_foxy/install/rqt_reconfigure:/home/arian/ros2_foxy/install/rqt_action:/home/arian/ros2_foxy/install/rqt:/home/arian/ros2_foxy/install/rqt_graph:/home/arian/ros2_foxy/install/rqt_gui_py:/home/arian/ros2_foxy/install/rqt_gui:/home/arian/ros2_foxy/install/ros2trace:/home/arian/ros2_foxy/install/ros2topic:/home/arian/ros2_foxy/install/ros2test:/home/arian/ros2_foxy/install/ros2component:/home/arian/ros2_foxy/install/ros2param:/home/arian/ros2_foxy/install/ros2lifecycle:/home/arian/ros2_foxy/install/ros2service:/home/arian/ros2_foxy/install/ros2run:/home/arian/ros2_foxy/install/ros2launch:/home/arian/ros2_foxy/install/ros2pkg:/home/arian/ros2_foxy/install/ros2node:/home/arian/ros2_foxy/install/ros2multicast:/home/arian/ros2_foxy/install/ros2interface:/home/arian/ros2_foxy/install/ros2doctor:/home/arian/ros2_foxy/install/ros2action:/home/arian/ros2_foxy/install/ros2cli:/home/arian/ros2_foxy/install/quality_of_service_demo_py:/home/arian/ros2_foxy/install/launch_testing_ros:/home/arian/ros2_foxy/install/launch_ros:/home/arian/ros2_foxy/install/examples_rclpy_minimal_subscriber:/home/arian/ros2_foxy/install/examples_rclpy_minimal_service:/home/arian/ros2_foxy/install/examples_rclpy_minimal_publisher:/home/arian/ros2_foxy/install/examples_rclpy_minimal_client:/home/arian/ros2_foxy/install/examples_rclpy_minimal_action_server:/home/arian/ros2_foxy/install/examples_rclpy_minimal_action_client:/home/arian/ros2_foxy/install/examples_rclpy_executors:/home/arian/ros2_foxy/install/demo_nodes_py:/home/arian/ros2_foxy/install/action_tutorials_py:/home/arian/ros2_foxy/install/ament_uncrustify:/home/arian/ros2_foxy/install/tracetools_trace:/home/arian/ros2_foxy/install/tracetools_read:/home/arian/ros2_foxy/install/test_launch_ros:/home/arian/ros2_foxy/install/rpyutils:/home/arian/ros2_foxy/install/rosidl_runtime_py:/home/arian/ros2_foxy/install/launch_yaml:/home/arian/ros2_foxy/install/launch_xml:/home/arian/ros2_foxy/install/launch_testing:/home/arian/ros2_foxy/install/launch:/home/arian/ros2_foxy/install/osrf_pycommon:/home/arian/ros2_foxy/install/domain_coordinator:/home/arian/ros2_foxy/install/ament_xmllint:/home/arian/ros2_foxy/install/ament_pyflakes:/home/arian/ros2_foxy/install/ament_pycodestyle:/home/arian/ros2_foxy/install/ament_pep257:/home/arian/ros2_foxy/install/ament_pclint:/home/arian/ros2_foxy/install/ament_package:/home/arian/ros2_foxy/install/ament_mypy:/home/arian/ros2_foxy/install/ament_lint_cmake:/home/arian/ros2_foxy/install/ament_flake8:/home/arian/ros2_foxy/install/ament_copyright:/home/arian/ros2_foxy/install/ament_lint:/home/arian/ros2_foxy/install/ament_index_python:/home/arian/ros2_foxy/install/ament_cpplint:/home/arian/ros2_foxy/install/ament_cppcheck:/home/arian/ros2_foxy/install/ament_clang_tidy:/home/arian/ros2_foxy/install/ament_clang_format /usr/bin/cmake --build /home/arian/Framework/build/framework -- -j12 -l12
