[0.039s] Invoking command in '/home/arian/Framework/build/framework': CMAKE_PREFIX_PATH=${CMAKE_PREFIX_PATH}:/home/arian/ros2_foxy/install/ros2bag:/home/arian/ros2_foxy/install/tracetools_launch:/home/arian/ros2_foxy/install/topic_monitor:/home/arian/ros2_foxy/install/examples_tf2_py:/home/arian/ros2_foxy/install/sros2:/home/arian/ros2_foxy/install/rqt_topic:/home/arian/ros2_foxy/install/rqt_reconfigure:/home/arian/ros2_foxy/install/rqt_action:/home/arian/ros2_foxy/install/rqt:/home/arian/ros2_foxy/install/rqt_graph:/home/arian/ros2_foxy/install/rqt_gui_py:/home/arian/ros2_foxy/install/rqt_gui:/home/arian/ros2_foxy/install/ros2trace:/home/arian/ros2_foxy/install/ros2topic:/home/arian/ros2_foxy/install/ros2test:/home/arian/ros2_foxy/install/ros2component:/home/arian/ros2_foxy/install/ros2param:/home/arian/ros2_foxy/install/ros2lifecycle:/home/arian/ros2_foxy/install/ros2service:/home/arian/ros2_foxy/install/ros2run:/home/arian/ros2_foxy/install/ros2launch:/home/arian/ros2_foxy/install/ros2pkg:/home/arian/ros2_foxy/install/ros2node:/home/arian/ros2_foxy/install/ros2multicast:/home/arian/ros2_foxy/install/ros2interface:/home/arian/ros2_foxy/install/ros2doctor:/home/arian/ros2_foxy/install/ros2action:/home/arian/ros2_foxy/install/ros2cli:/home/arian/ros2_foxy/install/quality_of_service_demo_py:/home/arian/ros2_foxy/install/launch_testing_ros:/home/arian/ros2_foxy/install/launch_ros:/home/arian/ros2_foxy/install/examples_rclpy_minimal_subscriber:/home/arian/ros2_foxy/install/examples_rclpy_minimal_service:/home/arian/ros2_foxy/install/examples_rclpy_minimal_publisher:/home/arian/ros2_foxy/install/examples_rclpy_minimal_client:/home/arian/ros2_foxy/install/examples_rclpy_minimal_action_server:/home/arian/ros2_foxy/install/examples_rclpy_minimal_action_client:/home/arian/ros2_foxy/install/examples_rclpy_executors:/home/arian/ros2_foxy/install/demo_nodes_py:/home/arian/ros2_foxy/install/action_tutorials_py:/home/arian/ros2_foxy/install/ament_uncrustify:/home/arian/ros2_foxy/install/tracetools_trace:/home/arian/ros2_foxy/install/tracetools_read:/home/arian/ros2_foxy/install/test_launch_ros:/home/arian/ros2_foxy/install/rpyutils:/home/arian/ros2_foxy/install/rosidl_runtime_py:/home/arian/ros2_foxy/install/launch_yaml:/home/arian/ros2_foxy/install/launch_xml:/home/arian/ros2_foxy/install/launch_testing:/home/arian/ros2_foxy/install/launch:/home/arian/ros2_foxy/install/osrf_pycommon:/home/arian/ros2_foxy/install/domain_coordinator:/home/arian/ros2_foxy/install/ament_xmllint:/home/arian/ros2_foxy/install/ament_pyflakes:/home/arian/ros2_foxy/install/ament_pycodestyle:/home/arian/ros2_foxy/install/ament_pep257:/home/arian/ros2_foxy/install/ament_pclint:/home/arian/ros2_foxy/install/ament_package:/home/arian/ros2_foxy/install/ament_mypy:/home/arian/ros2_foxy/install/ament_lint_cmake:/home/arian/ros2_foxy/install/ament_flake8:/home/arian/ros2_foxy/install/ament_copyright:/home/arian/ros2_foxy/install/ament_lint:/home/arian/ros2_foxy/install/ament_index_python:/home/arian/ros2_foxy/install/ament_cpplint:/home/arian/ros2_foxy/install/ament_cppcheck:/home/arian/ros2_foxy/install/ament_clang_tidy:/home/arian/ros2_foxy/install/ament_clang_format /usr/bin/cmake --build /home/arian/Framework/build/framework -- -j12 -l12
[0.120s] [35m[1mScanning dependencies of target main[0m
[0.142s] [ 50%] [32mBuilding CXX object CMakeFiles/main.dir/src/main.cpp.o[0m
[0.189s] In file included from [01m[K/home/arian/Framework/src/framework/src/main.cpp:2[m[K:
[0.189s] [01m[K/home/arian/Framework/src/framework/include/framework/multiply_parallel.hpp:294:[m[K [01;35m[Kwarning: [m[Kignoring #pragma omp parallel [[01;35m[K-Wunknown-pragmas[m[K]
[0.189s]   294 |             #pragma omp parallel num_threads(settings_.THREAD_NUMBER)
[0.189s]       | 
[0.253s] In file included from [01m[K/home/arian/Framework/src/framework/include/framework/settings/settings.hpp:5[m[K,
[0.253s]                  from [01m[K/home/arian/Framework/src/framework/include/framework/multiply_parallel.hpp:9[m[K,
[0.253s]                  from [01m[K/home/arian/Framework/src/framework/src/main.cpp:2[m[K:
[0.253s] [01m[K/home/arian/Framework/src/framework/include/framework/settings/time_format.hpp:6:18:[m[K [01;31m[Kerror: [m[Kâ€˜[01m[Kmilli[m[Kâ€™ in namespace â€˜[01m[Kstd[m[Kâ€™ does not name a type
[0.253s]     6 |     typedef std::[01;31m[Kmilli[m[K MILLI;
[0.253s]       |                  [01;31m[K^~~~~[m[K
[0.253s] [01m[K/home/arian/Framework/src/framework/include/framework/settings/time_format.hpp:7:18:[m[K [01;31m[Kerror: [m[Kâ€˜[01m[Kmicro[m[Kâ€™ in namespace â€˜[01m[Kstd[m[Kâ€™ does not name a type
[0.254s]     7 |     typedef std::[01;31m[Kmicro[m[K MICRO;
[0.254s]       |                  [01;31m[K^~~~~[m[K
[0.254s] [01m[K/home/arian/Framework/src/framework/include/framework/settings/time_format.hpp:8:18:[m[K [01;31m[Kerror: [m[Kâ€˜[01m[Knano[m[Kâ€™ in namespace â€˜[01m[Kstd[m[Kâ€™ does not name a type
[0.254s]     8 |     typedef std::[01;31m[Knano[m[K  NANO;
[0.254s]       |                  [01;31m[K^~~~[m[K
[0.255s] In file included from [01m[K/home/arian/Framework/src/framework/include/framework/multiply_parallel.hpp:9[m[K,
[0.255s]                  from [01m[K/home/arian/Framework/src/framework/src/main.cpp:2[m[K:
[0.255s] [01m[K/home/arian/Framework/src/framework/include/framework/settings/settings.hpp:89:21:[m[K [01;31m[Kerror: [m[Kâ€˜[01m[Kostream[m[Kâ€™ in namespace â€˜[01m[Kstd[m[Kâ€™ does not name a type
[0.255s]    89 |         friend std::[01;31m[Kostream[m[K& operator<<(std::ostream& os, const settings& settings_);
[0.255s]       |                     [01;31m[K^~~~~~~[m[K
[0.255s] In file included from [01m[K/home/arian/Framework/src/framework/include/framework/multiply_parallel.hpp:9[m[K,
[0.255s]                  from [01m[K/home/arian/Framework/src/framework/src/main.cpp:2[m[K:
[0.255s] [01m[K/home/arian/Framework/src/framework/include/framework/settings/settings.hpp:10:1:[m[K [01;36m[Knote: [m[Kâ€˜[01m[Kstd::ostream[m[Kâ€™ is defined in header â€˜[01m[K<ostream>[m[Kâ€™; did you forget to â€˜[01m[K#include <ostream>[m[Kâ€™?
[0.256s]     9 | #include <framework/overloading/overloading.hpp>
[0.256s]   +++ |+[32m[K#include <ostream>[m[K
[0.256s]    10 | 
[0.256s] In file included from [01m[K/home/arian/Framework/src/framework/include/framework/multiply_parallel.hpp:9[m[K,
[0.256s]                  from [01m[K/home/arian/Framework/src/framework/src/main.cpp:2[m[K:
[0.256s] [01m[K/home/arian/Framework/src/framework/include/framework/settings/settings.hpp:92:6:[m[K [01;31m[Kerror: [m[Kâ€˜[01m[Kostream[m[Kâ€™ in namespace â€˜[01m[Kstd[m[Kâ€™ does not name a type
[0.256s]    92 | std::[01;31m[Kostream[m[K& operator<<(std::ostream& os, const settings& settings_)
[0.256s]       |      [01;31m[K^~~~~~~[m[K
[0.256s] [01m[K/home/arian/Framework/src/framework/include/framework/settings/settings.hpp:92:1:[m[K [01;36m[Knote: [m[Kâ€˜[01m[Kstd::ostream[m[Kâ€™ is defined in header â€˜[01m[K<ostream>[m[Kâ€™; did you forget to â€˜[01m[K#include <ostream>[m[Kâ€™?
[0.256s]    92 | [01;36m[Kstd[m[K::ostream& operator<<(std::ostream& os, const settings& settings_)
[0.256s]       | [01;36m[K^~~[m[K
[0.257s] In file included from [01m[K/home/arian/Framework/src/framework/src/main.cpp:2[m[K:
[0.257s] [01m[K/home/arian/Framework/src/framework/include/framework/multiply_parallel.hpp:[m[K In function â€˜[01m[Kvoid* multiply_parallel_pthread(void*)[m[Kâ€™:
[0.257s] [01m[K/home/arian/Framework/src/framework/include/framework/multiply_parallel.hpp:16:5:[m[K [01;31m[Kerror: [m[Kâ€˜[01m[Kiterators[m[Kâ€™ was not declared in this scope; did you mean â€˜[01m[Kiterators__[m[Kâ€™?
[0.257s]    16 |     [01;31m[Kiterators[m[K<T>* iterators_ = (iterators<T>*)iterators__;
[0.257s]       |     [01;31m[K^~~~~~~~~[m[K
[0.257s]       |     [32m[Kiterators__[m[K
[0.257s] [01m[K/home/arian/Framework/src/framework/include/framework/multiply_parallel.hpp:16:16:[m[K [01;31m[Kerror: [m[Kexpected primary-expression before â€˜[01m[K>[m[Kâ€™ token
[0.258s]    16 |     iterators<T[01;31m[K>[m[K* iterators_ = (iterators<T>*)iterators__;
[0.258s]       |                [01;31m[K^[m[K
[0.258s] [01m[K/home/arian/Framework/src/framework/include/framework/multiply_parallel.hpp:16:19:[m[K [01;31m[Kerror: [m[Kâ€˜[01m[Kiterators_[m[Kâ€™ was not declared in this scope; did you mean â€˜[01m[Kiterators__[m[Kâ€™?
[0.258s]    16 |     iterators<T>* [01;31m[Kiterators_[m[K = (iterators<T>*)iterators__;
[0.258s]       |                   [01;31m[K^~~~~~~~~~[m[K
[0.258s]       |                   [32m[Kiterators__[m[K
[0.258s] [01m[K/home/arian/Framework/src/framework/include/framework/multiply_parallel.hpp:16:44:[m[K [01;31m[Kerror: [m[Kexpected primary-expression before â€˜[01m[K>[m[Kâ€™ token
[0.258s]    16 |     iterators<T>* iterators_ = (iterators<T[01;31m[K>[m[K*)iterators__;
[0.258s]       |                                            [01;31m[K^[m[K
[0.258s] [01m[K/home/arian/Framework/src/framework/include/framework/multiply_parallel.hpp:16:46:[m[K [01;31m[Kerror: [m[Kexpected primary-expression before â€˜[01m[K)[m[Kâ€™ token
[0.258s]    16 |     iterators<T>* iterators_ = (iterators<T>*[01;31m[K)[m[Kiterators__;
[0.258s]       |                                              [01;31m[K^[m[K
[0.258s] [01m[K/home/arian/Framework/src/framework/include/framework/multiply_parallel.hpp:16:47:[m[K [01;31m[Kerror: [m[Kexpected â€˜[01m[K;[m[Kâ€™ before â€˜[01m[Kiterators__[m[Kâ€™
[0.258s]    16 |     iterators<T>* iterators_ = (iterators<T>*)[01;31m[Ki[m[K[32m[Kterators__[m[K;
[0.258s]       |                                               [01;31m[K^[m[K[32m[K~~~~~~~~~~[m[K
[0.258s]       |                                               [32m[K;[m[K
[0.258s] [01m[K/home/arian/Framework/src/framework/include/framework/multiply_parallel.hpp:[m[K At global scope:
[0.259s] [01m[K/home/arian/Framework/src/framework/include/framework/multiply_parallel.hpp:35:47:[m[K [01;31m[Kerror: [m[Kexpected template-name before â€˜[01m[K<[m[Kâ€™ token
[0.259s]    35 | class multiply_parallel : public base_parallel[01;31m[K<[m[KT>
[0.259s]       |                                               [01;31m[K^[m[K
[0.259s] [01m[K/home/arian/Framework/src/framework/include/framework/multiply_parallel.hpp:35:47:[m[K [01;31m[Kerror: [m[Kexpected â€˜[01m[K{[m[Kâ€™ before â€˜[01m[K<[m[Kâ€™ token
[0.259s] In file included from [01m[K/home/arian/Framework/src/framework/src/main.cpp:2[m[K:
[0.259s] [01m[K/home/arian/Framework/src/framework/include/framework/multiply_parallel.hpp:308:2:[m[K [01;35m[Kwarning: [m[Kextra â€˜[01m[K;[m[Kâ€™ [[01;35m[K-Wpedantic[m[K]
[0.259s]   308 | }[01;35m[K;[m[K
[0.259s]       |  [01;35m[K^[m[K
[0.260s] [01m[K/home/arian/Framework/src/framework/src/main.cpp:[m[K In function â€˜[01m[Kint main()[m[Kâ€™:
[0.260s] [01m[K/home/arian/Framework/src/framework/src/main.cpp:12:32:[m[K [01;31m[Kerror: [m[Kvariable â€˜[01m[Kmultiply_parallel<double> mp[m[Kâ€™ has initializer but incomplete type
[0.260s]    12 |   multiply_parallel<double> mp([01;31m[Kmatrix_a[m[K, matrix_b, matrix_result, settings_);
[0.260s]       |                                [01;31m[K^~~~~~~~[m[K
[0.261s] In file included from [01m[K/home/arian/Framework/src/framework/src/main.cpp:1[m[K:
[0.261s] /home/arian/Framework/src/framework/include/framework/generators/single_generator.hpp: In instantiation of â€˜[01m[Kstatic std::vector<T> single_generator::generate_input(int) [with T = double][m[Kâ€™:
[0.261s] [01m[K/home/arian/Framework/src/framework/src/main.cpp:7:63:[m[K   required from here
[0.261s] [01m[K/home/arian/Framework/src/framework/include/framework/generators/single_generator.hpp:18:30:[m[K [01;35m[Kwarning: [m[Kcomparison of integer expressions of different signedness: â€˜[01m[Kint[m[Kâ€™ and â€˜[01m[Kstd::vector<double, std::allocator<double> >::size_type[m[Kâ€™ {aka â€˜[01m[Klong unsigned int[m[Kâ€™} [[01;35m[K-Wsign-compare[m[K]
[0.261s]    18 |             for(int i = 0; i < temp.capacity(); i++)
[0.271s] make[2]: *** [CMakeFiles/main.dir/build.make:63: CMakeFiles/main.dir/src/main.cpp.o] Error 1
[0.272s] make[1]: *** [CMakeFiles/Makefile2:78: CMakeFiles/main.dir/all] Error 2
[0.272s] make: *** [Makefile:141: all] Error 2
[0.275s] Invoked command in '/home/arian/Framework/build/framework' returned '2': CMAKE_PREFIX_PATH=${CMAKE_PREFIX_PATH}:/home/arian/ros2_foxy/install/ros2bag:/home/arian/ros2_foxy/install/tracetools_launch:/home/arian/ros2_foxy/install/topic_monitor:/home/arian/ros2_foxy/install/examples_tf2_py:/home/arian/ros2_foxy/install/sros2:/home/arian/ros2_foxy/install/rqt_topic:/home/arian/ros2_foxy/install/rqt_reconfigure:/home/arian/ros2_foxy/install/rqt_action:/home/arian/ros2_foxy/install/rqt:/home/arian/ros2_foxy/install/rqt_graph:/home/arian/ros2_foxy/install/rqt_gui_py:/home/arian/ros2_foxy/install/rqt_gui:/home/arian/ros2_foxy/install/ros2trace:/home/arian/ros2_foxy/install/ros2topic:/home/arian/ros2_foxy/install/ros2test:/home/arian/ros2_foxy/install/ros2component:/home/arian/ros2_foxy/install/ros2param:/home/arian/ros2_foxy/install/ros2lifecycle:/home/arian/ros2_foxy/install/ros2service:/home/arian/ros2_foxy/install/ros2run:/home/arian/ros2_foxy/install/ros2launch:/home/arian/ros2_foxy/install/ros2pkg:/home/arian/ros2_foxy/install/ros2node:/home/arian/ros2_foxy/install/ros2multicast:/home/arian/ros2_foxy/install/ros2interface:/home/arian/ros2_foxy/install/ros2doctor:/home/arian/ros2_foxy/install/ros2action:/home/arian/ros2_foxy/install/ros2cli:/home/arian/ros2_foxy/install/quality_of_service_demo_py:/home/arian/ros2_foxy/install/launch_testing_ros:/home/arian/ros2_foxy/install/launch_ros:/home/arian/ros2_foxy/install/examples_rclpy_minimal_subscriber:/home/arian/ros2_foxy/install/examples_rclpy_minimal_service:/home/arian/ros2_foxy/install/examples_rclpy_minimal_publisher:/home/arian/ros2_foxy/install/examples_rclpy_minimal_client:/home/arian/ros2_foxy/install/examples_rclpy_minimal_action_server:/home/arian/ros2_foxy/install/examples_rclpy_minimal_action_client:/home/arian/ros2_foxy/install/examples_rclpy_executors:/home/arian/ros2_foxy/install/demo_nodes_py:/home/arian/ros2_foxy/install/action_tutorials_py:/home/arian/ros2_foxy/install/ament_uncrustify:/home/arian/ros2_foxy/install/tracetools_trace:/home/arian/ros2_foxy/install/tracetools_read:/home/arian/ros2_foxy/install/test_launch_ros:/home/arian/ros2_foxy/install/rpyutils:/home/arian/ros2_foxy/install/rosidl_runtime_py:/home/arian/ros2_foxy/install/launch_yaml:/home/arian/ros2_foxy/install/launch_xml:/home/arian/ros2_foxy/install/launch_testing:/home/arian/ros2_foxy/install/launch:/home/arian/ros2_foxy/install/osrf_pycommon:/home/arian/ros2_foxy/install/domain_coordinator:/home/arian/ros2_foxy/install/ament_xmllint:/home/arian/ros2_foxy/install/ament_pyflakes:/home/arian/ros2_foxy/install/ament_pycodestyle:/home/arian/ros2_foxy/install/ament_pep257:/home/arian/ros2_foxy/install/ament_pclint:/home/arian/ros2_foxy/install/ament_package:/home/arian/ros2_foxy/install/ament_mypy:/home/arian/ros2_foxy/install/ament_lint_cmake:/home/arian/ros2_foxy/install/ament_flake8:/home/arian/ros2_foxy/install/ament_copyright:/home/arian/ros2_foxy/install/ament_lint:/home/arian/ros2_foxy/install/ament_index_python:/home/arian/ros2_foxy/install/ament_cpplint:/home/arian/ros2_foxy/install/ament_cppcheck:/home/arian/ros2_foxy/install/ament_clang_tidy:/home/arian/ros2_foxy/install/ament_clang_format /usr/bin/cmake --build /home/arian/Framework/build/framework -- -j12 -l12
