[0.036s] Invoking command in '/home/arian/dev_ws/build/starting_point': CMAKE_PREFIX_PATH=${CMAKE_PREFIX_PATH}:/home/arian/ros2_foxy/install/ros2bag:/home/arian/ros2_foxy/install/tracetools_launch:/home/arian/ros2_foxy/install/topic_monitor:/home/arian/ros2_foxy/install/examples_tf2_py:/home/arian/ros2_foxy/install/sros2:/home/arian/ros2_foxy/install/rqt_topic:/home/arian/ros2_foxy/install/rqt_reconfigure:/home/arian/ros2_foxy/install/rqt_action:/home/arian/ros2_foxy/install/rqt:/home/arian/ros2_foxy/install/rqt_graph:/home/arian/ros2_foxy/install/rqt_gui_py:/home/arian/ros2_foxy/install/rqt_gui:/home/arian/ros2_foxy/install/ros2trace:/home/arian/ros2_foxy/install/ros2topic:/home/arian/ros2_foxy/install/ros2test:/home/arian/ros2_foxy/install/ros2component:/home/arian/ros2_foxy/install/ros2param:/home/arian/ros2_foxy/install/ros2lifecycle:/home/arian/ros2_foxy/install/ros2service:/home/arian/ros2_foxy/install/ros2run:/home/arian/ros2_foxy/install/ros2launch:/home/arian/ros2_foxy/install/ros2pkg:/home/arian/ros2_foxy/install/ros2node:/home/arian/ros2_foxy/install/ros2multicast:/home/arian/ros2_foxy/install/ros2interface:/home/arian/ros2_foxy/install/ros2doctor:/home/arian/ros2_foxy/install/ros2action:/home/arian/ros2_foxy/install/ros2cli:/home/arian/ros2_foxy/install/quality_of_service_demo_py:/home/arian/ros2_foxy/install/launch_testing_ros:/home/arian/ros2_foxy/install/launch_ros:/home/arian/ros2_foxy/install/examples_rclpy_minimal_subscriber:/home/arian/ros2_foxy/install/examples_rclpy_minimal_service:/home/arian/ros2_foxy/install/examples_rclpy_minimal_publisher:/home/arian/ros2_foxy/install/examples_rclpy_minimal_client:/home/arian/ros2_foxy/install/examples_rclpy_minimal_action_server:/home/arian/ros2_foxy/install/examples_rclpy_minimal_action_client:/home/arian/ros2_foxy/install/examples_rclpy_executors:/home/arian/ros2_foxy/install/demo_nodes_py:/home/arian/ros2_foxy/install/action_tutorials_py:/home/arian/ros2_foxy/install/ament_uncrustify:/home/arian/ros2_foxy/install/tracetools_trace:/home/arian/ros2_foxy/install/tracetools_read:/home/arian/ros2_foxy/install/test_launch_ros:/home/arian/ros2_foxy/install/rpyutils:/home/arian/ros2_foxy/install/rosidl_runtime_py:/home/arian/ros2_foxy/install/launch_yaml:/home/arian/ros2_foxy/install/launch_xml:/home/arian/ros2_foxy/install/launch_testing:/home/arian/ros2_foxy/install/launch:/home/arian/ros2_foxy/install/osrf_pycommon:/home/arian/ros2_foxy/install/domain_coordinator:/home/arian/ros2_foxy/install/ament_xmllint:/home/arian/ros2_foxy/install/ament_pyflakes:/home/arian/ros2_foxy/install/ament_pycodestyle:/home/arian/ros2_foxy/install/ament_pep257:/home/arian/ros2_foxy/install/ament_pclint:/home/arian/ros2_foxy/install/ament_package:/home/arian/ros2_foxy/install/ament_mypy:/home/arian/ros2_foxy/install/ament_lint_cmake:/home/arian/ros2_foxy/install/ament_flake8:/home/arian/ros2_foxy/install/ament_copyright:/home/arian/ros2_foxy/install/ament_lint:/home/arian/ros2_foxy/install/ament_index_python:/home/arian/ros2_foxy/install/ament_cpplint:/home/arian/ros2_foxy/install/ament_cppcheck:/home/arian/ros2_foxy/install/ament_clang_tidy:/home/arian/ros2_foxy/install/ament_clang_format /usr/bin/cmake --build /home/arian/dev_ws/build/starting_point -- -j12 -l12
[0.121s] [35m[1mScanning dependencies of target minimal_examples[0m
[0.148s] [ 50%] Built target starting_point
[0.162s] [ 75%] [32mBuilding CXX object CMakeFiles/minimal_examples.dir/src/minimal_examples.cpp.o[0m
[1.218s] [01m[K/home/arian/dev_ws/src/starting_point/src/minimal_examples.cpp:[m[K In member function â€˜[01m[Kvoid MinimalPublisher::timer_callback()[m[Kâ€™:
[1.218s] [01m[K/home/arian/dev_ws/src/starting_point/src/minimal_examples.cpp:26:53:[m[K [01;31m[Kerror: [m[Kno match for â€˜[01m[Koperator=[m[Kâ€™ (operand types are â€˜[01m[Kstd_msgs::msg::String_<std::allocator<void> >::_data_type[m[Kâ€™ {aka â€˜[01m[Kstd::__cxx11::basic_string<char>[m[Kâ€™} and â€˜[01m[Kstd::thread::id[m[Kâ€™)
[1.218s]    26 |             message.data = std::this_thread::get_id([01;31m[K)[m[K;
[1.219s]       |                                                     [01;31m[K^[m[K
[1.219s] In file included from [01m[K/usr/include/c++/9/string:55[m[K,
[1.219s]                  from [01m[K/usr/include/c++/9/stdexcept:39[m[K,
[1.219s]                  from [01m[K/usr/include/c++/9/array:39[m[K,
[1.219s]                  from [01m[K/usr/include/c++/9/tuple:39[m[K,
[1.219s]                  from [01m[K/usr/include/c++/9/functional:54[m[K,
[1.219s]                  from [01m[K/home/arian/dev_ws/src/starting_point/src/minimal_examples.cpp:2[m[K:
[1.219s] [01m[K/usr/include/c++/9/bits/basic_string.h:665:7:[m[K [01;36m[Knote: [m[Kcandidate: â€˜[01m[Kstd::__cxx11::basic_string<_CharT, _Traits, _Alloc>& std::__cxx11::basic_string<_CharT, _Traits, _Alloc>::operator=(const std::__cxx11::basic_string<_CharT, _Traits, _Alloc>&) [with _CharT = char; _Traits = std::char_traits<char>; _Alloc = std::allocator<char>][m[Kâ€™
[1.219s]   665 |       [01;36m[Koperator[m[K=(const basic_string& __str)
[1.219s]       |       [01;36m[K^~~~~~~~[m[K
[1.219s] [01m[K/usr/include/c++/9/bits/basic_string.h:665:37:[m[K [01;36m[Knote: [m[K  no known conversion for argument 1 from â€˜[01m[Kstd::thread::id[m[Kâ€™ to â€˜[01m[Kconst std::__cxx11::basic_string<char>&[m[Kâ€™
[1.219s]   665 |       operator=([01;36m[Kconst basic_string& __str[m[K)
[1.219s]       |                 [01;36m[K~~~~~~~~~~~~~~~~~~~~^~~~~[m[K
[1.219s] [01m[K/usr/include/c++/9/bits/basic_string.h:704:7:[m[K [01;36m[Knote: [m[Kcandidate: â€˜[01m[Kstd::__cxx11::basic_string<_CharT, _Traits, _Alloc>& std::__cxx11::basic_string<_CharT, _Traits, _Alloc>::operator=(const _CharT*) [with _CharT = char; _Traits = std::char_traits<char>; _Alloc = std::allocator<char>][m[Kâ€™
[1.219s]   704 |       [01;36m[Koperator[m[K=(const _CharT* __s)
[1.219s]       |       [01;36m[K^~~~~~~~[m[K
[1.219s] [01m[K/usr/include/c++/9/bits/basic_string.h:704:31:[m[K [01;36m[Knote: [m[K  no known conversion for argument 1 from â€˜[01m[Kstd::thread::id[m[Kâ€™ to â€˜[01m[Kconst char*[m[Kâ€™
[1.219s]   704 |       operator=([01;36m[Kconst _CharT* __s[m[K)
[1.219s]       |                 [01;36m[K~~~~~~~~~~~~~~^~~[m[K
[1.220s] [01m[K/usr/include/c++/9/bits/basic_string.h:715:7:[m[K [01;36m[Knote: [m[Kcandidate: â€˜[01m[Kstd::__cxx11::basic_string<_CharT, _Traits, _Alloc>& std::__cxx11::basic_string<_CharT, _Traits, _Alloc>::operator=(_CharT) [with _CharT = char; _Traits = std::char_traits<char>; _Alloc = std::allocator<char>][m[Kâ€™
[1.220s]   715 |       [01;36m[Koperator[m[K=(_CharT __c)
[1.220s]       |       [01;36m[K^~~~~~~~[m[K
[1.220s] [01m[K/usr/include/c++/9/bits/basic_string.h:715:24:[m[K [01;36m[Knote: [m[K  no known conversion for argument 1 from â€˜[01m[Kstd::thread::id[m[Kâ€™ to â€˜[01m[Kchar[m[Kâ€™
[1.220s]   715 |       operator=([01;36m[K_CharT __c[m[K)
[1.220s]       |                 [01;36m[K~~~~~~~^~~[m[K
[1.220s] [01m[K/usr/include/c++/9/bits/basic_string.h:732:7:[m[K [01;36m[Knote: [m[Kcandidate: â€˜[01m[Kstd::__cxx11::basic_string<_CharT, _Traits, _Alloc>& std::__cxx11::basic_string<_CharT, _Traits, _Alloc>::operator=(std::__cxx11::basic_string<_CharT, _Traits, _Alloc>&&) [with _CharT = char; _Traits = std::char_traits<char>; _Alloc = std::allocator<char>][m[Kâ€™
[1.220s]   732 |       [01;36m[Koperator[m[K=(basic_string&& __str)
[1.220s]       |       [01;36m[K^~~~~~~~[m[K
[1.220s] [01m[K/usr/include/c++/9/bits/basic_string.h:732:32:[m[K [01;36m[Knote: [m[K  no known conversion for argument 1 from â€˜[01m[Kstd::thread::id[m[Kâ€™ to â€˜[01m[Kstd::__cxx11::basic_string<char>&&[m[Kâ€™
[1.220s]   732 |       operator=([01;36m[Kbasic_string&& __str[m[K)
[1.220s]       |                 [01;36m[K~~~~~~~~~~~~~~~^~~~~[m[K
[1.220s] [01m[K/usr/include/c++/9/bits/basic_string.h:795:7:[m[K [01;36m[Knote: [m[Kcandidate: â€˜[01m[Kstd::__cxx11::basic_string<_CharT, _Traits, _Alloc>& std::__cxx11::basic_string<_CharT, _Traits, _Alloc>::operator=(std::initializer_list<_Tp>) [with _CharT = char; _Traits = std::char_traits<char>; _Alloc = std::allocator<char>][m[Kâ€™
[1.220s]   795 |       [01;36m[Koperator[m[K=(initializer_list<_CharT> __l)
[1.220s]       |       [01;36m[K^~~~~~~~[m[K
[1.220s] [01m[K/usr/include/c++/9/bits/basic_string.h:795:42:[m[K [01;36m[Knote: [m[K  no known conversion for argument 1 from â€˜[01m[Kstd::thread::id[m[Kâ€™ to â€˜[01m[Kstd::initializer_list<char>[m[Kâ€™
[1.220s]   795 |       operator=([01;36m[Kinitializer_list<_CharT> __l[m[K)
[1.220s]       |                 [01;36m[K~~~~~~~~~~~~~~~~~~~~~~~~~^~~[m[K
[1.871s] make[2]: *** [CMakeFiles/minimal_examples.dir/build.make:63: CMakeFiles/minimal_examples.dir/src/minimal_examples.cpp.o] Error 1
[1.871s] make[1]: *** [CMakeFiles/Makefile2:80: CMakeFiles/minimal_examples.dir/all] Error 2
[1.872s] make: *** [Makefile:141: all] Error 2
[1.873s] Invoked command in '/home/arian/dev_ws/build/starting_point' returned '2': CMAKE_PREFIX_PATH=${CMAKE_PREFIX_PATH}:/home/arian/ros2_foxy/install/ros2bag:/home/arian/ros2_foxy/install/tracetools_launch:/home/arian/ros2_foxy/install/topic_monitor:/home/arian/ros2_foxy/install/examples_tf2_py:/home/arian/ros2_foxy/install/sros2:/home/arian/ros2_foxy/install/rqt_topic:/home/arian/ros2_foxy/install/rqt_reconfigure:/home/arian/ros2_foxy/install/rqt_action:/home/arian/ros2_foxy/install/rqt:/home/arian/ros2_foxy/install/rqt_graph:/home/arian/ros2_foxy/install/rqt_gui_py:/home/arian/ros2_foxy/install/rqt_gui:/home/arian/ros2_foxy/install/ros2trace:/home/arian/ros2_foxy/install/ros2topic:/home/arian/ros2_foxy/install/ros2test:/home/arian/ros2_foxy/install/ros2component:/home/arian/ros2_foxy/install/ros2param:/home/arian/ros2_foxy/install/ros2lifecycle:/home/arian/ros2_foxy/install/ros2service:/home/arian/ros2_foxy/install/ros2run:/home/arian/ros2_foxy/install/ros2launch:/home/arian/ros2_foxy/install/ros2pkg:/home/arian/ros2_foxy/install/ros2node:/home/arian/ros2_foxy/install/ros2multicast:/home/arian/ros2_foxy/install/ros2interface:/home/arian/ros2_foxy/install/ros2doctor:/home/arian/ros2_foxy/install/ros2action:/home/arian/ros2_foxy/install/ros2cli:/home/arian/ros2_foxy/install/quality_of_service_demo_py:/home/arian/ros2_foxy/install/launch_testing_ros:/home/arian/ros2_foxy/install/launch_ros:/home/arian/ros2_foxy/install/examples_rclpy_minimal_subscriber:/home/arian/ros2_foxy/install/examples_rclpy_minimal_service:/home/arian/ros2_foxy/install/examples_rclpy_minimal_publisher:/home/arian/ros2_foxy/install/examples_rclpy_minimal_client:/home/arian/ros2_foxy/install/examples_rclpy_minimal_action_server:/home/arian/ros2_foxy/install/examples_rclpy_minimal_action_client:/home/arian/ros2_foxy/install/examples_rclpy_executors:/home/arian/ros2_foxy/install/demo_nodes_py:/home/arian/ros2_foxy/install/action_tutorials_py:/home/arian/ros2_foxy/install/ament_uncrustify:/home/arian/ros2_foxy/install/tracetools_trace:/home/arian/ros2_foxy/install/tracetools_read:/home/arian/ros2_foxy/install/test_launch_ros:/home/arian/ros2_foxy/install/rpyutils:/home/arian/ros2_foxy/install/rosidl_runtime_py:/home/arian/ros2_foxy/install/launch_yaml:/home/arian/ros2_foxy/install/launch_xml:/home/arian/ros2_foxy/install/launch_testing:/home/arian/ros2_foxy/install/launch:/home/arian/ros2_foxy/install/osrf_pycommon:/home/arian/ros2_foxy/install/domain_coordinator:/home/arian/ros2_foxy/install/ament_xmllint:/home/arian/ros2_foxy/install/ament_pyflakes:/home/arian/ros2_foxy/install/ament_pycodestyle:/home/arian/ros2_foxy/install/ament_pep257:/home/arian/ros2_foxy/install/ament_pclint:/home/arian/ros2_foxy/install/ament_package:/home/arian/ros2_foxy/install/ament_mypy:/home/arian/ros2_foxy/install/ament_lint_cmake:/home/arian/ros2_foxy/install/ament_flake8:/home/arian/ros2_foxy/install/ament_copyright:/home/arian/ros2_foxy/install/ament_lint:/home/arian/ros2_foxy/install/ament_index_python:/home/arian/ros2_foxy/install/ament_cpplint:/home/arian/ros2_foxy/install/ament_cppcheck:/home/arian/ros2_foxy/install/ament_clang_tidy:/home/arian/ros2_foxy/install/ament_clang_format /usr/bin/cmake --build /home/arian/dev_ws/build/starting_point -- -j12 -l12
