[35m[1mScanning dependencies of target minimal_examples[0m
[ 50%] Built target starting_point
[ 75%] [32mBuilding CXX object CMakeFiles/minimal_examples.dir/src/minimal_examples.cpp.o[0m
[01m[K/home/arian/dev_ws/src/starting_point/src/minimal_examples.cpp:[m[K In member function â€˜[01m[Kvoid MinimalPublisherSharedPtr::publish_message()[m[Kâ€™:
[01m[K/home/arian/dev_ws/src/starting_point/src/minimal_examples.cpp:350:95:[m[K [01;31m[Kerror: [m[Kno matching function for call to â€˜[01m[Kduration_cast<std::chrono::milliseconds>(std::chrono::time_point<std::chrono::_V2::system_clock, std::chrono::duration<long int, std::ratio<1, 1000000000> > >)[m[Kâ€™
  350 |             ss << std::chrono::duration_cast<std::chrono::milliseconds>(before - (after-after)[01;31m[K)[m[K.count();
      |                                                                                               [01;31m[K^[m[K
In file included from [01m[K/home/arian/dev_ws/src/starting_point/src/minimal_examples.cpp:1[m[K:
[01m[K/usr/include/c++/9/chrono:191:7:[m[K [01;36m[Knote: [m[Kcandidate: â€˜[01m[Ktemplate<class _ToDur, class _Rep, class _Period> constexpr std::chrono::__enable_if_is_duration<_ToDur> std::chrono::duration_cast(const std::chrono::duration<_Rep, _Period>&)[m[Kâ€™
  191 |       [01;36m[Kduration_cast[m[K(const duration<_Rep, _Period>& __d)
      |       [01;36m[K^~~~~~~~~~~~~[m[K
[01m[K/usr/include/c++/9/chrono:191:7:[m[K [01;36m[Knote: [m[K  template argument deduction/substitution failed:
[01m[K/home/arian/dev_ws/src/starting_point/src/minimal_examples.cpp:350:95:[m[K [01;36m[Knote: [m[K  â€˜[01m[Kstd::chrono::time_point<std::chrono::_V2::system_clock, std::chrono::duration<long int, std::ratio<1, 1000000000> > >[m[Kâ€™ is not derived from â€˜[01m[Kconst std::chrono::duration<_Rep, _Period>[m[Kâ€™
  350 |             ss << std::chrono::duration_cast<std::chrono::milliseconds>(before - (after-after)[01;36m[K)[m[K.count();
      |                                                                                               [01;36m[K^[m[K
make[2]: *** [CMakeFiles/minimal_examples.dir/build.make:63: CMakeFiles/minimal_examples.dir/src/minimal_examples.cpp.o] Error 1
make[1]: *** [CMakeFiles/Makefile2:80: CMakeFiles/minimal_examples.dir/all] Error 2
make: *** [Makefile:141: all] Error 2
