[0.036s] Invoking command in '/home/arian/dev_ws/build/starting_point': CMAKE_PREFIX_PATH=${CMAKE_PREFIX_PATH}:/home/arian/ros2_foxy/install/ros2bag:/home/arian/ros2_foxy/install/tracetools_launch:/home/arian/ros2_foxy/install/topic_monitor:/home/arian/ros2_foxy/install/examples_tf2_py:/home/arian/ros2_foxy/install/sros2:/home/arian/ros2_foxy/install/rqt_topic:/home/arian/ros2_foxy/install/rqt_reconfigure:/home/arian/ros2_foxy/install/rqt_action:/home/arian/ros2_foxy/install/rqt:/home/arian/ros2_foxy/install/rqt_graph:/home/arian/ros2_foxy/install/rqt_gui_py:/home/arian/ros2_foxy/install/rqt_gui:/home/arian/ros2_foxy/install/ros2trace:/home/arian/ros2_foxy/install/ros2topic:/home/arian/ros2_foxy/install/ros2test:/home/arian/ros2_foxy/install/ros2component:/home/arian/ros2_foxy/install/ros2param:/home/arian/ros2_foxy/install/ros2lifecycle:/home/arian/ros2_foxy/install/ros2service:/home/arian/ros2_foxy/install/ros2run:/home/arian/ros2_foxy/install/ros2launch:/home/arian/ros2_foxy/install/ros2pkg:/home/arian/ros2_foxy/install/ros2node:/home/arian/ros2_foxy/install/ros2multicast:/home/arian/ros2_foxy/install/ros2interface:/home/arian/ros2_foxy/install/ros2doctor:/home/arian/ros2_foxy/install/ros2action:/home/arian/ros2_foxy/install/ros2cli:/home/arian/ros2_foxy/install/quality_of_service_demo_py:/home/arian/ros2_foxy/install/launch_testing_ros:/home/arian/ros2_foxy/install/launch_ros:/home/arian/ros2_foxy/install/examples_rclpy_minimal_subscriber:/home/arian/ros2_foxy/install/examples_rclpy_minimal_service:/home/arian/ros2_foxy/install/examples_rclpy_minimal_publisher:/home/arian/ros2_foxy/install/examples_rclpy_minimal_client:/home/arian/ros2_foxy/install/examples_rclpy_minimal_action_server:/home/arian/ros2_foxy/install/examples_rclpy_minimal_action_client:/home/arian/ros2_foxy/install/examples_rclpy_executors:/home/arian/ros2_foxy/install/demo_nodes_py:/home/arian/ros2_foxy/install/action_tutorials_py:/home/arian/ros2_foxy/install/ament_uncrustify:/home/arian/ros2_foxy/install/tracetools_trace:/home/arian/ros2_foxy/install/tracetools_read:/home/arian/ros2_foxy/install/test_launch_ros:/home/arian/ros2_foxy/install/rpyutils:/home/arian/ros2_foxy/install/rosidl_runtime_py:/home/arian/ros2_foxy/install/launch_yaml:/home/arian/ros2_foxy/install/launch_xml:/home/arian/ros2_foxy/install/launch_testing:/home/arian/ros2_foxy/install/launch:/home/arian/ros2_foxy/install/osrf_pycommon:/home/arian/ros2_foxy/install/domain_coordinator:/home/arian/ros2_foxy/install/ament_xmllint:/home/arian/ros2_foxy/install/ament_pyflakes:/home/arian/ros2_foxy/install/ament_pycodestyle:/home/arian/ros2_foxy/install/ament_pep257:/home/arian/ros2_foxy/install/ament_pclint:/home/arian/ros2_foxy/install/ament_package:/home/arian/ros2_foxy/install/ament_mypy:/home/arian/ros2_foxy/install/ament_lint_cmake:/home/arian/ros2_foxy/install/ament_flake8:/home/arian/ros2_foxy/install/ament_copyright:/home/arian/ros2_foxy/install/ament_lint:/home/arian/ros2_foxy/install/ament_index_python:/home/arian/ros2_foxy/install/ament_cpplint:/home/arian/ros2_foxy/install/ament_cppcheck:/home/arian/ros2_foxy/install/ament_clang_tidy:/home/arian/ros2_foxy/install/ament_clang_format /usr/bin/cmake --build /home/arian/dev_ws/build/starting_point -- -j12 -l12
[0.121s] [35m[1mScanning dependencies of target minimal_examples[0m
[0.148s] [ 50%] Built target starting_point
[0.168s] [ 75%] [32mBuilding CXX object CMakeFiles/minimal_examples.dir/src/minimal_examples.cpp.o[0m
[1.377s] [01m[K/home/arian/dev_ws/src/starting_point/src/minimal_examples.cpp:[m[K In function â€˜[01m[Kint main(int, char**)[m[Kâ€™:
[1.378s] [01m[K/home/arian/dev_ws/src/starting_point/src/minimal_examples.cpp:396:31:[m[K [01;31m[Kerror: [m[Kno matching function for call to â€˜[01m[Krclcpp::executors::SingleThreadedExecutor::add_node(std::shared_ptr<MinimalPublisherSharedPtr()> (*&)())[m[Kâ€™
[1.378s]   396 |     executor.add_node(pub_node[01;31m[K)[m[K;
[1.378s]       |                               [01;31m[K^[m[K
[1.378s] In file included from [01m[K/home/arian/ros2_foxy/install/rclcpp/include/rclcpp/executors/multi_threaded_executor.hpp:25[m[K,
[1.378s]                  from [01m[K/home/arian/ros2_foxy/install/rclcpp/include/rclcpp/executors.hpp:21[m[K,
[1.378s]                  from [01m[K/home/arian/ros2_foxy/install/rclcpp/include/rclcpp/rclcpp.hpp:146[m[K,
[1.378s]                  from [01m[K/home/arian/dev_ws/src/starting_point/src/minimal_examples.cpp:6[m[K:
[1.378s] [01m[K/home/arian/ros2_foxy/install/rclcpp/include/rclcpp/executor.hpp:89:3:[m[K [01;36m[Knote: [m[Kcandidate: â€˜[01m[Kvirtual void rclcpp::Executor::add_node(rclcpp::node_interfaces::NodeBaseInterface::SharedPtr, bool)[m[Kâ€™
[1.378s]    89 |   [01;36m[Kadd_node[m[K(rclcpp::node_interfaces::NodeBaseInterface::SharedPtr node_ptr, bool notify = true);
[1.378s]       |   [01;36m[K^~~~~~~~[m[K
[1.378s] [01m[K/home/arian/ros2_foxy/install/rclcpp/include/rclcpp/executor.hpp:89:66:[m[K [01;36m[Knote: [m[K  no known conversion for argument 1 from â€˜[01m[Kstd::shared_ptr<MinimalPublisherSharedPtr()> (*)()[m[Kâ€™ to â€˜[01m[Krclcpp::node_interfaces::NodeBaseInterface::SharedPtr[m[Kâ€™ {aka â€˜[01m[Kstd::shared_ptr<rclcpp::node_interfaces::NodeBaseInterface>[m[Kâ€™}
[1.378s]    89 |   add_node([01;36m[Krclcpp::node_interfaces::NodeBaseInterface::SharedPtr node_ptr[m[K, bool notify = true);
[1.378s]       |            [01;36m[K~~~~~~~~~~~~~~~~~~~~~~~~~~~~~~~~~~~~~~~~~~~~~~~~~~~~~~^~~~~~~~[m[K
[1.378s] [01m[K/home/arian/ros2_foxy/install/rclcpp/include/rclcpp/executor.hpp:97:3:[m[K [01;36m[Knote: [m[Kcandidate: â€˜[01m[Kvirtual void rclcpp::Executor::add_node(std::shared_ptr<rclcpp::Node>, bool)[m[Kâ€™
[1.379s]    97 |   [01;36m[Kadd_node[m[K(std::shared_ptr<rclcpp::Node> node_ptr, bool notify = true);
[1.379s]       |   [01;36m[K^~~~~~~~[m[K
[1.379s] [01m[K/home/arian/ros2_foxy/install/rclcpp/include/rclcpp/executor.hpp:97:42:[m[K [01;36m[Knote: [m[K  no known conversion for argument 1 from â€˜[01m[Kstd::shared_ptr<MinimalPublisherSharedPtr()> (*)()[m[Kâ€™ to â€˜[01m[Kstd::shared_ptr<rclcpp::Node>[m[Kâ€™
[1.379s]    97 |   add_node([01;36m[Kstd::shared_ptr<rclcpp::Node> node_ptr[m[K, bool notify = true);
[1.379s]       |            [01;36m[K~~~~~~~~~~~~~~~~~~~~~~~~~~~~~~^~~~~~~~[m[K
[1.379s] [01m[K/home/arian/dev_ws/src/starting_point/src/minimal_examples.cpp:397:31:[m[K [01;31m[Kerror: [m[Kno matching function for call to â€˜[01m[Krclcpp::executors::SingleThreadedExecutor::add_node(std::shared_ptr<MinimalSubscriberSharedPtr()> (*&)())[m[Kâ€™
[1.379s]   397 |     executor.add_node(sub_node[01;31m[K)[m[K;
[1.379s]       |                               [01;31m[K^[m[K
[1.379s] In file included from [01m[K/home/arian/ros2_foxy/install/rclcpp/include/rclcpp/executors/multi_threaded_executor.hpp:25[m[K,
[1.379s]                  from [01m[K/home/arian/ros2_foxy/install/rclcpp/include/rclcpp/executors.hpp:21[m[K,
[1.379s]                  from [01m[K/home/arian/ros2_foxy/install/rclcpp/include/rclcpp/rclcpp.hpp:146[m[K,
[1.379s]                  from [01m[K/home/arian/dev_ws/src/starting_point/src/minimal_examples.cpp:6[m[K:
[1.379s] [01m[K/home/arian/ros2_foxy/install/rclcpp/include/rclcpp/executor.hpp:89:3:[m[K [01;36m[Knote: [m[Kcandidate: â€˜[01m[Kvirtual void rclcpp::Executor::add_node(rclcpp::node_interfaces::NodeBaseInterface::SharedPtr, bool)[m[Kâ€™
[1.379s]    89 |   [01;36m[Kadd_node[m[K(rclcpp::node_interfaces::NodeBaseInterface::SharedPtr node_ptr, bool notify = true);
[1.379s]       |   [01;36m[K^~~~~~~~[m[K
[1.379s] [01m[K/home/arian/ros2_foxy/install/rclcpp/include/rclcpp/executor.hpp:89:66:[m[K [01;36m[Knote: [m[K  no known conversion for argument 1 from â€˜[01m[Kstd::shared_ptr<MinimalSubscriberSharedPtr()> (*)()[m[Kâ€™ to â€˜[01m[Krclcpp::node_interfaces::NodeBaseInterface::SharedPtr[m[Kâ€™ {aka â€˜[01m[Kstd::shared_ptr<rclcpp::node_interfaces::NodeBaseInterface>[m[Kâ€™}
[1.379s]    89 |   add_node([01;36m[Krclcpp::node_interfaces::NodeBaseInterface::SharedPtr node_ptr[m[K, bool notify = true);
[1.379s]       |            [01;36m[K~~~~~~~~~~~~~~~~~~~~~~~~~~~~~~~~~~~~~~~~~~~~~~~~~~~~~~^~~~~~~~[m[K
[1.380s] [01m[K/home/arian/ros2_foxy/install/rclcpp/include/rclcpp/executor.hpp:97:3:[m[K [01;36m[Knote: [m[Kcandidate: â€˜[01m[Kvirtual void rclcpp::Executor::add_node(std::shared_ptr<rclcpp::Node>, bool)[m[Kâ€™
[1.380s]    97 |   [01;36m[Kadd_node[m[K(std::shared_ptr<rclcpp::Node> node_ptr, bool notify = true);
[1.380s]       |   [01;36m[K^~~~~~~~[m[K
[1.380s] [01m[K/home/arian/ros2_foxy/install/rclcpp/include/rclcpp/executor.hpp:97:42:[m[K [01;36m[Knote: [m[K  no known conversion for argument 1 from â€˜[01m[Kstd::shared_ptr<MinimalSubscriberSharedPtr()> (*)()[m[Kâ€™ to â€˜[01m[Kstd::shared_ptr<rclcpp::Node>[m[Kâ€™
[1.380s]    97 |   add_node([01;36m[Kstd::shared_ptr<rclcpp::Node> node_ptr[m[K, bool notify = true);
[1.380s]       |            [01;36m[K~~~~~~~~~~~~~~~~~~~~~~~~~~~~~~^~~~~~~~[m[K
[1.480s] In file included from [01m[K/usr/include/x86_64-linux-gnu/c++/9/bits/c++allocator.h:33[m[K,
[1.480s]                  from [01m[K/usr/include/c++/9/bits/allocator.h:46[m[K,
[1.480s]                  from [01m[K/usr/include/c++/9/string:41[m[K,
[1.480s]                  from [01m[K/usr/include/c++/9/stdexcept:39[m[K,
[1.480s]                  from [01m[K/usr/include/c++/9/array:39[m[K,
[1.480s]                  from [01m[K/usr/include/c++/9/tuple:39[m[K,
[1.480s]                  from [01m[K/usr/include/c++/9/functional:54[m[K,
[1.480s]                  from [01m[K/home/arian/dev_ws/src/starting_point/src/minimal_examples.cpp:2[m[K:
[1.480s] /usr/include/c++/9/ext/new_allocator.h: In instantiation of â€˜[01m[Kclass __gnu_cxx::new_allocator<MinimalPublisherSharedPtr()>[m[Kâ€™:
[1.480s] [01m[K/usr/include/c++/9/bits/allocator.h:112:11:[m[K   required from â€˜[01m[Kclass std::allocator<MinimalPublisherSharedPtr()>[m[Kâ€™
[1.480s] [01m[K/usr/include/c++/9/bits/shared_ptr.h:717:45:[m[K   required from â€˜[01m[Kstd::shared_ptr<_Tp> std::make_shared(_Args&& ...) [with _Tp = MinimalPublisherSharedPtr(); _Args = {}][m[Kâ€™
[1.480s] [01m[K/home/arian/dev_ws/src/starting_point/src/minimal_examples.cpp:394:26:[m[K   required from here
[1.480s] [01m[K/usr/include/c++/9/ext/new_allocator.h:96:7:[m[K [01;31m[Kerror: [m[Kâ€˜[01m[Kconst _Tp* __gnu_cxx::new_allocator<_Tp>::address(__gnu_cxx::new_allocator<_Tp>::const_reference) const [with _Tp = MinimalPublisherSharedPtr(); __gnu_cxx::new_allocator<_Tp>::const_pointer = MinimalPublisherSharedPtr (*)(); __gnu_cxx::new_allocator<_Tp>::const_reference = MinimalPublisherSharedPtr (&)()][m[Kâ€™ cannot be overloaded with â€˜[01m[K_Tp* __gnu_cxx::new_allocator<_Tp>::address(__gnu_cxx::new_allocator<_Tp>::reference) const [with _Tp = MinimalPublisherSharedPtr(); __gnu_cxx::new_allocator<_Tp>::pointer = MinimalPublisherSharedPtr (*)(); __gnu_cxx::new_allocator<_Tp>::reference = MinimalPublisherSharedPtr (&)()][m[Kâ€™
[1.481s]    96 |       [01;31m[Kaddress[m[K(const_reference __x) const _GLIBCXX_NOEXCEPT
[1.481s]       |       [01;31m[K^~~~~~~[m[K
[1.481s] [01m[K/usr/include/c++/9/ext/new_allocator.h:92:7:[m[K [01;36m[Knote: [m[Kprevious declaration â€˜[01m[K_Tp* __gnu_cxx::new_allocator<_Tp>::address(__gnu_cxx::new_allocator<_Tp>::reference) const [with _Tp = MinimalPublisherSharedPtr(); __gnu_cxx::new_allocator<_Tp>::pointer = MinimalPublisherSharedPtr (*)(); __gnu_cxx::new_allocator<_Tp>::reference = MinimalPublisherSharedPtr (&)()][m[Kâ€™
[1.481s]    92 |       [01;36m[Kaddress[m[K(reference __x) const _GLIBCXX_NOEXCEPT
[1.481s]       |       [01;36m[K^~~~~~~[m[K
[1.483s] /usr/include/c++/9/ext/new_allocator.h: In instantiation of â€˜[01m[Kclass __gnu_cxx::new_allocator<MinimalSubscriberSharedPtr()>[m[Kâ€™:
[1.483s] [01m[K/usr/include/c++/9/bits/allocator.h:112:11:[m[K   required from â€˜[01m[Kclass std::allocator<MinimalSubscriberSharedPtr()>[m[Kâ€™
[1.483s] [01m[K/usr/include/c++/9/bits/shared_ptr.h:717:45:[m[K   required from â€˜[01m[Kstd::shared_ptr<_Tp> std::make_shared(_Args&& ...) [with _Tp = MinimalSubscriberSharedPtr(); _Args = {}][m[Kâ€™
[1.483s] [01m[K/home/arian/dev_ws/src/starting_point/src/minimal_examples.cpp:395:26:[m[K   required from here
[1.483s] [01m[K/usr/include/c++/9/ext/new_allocator.h:96:7:[m[K [01;31m[Kerror: [m[Kâ€˜[01m[Kconst _Tp* __gnu_cxx::new_allocator<_Tp>::address(__gnu_cxx::new_allocator<_Tp>::const_reference) const [with _Tp = MinimalSubscriberSharedPtr(); __gnu_cxx::new_allocator<_Tp>::const_pointer = MinimalSubscriberSharedPtr (*)(); __gnu_cxx::new_allocator<_Tp>::const_reference = MinimalSubscriberSharedPtr (&)()][m[Kâ€™ cannot be overloaded with â€˜[01m[K_Tp* __gnu_cxx::new_allocator<_Tp>::address(__gnu_cxx::new_allocator<_Tp>::reference) const [with _Tp = MinimalSubscriberSharedPtr(); __gnu_cxx::new_allocator<_Tp>::pointer = MinimalSubscriberSharedPtr (*)(); __gnu_cxx::new_allocator<_Tp>::reference = MinimalSubscriberSharedPtr (&)()][m[Kâ€™
[1.483s]    96 |       [01;31m[Kaddress[m[K(const_reference __x) const _GLIBCXX_NOEXCEPT
[1.483s]       |       [01;31m[K^~~~~~~[m[K
[1.483s] [01m[K/usr/include/c++/9/ext/new_allocator.h:92:7:[m[K [01;36m[Knote: [m[Kprevious declaration â€˜[01m[K_Tp* __gnu_cxx::new_allocator<_Tp>::address(__gnu_cxx::new_allocator<_Tp>::reference) const [with _Tp = MinimalSubscriberSharedPtr(); __gnu_cxx::new_allocator<_Tp>::pointer = MinimalSubscriberSharedPtr (*)(); __gnu_cxx::new_allocator<_Tp>::reference = MinimalSubscriberSharedPtr (&)()][m[Kâ€™
[1.483s]    92 |       [01;36m[Kaddress[m[K(reference __x) const _GLIBCXX_NOEXCEPT
[1.483s]       |       [01;36m[K^~~~~~~[m[K
[2.651s] make[2]: *** [CMakeFiles/minimal_examples.dir/build.make:63: CMakeFiles/minimal_examples.dir/src/minimal_examples.cpp.o] Error 1
[2.652s] make[1]: *** [CMakeFiles/Makefile2:80: CMakeFiles/minimal_examples.dir/all] Error 2
[2.652s] make: *** [Makefile:141: all] Error 2
[2.655s] Invoked command in '/home/arian/dev_ws/build/starting_point' returned '2': CMAKE_PREFIX_PATH=${CMAKE_PREFIX_PATH}:/home/arian/ros2_foxy/install/ros2bag:/home/arian/ros2_foxy/install/tracetools_launch:/home/arian/ros2_foxy/install/topic_monitor:/home/arian/ros2_foxy/install/examples_tf2_py:/home/arian/ros2_foxy/install/sros2:/home/arian/ros2_foxy/install/rqt_topic:/home/arian/ros2_foxy/install/rqt_reconfigure:/home/arian/ros2_foxy/install/rqt_action:/home/arian/ros2_foxy/install/rqt:/home/arian/ros2_foxy/install/rqt_graph:/home/arian/ros2_foxy/install/rqt_gui_py:/home/arian/ros2_foxy/install/rqt_gui:/home/arian/ros2_foxy/install/ros2trace:/home/arian/ros2_foxy/install/ros2topic:/home/arian/ros2_foxy/install/ros2test:/home/arian/ros2_foxy/install/ros2component:/home/arian/ros2_foxy/install/ros2param:/home/arian/ros2_foxy/install/ros2lifecycle:/home/arian/ros2_foxy/install/ros2service:/home/arian/ros2_foxy/install/ros2run:/home/arian/ros2_foxy/install/ros2launch:/home/arian/ros2_foxy/install/ros2pkg:/home/arian/ros2_foxy/install/ros2node:/home/arian/ros2_foxy/install/ros2multicast:/home/arian/ros2_foxy/install/ros2interface:/home/arian/ros2_foxy/install/ros2doctor:/home/arian/ros2_foxy/install/ros2action:/home/arian/ros2_foxy/install/ros2cli:/home/arian/ros2_foxy/install/quality_of_service_demo_py:/home/arian/ros2_foxy/install/launch_testing_ros:/home/arian/ros2_foxy/install/launch_ros:/home/arian/ros2_foxy/install/examples_rclpy_minimal_subscriber:/home/arian/ros2_foxy/install/examples_rclpy_minimal_service:/home/arian/ros2_foxy/install/examples_rclpy_minimal_publisher:/home/arian/ros2_foxy/install/examples_rclpy_minimal_client:/home/arian/ros2_foxy/install/examples_rclpy_minimal_action_server:/home/arian/ros2_foxy/install/examples_rclpy_minimal_action_client:/home/arian/ros2_foxy/install/examples_rclpy_executors:/home/arian/ros2_foxy/install/demo_nodes_py:/home/arian/ros2_foxy/install/action_tutorials_py:/home/arian/ros2_foxy/install/ament_uncrustify:/home/arian/ros2_foxy/install/tracetools_trace:/home/arian/ros2_foxy/install/tracetools_read:/home/arian/ros2_foxy/install/test_launch_ros:/home/arian/ros2_foxy/install/rpyutils:/home/arian/ros2_foxy/install/rosidl_runtime_py:/home/arian/ros2_foxy/install/launch_yaml:/home/arian/ros2_foxy/install/launch_xml:/home/arian/ros2_foxy/install/launch_testing:/home/arian/ros2_foxy/install/launch:/home/arian/ros2_foxy/install/osrf_pycommon:/home/arian/ros2_foxy/install/domain_coordinator:/home/arian/ros2_foxy/install/ament_xmllint:/home/arian/ros2_foxy/install/ament_pyflakes:/home/arian/ros2_foxy/install/ament_pycodestyle:/home/arian/ros2_foxy/install/ament_pep257:/home/arian/ros2_foxy/install/ament_pclint:/home/arian/ros2_foxy/install/ament_package:/home/arian/ros2_foxy/install/ament_mypy:/home/arian/ros2_foxy/install/ament_lint_cmake:/home/arian/ros2_foxy/install/ament_flake8:/home/arian/ros2_foxy/install/ament_copyright:/home/arian/ros2_foxy/install/ament_lint:/home/arian/ros2_foxy/install/ament_index_python:/home/arian/ros2_foxy/install/ament_cpplint:/home/arian/ros2_foxy/install/ament_cppcheck:/home/arian/ros2_foxy/install/ament_clang_tidy:/home/arian/ros2_foxy/install/ament_clang_format /usr/bin/cmake --build /home/arian/dev_ws/build/starting_point -- -j12 -l12
