[35m[1mScanning dependencies of target main[0m
[ 50%] [32mBuilding CXX object CMakeFiles/main.dir/src/main.cpp.o[0m
In file included from [01m[K/home/arian/Framework/src/framework/src/main.cpp:6[m[K:
[01m[K/home/arian/Framework/src/framework/include/framework/multiply_parallel.hpp:57:31:[m[K [01;31m[Kerror: [m[Kexpected â€˜[01m[K)[m[Kâ€™ before â€˜[01m[K;[m[Kâ€™ token
   57 |                 int** matrix_a[01;31m[K;[m[K
      |                               [01;31m[K^[m[K
      |                               [32m[K)[m[K
[01m[K/home/arian/Framework/src/framework/include/framework/multiply_parallel.hpp:21:25:[m[K [01;36m[Knote: [m[Kto match this â€˜[01m[K([m[Kâ€™
   21 |                 void run[01;36m[K([m[Kint** matrix_a_,
      |                         [01;36m[K^[m[K
[01m[K/home/arian/Framework/src/framework/include/framework/multiply_parallel.hpp:24:92:[m[K [01;31m[Kerror: [m[Kexpected primary-expression before â€˜[01m[Kvoid[m[Kâ€™
   24 |                             std::bind(&framework::utilities::multiply::multiply_function, ([01;31m[Kvoid[m[K*))
      |                                                                                            [01;31m[K^~~~[m[K
[01m[K/home/arian/Framework/src/framework/include/framework/multiply_parallel.hpp:24:92:[m[K [01;31m[Kerror: [m[Kexpected â€˜[01m[K)[m[Kâ€™ before â€˜[01m[Kvoid[m[Kâ€™
   24 |                             std::bind(&framework::utilities::multiply::multiply_function, [34m[K([m[K[01;31m[Kv[m[K[32m[Koid[m[K*))
      |                                                                                           [34m[K~[m[K[01;31m[K^[m[K[32m[K~~~[m[K
      |                                                                                            [32m[K)[m[K
[01m[K/home/arian/Framework/src/framework/include/framework/multiply_parallel.hpp:[m[K In member function â€˜[01m[Kvoid* framework::utilities::multiply::multiply_function(void*)[m[Kâ€™:
[01m[K/home/arian/Framework/src/framework/include/framework/multiply_parallel.hpp:73:51:[m[K [01;31m[Kerror: [m[Kâ€˜[01m[Kmatrix_a[m[Kâ€™ was not declared in this scope; did you mean â€˜[01m[Kmatrix_b[m[Kâ€™?
   73 |                                 matrix_c[i][j] += [01;31m[Kmatrix_a[m[K[i][k] * matrix_b[k][j];
      |                                                   [01;31m[K^~~~~~~~[m[K
      |                                                   [32m[Kmatrix_b[m[K
[01m[K/home/arian/Framework/src/framework/src/main.cpp:[m[K In function â€˜[01m[Kint main(int, const char**)[m[Kâ€™:
[01m[K/home/arian/Framework/src/framework/src/main.cpp:10:14:[m[K [01;35m[Kwarning: [m[Kunused parameter â€˜[01m[Kargc[m[Kâ€™ [[01;35m[K-Wunused-parameter[m[K]
   10 | int main([01;35m[Kint argc[m[K, const char ** argv)
      |          [01;35m[K~~~~^~~~[m[K
[01m[K/home/arian/Framework/src/framework/src/main.cpp:10:34:[m[K [01;35m[Kwarning: [m[Kunused parameter â€˜[01m[Kargv[m[Kâ€™ [[01;35m[K-Wunused-parameter[m[K]
   10 | int main(int argc, [01;35m[Kconst char ** argv[m[K)
      |                    [01;35m[K~~~~~~~~~~~~~~^~~~[m[K
make[2]: *** [CMakeFiles/main.dir/build.make:63: CMakeFiles/main.dir/src/main.cpp.o] Error 1
make[1]: *** [CMakeFiles/Makefile2:78: CMakeFiles/main.dir/all] Error 2
make: *** [Makefile:141: all] Error 2
