[0.038s] Invoking command in '/home/arian/Framework/build/framework': CMAKE_PREFIX_PATH=${CMAKE_PREFIX_PATH}:/home/arian/ros2_foxy/install/ros2bag:/home/arian/ros2_foxy/install/tracetools_launch:/home/arian/ros2_foxy/install/topic_monitor:/home/arian/ros2_foxy/install/examples_tf2_py:/home/arian/ros2_foxy/install/sros2:/home/arian/ros2_foxy/install/rqt_topic:/home/arian/ros2_foxy/install/rqt_reconfigure:/home/arian/ros2_foxy/install/rqt_action:/home/arian/ros2_foxy/install/rqt:/home/arian/ros2_foxy/install/rqt_graph:/home/arian/ros2_foxy/install/rqt_gui_py:/home/arian/ros2_foxy/install/rqt_gui:/home/arian/ros2_foxy/install/ros2trace:/home/arian/ros2_foxy/install/ros2topic:/home/arian/ros2_foxy/install/ros2test:/home/arian/ros2_foxy/install/ros2component:/home/arian/ros2_foxy/install/ros2param:/home/arian/ros2_foxy/install/ros2lifecycle:/home/arian/ros2_foxy/install/ros2service:/home/arian/ros2_foxy/install/ros2run:/home/arian/ros2_foxy/install/ros2launch:/home/arian/ros2_foxy/install/ros2pkg:/home/arian/ros2_foxy/install/ros2node:/home/arian/ros2_foxy/install/ros2multicast:/home/arian/ros2_foxy/install/ros2interface:/home/arian/ros2_foxy/install/ros2doctor:/home/arian/ros2_foxy/install/ros2action:/home/arian/ros2_foxy/install/ros2cli:/home/arian/ros2_foxy/install/quality_of_service_demo_py:/home/arian/ros2_foxy/install/launch_testing_ros:/home/arian/ros2_foxy/install/launch_ros:/home/arian/ros2_foxy/install/examples_rclpy_minimal_subscriber:/home/arian/ros2_foxy/install/examples_rclpy_minimal_service:/home/arian/ros2_foxy/install/examples_rclpy_minimal_publisher:/home/arian/ros2_foxy/install/examples_rclpy_minimal_client:/home/arian/ros2_foxy/install/examples_rclpy_minimal_action_server:/home/arian/ros2_foxy/install/examples_rclpy_minimal_action_client:/home/arian/ros2_foxy/install/examples_rclpy_executors:/home/arian/ros2_foxy/install/demo_nodes_py:/home/arian/ros2_foxy/install/action_tutorials_py:/home/arian/ros2_foxy/install/ament_uncrustify:/home/arian/ros2_foxy/install/tracetools_trace:/home/arian/ros2_foxy/install/tracetools_read:/home/arian/ros2_foxy/install/test_launch_ros:/home/arian/ros2_foxy/install/rpyutils:/home/arian/ros2_foxy/install/rosidl_runtime_py:/home/arian/ros2_foxy/install/launch_yaml:/home/arian/ros2_foxy/install/launch_xml:/home/arian/ros2_foxy/install/launch_testing:/home/arian/ros2_foxy/install/launch:/home/arian/ros2_foxy/install/osrf_pycommon:/home/arian/ros2_foxy/install/domain_coordinator:/home/arian/ros2_foxy/install/ament_xmllint:/home/arian/ros2_foxy/install/ament_pyflakes:/home/arian/ros2_foxy/install/ament_pycodestyle:/home/arian/ros2_foxy/install/ament_pep257:/home/arian/ros2_foxy/install/ament_pclint:/home/arian/ros2_foxy/install/ament_package:/home/arian/ros2_foxy/install/ament_mypy:/home/arian/ros2_foxy/install/ament_lint_cmake:/home/arian/ros2_foxy/install/ament_flake8:/home/arian/ros2_foxy/install/ament_copyright:/home/arian/ros2_foxy/install/ament_lint:/home/arian/ros2_foxy/install/ament_index_python:/home/arian/ros2_foxy/install/ament_cpplint:/home/arian/ros2_foxy/install/ament_cppcheck:/home/arian/ros2_foxy/install/ament_clang_tidy:/home/arian/ros2_foxy/install/ament_clang_format /usr/bin/cmake --build /home/arian/Framework/build/framework -- -j12 -l12
[0.121s] [35m[1mScanning dependencies of target main[0m
[0.161s] [ 50%] [32mBuilding CXX object CMakeFiles/main.dir/src/main.cpp.o[0m
[1.294s] [01m[K/home/arian/Framework/src/framework/src/main.cpp:[m[K In function â€˜[01m[Kint main()[m[Kâ€™:
[1.294s] [01m[K/home/arian/Framework/src/framework/src/main.cpp:52:20:[m[K [01;35m[Kwarning: [m[Kcomparison of integer expressions of different signedness: â€˜[01m[Kint[m[Kâ€™ and â€˜[01m[Kstd::vector<double, std::allocator<double> >::size_type[m[Kâ€™ {aka â€˜[01m[Klong unsigned int[m[Kâ€™} [[01;35m[K-Wsign-compare[m[K]
[1.294s]    52 |   for(int i = 0; [01;35m[Ki < my_big_sum.capacity()[m[K; i++)
[1.294s]       |                  [01;35m[K~~^~~~~~~~~~~~~~~~~~~~~~~[m[K
[1.294s] [01m[K/home/arian/Framework/src/framework/src/main.cpp:64:91:[m[K [01;31m[Kerror: [m[Kno match for â€˜[01m[Koperator=[m[Kâ€™ (operand types are â€˜[01m[Kstd::vector<int>::iterator[m[Kâ€™ {aka â€˜[01m[K__gnu_cxx::__normal_iterator<int*, std::vector<int> >[m[Kâ€™} and â€˜[01m[K__gnu_cxx::__normal_iterator<double*, std::vector<double, std::allocator<double> > >[m[Kâ€™)
[1.295s]    64 |     my_iterator[i]->my_begin = (i * (my_big_sum.size() / NUM_THREADS)) + my_big_sum.begin([01;31m[K)[m[K;
[1.295s]       |                                                                                           [01;31m[K^[m[K
[1.295s] In file included from [01m[K/usr/include/c++/9/bits/stl_algobase.h:67[m[K,
[1.295s]                  from [01m[K/usr/include/c++/9/bits/char_traits.h:39[m[K,
[1.295s]                  from [01m[K/usr/include/c++/9/ios:40[m[K,
[1.295s]                  from [01m[K/usr/include/c++/9/ostream:38[m[K,
[1.295s]                  from [01m[K/usr/include/c++/9/iostream:39[m[K,
[1.295s]                  from [01m[K/home/arian/Framework/src/framework/src/main.cpp:1[m[K:
[1.295s] [01m[K/usr/include/c++/9/bits/stl_iterator.h:787:11:[m[K [01;36m[Knote: [m[Kcandidate: â€˜[01m[Kconstexpr __gnu_cxx::__normal_iterator<int*, std::vector<int> >& __gnu_cxx::__normal_iterator<int*, std::vector<int> >::operator=(const __gnu_cxx::__normal_iterator<int*, std::vector<int> >&)[m[Kâ€™
[1.295s]   787 |     class [01;36m[K__normal_iterator[m[K
[1.295s]       |           [01;36m[K^~~~~~~~~~~~~~~~~[m[K
[1.296s] [01m[K/usr/include/c++/9/bits/stl_iterator.h:787:11:[m[K [01;36m[Knote: [m[K  no known conversion for argument 1 from â€˜[01m[K__gnu_cxx::__normal_iterator<double*, std::vector<double, std::allocator<double> > >[m[Kâ€™ to â€˜[01m[Kconst __gnu_cxx::__normal_iterator<int*, std::vector<int> >&[m[Kâ€™
[1.296s] [01m[K/usr/include/c++/9/bits/stl_iterator.h:787:11:[m[K [01;36m[Knote: [m[Kcandidate: â€˜[01m[Kconstexpr __gnu_cxx::__normal_iterator<int*, std::vector<int> >& __gnu_cxx::__normal_iterator<int*, std::vector<int> >::operator=(__gnu_cxx::__normal_iterator<int*, std::vector<int> >&&)[m[Kâ€™
[1.296s] [01m[K/usr/include/c++/9/bits/stl_iterator.h:787:11:[m[K [01;36m[Knote: [m[K  no known conversion for argument 1 from â€˜[01m[K__gnu_cxx::__normal_iterator<double*, std::vector<double, std::allocator<double> > >[m[Kâ€™ to â€˜[01m[K__gnu_cxx::__normal_iterator<int*, std::vector<int> >&&[m[Kâ€™
[1.296s] [01m[K/home/arian/Framework/src/framework/src/main.cpp:67:47:[m[K [01;31m[Kerror: [m[Kno match for â€˜[01m[Koperator=[m[Kâ€™ (operand types are â€˜[01m[Kstd::vector<int>::iterator[m[Kâ€™ {aka â€˜[01m[K__gnu_cxx::__normal_iterator<int*, std::vector<int> >[m[Kâ€™} and â€˜[01m[Kstd::vector<double, std::allocator<double> >::iterator[m[Kâ€™ {aka â€˜[01m[K__gnu_cxx::__normal_iterator<double*, std::vector<double, std::allocator<double> > >[m[Kâ€™})
[1.296s]    67 |       my_iterator[i]->my_end = my_big_sum.end([01;31m[K)[m[K;
[1.296s]       |                                               [01;31m[K^[m[K
[1.296s] In file included from [01m[K/usr/include/c++/9/bits/stl_algobase.h:67[m[K,
[1.296s]                  from [01m[K/usr/include/c++/9/bits/char_traits.h:39[m[K,
[1.296s]                  from [01m[K/usr/include/c++/9/ios:40[m[K,
[1.296s]                  from [01m[K/usr/include/c++/9/ostream:38[m[K,
[1.296s]                  from [01m[K/usr/include/c++/9/iostream:39[m[K,
[1.296s]                  from [01m[K/home/arian/Framework/src/framework/src/main.cpp:1[m[K:
[1.296s] [01m[K/usr/include/c++/9/bits/stl_iterator.h:787:11:[m[K [01;36m[Knote: [m[Kcandidate: â€˜[01m[Kconstexpr __gnu_cxx::__normal_iterator<int*, std::vector<int> >& __gnu_cxx::__normal_iterator<int*, std::vector<int> >::operator=(const __gnu_cxx::__normal_iterator<int*, std::vector<int> >&)[m[Kâ€™
[1.296s]   787 |     class [01;36m[K__normal_iterator[m[K
[1.296s]       |           [01;36m[K^~~~~~~~~~~~~~~~~[m[K
[1.296s] [01m[K/usr/include/c++/9/bits/stl_iterator.h:787:11:[m[K [01;36m[Knote: [m[K  no known conversion for argument 1 from â€˜[01m[Kstd::vector<double, std::allocator<double> >::iterator[m[Kâ€™ {aka â€˜[01m[K__gnu_cxx::__normal_iterator<double*, std::vector<double, std::allocator<double> > >[m[Kâ€™} to â€˜[01m[Kconst __gnu_cxx::__normal_iterator<int*, std::vector<int> >&[m[Kâ€™
[1.296s] [01m[K/usr/include/c++/9/bits/stl_iterator.h:787:11:[m[K [01;36m[Knote: [m[Kcandidate: â€˜[01m[Kconstexpr __gnu_cxx::__normal_iterator<int*, std::vector<int> >& __gnu_cxx::__normal_iterator<int*, std::vector<int> >::operator=(__gnu_cxx::__normal_iterator<int*, std::vector<int> >&&)[m[Kâ€™
[1.297s] [01m[K/usr/include/c++/9/bits/stl_iterator.h:787:11:[m[K [01;36m[Knote: [m[K  no known conversion for argument 1 from â€˜[01m[Kstd::vector<double, std::allocator<double> >::iterator[m[Kâ€™ {aka â€˜[01m[K__gnu_cxx::__normal_iterator<double*, std::vector<double, std::allocator<double> > >[m[Kâ€™} to â€˜[01m[K__gnu_cxx::__normal_iterator<int*, std::vector<int> >&&[m[Kâ€™
[1.297s] [01m[K/home/arian/Framework/src/framework/src/main.cpp:69:97:[m[K [01;31m[Kerror: [m[Kno match for â€˜[01m[Koperator=[m[Kâ€™ (operand types are â€˜[01m[Kstd::vector<int>::iterator[m[Kâ€™ {aka â€˜[01m[K__gnu_cxx::__normal_iterator<int*, std::vector<int> >[m[Kâ€™} and â€˜[01m[K__gnu_cxx::__normal_iterator<double*, std::vector<double, std::allocator<double> > >[m[Kâ€™)
[1.297s]    69 |       my_iterator[i]->my_end = ((i + 1) * (my_big_sum.size() / NUM_THREADS)) + my_big_sum.begin([01;31m[K)[m[K;
[1.297s]       |                                                                                                 [01;31m[K^[m[K
[1.297s] In file included from [01m[K/usr/include/c++/9/bits/stl_algobase.h:67[m[K,
[1.297s]                  from [01m[K/usr/include/c++/9/bits/char_traits.h:39[m[K,
[1.297s]                  from [01m[K/usr/include/c++/9/ios:40[m[K,
[1.297s]                  from [01m[K/usr/include/c++/9/ostream:38[m[K,
[1.297s]                  from [01m[K/usr/include/c++/9/iostream:39[m[K,
[1.297s]                  from [01m[K/home/arian/Framework/src/framework/src/main.cpp:1[m[K:
[1.297s] [01m[K/usr/include/c++/9/bits/stl_iterator.h:787:11:[m[K [01;36m[Knote: [m[Kcandidate: â€˜[01m[Kconstexpr __gnu_cxx::__normal_iterator<int*, std::vector<int> >& __gnu_cxx::__normal_iterator<int*, std::vector<int> >::operator=(const __gnu_cxx::__normal_iterator<int*, std::vector<int> >&)[m[Kâ€™
[1.297s]   787 |     class [01;36m[K__normal_iterator[m[K
[1.297s]       |           [01;36m[K^~~~~~~~~~~~~~~~~[m[K
[1.297s] [01m[K/usr/include/c++/9/bits/stl_iterator.h:787:11:[m[K [01;36m[Knote: [m[K  no known conversion for argument 1 from â€˜[01m[K__gnu_cxx::__normal_iterator<double*, std::vector<double, std::allocator<double> > >[m[Kâ€™ to â€˜[01m[Kconst __gnu_cxx::__normal_iterator<int*, std::vector<int> >&[m[Kâ€™
[1.297s] [01m[K/usr/include/c++/9/bits/stl_iterator.h:787:11:[m[K [01;36m[Knote: [m[Kcandidate: â€˜[01m[Kconstexpr __gnu_cxx::__normal_iterator<int*, std::vector<int> >& __gnu_cxx::__normal_iterator<int*, std::vector<int> >::operator=(__gnu_cxx::__normal_iterator<int*, std::vector<int> >&&)[m[Kâ€™
[1.297s] [01m[K/usr/include/c++/9/bits/stl_iterator.h:787:11:[m[K [01;36m[Knote: [m[K  no known conversion for argument 1 from â€˜[01m[K__gnu_cxx::__normal_iterator<double*, std::vector<double, std::allocator<double> > >[m[Kâ€™ to â€˜[01m[K__gnu_cxx::__normal_iterator<int*, std::vector<int> >&&[m[Kâ€™
[1.607s] make[2]: *** [CMakeFiles/main.dir/build.make:63: CMakeFiles/main.dir/src/main.cpp.o] Error 1
[1.608s] make[1]: *** [CMakeFiles/Makefile2:78: CMakeFiles/main.dir/all] Error 2
[1.608s] make: *** [Makefile:141: all] Error 2
[1.610s] Invoked command in '/home/arian/Framework/build/framework' returned '2': CMAKE_PREFIX_PATH=${CMAKE_PREFIX_PATH}:/home/arian/ros2_foxy/install/ros2bag:/home/arian/ros2_foxy/install/tracetools_launch:/home/arian/ros2_foxy/install/topic_monitor:/home/arian/ros2_foxy/install/examples_tf2_py:/home/arian/ros2_foxy/install/sros2:/home/arian/ros2_foxy/install/rqt_topic:/home/arian/ros2_foxy/install/rqt_reconfigure:/home/arian/ros2_foxy/install/rqt_action:/home/arian/ros2_foxy/install/rqt:/home/arian/ros2_foxy/install/rqt_graph:/home/arian/ros2_foxy/install/rqt_gui_py:/home/arian/ros2_foxy/install/rqt_gui:/home/arian/ros2_foxy/install/ros2trace:/home/arian/ros2_foxy/install/ros2topic:/home/arian/ros2_foxy/install/ros2test:/home/arian/ros2_foxy/install/ros2component:/home/arian/ros2_foxy/install/ros2param:/home/arian/ros2_foxy/install/ros2lifecycle:/home/arian/ros2_foxy/install/ros2service:/home/arian/ros2_foxy/install/ros2run:/home/arian/ros2_foxy/install/ros2launch:/home/arian/ros2_foxy/install/ros2pkg:/home/arian/ros2_foxy/install/ros2node:/home/arian/ros2_foxy/install/ros2multicast:/home/arian/ros2_foxy/install/ros2interface:/home/arian/ros2_foxy/install/ros2doctor:/home/arian/ros2_foxy/install/ros2action:/home/arian/ros2_foxy/install/ros2cli:/home/arian/ros2_foxy/install/quality_of_service_demo_py:/home/arian/ros2_foxy/install/launch_testing_ros:/home/arian/ros2_foxy/install/launch_ros:/home/arian/ros2_foxy/install/examples_rclpy_minimal_subscriber:/home/arian/ros2_foxy/install/examples_rclpy_minimal_service:/home/arian/ros2_foxy/install/examples_rclpy_minimal_publisher:/home/arian/ros2_foxy/install/examples_rclpy_minimal_client:/home/arian/ros2_foxy/install/examples_rclpy_minimal_action_server:/home/arian/ros2_foxy/install/examples_rclpy_minimal_action_client:/home/arian/ros2_foxy/install/examples_rclpy_executors:/home/arian/ros2_foxy/install/demo_nodes_py:/home/arian/ros2_foxy/install/action_tutorials_py:/home/arian/ros2_foxy/install/ament_uncrustify:/home/arian/ros2_foxy/install/tracetools_trace:/home/arian/ros2_foxy/install/tracetools_read:/home/arian/ros2_foxy/install/test_launch_ros:/home/arian/ros2_foxy/install/rpyutils:/home/arian/ros2_foxy/install/rosidl_runtime_py:/home/arian/ros2_foxy/install/launch_yaml:/home/arian/ros2_foxy/install/launch_xml:/home/arian/ros2_foxy/install/launch_testing:/home/arian/ros2_foxy/install/launch:/home/arian/ros2_foxy/install/osrf_pycommon:/home/arian/ros2_foxy/install/domain_coordinator:/home/arian/ros2_foxy/install/ament_xmllint:/home/arian/ros2_foxy/install/ament_pyflakes:/home/arian/ros2_foxy/install/ament_pycodestyle:/home/arian/ros2_foxy/install/ament_pep257:/home/arian/ros2_foxy/install/ament_pclint:/home/arian/ros2_foxy/install/ament_package:/home/arian/ros2_foxy/install/ament_mypy:/home/arian/ros2_foxy/install/ament_lint_cmake:/home/arian/ros2_foxy/install/ament_flake8:/home/arian/ros2_foxy/install/ament_copyright:/home/arian/ros2_foxy/install/ament_lint:/home/arian/ros2_foxy/install/ament_index_python:/home/arian/ros2_foxy/install/ament_cpplint:/home/arian/ros2_foxy/install/ament_cppcheck:/home/arian/ros2_foxy/install/ament_clang_tidy:/home/arian/ros2_foxy/install/ament_clang_format /usr/bin/cmake --build /home/arian/Framework/build/framework -- -j12 -l12
