[35m[1mScanning dependencies of target main[0m
[ 50%] [32mBuilding CXX object CMakeFiles/main.dir/src/main.cpp.o[0m
In file included from [01m[K/home/arian/Framework/src/framework/src/main.cpp:6[m[K:
[01m[K/home/arian/Framework/src/framework/include/framework/multiply_parallel.hpp:76:10:[m[K [01;31m[Kerror: [m[Kexpected â€˜[01m[K;[m[Kâ€™ after class definition
   76 |         }
      |          [01;31m[K^[m[K
      |          [32m[K;[m[K
[01m[K/home/arian/Framework/src/framework/include/framework/multiply_parallel.hpp:20:81:[m[K [01;31m[Kerror: [m[Kcannot convert â€˜[01m[Kframework::utilities::multiply::multiply_function[m[Kâ€™ from type â€˜[01m[Kvoid* (framework::utilities::multiply::)(void*)[m[Kâ€™ to type â€˜[01m[Kvoid* (*)(void*)[m[Kâ€™
   20 |                 void run(int** matrix_a_, int** matrix_b_, void* (*fn)(void*) = [01;31m[Kmultiply_function[m[K)
      |                                                                                 [01;31m[K^~~~~~~~~~~~~~~~~[m[K
[01m[K/home/arian/Framework/src/framework/include/framework/multiply_parallel.hpp:[m[K In member function â€˜[01m[Kvoid framework::utilities::multiply::run(int**, int**, void* (*)(void*))[m[Kâ€™:
[01m[K/home/arian/Framework/src/framework/include/framework/multiply_parallel.hpp:29:41:[m[K [01;31m[Kerror: [m[Kâ€˜[01m[Kthread[m[Kâ€™ was not declared in this scope; did you mean â€˜[01m[Kstd::thread[m[Kâ€™?
   29 |                         pthread_create(&[01;31m[Kthread[m[K[i], NULL, fn, NULL);
      |                                         [01;31m[K^~~~~~[m[K
      |                                         [32m[Kstd::thread[m[K
In file included from [01m[K/usr/include/c++/9/future:39[m[K,
                 from [01m[K/home/arian/ros2_foxy/install/rclcpp/include/rclcpp/executors.hpp:18[m[K,
                 from [01m[K/home/arian/ros2_foxy/install/rclcpp/include/rclcpp/rclcpp.hpp:146[m[K,
                 from [01m[K/home/arian/Framework/src/framework/src/main.cpp:2[m[K:
[01m[K/usr/include/c++/9/thread:62:9:[m[K [01;36m[Knote: [m[Kâ€˜[01m[Kstd::thread[m[Kâ€™ declared here
   62 |   class [01;36m[Kthread[m[K
      |         [01;36m[K^~~~~~[m[K
In file included from [01m[K/home/arian/Framework/src/framework/src/main.cpp:6[m[K:
[01m[K/home/arian/Framework/src/framework/include/framework/multiply_parallel.hpp:34:38:[m[K [01;31m[Kerror: [m[Kâ€˜[01m[Kthread[m[Kâ€™ was not declared in this scope; did you mean â€˜[01m[Kstd::thread[m[Kâ€™?
   34 |                         pthread_join([01;31m[Kthread[m[K[i], NULL);
      |                                      [01;31m[K^~~~~~[m[K
      |                                      [32m[Kstd::thread[m[K
In file included from [01m[K/usr/include/c++/9/future:39[m[K,
                 from [01m[K/home/arian/ros2_foxy/install/rclcpp/include/rclcpp/executors.hpp:18[m[K,
                 from [01m[K/home/arian/ros2_foxy/install/rclcpp/include/rclcpp/rclcpp.hpp:146[m[K,
                 from [01m[K/home/arian/Framework/src/framework/src/main.cpp:2[m[K:
[01m[K/usr/include/c++/9/thread:62:9:[m[K [01;36m[Knote: [m[Kâ€˜[01m[Kstd::thread[m[Kâ€™ declared here
   62 |   class [01;36m[Kthread[m[K
      |         [01;36m[K^~~~~~[m[K
In file included from [01m[K/home/arian/Framework/src/framework/src/main.cpp:6[m[K:
[01m[K/home/arian/Framework/src/framework/include/framework/multiply_parallel.hpp:25:31:[m[K [01;35m[Kwarning: [m[Kunused variable â€˜[01m[Kthreads[m[Kâ€™ [[01;35m[K-Wunused-variable[m[K]
   25 |                     pthread_t [01;35m[Kthreads[m[K[1];
      |                               [01;35m[K^~~~~~~[m[K
[01m[K/home/arian/Framework/src/framework/include/framework/multiply_parallel.hpp:[m[K In member function â€˜[01m[Kvoid* framework::utilities::multiply::multiply_function(void*)[m[Kâ€™:
[01m[K/home/arian/Framework/src/framework/include/framework/multiply_parallel.hpp:63:33:[m[K [01;31m[Kerror: [m[Kâ€˜[01m[Kiteration[m[Kâ€™ was not declared in this scope
   63 |                     for(int i = [01;31m[Kiteration[m[K; i < 3; i++)
      |                                 [01;31m[K^~~~~~~~~[m[K
[01m[K/home/arian/Framework/src/framework/include/framework/multiply_parallel.hpp:69:33:[m[K [01;31m[Kerror: [m[Kâ€˜[01m[Kmatrices_c[m[Kâ€™ was not declared in this scope; did you mean â€˜[01m[Kmatric_c[m[Kâ€™?
   69 |                                 [01;31m[Kmatrices_c[m[K[i][j] += matrices_a[i][k] * matrices_b[k][j];
      |                                 [01;31m[K^~~~~~~~~~[m[K
      |                                 [32m[Kmatric_c[m[K
[01m[K/home/arian/Framework/src/framework/include/framework/multiply_parallel.hpp:69:53:[m[K [01;31m[Kerror: [m[Kâ€˜[01m[Kmatrices_a[m[Kâ€™ was not declared in this scope; did you mean â€˜[01m[Kmatrix_a[m[Kâ€™?
   69 |                                 matrices_c[i][j] += [01;31m[Kmatrices_a[m[K[i][k] * matrices_b[k][j];
      |                                                     [01;31m[K^~~~~~~~~~[m[K
      |                                                     [32m[Kmatrix_a[m[K
[01m[K/home/arian/Framework/src/framework/include/framework/multiply_parallel.hpp:69:72:[m[K [01;31m[Kerror: [m[Kâ€˜[01m[Kmatrices_b[m[Kâ€™ was not declared in this scope; did you mean â€˜[01m[Kmatrix_b[m[Kâ€™?
   69 |                                 matrices_c[i][j] += matrices_a[i][k] * [01;31m[Kmatrices_b[m[K[k][j];
      |                                                                        [01;31m[K^~~~~~~~~~[m[K
      |                                                                        [32m[Kmatrix_b[m[K
[01m[K/home/arian/Framework/src/framework/src/main.cpp:[m[K In function â€˜[01m[Kint main(int, const char**)[m[Kâ€™:
[01m[K/home/arian/Framework/src/framework/src/main.cpp:13:49:[m[K [01;31m[Kerror: [m[Kâ€˜[01m[KMultiply[m[Kâ€™ is not a member of â€˜[01m[Kframework::utilities[m[Kâ€™; did you mean â€˜[01m[Kmultiply[m[Kâ€™?
   13 |     auto multiplication = framework::utilities::[01;31m[KMultiply[m[K();
      |                                                 [01;31m[K^~~~~~~~[m[K
      |                                                 [32m[Kmultiply[m[K
[01m[K/home/arian/Framework/src/framework/src/main.cpp:10:14:[m[K [01;35m[Kwarning: [m[Kunused parameter â€˜[01m[Kargc[m[Kâ€™ [[01;35m[K-Wunused-parameter[m[K]
   10 | int main([01;35m[Kint argc[m[K, const char ** argv)
      |          [01;35m[K~~~~^~~~[m[K
[01m[K/home/arian/Framework/src/framework/src/main.cpp:10:34:[m[K [01;35m[Kwarning: [m[Kunused parameter â€˜[01m[Kargv[m[Kâ€™ [[01;35m[K-Wunused-parameter[m[K]
   10 | int main(int argc, [01;35m[Kconst char ** argv[m[K)
      |                    [01;35m[K~~~~~~~~~~~~~~^~~~[m[K
make[2]: *** [CMakeFiles/main.dir/build.make:63: CMakeFiles/main.dir/src/main.cpp.o] Error 1
make[1]: *** [CMakeFiles/Makefile2:78: CMakeFiles/main.dir/all] Error 2
make: *** [Makefile:141: all] Error 2
