[0.037s] Invoking command in '/home/arian/Framework/build/framework': CMAKE_PREFIX_PATH=${CMAKE_PREFIX_PATH}:/home/arian/ros2_foxy/install/ros2bag:/home/arian/ros2_foxy/install/tracetools_launch:/home/arian/ros2_foxy/install/topic_monitor:/home/arian/ros2_foxy/install/examples_tf2_py:/home/arian/ros2_foxy/install/sros2:/home/arian/ros2_foxy/install/rqt_topic:/home/arian/ros2_foxy/install/rqt_reconfigure:/home/arian/ros2_foxy/install/rqt_action:/home/arian/ros2_foxy/install/rqt:/home/arian/ros2_foxy/install/rqt_graph:/home/arian/ros2_foxy/install/rqt_gui_py:/home/arian/ros2_foxy/install/rqt_gui:/home/arian/ros2_foxy/install/ros2trace:/home/arian/ros2_foxy/install/ros2topic:/home/arian/ros2_foxy/install/ros2test:/home/arian/ros2_foxy/install/ros2component:/home/arian/ros2_foxy/install/ros2param:/home/arian/ros2_foxy/install/ros2lifecycle:/home/arian/ros2_foxy/install/ros2service:/home/arian/ros2_foxy/install/ros2run:/home/arian/ros2_foxy/install/ros2launch:/home/arian/ros2_foxy/install/ros2pkg:/home/arian/ros2_foxy/install/ros2node:/home/arian/ros2_foxy/install/ros2multicast:/home/arian/ros2_foxy/install/ros2interface:/home/arian/ros2_foxy/install/ros2doctor:/home/arian/ros2_foxy/install/ros2action:/home/arian/ros2_foxy/install/ros2cli:/home/arian/ros2_foxy/install/quality_of_service_demo_py:/home/arian/ros2_foxy/install/launch_testing_ros:/home/arian/ros2_foxy/install/launch_ros:/home/arian/ros2_foxy/install/examples_rclpy_minimal_subscriber:/home/arian/ros2_foxy/install/examples_rclpy_minimal_service:/home/arian/ros2_foxy/install/examples_rclpy_minimal_publisher:/home/arian/ros2_foxy/install/examples_rclpy_minimal_client:/home/arian/ros2_foxy/install/examples_rclpy_minimal_action_server:/home/arian/ros2_foxy/install/examples_rclpy_minimal_action_client:/home/arian/ros2_foxy/install/examples_rclpy_executors:/home/arian/ros2_foxy/install/demo_nodes_py:/home/arian/ros2_foxy/install/action_tutorials_py:/home/arian/ros2_foxy/install/ament_uncrustify:/home/arian/ros2_foxy/install/tracetools_trace:/home/arian/ros2_foxy/install/tracetools_read:/home/arian/ros2_foxy/install/test_launch_ros:/home/arian/ros2_foxy/install/rpyutils:/home/arian/ros2_foxy/install/rosidl_runtime_py:/home/arian/ros2_foxy/install/launch_yaml:/home/arian/ros2_foxy/install/launch_xml:/home/arian/ros2_foxy/install/launch_testing:/home/arian/ros2_foxy/install/launch:/home/arian/ros2_foxy/install/osrf_pycommon:/home/arian/ros2_foxy/install/domain_coordinator:/home/arian/ros2_foxy/install/ament_xmllint:/home/arian/ros2_foxy/install/ament_pyflakes:/home/arian/ros2_foxy/install/ament_pycodestyle:/home/arian/ros2_foxy/install/ament_pep257:/home/arian/ros2_foxy/install/ament_pclint:/home/arian/ros2_foxy/install/ament_package:/home/arian/ros2_foxy/install/ament_mypy:/home/arian/ros2_foxy/install/ament_lint_cmake:/home/arian/ros2_foxy/install/ament_flake8:/home/arian/ros2_foxy/install/ament_copyright:/home/arian/ros2_foxy/install/ament_lint:/home/arian/ros2_foxy/install/ament_index_python:/home/arian/ros2_foxy/install/ament_cpplint:/home/arian/ros2_foxy/install/ament_cppcheck:/home/arian/ros2_foxy/install/ament_clang_tidy:/home/arian/ros2_foxy/install/ament_clang_format /usr/bin/cmake --build /home/arian/Framework/build/framework -- -j12 -l12
[0.119s] [35m[1mScanning dependencies of target main[0m
[0.157s] [ 50%] [32mBuilding CXX object CMakeFiles/main.dir/src/main.cpp.o[0m
[1.235s] In file included from [01m[K/home/arian/Framework/src/framework/src/main.cpp:7[m[K:
[1.235s] [01m[K/home/arian/Framework/src/framework/include/framework/multiply_parallel.hpp:[m[K In constructor â€˜[01m[Kframework::utilities::matrix::matrix(int**)[m[Kâ€™:
[1.235s] [01m[K/home/arian/Framework/src/framework/include/framework/multiply_parallel.hpp:21:26:[m[K [01;35m[Kwarning: [m[Kunused parameter â€˜[01m[Kmatrix[m[Kâ€™ [[01;35m[K-Wunused-parameter[m[K]
[1.235s]    21 |             matrix([01;35m[Kint** matrix[m[K)
[1.235s]       |                    [01;35m[K~~~~~~^~~~~~[m[K
[1.236s] [01m[K/home/arian/Framework/src/framework/include/framework/multiply_parallel.hpp:[m[K In member function â€˜[01m[Kconstexpr void framework::utilities::matrix::get_size()[m[Kâ€™:
[1.236s] [01m[K/home/arian/Framework/src/framework/include/framework/multiply_parallel.hpp:35:50:[m[K [01;31m[Kerror: [m[Kcall to non-â€˜[01m[Kconstexpr[m[Kâ€™ function â€˜[01m[Kstd::vector<_Tp, _Alloc>::size_type std::vector<_Tp, _Alloc>::size() const [with _Tp = int; _Alloc = std::allocator<int>; std::vector<_Tp, _Alloc>::size_type = long unsigned int][m[Kâ€™
[1.236s]    35 |                 this->size = [01;31m[Kthis->container.size()[m[K;
[1.236s]       |                              [01;31m[K~~~~~~~~~~~~~~~~~~~~^~[m[K
[1.236s] [01m[K/home/arian/Framework/src/framework/include/framework/multiply_parallel.hpp:[m[K In member function â€˜[01m[Kint framework::utilities::matrix::operator()(int, int)[m[Kâ€™:
[1.236s] [01m[K/home/arian/Framework/src/framework/include/framework/multiply_parallel.hpp:45:48:[m[K [01;31m[Kerror: [m[Kexpected â€˜[01m[K;[m[Kâ€™ before â€˜[01m[K}[m[Kâ€™ token
[1.236s]    45 |                 return container[r * width + c]
[1.236s]       |                                                [01;31m[K^[m[K
[1.236s]       |                                                [32m[K;[m[K
[1.236s]    46 |             [32m[K}[m[K
[1.236s]       |             [32m[K~[m[K                                   
[1.237s] [01m[K/home/arian/Framework/src/framework/include/framework/multiply_parallel.hpp:[m[K In function â€˜[01m[Kvoid* framework::utilities::parallel_multiply(void*)[m[Kâ€™:
[1.237s] [01m[K/home/arian/Framework/src/framework/include/framework/multiply_parallel.hpp:53:25:[m[K [01;31m[Kerror: [m[Kâ€˜[01m[Kiteration[m[Kâ€™ was not declared in this scope
[1.237s]    53 |             for(int i = [01;31m[Kiteration[m[K; i < 200; i = i + 2)
[1.237s]       |                         [01;31m[K^~~~~~~~~[m[K
[1.238s] [01m[K/home/arian/Framework/src/framework/include/framework/multiply_parallel.hpp:59:25:[m[K [01;31m[Kerror: [m[Kâ€˜[01m[Kmatrices[m[Kâ€™ was not declared in this scope; did you mean â€˜[01m[Kmatrix[m[Kâ€™?
[1.238s]    59 |                         [01;31m[Kmatrices[m[K->c[i][j] += matrices->a[i][k] * matrices->b[k][j];
[1.238s]       |                         [01;31m[K^~~~~~~~[m[K
[1.238s]       |                         [32m[Kmatrix[m[K
[1.238s] [01m[K/home/arian/Framework/src/framework/include/framework/multiply_parallel.hpp:49:40:[m[K [01;35m[Kwarning: [m[Kunused parameter â€˜[01m[Kpayload[m[Kâ€™ [[01;35m[K-Wunused-parameter[m[K]
[1.238s]    49 |         void * parallel_multiply([01;35m[Kvoid* payload[m[K)
[1.239s]       |                                  [01;35m[K~~~~~~^~~~~~~[m[K
[1.535s] make[2]: *** [CMakeFiles/main.dir/build.make:63: CMakeFiles/main.dir/src/main.cpp.o] Error 1
[1.535s] make[1]: *** [CMakeFiles/Makefile2:78: CMakeFiles/main.dir/all] Error 2
[1.535s] make: *** [Makefile:141: all] Error 2
[1.537s] Invoked command in '/home/arian/Framework/build/framework' returned '2': CMAKE_PREFIX_PATH=${CMAKE_PREFIX_PATH}:/home/arian/ros2_foxy/install/ros2bag:/home/arian/ros2_foxy/install/tracetools_launch:/home/arian/ros2_foxy/install/topic_monitor:/home/arian/ros2_foxy/install/examples_tf2_py:/home/arian/ros2_foxy/install/sros2:/home/arian/ros2_foxy/install/rqt_topic:/home/arian/ros2_foxy/install/rqt_reconfigure:/home/arian/ros2_foxy/install/rqt_action:/home/arian/ros2_foxy/install/rqt:/home/arian/ros2_foxy/install/rqt_graph:/home/arian/ros2_foxy/install/rqt_gui_py:/home/arian/ros2_foxy/install/rqt_gui:/home/arian/ros2_foxy/install/ros2trace:/home/arian/ros2_foxy/install/ros2topic:/home/arian/ros2_foxy/install/ros2test:/home/arian/ros2_foxy/install/ros2component:/home/arian/ros2_foxy/install/ros2param:/home/arian/ros2_foxy/install/ros2lifecycle:/home/arian/ros2_foxy/install/ros2service:/home/arian/ros2_foxy/install/ros2run:/home/arian/ros2_foxy/install/ros2launch:/home/arian/ros2_foxy/install/ros2pkg:/home/arian/ros2_foxy/install/ros2node:/home/arian/ros2_foxy/install/ros2multicast:/home/arian/ros2_foxy/install/ros2interface:/home/arian/ros2_foxy/install/ros2doctor:/home/arian/ros2_foxy/install/ros2action:/home/arian/ros2_foxy/install/ros2cli:/home/arian/ros2_foxy/install/quality_of_service_demo_py:/home/arian/ros2_foxy/install/launch_testing_ros:/home/arian/ros2_foxy/install/launch_ros:/home/arian/ros2_foxy/install/examples_rclpy_minimal_subscriber:/home/arian/ros2_foxy/install/examples_rclpy_minimal_service:/home/arian/ros2_foxy/install/examples_rclpy_minimal_publisher:/home/arian/ros2_foxy/install/examples_rclpy_minimal_client:/home/arian/ros2_foxy/install/examples_rclpy_minimal_action_server:/home/arian/ros2_foxy/install/examples_rclpy_minimal_action_client:/home/arian/ros2_foxy/install/examples_rclpy_executors:/home/arian/ros2_foxy/install/demo_nodes_py:/home/arian/ros2_foxy/install/action_tutorials_py:/home/arian/ros2_foxy/install/ament_uncrustify:/home/arian/ros2_foxy/install/tracetools_trace:/home/arian/ros2_foxy/install/tracetools_read:/home/arian/ros2_foxy/install/test_launch_ros:/home/arian/ros2_foxy/install/rpyutils:/home/arian/ros2_foxy/install/rosidl_runtime_py:/home/arian/ros2_foxy/install/launch_yaml:/home/arian/ros2_foxy/install/launch_xml:/home/arian/ros2_foxy/install/launch_testing:/home/arian/ros2_foxy/install/launch:/home/arian/ros2_foxy/install/osrf_pycommon:/home/arian/ros2_foxy/install/domain_coordinator:/home/arian/ros2_foxy/install/ament_xmllint:/home/arian/ros2_foxy/install/ament_pyflakes:/home/arian/ros2_foxy/install/ament_pycodestyle:/home/arian/ros2_foxy/install/ament_pep257:/home/arian/ros2_foxy/install/ament_pclint:/home/arian/ros2_foxy/install/ament_package:/home/arian/ros2_foxy/install/ament_mypy:/home/arian/ros2_foxy/install/ament_lint_cmake:/home/arian/ros2_foxy/install/ament_flake8:/home/arian/ros2_foxy/install/ament_copyright:/home/arian/ros2_foxy/install/ament_lint:/home/arian/ros2_foxy/install/ament_index_python:/home/arian/ros2_foxy/install/ament_cpplint:/home/arian/ros2_foxy/install/ament_cppcheck:/home/arian/ros2_foxy/install/ament_clang_tidy:/home/arian/ros2_foxy/install/ament_clang_format /usr/bin/cmake --build /home/arian/Framework/build/framework -- -j12 -l12
