[0.036s] Invoking command in '/home/arian/Framework/build/framework': CMAKE_PREFIX_PATH=${CMAKE_PREFIX_PATH}:/home/arian/ros2_foxy/install/ros2bag:/home/arian/ros2_foxy/install/tracetools_launch:/home/arian/ros2_foxy/install/topic_monitor:/home/arian/ros2_foxy/install/examples_tf2_py:/home/arian/ros2_foxy/install/sros2:/home/arian/ros2_foxy/install/rqt_topic:/home/arian/ros2_foxy/install/rqt_reconfigure:/home/arian/ros2_foxy/install/rqt_action:/home/arian/ros2_foxy/install/rqt:/home/arian/ros2_foxy/install/rqt_graph:/home/arian/ros2_foxy/install/rqt_gui_py:/home/arian/ros2_foxy/install/rqt_gui:/home/arian/ros2_foxy/install/ros2trace:/home/arian/ros2_foxy/install/ros2topic:/home/arian/ros2_foxy/install/ros2test:/home/arian/ros2_foxy/install/ros2component:/home/arian/ros2_foxy/install/ros2param:/home/arian/ros2_foxy/install/ros2lifecycle:/home/arian/ros2_foxy/install/ros2service:/home/arian/ros2_foxy/install/ros2run:/home/arian/ros2_foxy/install/ros2launch:/home/arian/ros2_foxy/install/ros2pkg:/home/arian/ros2_foxy/install/ros2node:/home/arian/ros2_foxy/install/ros2multicast:/home/arian/ros2_foxy/install/ros2interface:/home/arian/ros2_foxy/install/ros2doctor:/home/arian/ros2_foxy/install/ros2action:/home/arian/ros2_foxy/install/ros2cli:/home/arian/ros2_foxy/install/quality_of_service_demo_py:/home/arian/ros2_foxy/install/launch_testing_ros:/home/arian/ros2_foxy/install/launch_ros:/home/arian/ros2_foxy/install/examples_rclpy_minimal_subscriber:/home/arian/ros2_foxy/install/examples_rclpy_minimal_service:/home/arian/ros2_foxy/install/examples_rclpy_minimal_publisher:/home/arian/ros2_foxy/install/examples_rclpy_minimal_client:/home/arian/ros2_foxy/install/examples_rclpy_minimal_action_server:/home/arian/ros2_foxy/install/examples_rclpy_minimal_action_client:/home/arian/ros2_foxy/install/examples_rclpy_executors:/home/arian/ros2_foxy/install/demo_nodes_py:/home/arian/ros2_foxy/install/action_tutorials_py:/home/arian/ros2_foxy/install/ament_uncrustify:/home/arian/ros2_foxy/install/tracetools_trace:/home/arian/ros2_foxy/install/tracetools_read:/home/arian/ros2_foxy/install/test_launch_ros:/home/arian/ros2_foxy/install/rpyutils:/home/arian/ros2_foxy/install/rosidl_runtime_py:/home/arian/ros2_foxy/install/launch_yaml:/home/arian/ros2_foxy/install/launch_xml:/home/arian/ros2_foxy/install/launch_testing:/home/arian/ros2_foxy/install/launch:/home/arian/ros2_foxy/install/osrf_pycommon:/home/arian/ros2_foxy/install/domain_coordinator:/home/arian/ros2_foxy/install/ament_xmllint:/home/arian/ros2_foxy/install/ament_pyflakes:/home/arian/ros2_foxy/install/ament_pycodestyle:/home/arian/ros2_foxy/install/ament_pep257:/home/arian/ros2_foxy/install/ament_pclint:/home/arian/ros2_foxy/install/ament_package:/home/arian/ros2_foxy/install/ament_mypy:/home/arian/ros2_foxy/install/ament_lint_cmake:/home/arian/ros2_foxy/install/ament_flake8:/home/arian/ros2_foxy/install/ament_copyright:/home/arian/ros2_foxy/install/ament_lint:/home/arian/ros2_foxy/install/ament_index_python:/home/arian/ros2_foxy/install/ament_cpplint:/home/arian/ros2_foxy/install/ament_cppcheck:/home/arian/ros2_foxy/install/ament_clang_tidy:/home/arian/ros2_foxy/install/ament_clang_format /usr/bin/cmake --build /home/arian/Framework/build/framework -- -j12 -l12
[0.117s] [35m[1mScanning dependencies of target main[0m
[0.155s] [ 50%] [32mBuilding CXX object CMakeFiles/main.dir/src/main.cpp.o[0m
[0.309s] In file included from [01m[K/home/arian/Framework/src/framework/src/main.cpp:12[m[K:
[0.309s] [01m[K/home/arian/Framework/src/framework/include/framework/multiply_parallel.hpp:379:[m[K [01;35m[Kwarning: [m[Kignoring #pragma omp parallel [[01;35m[K-Wunknown-pragmas[m[K]
[0.309s]   379 |             #pragma omp parallel num_threads(settings_.THREAD_NUMBER)
[0.309s]       | 
[1.302s] In file included from [01m[K/home/arian/Framework/src/framework/include/framework/multiply_parallel.hpp:14[m[K,
[1.303s]                  from [01m[K/home/arian/Framework/src/framework/src/main.cpp:12[m[K:
[1.303s] [01m[K/home/arian/Framework/src/framework/include/framework/settings/settings.hpp:[m[K In constructor â€˜[01m[Ksettings::settings()[m[Kâ€™:
[1.303s] [01m[K/home/arian/Framework/src/framework/include/framework/settings/settings.hpp:13:50:[m[K [01;31m[Kerror: [m[Kâ€˜[01m[KSCHEDULING_STRATEGY[m[Kâ€™ has not been declared
[1.303s]    13 |             this->SCHED_STRATEGY           =     [01;31m[KSCHEDULING_STRATEGY[m[K::SCHEDULING_TS;
[1.303s]       |                                                  [01;31m[K^~~~~~~~~~~~~~~~~~~[m[K
[1.303s] [01m[K/home/arian/Framework/src/framework/include/framework/settings/settings.hpp:15:50:[m[K [01;31m[Kerror: [m[Kâ€˜[01m[KAFFINITY[m[Kâ€™ is not a class, namespace, or enumeration
[1.303s]    15 |             this->AFFINITY                 =     [01;31m[KAFFINITY[m[K::FALSE;
[1.303s]       |                                                  [01;31m[K^~~~~~~~[m[K
[1.303s] [01m[K/home/arian/Framework/src/framework/include/framework/settings/settings.hpp:16:50:[m[K [01;31m[Kerror: [m[Kâ€˜[01m[KPARALLELIZATION_STRATEGY[m[Kâ€™ is not a class, namespace, or enumeration
[1.304s]    16 |             this->PARALLELIZATION_STRATEGY =     [01;31m[KPARALLELIZATION_STRATEGY[m[K::PTHREADS;
[1.304s]       |                                                  [01;31m[K^~~~~~~~~~~~~~~~~~~~~~~~[m[K
[1.304s] [01m[K/home/arian/Framework/src/framework/include/framework/settings/settings.hpp:[m[K In constructor â€˜[01m[Ksettings::settings(int, int)[m[Kâ€™:
[1.304s] [01m[K/home/arian/Framework/src/framework/include/framework/settings/settings.hpp:21:28:[m[K [01;31m[Kerror: [m[Kâ€˜[01m[KSCHEDULING_STRATEGY[m[Kâ€™ has not been declared
[1.304s]    21 |             SCHED_STRATEGY([01;31m[KSCHEDULING_STRATEGY[m[K::SCHEDULING_TS),
[1.304s]       |                            [01;31m[K^~~~~~~~~~~~~~~~~~~[m[K
[1.304s] [01m[K/home/arian/Framework/src/framework/include/framework/settings/settings.hpp:23:22:[m[K [01;31m[Kerror: [m[Kâ€˜[01m[KAFFINITY[m[Kâ€™ is not a class, namespace, or enumeration
[1.304s]    23 |             AFFINITY([01;31m[KAFFINITY[m[K::FALSE),
[1.304s]       |                      [01;31m[K^~~~~~~~[m[K
[1.304s] In file included from [01m[K/home/arian/Framework/src/framework/include/framework/multiply_parallel.hpp:14[m[K,
[1.304s]                  from [01m[K/home/arian/Framework/src/framework/src/main.cpp:12[m[K:
[1.304s] [01m[K/home/arian/Framework/src/framework/include/framework/settings/settings.hpp:[m[K In member function â€˜[01m[Kconst char* settings::get_scheduling_strategy(int) const[m[Kâ€™:
[1.304s] [01m[K/home/arian/Framework/src/framework/include/framework/settings/settings.hpp:61:39:[m[K [01;31m[Kerror: [m[Kâ€˜[01m[KSCHEDULING_STRATEGY[m[Kâ€™ has not been declared
[1.304s]    61 |             if(scheduling_strategy == [01;31m[KSCHEDULING_STRATEGY[m[K::SCHEDULING_RR)
[1.304s]       |                                       [01;31m[K^~~~~~~~~~~~~~~~~~~[m[K
[1.305s] [01m[K/home/arian/Framework/src/framework/include/framework/settings/settings.hpp:63:44:[m[K [01;31m[Kerror: [m[Kâ€˜[01m[KSCHEDULING_STRATEGY[m[Kâ€™ has not been declared
[1.305s]    63 |             else if(scheduling_strategy == [01;31m[KSCHEDULING_STRATEGY[m[K::SCHEDULING_FIFO)
[1.305s]       |                                            [01;31m[K^~~~~~~~~~~~~~~~~~~[m[K
[1.305s] [01m[K/home/arian/Framework/src/framework/include/framework/settings/settings.hpp:[m[K In member function â€˜[01m[Kconst char* settings::get_parallelization_strategy(int) const[m[Kâ€™:
[1.305s] [01m[K/home/arian/Framework/src/framework/include/framework/settings/settings.hpp:79:44:[m[K [01;31m[Kerror: [m[Kâ€˜[01m[KPARALLELIZATION_STRATEGY[m[Kâ€™ is not a class, namespace, or enumeration
[1.305s]    79 |             if(parallelization_strategy == [01;31m[KPARALLELIZATION_STRATEGY[m[K::OPENMP)
[1.305s]       |                                            [01;31m[K^~~~~~~~~~~~~~~~~~~~~~~~[m[K
[1.381s] In file included from [01m[K/home/arian/Framework/src/framework/src/main.cpp:12[m[K:
[1.381s] /home/arian/Framework/src/framework/include/framework/multiply_parallel.hpp: In instantiation of â€˜[01m[Kstatic std::vector<BufferT> single_generator::generate_input(int) [with T = double][m[Kâ€™:
[1.381s] [01m[K/home/arian/Framework/src/framework/src/main.cpp:127:63:[m[K   required from here
[1.381s] [01m[K/home/arian/Framework/src/framework/include/framework/multiply_parallel.hpp:407:30:[m[K [01;35m[Kwarning: [m[Kcomparison of integer expressions of different signedness: â€˜[01m[Kint[m[Kâ€™ and â€˜[01m[Kstd::vector<double, std::allocator<double> >::size_type[m[Kâ€™ {aka â€˜[01m[Klong unsigned int[m[Kâ€™} [[01;35m[K-Wsign-compare[m[K]
[1.381s]   407 |             for(int i = 0; i < temp.capacity(); i++)
[1.504s] /home/arian/Framework/src/framework/include/framework/multiply_parallel.hpp: In instantiation of â€˜[01m[Kvoid multiply_parallel<T>::execute_openmp(const std::vector<BufferT>&, const std::vector<BufferT>&, std::vector<BufferT>&, const settings&) [with T = double][m[Kâ€™:
[1.504s] [01m[K/home/arian/Framework/src/framework/include/framework/multiply_parallel.hpp:182:17:[m[K   required from â€˜[01m[Kvoid multiply_parallel<T>::execute(const std::vector<BufferT>&, const std::vector<BufferT>&, std::vector<BufferT>&, const settings&) [with T = double][m[Kâ€™
[1.505s] [01m[K/home/arian/Framework/src/framework/include/framework/multiply_parallel.hpp:132:19:[m[K   required from â€˜[01m[Kmultiply_parallel<T>::multiply_parallel(const std::vector<BufferT>&, const std::vector<BufferT>&, std::vector<BufferT>&, const settings&) [with T = double][m[Kâ€™
[1.505s] [01m[K/home/arian/Framework/src/framework/src/main.cpp:132:76:[m[K   required from here
[1.505s] [01m[K/home/arian/Framework/src/framework/include/framework/multiply_parallel.hpp:377:139:[m[K [01;35m[Kwarning: [m[Kunused parameter â€˜[01m[Ksettings_[m[Kâ€™ [[01;35m[K-Wunused-parameter[m[K]
[1.505s]   377 |         void execute_openmp(const std::vector<T>& matrix_a_, const std::vector<T>& matrix_b_, std::vector<T>& matrix_c_, [01;35m[Kconst settings & settings_[m[K )
[1.505s]       |                                                                                                                          [01;35m[K~~~~~~~~~~~~~~~~~^~~~~~~~~[m[K
[1.629s] make[2]: *** [CMakeFiles/main.dir/build.make:63: CMakeFiles/main.dir/src/main.cpp.o] Error 1
[1.629s] make[1]: *** [CMakeFiles/Makefile2:78: CMakeFiles/main.dir/all] Error 2
[1.630s] make: *** [Makefile:141: all] Error 2
[1.632s] Invoked command in '/home/arian/Framework/build/framework' returned '2': CMAKE_PREFIX_PATH=${CMAKE_PREFIX_PATH}:/home/arian/ros2_foxy/install/ros2bag:/home/arian/ros2_foxy/install/tracetools_launch:/home/arian/ros2_foxy/install/topic_monitor:/home/arian/ros2_foxy/install/examples_tf2_py:/home/arian/ros2_foxy/install/sros2:/home/arian/ros2_foxy/install/rqt_topic:/home/arian/ros2_foxy/install/rqt_reconfigure:/home/arian/ros2_foxy/install/rqt_action:/home/arian/ros2_foxy/install/rqt:/home/arian/ros2_foxy/install/rqt_graph:/home/arian/ros2_foxy/install/rqt_gui_py:/home/arian/ros2_foxy/install/rqt_gui:/home/arian/ros2_foxy/install/ros2trace:/home/arian/ros2_foxy/install/ros2topic:/home/arian/ros2_foxy/install/ros2test:/home/arian/ros2_foxy/install/ros2component:/home/arian/ros2_foxy/install/ros2param:/home/arian/ros2_foxy/install/ros2lifecycle:/home/arian/ros2_foxy/install/ros2service:/home/arian/ros2_foxy/install/ros2run:/home/arian/ros2_foxy/install/ros2launch:/home/arian/ros2_foxy/install/ros2pkg:/home/arian/ros2_foxy/install/ros2node:/home/arian/ros2_foxy/install/ros2multicast:/home/arian/ros2_foxy/install/ros2interface:/home/arian/ros2_foxy/install/ros2doctor:/home/arian/ros2_foxy/install/ros2action:/home/arian/ros2_foxy/install/ros2cli:/home/arian/ros2_foxy/install/quality_of_service_demo_py:/home/arian/ros2_foxy/install/launch_testing_ros:/home/arian/ros2_foxy/install/launch_ros:/home/arian/ros2_foxy/install/examples_rclpy_minimal_subscriber:/home/arian/ros2_foxy/install/examples_rclpy_minimal_service:/home/arian/ros2_foxy/install/examples_rclpy_minimal_publisher:/home/arian/ros2_foxy/install/examples_rclpy_minimal_client:/home/arian/ros2_foxy/install/examples_rclpy_minimal_action_server:/home/arian/ros2_foxy/install/examples_rclpy_minimal_action_client:/home/arian/ros2_foxy/install/examples_rclpy_executors:/home/arian/ros2_foxy/install/demo_nodes_py:/home/arian/ros2_foxy/install/action_tutorials_py:/home/arian/ros2_foxy/install/ament_uncrustify:/home/arian/ros2_foxy/install/tracetools_trace:/home/arian/ros2_foxy/install/tracetools_read:/home/arian/ros2_foxy/install/test_launch_ros:/home/arian/ros2_foxy/install/rpyutils:/home/arian/ros2_foxy/install/rosidl_runtime_py:/home/arian/ros2_foxy/install/launch_yaml:/home/arian/ros2_foxy/install/launch_xml:/home/arian/ros2_foxy/install/launch_testing:/home/arian/ros2_foxy/install/launch:/home/arian/ros2_foxy/install/osrf_pycommon:/home/arian/ros2_foxy/install/domain_coordinator:/home/arian/ros2_foxy/install/ament_xmllint:/home/arian/ros2_foxy/install/ament_pyflakes:/home/arian/ros2_foxy/install/ament_pycodestyle:/home/arian/ros2_foxy/install/ament_pep257:/home/arian/ros2_foxy/install/ament_pclint:/home/arian/ros2_foxy/install/ament_package:/home/arian/ros2_foxy/install/ament_mypy:/home/arian/ros2_foxy/install/ament_lint_cmake:/home/arian/ros2_foxy/install/ament_flake8:/home/arian/ros2_foxy/install/ament_copyright:/home/arian/ros2_foxy/install/ament_lint:/home/arian/ros2_foxy/install/ament_index_python:/home/arian/ros2_foxy/install/ament_cpplint:/home/arian/ros2_foxy/install/ament_cppcheck:/home/arian/ros2_foxy/install/ament_clang_tidy:/home/arian/ros2_foxy/install/ament_clang_format /usr/bin/cmake --build /home/arian/Framework/build/framework -- -j12 -l12
