[01m[K/home/arian/dev_ws/src/starting_point/src/minimal_examples.cpp:[m[K In function â€˜[01m[Kint main(int, char**)[m[Kâ€™:
[01m[K/home/arian/dev_ws/src/starting_point/src/minimal_examples.cpp:50:24:[m[K [01;31m[Kerror: [m[Kâ€˜[01m[KSingleThreadExecutor[m[Kâ€™ is not a member of â€˜[01m[Krclcpp::executors[m[Kâ€™; did you mean â€˜[01m[KSingleThreadedExecutor[m[Kâ€™?
   50 |     rclcpp::executors::[01;31m[KSingleThreadExecutor[m[K executor;
      |                        [01;31m[K^~~~~~~~~~~~~~~~~~~~[m[K
      |                        [32m[KSingleThreadedExecutor[m[K
[01m[K/home/arian/dev_ws/src/starting_point/src/minimal_examples.cpp:51:5:[m[K [01;31m[Kerror: [m[Kâ€˜[01m[Kexecutor[m[Kâ€™ was not declared in this scope; did you mean â€˜[01m[Krclcpp::executor[m[Kâ€™?
   51 |     [01;31m[Kexecutor[m[K.add_node(std::make_shared<MinimalPublisher>());
      |     [01;31m[K^~~~~~~~[m[K
      |     [32m[Krclcpp::executor[m[K
In file included from [01m[K/home/arian/ros2_foxy/install/rclcpp/include/rclcpp/memory_strategy.hpp:24[m[K,
                 from [01m[K/home/arian/ros2_foxy/install/rclcpp/include/rclcpp/memory_strategies.hpp:18[m[K,
                 from [01m[K/home/arian/ros2_foxy/install/rclcpp/include/rclcpp/executor_options.hpp:20[m[K,
                 from [01m[K/home/arian/ros2_foxy/install/rclcpp/include/rclcpp/executor.hpp:33[m[K,
                 from [01m[K/home/arian/ros2_foxy/install/rclcpp/include/rclcpp/executors/multi_threaded_executor.hpp:25[m[K,
                 from [01m[K/home/arian/ros2_foxy/install/rclcpp/include/rclcpp/executors.hpp:21[m[K,
                 from [01m[K/home/arian/ros2_foxy/install/rclcpp/include/rclcpp/rclcpp.hpp:146[m[K,
                 from [01m[K/home/arian/dev_ws/src/starting_point/src/minimal_examples.cpp:6[m[K:
[01m[K/home/arian/ros2_foxy/install/rclcpp/include/rclcpp/any_executable.hpp:52:11:[m[K [01;36m[Knote: [m[Kâ€˜[01m[Krclcpp::executor[m[Kâ€™ declared here
   52 | namespace [01;36m[Kexecutor[m[K
      |           [01;36m[K^~~~~~~~[m[K
make[2]: *** [CMakeFiles/minimal_examples.dir/build.make:63: CMakeFiles/minimal_examples.dir/src/minimal_examples.cpp.o] Error 1
make[1]: *** [CMakeFiles/Makefile2:80: CMakeFiles/minimal_examples.dir/all] Error 2
make: *** [Makefile:141: all] Error 2
