[35m[1mScanning dependencies of target main[0m
[ 50%] [32mBuilding CXX object CMakeFiles/main.dir/src/main.cpp.o[0m
In file included from [01m[K/home/arian/Framework/src/framework/src/main.cpp:12[m[K:
[01m[K/home/arian/Framework/src/framework/include/framework/multiply_parallel.hpp:374:[m[K [01;35m[Kwarning: [m[Kignoring #pragma omp parallel [[01;35m[K-Wunknown-pragmas[m[K]
  374 |             #pragma omp parallel num_threads(settings_.THREAD_NUMBER)
      | 
[01m[K/home/arian/Framework/src/framework/src/main.cpp:[m[K In function â€˜[01m[Kint main()[m[Kâ€™:
[01m[K/home/arian/Framework/src/framework/src/main.cpp:90:13:[m[K [01;31m[Kerror: [m[Kno matching function for call to â€˜[01m[Ktest<int>::test()[m[Kâ€™
   90 |   test<int> [01;31m[Ktest_[m[K;
      |             [01;31m[K^~~~~[m[K
In file included from [01m[K/home/arian/Framework/src/framework/src/main.cpp:12[m[K:
[01m[K/home/arian/Framework/src/framework/include/framework/multiply_parallel.hpp:396:9:[m[K [01;36m[Knote: [m[Kcandidate: â€˜[01m[Ktest<T>::test(base_parallel<T>*) [with T = int][m[Kâ€™
  396 |         [01;36m[Ktest[m[K(base_parallel<T>* base_parallel_)
      |         [01;36m[K^~~~[m[K
[01m[K/home/arian/Framework/src/framework/include/framework/multiply_parallel.hpp:396:9:[m[K [01;36m[Knote: [m[K  candidate expects 1 argument, 0 provided
[01m[K/home/arian/Framework/src/framework/include/framework/multiply_parallel.hpp:393:7:[m[K [01;36m[Knote: [m[Kcandidate: â€˜[01m[Kconstexpr test<int>::test(const test<int>&)[m[Kâ€™
  393 | class [01;36m[Ktest[m[K
      |       [01;36m[K^~~~[m[K
[01m[K/home/arian/Framework/src/framework/include/framework/multiply_parallel.hpp:393:7:[m[K [01;36m[Knote: [m[K  candidate expects 1 argument, 0 provided
[01m[K/home/arian/Framework/src/framework/include/framework/multiply_parallel.hpp:393:7:[m[K [01;36m[Knote: [m[Kcandidate: â€˜[01m[Kconstexpr test<int>::test(test<int>&&)[m[Kâ€™
[01m[K/home/arian/Framework/src/framework/include/framework/multiply_parallel.hpp:393:7:[m[K [01;36m[Knote: [m[K  candidate expects 1 argument, 0 provided
[01m[K/home/arian/Framework/src/framework/src/main.cpp:92:9:[m[K [01;31m[Kerror: [m[Kinvalid use of â€˜[01m[Ktest<int>::test[m[Kâ€™
   92 |   test_.[01;31m[Ktest[m[K(&b);
      |         [01;31m[K^~~~[m[K
In file included from [01m[K/home/arian/Framework/src/framework/src/main.cpp:12[m[K:
/home/arian/Framework/src/framework/include/framework/multiply_parallel.hpp: In instantiation of â€˜[01m[Kvoid multiply_parallel<T>::execute_openmp(const std::vector<BufferT>&, const std::vector<BufferT>&, std::vector<BufferT>&, const settings&) [with T = int][m[Kâ€™:
[01m[K/home/arian/Framework/src/framework/include/framework/multiply_parallel.hpp:372:14:[m[K   required from here
[01m[K/home/arian/Framework/src/framework/include/framework/multiply_parallel.hpp:372:139:[m[K [01;35m[Kwarning: [m[Kunused parameter â€˜[01m[Ksettings_[m[Kâ€™ [[01;35m[K-Wunused-parameter[m[K]
  372 |         void execute_openmp(const std::vector<T>& matrix_a_, const std::vector<T>& matrix_b_, std::vector<T>& matrix_c_, [01;35m[Kconst settings & settings_[m[K )
      |                                                                                                                          [01;35m[K~~~~~~~~~~~~~~~~~^~~~~~~~~[m[K
make[2]: *** [CMakeFiles/main.dir/build.make:63: CMakeFiles/main.dir/src/main.cpp.o] Error 1
make[1]: *** [CMakeFiles/Makefile2:78: CMakeFiles/main.dir/all] Error 2
make: *** [Makefile:141: all] Error 2
