[35m[1mScanning dependencies of target minimal_examples[0m
[ 50%] Built target starting_point
[ 75%] [32mBuilding CXX object CMakeFiles/minimal_examples.dir/src/minimal_examples.cpp.o[0m
[01m[K/home/arian/dev_ws/src/starting_point/src/minimal_examples.cpp:[m[K In member function â€˜[01m[Kvoid MinimalPublisherNonBlockingThread::timer_callback()[m[Kâ€™:
[01m[K/home/arian/dev_ws/src/starting_point/src/minimal_examples.cpp:130:69:[m[K [01;31m[Kerror: [m[Kinvalid use of non-static member function â€˜[01m[Kvoid MinimalPublisherNonBlockingThread::thread_calc(std::promise<int>)[m[Kâ€™
  130 |             std::thread(std::ref([01;31m[KMinimalPublisherNonBlockingThread::thread_calc[m[K), std::move(promise))).detach();
      |                                  [01;31m[K~~~~~~~~~~~~~~~~~~~~~~~~~~~~~~~~~~~^~~~~~~~~~~[m[K
[01m[K/home/arian/dev_ws/src/starting_point/src/minimal_examples.cpp:148:14:[m[K [01;36m[Knote: [m[Kdeclared here
  148 |         void [01;36m[Kthread_calc[m[K(std::promise<int> promise)
      |              [01;36m[K^~~~~~~~~~~[m[K
make[2]: *** [CMakeFiles/minimal_examples.dir/build.make:63: CMakeFiles/minimal_examples.dir/src/minimal_examples.cpp.o] Error 1
make[1]: *** [CMakeFiles/Makefile2:80: CMakeFiles/minimal_examples.dir/all] Error 2
make: *** [Makefile:141: all] Error 2
