[35m[1mScanning dependencies of target main[0m
[ 50%] [32mBuilding CXX object CMakeFiles/main.dir/src/main.cpp.o[0m
[01m[K/home/arian/Framework/src/framework/src/main.cpp:70:5:[m[K [01;35m[Kwarning: [m[Kliteral operator suffixes not preceded by â€˜[01m[K_[m[Kâ€™ are reserved for future standardization [[01;35m[K-Wliteral-suffix[m[K]
   70 |     [01;35m[Koperator[m[K""threads(long double _hours)
      |     [01;35m[K^~~~~~~~[m[K
[01m[K/home/arian/Framework/src/framework/src/main.cpp:[m[K In function â€˜[01m[Kvoid function(long double)[m[Kâ€™:
[01m[K/home/arian/Framework/src/framework/src/main.cpp:76:10:[m[K [01;31m[Kerror: [m[Kreturn-statement with a value, in function returning â€˜[01m[Kvoid[m[Kâ€™ [[01;31m[K-fpermissive[m[K]
   76 |   return [01;31m[K_hours[m[K;
      |          [01;31m[K^~~~~~[m[K
[01m[K/home/arian/Framework/src/framework/src/main.cpp:[m[K In function â€˜[01m[Kint main()[m[Kâ€™:
[01m[K/home/arian/Framework/src/framework/src/main.cpp:97:12:[m[K [01;31m[Kerror: [m[Kunable to find numeric literal operator â€˜[01m[Koperator""threads[m[Kâ€™
   97 |   function([01;31m[K2threads[m[K);
      |            [01;31m[K^~~~~~~~[m[K
make[2]: *** [CMakeFiles/main.dir/build.make:63: CMakeFiles/main.dir/src/main.cpp.o] Error 1
make[1]: *** [CMakeFiles/Makefile2:78: CMakeFiles/main.dir/all] Error 2
make: *** [Makefile:141: all] Error 2
