[0.038s] Invoking command in '/home/arian/Framework/build/framework': CMAKE_PREFIX_PATH=${CMAKE_PREFIX_PATH}:/home/arian/ros2_foxy/install/ros2bag:/home/arian/ros2_foxy/install/tracetools_launch:/home/arian/ros2_foxy/install/topic_monitor:/home/arian/ros2_foxy/install/examples_tf2_py:/home/arian/ros2_foxy/install/sros2:/home/arian/ros2_foxy/install/rqt_topic:/home/arian/ros2_foxy/install/rqt_reconfigure:/home/arian/ros2_foxy/install/rqt_action:/home/arian/ros2_foxy/install/rqt:/home/arian/ros2_foxy/install/rqt_graph:/home/arian/ros2_foxy/install/rqt_gui_py:/home/arian/ros2_foxy/install/rqt_gui:/home/arian/ros2_foxy/install/ros2trace:/home/arian/ros2_foxy/install/ros2topic:/home/arian/ros2_foxy/install/ros2test:/home/arian/ros2_foxy/install/ros2component:/home/arian/ros2_foxy/install/ros2param:/home/arian/ros2_foxy/install/ros2lifecycle:/home/arian/ros2_foxy/install/ros2service:/home/arian/ros2_foxy/install/ros2run:/home/arian/ros2_foxy/install/ros2launch:/home/arian/ros2_foxy/install/ros2pkg:/home/arian/ros2_foxy/install/ros2node:/home/arian/ros2_foxy/install/ros2multicast:/home/arian/ros2_foxy/install/ros2interface:/home/arian/ros2_foxy/install/ros2doctor:/home/arian/ros2_foxy/install/ros2action:/home/arian/ros2_foxy/install/ros2cli:/home/arian/ros2_foxy/install/quality_of_service_demo_py:/home/arian/ros2_foxy/install/launch_testing_ros:/home/arian/ros2_foxy/install/launch_ros:/home/arian/ros2_foxy/install/examples_rclpy_minimal_subscriber:/home/arian/ros2_foxy/install/examples_rclpy_minimal_service:/home/arian/ros2_foxy/install/examples_rclpy_minimal_publisher:/home/arian/ros2_foxy/install/examples_rclpy_minimal_client:/home/arian/ros2_foxy/install/examples_rclpy_minimal_action_server:/home/arian/ros2_foxy/install/examples_rclpy_minimal_action_client:/home/arian/ros2_foxy/install/examples_rclpy_executors:/home/arian/ros2_foxy/install/demo_nodes_py:/home/arian/ros2_foxy/install/action_tutorials_py:/home/arian/ros2_foxy/install/ament_uncrustify:/home/arian/ros2_foxy/install/tracetools_trace:/home/arian/ros2_foxy/install/tracetools_read:/home/arian/ros2_foxy/install/test_launch_ros:/home/arian/ros2_foxy/install/rpyutils:/home/arian/ros2_foxy/install/rosidl_runtime_py:/home/arian/ros2_foxy/install/launch_yaml:/home/arian/ros2_foxy/install/launch_xml:/home/arian/ros2_foxy/install/launch_testing:/home/arian/ros2_foxy/install/launch:/home/arian/ros2_foxy/install/osrf_pycommon:/home/arian/ros2_foxy/install/domain_coordinator:/home/arian/ros2_foxy/install/ament_xmllint:/home/arian/ros2_foxy/install/ament_pyflakes:/home/arian/ros2_foxy/install/ament_pycodestyle:/home/arian/ros2_foxy/install/ament_pep257:/home/arian/ros2_foxy/install/ament_pclint:/home/arian/ros2_foxy/install/ament_package:/home/arian/ros2_foxy/install/ament_mypy:/home/arian/ros2_foxy/install/ament_lint_cmake:/home/arian/ros2_foxy/install/ament_flake8:/home/arian/ros2_foxy/install/ament_copyright:/home/arian/ros2_foxy/install/ament_lint:/home/arian/ros2_foxy/install/ament_index_python:/home/arian/ros2_foxy/install/ament_cpplint:/home/arian/ros2_foxy/install/ament_cppcheck:/home/arian/ros2_foxy/install/ament_clang_tidy:/home/arian/ros2_foxy/install/ament_clang_format /usr/bin/cmake --build /home/arian/Framework/build/framework -- -j12 -l12
[0.122s] [35m[1mScanning dependencies of target main[0m
[0.165s] [ 50%] [32mBuilding CXX object CMakeFiles/main.dir/src/main.cpp.o[0m
[1.387s] In file included from [01m[K/home/arian/Framework/src/framework/src/main.cpp:12[m[K:
[1.387s] [01m[K/home/arian/Framework/src/framework/include/framework/multiply_parallel.hpp:[m[K In member function â€˜[01m[Kvoid multiply_parallel::execute(const std::vector<int>&, const std::vector<int>&, std::vector<int>&, const settings&)[m[Kâ€™:
[1.388s] [01m[K/home/arian/Framework/src/framework/include/framework/multiply_parallel.hpp:121:34:[m[K [01;35m[Kwarning: [m[Kvalue computed is not used [[01;35m[K-Wunused-value[m[K]
[1.388s]   121 |                         ([01;35m[K(i + 1) * ((matrix_a_.size() / sqrt(matrix_a_.size()) / settings_.THREAD_NUMBER))[m[K,
[1.388s]       |                          [01;35m[K~~~~~~~~^~~~~~~~~~~~~~~~~~~~~~~~~~~~~~~~~~~~~~~~~~~~~~~~~~~~~~~~~~~~~~~~~~~~~~~~~[m[K
[1.388s] [01m[K/home/arian/Framework/src/framework/include/framework/multiply_parallel.hpp:120:28:[m[K [01;35m[Kwarning: [m[Kvalue computed is not used [[01;35m[K-Wunused-value[m[K]
[1.388s]   120 |                         ([01;35m[Ki * ((matrix_a_.size() / sqrt(matrix_a_.size()) / settings_.THREAD_NUMBER))[m[K,
[1.388s]       |                          [01;35m[K~~^~~~~~~~~~~~~~~~~~~~~~~~~~~~~~~~~~~~~~~~~~~~~~~~~~~~~~~~~~~~~~~~~~~~~~~~~[m[K
[1.388s] [01m[K/home/arian/Framework/src/framework/include/framework/multiply_parallel.hpp:123:22:[m[K [01;31m[Kerror: [m[Kexpected â€˜[01m[K)[m[Kâ€™ before â€˜[01m[K;[m[Kâ€™ token
[1.388s]   123 |                     )[01;31m[K;[m[K
[1.388s]       |                      [01;31m[K^[m[K
[1.388s]       |                      [32m[K)[m[K
[1.388s] [01m[K/home/arian/Framework/src/framework/include/framework/multiply_parallel.hpp:120:25:[m[K [01;36m[Knote: [m[Kto match this â€˜[01m[K([m[Kâ€™
[1.388s]   120 |                         [01;36m[K([m[Ki * ((matrix_a_.size() / sqrt(matrix_a_.size()) / settings_.THREAD_NUMBER)),
[1.388s]       |                         [01;36m[K^[m[K
[1.388s] [01m[K/home/arian/Framework/src/framework/include/framework/multiply_parallel.hpp:123:22:[m[K [01;31m[Kerror: [m[Kexpected â€˜[01m[K)[m[Kâ€™ before â€˜[01m[K;[m[Kâ€™ token
[1.388s]   123 |                     )[01;31m[K;[m[K
[1.388s]       |                      [01;31m[K^[m[K
[1.389s]       |                      [32m[K)[m[K
[1.389s] [01m[K/home/arian/Framework/src/framework/include/framework/multiply_parallel.hpp:118:50:[m[K [01;36m[Knote: [m[Kto match this â€˜[01m[K([m[Kâ€™
[1.389s]   118 |                     iterators_[i] = new iterators[01;36m[K([m[K
[1.389s]       |                                                  [01;36m[K^[m[K
[1.389s] [01m[K/home/arian/Framework/src/framework/include/framework/multiply_parallel.hpp:123:22:[m[K [01;31m[Kerror: [m[Kno matching function for call to â€˜[01m[Kiterators::iterators()[m[Kâ€™
[1.389s]   123 |                     )[01;31m[K;[m[K
[1.389s]       |                      [01;31m[K^[m[K
[1.389s] In file included from [01m[K/home/arian/Framework/src/framework/src/main.cpp:12[m[K:
[1.389s] [01m[K/home/arian/Framework/src/framework/include/framework/multiply_parallel.hpp:34:5:[m[K [01;36m[Knote: [m[Kcandidate: â€˜[01m[Kiterators::iterators(const std::vector<int>&, const std::vector<int>&, std::vector<int>&, int, int, int, int)[m[Kâ€™
[1.389s]    34 |     [01;36m[Kiterators[m[K(
[1.389s]       |     [01;36m[K^~~~~~~~~[m[K
[1.389s] [01m[K/home/arian/Framework/src/framework/include/framework/multiply_parallel.hpp:34:5:[m[K [01;36m[Knote: [m[K  candidate expects 7 arguments, 0 provided
[1.389s] [01m[K/home/arian/Framework/src/framework/include/framework/multiply_parallel.hpp:31:8:[m[K [01;36m[Knote: [m[Kcandidate: â€˜[01m[Kconstexpr iterators::iterators(const iterators&)[m[Kâ€™
[1.389s]    31 | struct [01;36m[Kiterators[m[K
[1.389s]       |        [01;36m[K^~~~~~~~~[m[K
[1.389s] [01m[K/home/arian/Framework/src/framework/include/framework/multiply_parallel.hpp:31:8:[m[K [01;36m[Knote: [m[K  candidate expects 1 argument, 0 provided
[1.389s] [01m[K/home/arian/Framework/src/framework/include/framework/multiply_parallel.hpp:31:8:[m[K [01;36m[Knote: [m[Kcandidate: â€˜[01m[Kconstexpr iterators::iterators(iterators&&)[m[Kâ€™
[1.389s] [01m[K/home/arian/Framework/src/framework/include/framework/multiply_parallel.hpp:31:8:[m[K [01;36m[Knote: [m[K  candidate expects 1 argument, 0 provided
[1.390s] In file included from [01m[K/home/arian/Framework/src/framework/src/main.cpp:12[m[K:
[1.390s] [01m[K/home/arian/Framework/src/framework/include/framework/multiply_parallel.hpp:129:28:[m[K [01;35m[Kwarning: [m[Kvalue computed is not used [[01;35m[K-Wunused-value[m[K]
[1.390s]   129 |                         ([01;35m[Ki * ((matrix_a_.size() / sqrt(matrix_a_.size()) / settings_.THREAD_NUMBER))[m[K,
[1.390s]       |                          [01;35m[K~~^~~~~~~~~~~~~~~~~~~~~~~~~~~~~~~~~~~~~~~~~~~~~~~~~~~~~~~~~~~~~~~~~~~~~~~~~[m[K
[1.390s] [01m[K/home/arian/Framework/src/framework/include/framework/multiply_parallel.hpp:130:42:[m[K [01;35m[Kwarning: [m[Kvalue computed is not used [[01;35m[K-Wunused-value[m[K]
[1.390s]   130 |                         [01;35m[Kmatrix_a_.size() / (int)sqrt(matrix_a_.size())[m[K,
[1.390s]       |                         [01;35m[K~~~~~~~~~~~~~~~~~^~~~~~~~~~~~~~~~~~~~~~~~~~~~~[m[K
[1.390s] [01m[K/home/arian/Framework/src/framework/include/framework/multiply_parallel.hpp:132:22:[m[K [01;31m[Kerror: [m[Kexpected â€˜[01m[K)[m[Kâ€™ before â€˜[01m[K;[m[Kâ€™ token
[1.390s]   132 |                     )[01;31m[K;[m[K
[1.390s]       |                      [01;31m[K^[m[K
[1.390s]       |                      [32m[K)[m[K
[1.390s] [01m[K/home/arian/Framework/src/framework/include/framework/multiply_parallel.hpp:127:50:[m[K [01;36m[Knote: [m[Kto match this â€˜[01m[K([m[Kâ€™
[1.391s]   127 |                     iterators_[i] = new iterators[01;36m[K([m[K
[1.391s]       |                                                  [01;36m[K^[m[K
[1.391s] [01m[K/home/arian/Framework/src/framework/include/framework/multiply_parallel.hpp:132:22:[m[K [01;31m[Kerror: [m[Kno matching function for call to â€˜[01m[Kiterators::iterators()[m[Kâ€™
[1.391s]   132 |                     )[01;31m[K;[m[K
[1.391s]       |                      [01;31m[K^[m[K
[1.391s] In file included from [01m[K/home/arian/Framework/src/framework/src/main.cpp:12[m[K:
[1.392s] [01m[K/home/arian/Framework/src/framework/include/framework/multiply_parallel.hpp:34:5:[m[K [01;36m[Knote: [m[Kcandidate: â€˜[01m[Kiterators::iterators(const std::vector<int>&, const std::vector<int>&, std::vector<int>&, int, int, int, int)[m[Kâ€™
[1.392s]    34 |     [01;36m[Kiterators[m[K(
[1.392s]       |     [01;36m[K^~~~~~~~~[m[K
[1.392s] [01m[K/home/arian/Framework/src/framework/include/framework/multiply_parallel.hpp:34:5:[m[K [01;36m[Knote: [m[K  candidate expects 7 arguments, 0 provided
[1.392s] [01m[K/home/arian/Framework/src/framework/include/framework/multiply_parallel.hpp:31:8:[m[K [01;36m[Knote: [m[Kcandidate: â€˜[01m[Kconstexpr iterators::iterators(const iterators&)[m[Kâ€™
[1.392s]    31 | struct [01;36m[Kiterators[m[K
[1.392s]       |        [01;36m[K^~~~~~~~~[m[K
[1.392s] [01m[K/home/arian/Framework/src/framework/include/framework/multiply_parallel.hpp:31:8:[m[K [01;36m[Knote: [m[K  candidate expects 1 argument, 0 provided
[1.392s] [01m[K/home/arian/Framework/src/framework/include/framework/multiply_parallel.hpp:31:8:[m[K [01;36m[Knote: [m[Kcandidate: â€˜[01m[Kconstexpr iterators::iterators(iterators&&)[m[Kâ€™
[1.392s] [01m[K/home/arian/Framework/src/framework/include/framework/multiply_parallel.hpp:31:8:[m[K [01;36m[Knote: [m[K  candidate expects 1 argument, 0 provided
[1.732s] make[2]: *** [CMakeFiles/main.dir/build.make:63: CMakeFiles/main.dir/src/main.cpp.o] Error 1
[1.732s] make[1]: *** [CMakeFiles/Makefile2:78: CMakeFiles/main.dir/all] Error 2
[1.733s] make: *** [Makefile:141: all] Error 2
[1.734s] Invoked command in '/home/arian/Framework/build/framework' returned '2': CMAKE_PREFIX_PATH=${CMAKE_PREFIX_PATH}:/home/arian/ros2_foxy/install/ros2bag:/home/arian/ros2_foxy/install/tracetools_launch:/home/arian/ros2_foxy/install/topic_monitor:/home/arian/ros2_foxy/install/examples_tf2_py:/home/arian/ros2_foxy/install/sros2:/home/arian/ros2_foxy/install/rqt_topic:/home/arian/ros2_foxy/install/rqt_reconfigure:/home/arian/ros2_foxy/install/rqt_action:/home/arian/ros2_foxy/install/rqt:/home/arian/ros2_foxy/install/rqt_graph:/home/arian/ros2_foxy/install/rqt_gui_py:/home/arian/ros2_foxy/install/rqt_gui:/home/arian/ros2_foxy/install/ros2trace:/home/arian/ros2_foxy/install/ros2topic:/home/arian/ros2_foxy/install/ros2test:/home/arian/ros2_foxy/install/ros2component:/home/arian/ros2_foxy/install/ros2param:/home/arian/ros2_foxy/install/ros2lifecycle:/home/arian/ros2_foxy/install/ros2service:/home/arian/ros2_foxy/install/ros2run:/home/arian/ros2_foxy/install/ros2launch:/home/arian/ros2_foxy/install/ros2pkg:/home/arian/ros2_foxy/install/ros2node:/home/arian/ros2_foxy/install/ros2multicast:/home/arian/ros2_foxy/install/ros2interface:/home/arian/ros2_foxy/install/ros2doctor:/home/arian/ros2_foxy/install/ros2action:/home/arian/ros2_foxy/install/ros2cli:/home/arian/ros2_foxy/install/quality_of_service_demo_py:/home/arian/ros2_foxy/install/launch_testing_ros:/home/arian/ros2_foxy/install/launch_ros:/home/arian/ros2_foxy/install/examples_rclpy_minimal_subscriber:/home/arian/ros2_foxy/install/examples_rclpy_minimal_service:/home/arian/ros2_foxy/install/examples_rclpy_minimal_publisher:/home/arian/ros2_foxy/install/examples_rclpy_minimal_client:/home/arian/ros2_foxy/install/examples_rclpy_minimal_action_server:/home/arian/ros2_foxy/install/examples_rclpy_minimal_action_client:/home/arian/ros2_foxy/install/examples_rclpy_executors:/home/arian/ros2_foxy/install/demo_nodes_py:/home/arian/ros2_foxy/install/action_tutorials_py:/home/arian/ros2_foxy/install/ament_uncrustify:/home/arian/ros2_foxy/install/tracetools_trace:/home/arian/ros2_foxy/install/tracetools_read:/home/arian/ros2_foxy/install/test_launch_ros:/home/arian/ros2_foxy/install/rpyutils:/home/arian/ros2_foxy/install/rosidl_runtime_py:/home/arian/ros2_foxy/install/launch_yaml:/home/arian/ros2_foxy/install/launch_xml:/home/arian/ros2_foxy/install/launch_testing:/home/arian/ros2_foxy/install/launch:/home/arian/ros2_foxy/install/osrf_pycommon:/home/arian/ros2_foxy/install/domain_coordinator:/home/arian/ros2_foxy/install/ament_xmllint:/home/arian/ros2_foxy/install/ament_pyflakes:/home/arian/ros2_foxy/install/ament_pycodestyle:/home/arian/ros2_foxy/install/ament_pep257:/home/arian/ros2_foxy/install/ament_pclint:/home/arian/ros2_foxy/install/ament_package:/home/arian/ros2_foxy/install/ament_mypy:/home/arian/ros2_foxy/install/ament_lint_cmake:/home/arian/ros2_foxy/install/ament_flake8:/home/arian/ros2_foxy/install/ament_copyright:/home/arian/ros2_foxy/install/ament_lint:/home/arian/ros2_foxy/install/ament_index_python:/home/arian/ros2_foxy/install/ament_cpplint:/home/arian/ros2_foxy/install/ament_cppcheck:/home/arian/ros2_foxy/install/ament_clang_tidy:/home/arian/ros2_foxy/install/ament_clang_format /usr/bin/cmake --build /home/arian/Framework/build/framework -- -j12 -l12
