[0.040s] Invoking command in '/home/arian/Framework/build/framework': CMAKE_PREFIX_PATH=${CMAKE_PREFIX_PATH}:/home/arian/ros2_foxy/install/ros2bag:/home/arian/ros2_foxy/install/tracetools_launch:/home/arian/ros2_foxy/install/topic_monitor:/home/arian/ros2_foxy/install/examples_tf2_py:/home/arian/ros2_foxy/install/sros2:/home/arian/ros2_foxy/install/rqt_topic:/home/arian/ros2_foxy/install/rqt_reconfigure:/home/arian/ros2_foxy/install/rqt_action:/home/arian/ros2_foxy/install/rqt:/home/arian/ros2_foxy/install/rqt_graph:/home/arian/ros2_foxy/install/rqt_gui_py:/home/arian/ros2_foxy/install/rqt_gui:/home/arian/ros2_foxy/install/ros2trace:/home/arian/ros2_foxy/install/ros2topic:/home/arian/ros2_foxy/install/ros2test:/home/arian/ros2_foxy/install/ros2component:/home/arian/ros2_foxy/install/ros2param:/home/arian/ros2_foxy/install/ros2lifecycle:/home/arian/ros2_foxy/install/ros2service:/home/arian/ros2_foxy/install/ros2run:/home/arian/ros2_foxy/install/ros2launch:/home/arian/ros2_foxy/install/ros2pkg:/home/arian/ros2_foxy/install/ros2node:/home/arian/ros2_foxy/install/ros2multicast:/home/arian/ros2_foxy/install/ros2interface:/home/arian/ros2_foxy/install/ros2doctor:/home/arian/ros2_foxy/install/ros2action:/home/arian/ros2_foxy/install/ros2cli:/home/arian/ros2_foxy/install/quality_of_service_demo_py:/home/arian/ros2_foxy/install/launch_testing_ros:/home/arian/ros2_foxy/install/launch_ros:/home/arian/ros2_foxy/install/examples_rclpy_minimal_subscriber:/home/arian/ros2_foxy/install/examples_rclpy_minimal_service:/home/arian/ros2_foxy/install/examples_rclpy_minimal_publisher:/home/arian/ros2_foxy/install/examples_rclpy_minimal_client:/home/arian/ros2_foxy/install/examples_rclpy_minimal_action_server:/home/arian/ros2_foxy/install/examples_rclpy_minimal_action_client:/home/arian/ros2_foxy/install/examples_rclpy_executors:/home/arian/ros2_foxy/install/demo_nodes_py:/home/arian/ros2_foxy/install/action_tutorials_py:/home/arian/ros2_foxy/install/ament_uncrustify:/home/arian/ros2_foxy/install/tracetools_trace:/home/arian/ros2_foxy/install/tracetools_read:/home/arian/ros2_foxy/install/test_launch_ros:/home/arian/ros2_foxy/install/rpyutils:/home/arian/ros2_foxy/install/rosidl_runtime_py:/home/arian/ros2_foxy/install/launch_yaml:/home/arian/ros2_foxy/install/launch_xml:/home/arian/ros2_foxy/install/launch_testing:/home/arian/ros2_foxy/install/launch:/home/arian/ros2_foxy/install/osrf_pycommon:/home/arian/ros2_foxy/install/domain_coordinator:/home/arian/ros2_foxy/install/ament_xmllint:/home/arian/ros2_foxy/install/ament_pyflakes:/home/arian/ros2_foxy/install/ament_pycodestyle:/home/arian/ros2_foxy/install/ament_pep257:/home/arian/ros2_foxy/install/ament_pclint:/home/arian/ros2_foxy/install/ament_package:/home/arian/ros2_foxy/install/ament_mypy:/home/arian/ros2_foxy/install/ament_lint_cmake:/home/arian/ros2_foxy/install/ament_flake8:/home/arian/ros2_foxy/install/ament_copyright:/home/arian/ros2_foxy/install/ament_lint:/home/arian/ros2_foxy/install/ament_index_python:/home/arian/ros2_foxy/install/ament_cpplint:/home/arian/ros2_foxy/install/ament_cppcheck:/home/arian/ros2_foxy/install/ament_clang_tidy:/home/arian/ros2_foxy/install/ament_clang_format /usr/bin/cmake --build /home/arian/Framework/build/framework -- -j12 -l12
[0.123s] [35m[1mScanning dependencies of target main[0m
[0.145s] [ 50%] [32mBuilding CXX object CMakeFiles/main.dir/src/main.cpp.o[0m
[0.461s] In file included from [01m[K/home/arian/Framework/src/framework/src/main.cpp:2[m[K:
[0.461s] [01m[K/home/arian/Framework/src/framework/include/framework/base/sum_parallel.hpp:[m[K In function â€˜[01m[Kvoid* framework::base::sum_parallel_pthread(void*)[m[Kâ€™:
[0.461s] [01m[K/home/arian/Framework/src/framework/include/framework/base/sum_parallel.hpp:30:1:[m[K [01;35m[Kwarning: [m[Kno return statement in function returning non-void [[01;35m[K-Wreturn-type[m[K]
[0.461s]    30 | [01;35m[K}[m[K
[0.461s]       | [01;35m[K^[m[K
[0.480s] [01m[K/home/arian/Framework/src/framework/src/main.cpp:[m[K In function â€˜[01m[Kint main()[m[Kâ€™:
[0.480s] [01m[K/home/arian/Framework/src/framework/src/main.cpp:19:81:[m[K [01;31m[Kerror: [m[Kâ€˜[01m[Kcomplex_parallel[m[Kâ€™ in namespace â€˜[01m[Kframework::base[m[Kâ€™ does not name a template type; did you mean â€˜[01m[Ksum_parallel[m[Kâ€™?
[0.480s]    19 |   framework::benchmark<double> benchmark_multiply_parallel(new framework::base::[01;31m[Kcomplex_parallel[m[K<double>(), matrices_a, matrices_b, std::vector<framework::settings>{input_settings_one, input_settings_two, input_settings_three, input_settings_four});
[0.480s]       |                                                                                 [01;31m[K^~~~~~~~~~~~~~~~[m[K
[0.480s]       |                                                                                 [32m[Ksum_parallel[m[K
[0.480s] [01m[K/home/arian/Framework/src/framework/src/main.cpp:19:98:[m[K [01;31m[Kerror: [m[Kexpected primary-expression before â€˜[01m[Kdouble[m[Kâ€™
[0.480s]    19 |   framework::benchmark<double> benchmark_multiply_parallel(new framework::base::complex_parallel<[01;31m[Kdouble[m[K>(), matrices_a, matrices_b, std::vector<framework::settings>{input_settings_one, input_settings_two, input_settings_three, input_settings_four});
[0.481s]       |                                                                                                  [01;31m[K^~~~~~[m[K
[0.497s] In file included from [01m[K/home/arian/Framework/src/framework/src/main.cpp:5[m[K:
[0.497s] /home/arian/Framework/src/framework/include/framework/generators/generator.hpp: In instantiation of â€˜[01m[Kstatic std::vector<std::vector<T> > framework::generator::generate_inputs(std::initializer_list<int>) [with T = double][m[Kâ€™:
[0.497s] [01m[K/home/arian/Framework/src/framework/src/main.cpp:11:78:[m[K   required from here
[0.498s] [01m[K/home/arian/Framework/src/framework/include/framework/generators/generator.hpp:27:34:[m[K [01;35m[Kwarning: [m[Kcomparison of integer expressions of different signedness: â€˜[01m[Kint[m[Kâ€™ and â€˜[01m[Kstd::vector<double, std::allocator<double> >::size_type[m[Kâ€™ {aka â€˜[01m[Klong unsigned int[m[Kâ€™} [[01;35m[K-Wsign-compare[m[K]
[0.498s]    27 |                 for(int i = 0; i < temp.capacity(); i++)
[0.499s] In file included from [01m[K/home/arian/Framework/src/framework/src/main.cpp:4[m[K:
[0.499s] /home/arian/Framework/src/framework/include/framework/benchmark/benchmark.hpp: In instantiation of â€˜[01m[Kvoid framework::benchmark<T>::execute_all() [with K = std::ratio<1, 1000000000>; T = double][m[Kâ€™:
[0.499s] [01m[K/home/arian/Framework/src/framework/src/main.cpp:21:62:[m[K   required from here
[0.500s] [01m[K/home/arian/Framework/src/framework/include/framework/benchmark/benchmark.hpp:64:30:[m[K [01;35m[Kwarning: [m[Kcomparison of integer expressions of different signedness: â€˜[01m[Kint[m[Kâ€™ and â€˜[01m[Kstd::vector<framework::settings>::size_type[m[Kâ€™ {aka â€˜[01m[Klong unsigned int[m[Kâ€™} [[01;35m[K-Wsign-compare[m[K]
[0.500s]    64 |             for(int i = 0; [01;35m[Ki < settingss_.size()[m[K; i++)
[0.500s]       |                            [01;35m[K~~^~~~~~~~~~~~~~~~~~~[m[K
[0.500s] [01m[K/home/arian/Framework/src/framework/include/framework/benchmark/benchmark.hpp:73:34:[m[K [01;35m[Kwarning: [m[Kcomparison of integer expressions of different signedness: â€˜[01m[Kint[m[Kâ€™ and â€˜[01m[Kstd::vector<std::vector<double, std::allocator<double> >, std::allocator<std::vector<double, std::allocator<double> > > >::size_type[m[Kâ€™ {aka â€˜[01m[Klong unsigned int[m[Kâ€™} [[01;35m[K-Wsign-compare[m[K]
[0.500s]    73 |                 for(int j = 0; j < inputs_a_.size(); j++)
[0.500s] [01m[K/home/arian/Framework/src/framework/include/framework/benchmark/benchmark.hpp:87:26:[m[K [01;35m[Kwarning: [m[Kcomparison of integer expressions of different signedness: â€˜[01m[Kint[m[Kâ€™ and â€˜[01m[Kstd::vector<std::vector<double, std::allocator<double> >, std::allocator<std::vector<double, std::allocator<double> > > >::size_type[m[Kâ€™ {aka â€˜[01m[Klong unsigned int[m[Kâ€™} [[01;35m[K-Wsign-compare[m[K]
[0.500s]    87 |                     if([01;35m[Kj != inputs_a_.size() - 1[m[K)
[0.500s]       |                        [01;35m[K~~^~~~~~~~~~~~~~~~~~~~~~~[m[K
[0.500s] [01m[K/home/arian/Framework/src/framework/include/framework/benchmark/benchmark.hpp:95:22:[m[K [01;35m[Kwarning: [m[Kcomparison of integer expressions of different signedness: â€˜[01m[Kint[m[Kâ€™ and â€˜[01m[Kstd::vector<framework::settings>::size_type[m[Kâ€™ {aka â€˜[01m[Klong unsigned int[m[Kâ€™} [[01;35m[K-Wsign-compare[m[K]
[0.500s]    95 |                 if([01;35m[Ki == settingss_.size() - 1[m[K)
[0.500s]       |                    [01;35m[K~~^~~~~~~~~~~~~~~~~~~~~~~~[m[K
[0.513s] In file included from [01m[K/home/arian/Framework/src/framework/include/framework/benchmark/benchmark.hpp:10[m[K,
[0.513s]                  from [01m[K/home/arian/Framework/src/framework/src/main.cpp:4[m[K:
[0.513s] /home/arian/Framework/src/framework/include/framework/generators/json_generator.hpp: In instantiation of â€˜[01m[Kframework::json_generator& framework::json_generator::add(const std::chrono::duration<long int, T>&) [with T = std::ratio<1, 1000000000>][m[Kâ€™:
[0.514s] [01m[K/home/arian/Framework/src/framework/include/framework/benchmark/benchmark.hpp:61:29:[m[K   required from â€˜[01m[Kvoid framework::benchmark<T>::execute_all() [with K = std::ratio<1, 1000000000>; T = double][m[Kâ€™
[0.514s] [01m[K/home/arian/Framework/src/framework/src/main.cpp:21:62:[m[K   required from here
[0.514s] [01m[K/home/arian/Framework/src/framework/include/framework/generators/json_generator.hpp:44:70:[m[K [01;35m[Kwarning: [m[Kunused parameter â€˜[01m[Kduration[m[Kâ€™ [[01;35m[K-Wunused-parameter[m[K]
[0.514s]    44 |         json_generator& add([01;35m[Kconst std::chrono::duration<int64_t, T>& duration[m[K)
[0.514s]       |                             [01;35m[K~~~~~~~~~~~~~~~~~~~~~~~~~~~~~~~~~~~~~~~~~^~~~~~~~[m[K
[0.563s] make[2]: *** [CMakeFiles/main.dir/build.make:63: CMakeFiles/main.dir/src/main.cpp.o] Error 1
[0.564s] make[1]: *** [CMakeFiles/Makefile2:78: CMakeFiles/main.dir/all] Error 2
[0.564s] make: *** [Makefile:141: all] Error 2
[0.566s] Invoked command in '/home/arian/Framework/build/framework' returned '2': CMAKE_PREFIX_PATH=${CMAKE_PREFIX_PATH}:/home/arian/ros2_foxy/install/ros2bag:/home/arian/ros2_foxy/install/tracetools_launch:/home/arian/ros2_foxy/install/topic_monitor:/home/arian/ros2_foxy/install/examples_tf2_py:/home/arian/ros2_foxy/install/sros2:/home/arian/ros2_foxy/install/rqt_topic:/home/arian/ros2_foxy/install/rqt_reconfigure:/home/arian/ros2_foxy/install/rqt_action:/home/arian/ros2_foxy/install/rqt:/home/arian/ros2_foxy/install/rqt_graph:/home/arian/ros2_foxy/install/rqt_gui_py:/home/arian/ros2_foxy/install/rqt_gui:/home/arian/ros2_foxy/install/ros2trace:/home/arian/ros2_foxy/install/ros2topic:/home/arian/ros2_foxy/install/ros2test:/home/arian/ros2_foxy/install/ros2component:/home/arian/ros2_foxy/install/ros2param:/home/arian/ros2_foxy/install/ros2lifecycle:/home/arian/ros2_foxy/install/ros2service:/home/arian/ros2_foxy/install/ros2run:/home/arian/ros2_foxy/install/ros2launch:/home/arian/ros2_foxy/install/ros2pkg:/home/arian/ros2_foxy/install/ros2node:/home/arian/ros2_foxy/install/ros2multicast:/home/arian/ros2_foxy/install/ros2interface:/home/arian/ros2_foxy/install/ros2doctor:/home/arian/ros2_foxy/install/ros2action:/home/arian/ros2_foxy/install/ros2cli:/home/arian/ros2_foxy/install/quality_of_service_demo_py:/home/arian/ros2_foxy/install/launch_testing_ros:/home/arian/ros2_foxy/install/launch_ros:/home/arian/ros2_foxy/install/examples_rclpy_minimal_subscriber:/home/arian/ros2_foxy/install/examples_rclpy_minimal_service:/home/arian/ros2_foxy/install/examples_rclpy_minimal_publisher:/home/arian/ros2_foxy/install/examples_rclpy_minimal_client:/home/arian/ros2_foxy/install/examples_rclpy_minimal_action_server:/home/arian/ros2_foxy/install/examples_rclpy_minimal_action_client:/home/arian/ros2_foxy/install/examples_rclpy_executors:/home/arian/ros2_foxy/install/demo_nodes_py:/home/arian/ros2_foxy/install/action_tutorials_py:/home/arian/ros2_foxy/install/ament_uncrustify:/home/arian/ros2_foxy/install/tracetools_trace:/home/arian/ros2_foxy/install/tracetools_read:/home/arian/ros2_foxy/install/test_launch_ros:/home/arian/ros2_foxy/install/rpyutils:/home/arian/ros2_foxy/install/rosidl_runtime_py:/home/arian/ros2_foxy/install/launch_yaml:/home/arian/ros2_foxy/install/launch_xml:/home/arian/ros2_foxy/install/launch_testing:/home/arian/ros2_foxy/install/launch:/home/arian/ros2_foxy/install/osrf_pycommon:/home/arian/ros2_foxy/install/domain_coordinator:/home/arian/ros2_foxy/install/ament_xmllint:/home/arian/ros2_foxy/install/ament_pyflakes:/home/arian/ros2_foxy/install/ament_pycodestyle:/home/arian/ros2_foxy/install/ament_pep257:/home/arian/ros2_foxy/install/ament_pclint:/home/arian/ros2_foxy/install/ament_package:/home/arian/ros2_foxy/install/ament_mypy:/home/arian/ros2_foxy/install/ament_lint_cmake:/home/arian/ros2_foxy/install/ament_flake8:/home/arian/ros2_foxy/install/ament_copyright:/home/arian/ros2_foxy/install/ament_lint:/home/arian/ros2_foxy/install/ament_index_python:/home/arian/ros2_foxy/install/ament_cpplint:/home/arian/ros2_foxy/install/ament_cppcheck:/home/arian/ros2_foxy/install/ament_clang_tidy:/home/arian/ros2_foxy/install/ament_clang_format /usr/bin/cmake --build /home/arian/Framework/build/framework -- -j12 -l12
