[0.036s] Invoking command in '/home/arian/Framework/build/framework': CMAKE_PREFIX_PATH=${CMAKE_PREFIX_PATH}:/home/arian/ros2_foxy/install/ros2bag:/home/arian/ros2_foxy/install/tracetools_launch:/home/arian/ros2_foxy/install/topic_monitor:/home/arian/ros2_foxy/install/examples_tf2_py:/home/arian/ros2_foxy/install/sros2:/home/arian/ros2_foxy/install/rqt_topic:/home/arian/ros2_foxy/install/rqt_reconfigure:/home/arian/ros2_foxy/install/rqt_action:/home/arian/ros2_foxy/install/rqt:/home/arian/ros2_foxy/install/rqt_graph:/home/arian/ros2_foxy/install/rqt_gui_py:/home/arian/ros2_foxy/install/rqt_gui:/home/arian/ros2_foxy/install/ros2trace:/home/arian/ros2_foxy/install/ros2topic:/home/arian/ros2_foxy/install/ros2test:/home/arian/ros2_foxy/install/ros2component:/home/arian/ros2_foxy/install/ros2param:/home/arian/ros2_foxy/install/ros2lifecycle:/home/arian/ros2_foxy/install/ros2service:/home/arian/ros2_foxy/install/ros2run:/home/arian/ros2_foxy/install/ros2launch:/home/arian/ros2_foxy/install/ros2pkg:/home/arian/ros2_foxy/install/ros2node:/home/arian/ros2_foxy/install/ros2multicast:/home/arian/ros2_foxy/install/ros2interface:/home/arian/ros2_foxy/install/ros2doctor:/home/arian/ros2_foxy/install/ros2action:/home/arian/ros2_foxy/install/ros2cli:/home/arian/ros2_foxy/install/quality_of_service_demo_py:/home/arian/ros2_foxy/install/launch_testing_ros:/home/arian/ros2_foxy/install/launch_ros:/home/arian/ros2_foxy/install/examples_rclpy_minimal_subscriber:/home/arian/ros2_foxy/install/examples_rclpy_minimal_service:/home/arian/ros2_foxy/install/examples_rclpy_minimal_publisher:/home/arian/ros2_foxy/install/examples_rclpy_minimal_client:/home/arian/ros2_foxy/install/examples_rclpy_minimal_action_server:/home/arian/ros2_foxy/install/examples_rclpy_minimal_action_client:/home/arian/ros2_foxy/install/examples_rclpy_executors:/home/arian/ros2_foxy/install/demo_nodes_py:/home/arian/ros2_foxy/install/action_tutorials_py:/home/arian/ros2_foxy/install/ament_uncrustify:/home/arian/ros2_foxy/install/tracetools_trace:/home/arian/ros2_foxy/install/tracetools_read:/home/arian/ros2_foxy/install/test_launch_ros:/home/arian/ros2_foxy/install/rpyutils:/home/arian/ros2_foxy/install/rosidl_runtime_py:/home/arian/ros2_foxy/install/launch_yaml:/home/arian/ros2_foxy/install/launch_xml:/home/arian/ros2_foxy/install/launch_testing:/home/arian/ros2_foxy/install/launch:/home/arian/ros2_foxy/install/osrf_pycommon:/home/arian/ros2_foxy/install/domain_coordinator:/home/arian/ros2_foxy/install/ament_xmllint:/home/arian/ros2_foxy/install/ament_pyflakes:/home/arian/ros2_foxy/install/ament_pycodestyle:/home/arian/ros2_foxy/install/ament_pep257:/home/arian/ros2_foxy/install/ament_pclint:/home/arian/ros2_foxy/install/ament_package:/home/arian/ros2_foxy/install/ament_mypy:/home/arian/ros2_foxy/install/ament_lint_cmake:/home/arian/ros2_foxy/install/ament_flake8:/home/arian/ros2_foxy/install/ament_copyright:/home/arian/ros2_foxy/install/ament_lint:/home/arian/ros2_foxy/install/ament_index_python:/home/arian/ros2_foxy/install/ament_cpplint:/home/arian/ros2_foxy/install/ament_cppcheck:/home/arian/ros2_foxy/install/ament_clang_tidy:/home/arian/ros2_foxy/install/ament_clang_format /usr/bin/cmake --build /home/arian/Framework/build/framework -- -j12 -l12
[0.118s] [35m[1mScanning dependencies of target main[0m
[0.157s] [ 50%] [32mBuilding CXX object CMakeFiles/main.dir/src/main.cpp.o[0m
[0.301s] In file included from [01m[K/home/arian/Framework/src/framework/src/main.cpp:12[m[K:
[0.301s] [01m[K/home/arian/Framework/src/framework/include/framework/multiply_parallel.hpp:395:[m[K [01;35m[Kwarning: [m[Kignoring #pragma omp parallel [[01;35m[K-Wunknown-pragmas[m[K]
[0.301s]   395 |             #pragma omp parallel num_threads(settings_.THREAD_NUMBER)
[0.301s]       | 
[1.305s] /home/arian/Framework/src/framework/include/framework/multiply_parallel.hpp: In instantiation of â€˜[01m[Kbenchmark<T, SIZE>::benchmark(base_parallel<T>*) [with T = double; int SIZE = 800][m[Kâ€™:
[1.305s] [01m[K/home/arian/Framework/src/framework/src/main.cpp:98:68:[m[K   required from here
[1.305s] [01m[K/home/arian/Framework/src/framework/include/framework/multiply_parallel.hpp:444:22:[m[K [01;35m[Kwarning: [m[Kvariable â€˜[01m[Ksettings_[m[Kâ€™ set but not used [[01;35m[K-Wunused-but-set-variable[m[K]
[1.306s]   444 |             settings [01;35m[Ksettings_[m[K = settings(2_THREADS, SCHEDULING_STRATEGY::SCHEDULING_TS, 19_PRIORITY, AFFINITY::FALSE, PARALLELIZATION_STRATEGY::PTHREADS);
[1.306s]       |                      [01;35m[K^~~~~~~~~[m[K
[1.306s] [01m[K/home/arian/Framework/src/framework/include/framework/multiply_parallel.hpp:437:37:[m[K [01;35m[Kwarning: [m[Kunused parameter â€˜[01m[Kbase_parallel_[m[Kâ€™ [[01;35m[K-Wunused-parameter[m[K]
[1.306s]   437 |         benchmark([01;35m[Kbase_parallel<T>* base_parallel_[m[K)
[1.306s]       |                   [01;35m[K~~~~~~~~~~~~~~~~~~^~~~~~~~~~~~~~[m[K
[1.306s] /home/arian/Framework/src/framework/include/framework/multiply_parallel.hpp: In instantiation of â€˜[01m[Klong long unsigned int benchmark<T, SIZE>::execute(settings) [with K = std::ratio<1, 1000000000>; T = double; int SIZE = 800][m[Kâ€™:
[1.306s] [01m[K/home/arian/Framework/src/framework/src/main.cpp:101:63:[m[K   required from here
[1.306s] [01m[K/home/arian/Framework/src/framework/include/framework/multiply_parallel.hpp:494:13:[m[K [01;31m[Kerror: [m[Kâ€˜[01m[Kvoid base_parallel<T>::ctor(const std::vector<BufferT>&, const std::vector<BufferT>&, std::vector<BufferT>&, const settings&) [with T = double][m[Kâ€™ is protected within this context
[1.306s]   494 |             [01;31m[Kbase_parallel_[m[K->ctor(input_a_, input_b_, result_, local_settings_);
[1.306s]       |             [01;31m[K^~~~~~~~~~~~~~[m[K
[1.306s] In file included from [01m[K/home/arian/Framework/src/framework/src/main.cpp:12[m[K:
[1.306s] [01m[K/home/arian/Framework/src/framework/include/framework/multiply_parallel.hpp:139:22:[m[K [01;36m[Knote: [m[Kdeclared protected here
[1.306s]   139 |         virtual void [01;36m[Kctor[m[K(const std::vector<T>& matrix_a_, const std::vector<T>& matrix_b_, std::vector<T>& matrix_c_, const settings & settings_) = 0;
[1.307s]       |                      [01;36m[K^~~~[m[K
[1.369s] In file included from [01m[K/home/arian/Framework/src/framework/src/main.cpp:12[m[K:
[1.369s] /home/arian/Framework/src/framework/include/framework/multiply_parallel.hpp: In instantiation of â€˜[01m[Kstatic std::vector<BufferT> generator<T>::generate(int) [with T = double][m[Kâ€™:
[1.369s] [01m[K/home/arian/Framework/src/framework/include/framework/multiply_parallel.hpp:439:46:[m[K   required from â€˜[01m[Kbenchmark<T, SIZE>::benchmark(base_parallel<T>*) [with T = double; int SIZE = 800][m[Kâ€™
[1.369s] [01m[K/home/arian/Framework/src/framework/src/main.cpp:98:68:[m[K   required from here
[1.369s] [01m[K/home/arian/Framework/src/framework/include/framework/multiply_parallel.hpp:422:30:[m[K [01;35m[Kwarning: [m[Kcomparison of integer expressions of different signedness: â€˜[01m[Kint[m[Kâ€™ and â€˜[01m[Kstd::vector<double, std::allocator<double> >::size_type[m[Kâ€™ {aka â€˜[01m[Klong unsigned int[m[Kâ€™} [[01;35m[K-Wsign-compare[m[K]
[1.369s]   422 |             for(int i = 0; i < temp.capacity(); i++)
[1.505s] /home/arian/Framework/src/framework/include/framework/multiply_parallel.hpp: In instantiation of â€˜[01m[Kvoid multiply_parallel<T>::execute_openmp(const std::vector<BufferT>&, const std::vector<BufferT>&, std::vector<BufferT>&, const settings&) [with T = double][m[Kâ€™:
[1.505s] [01m[K/home/arian/Framework/src/framework/include/framework/multiply_parallel.hpp:393:14:[m[K   required from here
[1.505s] [01m[K/home/arian/Framework/src/framework/include/framework/multiply_parallel.hpp:393:139:[m[K [01;35m[Kwarning: [m[Kunused parameter â€˜[01m[Ksettings_[m[Kâ€™ [[01;35m[K-Wunused-parameter[m[K]
[1.505s]   393 |         void execute_openmp(const std::vector<T>& matrix_a_, const std::vector<T>& matrix_b_, std::vector<T>& matrix_c_, [01;35m[Kconst settings & settings_[m[K )
[1.505s]       |                                                                                                                          [01;35m[K~~~~~~~~~~~~~~~~~^~~~~~~~~[m[K
[1.544s] make[2]: *** [CMakeFiles/main.dir/build.make:63: CMakeFiles/main.dir/src/main.cpp.o] Error 1
[1.545s] make[1]: *** [CMakeFiles/Makefile2:78: CMakeFiles/main.dir/all] Error 2
[1.545s] make: *** [Makefile:141: all] Error 2
[1.547s] Invoked command in '/home/arian/Framework/build/framework' returned '2': CMAKE_PREFIX_PATH=${CMAKE_PREFIX_PATH}:/home/arian/ros2_foxy/install/ros2bag:/home/arian/ros2_foxy/install/tracetools_launch:/home/arian/ros2_foxy/install/topic_monitor:/home/arian/ros2_foxy/install/examples_tf2_py:/home/arian/ros2_foxy/install/sros2:/home/arian/ros2_foxy/install/rqt_topic:/home/arian/ros2_foxy/install/rqt_reconfigure:/home/arian/ros2_foxy/install/rqt_action:/home/arian/ros2_foxy/install/rqt:/home/arian/ros2_foxy/install/rqt_graph:/home/arian/ros2_foxy/install/rqt_gui_py:/home/arian/ros2_foxy/install/rqt_gui:/home/arian/ros2_foxy/install/ros2trace:/home/arian/ros2_foxy/install/ros2topic:/home/arian/ros2_foxy/install/ros2test:/home/arian/ros2_foxy/install/ros2component:/home/arian/ros2_foxy/install/ros2param:/home/arian/ros2_foxy/install/ros2lifecycle:/home/arian/ros2_foxy/install/ros2service:/home/arian/ros2_foxy/install/ros2run:/home/arian/ros2_foxy/install/ros2launch:/home/arian/ros2_foxy/install/ros2pkg:/home/arian/ros2_foxy/install/ros2node:/home/arian/ros2_foxy/install/ros2multicast:/home/arian/ros2_foxy/install/ros2interface:/home/arian/ros2_foxy/install/ros2doctor:/home/arian/ros2_foxy/install/ros2action:/home/arian/ros2_foxy/install/ros2cli:/home/arian/ros2_foxy/install/quality_of_service_demo_py:/home/arian/ros2_foxy/install/launch_testing_ros:/home/arian/ros2_foxy/install/launch_ros:/home/arian/ros2_foxy/install/examples_rclpy_minimal_subscriber:/home/arian/ros2_foxy/install/examples_rclpy_minimal_service:/home/arian/ros2_foxy/install/examples_rclpy_minimal_publisher:/home/arian/ros2_foxy/install/examples_rclpy_minimal_client:/home/arian/ros2_foxy/install/examples_rclpy_minimal_action_server:/home/arian/ros2_foxy/install/examples_rclpy_minimal_action_client:/home/arian/ros2_foxy/install/examples_rclpy_executors:/home/arian/ros2_foxy/install/demo_nodes_py:/home/arian/ros2_foxy/install/action_tutorials_py:/home/arian/ros2_foxy/install/ament_uncrustify:/home/arian/ros2_foxy/install/tracetools_trace:/home/arian/ros2_foxy/install/tracetools_read:/home/arian/ros2_foxy/install/test_launch_ros:/home/arian/ros2_foxy/install/rpyutils:/home/arian/ros2_foxy/install/rosidl_runtime_py:/home/arian/ros2_foxy/install/launch_yaml:/home/arian/ros2_foxy/install/launch_xml:/home/arian/ros2_foxy/install/launch_testing:/home/arian/ros2_foxy/install/launch:/home/arian/ros2_foxy/install/osrf_pycommon:/home/arian/ros2_foxy/install/domain_coordinator:/home/arian/ros2_foxy/install/ament_xmllint:/home/arian/ros2_foxy/install/ament_pyflakes:/home/arian/ros2_foxy/install/ament_pycodestyle:/home/arian/ros2_foxy/install/ament_pep257:/home/arian/ros2_foxy/install/ament_pclint:/home/arian/ros2_foxy/install/ament_package:/home/arian/ros2_foxy/install/ament_mypy:/home/arian/ros2_foxy/install/ament_lint_cmake:/home/arian/ros2_foxy/install/ament_flake8:/home/arian/ros2_foxy/install/ament_copyright:/home/arian/ros2_foxy/install/ament_lint:/home/arian/ros2_foxy/install/ament_index_python:/home/arian/ros2_foxy/install/ament_cpplint:/home/arian/ros2_foxy/install/ament_cppcheck:/home/arian/ros2_foxy/install/ament_clang_tidy:/home/arian/ros2_foxy/install/ament_clang_format /usr/bin/cmake --build /home/arian/Framework/build/framework -- -j12 -l12
