[35m[1mScanning dependencies of target main[0m
[ 50%] [32mBuilding CXX object CMakeFiles/main.dir/src/main.cpp.o[0m
In file included from [01m[K/home/arian/Framework/src/framework/src/main.cpp:6[m[K:
[01m[K/home/arian/Framework/src/framework/include/framework/multiply_parallel.hpp:21:44:[m[K [01;31m[Kerror: [m[Kcannot convert â€˜[01m[Kframework::utilities::Multiply::multiply_function[m[Kâ€™ from type â€˜[01m[Kvoid* (framework::utilities::Multiply::)(void*)[m[Kâ€™ to type â€˜[01m[Kvoid* (*)(void*)[m[Kâ€™
   21 |                         void* (*)(void*) = [01;31m[Kmultiply_function[m[K)
      |                                            [01;31m[K^~~~~~~~~~~~~~~~~[m[K
[01m[K/home/arian/Framework/src/framework/include/framework/multiply_parallel.hpp:[m[K In member function â€˜[01m[Kvoid framework::utilities::Multiply::run(int**, int**, void* (*)(void*))[m[Kâ€™:
[01m[K/home/arian/Framework/src/framework/include/framework/multiply_parallel.hpp:30:59:[m[K [01;31m[Kerror: [m[Kâ€˜[01m[Kfn[m[Kâ€™ was not declared in this scope; did you mean â€˜[01m[Kyn[m[Kâ€™?
   30 |                         pthread_create(&threads[i], NULL, [01;31m[Kfn[m[K, NULL);
      |                                                           [01;31m[K^~[m[K
      |                                                           [32m[Kyn[m[K
[01m[K/home/arian/Framework/src/framework/src/main.cpp:[m[K In function â€˜[01m[Kint main(int, const char**)[m[Kâ€™:
[01m[K/home/arian/Framework/src/framework/src/main.cpp:36:28:[m[K [01;31m[Kerror: [m[Kcannot convert â€˜[01m[Kframework::utilities::Multiply::multiply_function[m[Kâ€™ from type â€˜[01m[Kvoid* (framework::utilities::Multiply::)(void*)[m[Kâ€™ to type â€˜[01m[Kvoid* (*)(void*)[m[Kâ€™
   36 |     multiplication.run(a, b[01;31m[K)[m[K;
      |                            [01;31m[K^[m[K
[01m[K/home/arian/Framework/src/framework/src/main.cpp:12:14:[m[K [01;35m[Kwarning: [m[Kunused parameter â€˜[01m[Kargc[m[Kâ€™ [[01;35m[K-Wunused-parameter[m[K]
   12 | int main([01;35m[Kint argc[m[K, const char ** argv)
      |          [01;35m[K~~~~^~~~[m[K
[01m[K/home/arian/Framework/src/framework/src/main.cpp:12:34:[m[K [01;35m[Kwarning: [m[Kunused parameter â€˜[01m[Kargv[m[Kâ€™ [[01;35m[K-Wunused-parameter[m[K]
   12 | int main(int argc, [01;35m[Kconst char ** argv[m[K)
      |                    [01;35m[K~~~~~~~~~~~~~~^~~~[m[K
make[2]: *** [CMakeFiles/main.dir/build.make:63: CMakeFiles/main.dir/src/main.cpp.o] Error 1
make[1]: *** [CMakeFiles/Makefile2:78: CMakeFiles/main.dir/all] Error 2
make: *** [Makefile:141: all] Error 2
