[0.037s] Invoking command in '/home/arian/dev_ws/build/starting_point': CMAKE_PREFIX_PATH=${CMAKE_PREFIX_PATH}:/home/arian/ros2_foxy/install/ros2bag:/home/arian/ros2_foxy/install/tracetools_launch:/home/arian/ros2_foxy/install/topic_monitor:/home/arian/ros2_foxy/install/examples_tf2_py:/home/arian/ros2_foxy/install/sros2:/home/arian/ros2_foxy/install/rqt_topic:/home/arian/ros2_foxy/install/rqt_reconfigure:/home/arian/ros2_foxy/install/rqt_action:/home/arian/ros2_foxy/install/rqt:/home/arian/ros2_foxy/install/rqt_graph:/home/arian/ros2_foxy/install/rqt_gui_py:/home/arian/ros2_foxy/install/rqt_gui:/home/arian/ros2_foxy/install/ros2trace:/home/arian/ros2_foxy/install/ros2topic:/home/arian/ros2_foxy/install/ros2test:/home/arian/ros2_foxy/install/ros2component:/home/arian/ros2_foxy/install/ros2param:/home/arian/ros2_foxy/install/ros2lifecycle:/home/arian/ros2_foxy/install/ros2service:/home/arian/ros2_foxy/install/ros2run:/home/arian/ros2_foxy/install/ros2launch:/home/arian/ros2_foxy/install/ros2pkg:/home/arian/ros2_foxy/install/ros2node:/home/arian/ros2_foxy/install/ros2multicast:/home/arian/ros2_foxy/install/ros2interface:/home/arian/ros2_foxy/install/ros2doctor:/home/arian/ros2_foxy/install/ros2action:/home/arian/ros2_foxy/install/ros2cli:/home/arian/ros2_foxy/install/quality_of_service_demo_py:/home/arian/ros2_foxy/install/launch_testing_ros:/home/arian/ros2_foxy/install/launch_ros:/home/arian/ros2_foxy/install/examples_rclpy_minimal_subscriber:/home/arian/ros2_foxy/install/examples_rclpy_minimal_service:/home/arian/ros2_foxy/install/examples_rclpy_minimal_publisher:/home/arian/ros2_foxy/install/examples_rclpy_minimal_client:/home/arian/ros2_foxy/install/examples_rclpy_minimal_action_server:/home/arian/ros2_foxy/install/examples_rclpy_minimal_action_client:/home/arian/ros2_foxy/install/examples_rclpy_executors:/home/arian/ros2_foxy/install/demo_nodes_py:/home/arian/ros2_foxy/install/action_tutorials_py:/home/arian/ros2_foxy/install/ament_uncrustify:/home/arian/ros2_foxy/install/tracetools_trace:/home/arian/ros2_foxy/install/tracetools_read:/home/arian/ros2_foxy/install/test_launch_ros:/home/arian/ros2_foxy/install/rpyutils:/home/arian/ros2_foxy/install/rosidl_runtime_py:/home/arian/ros2_foxy/install/launch_yaml:/home/arian/ros2_foxy/install/launch_xml:/home/arian/ros2_foxy/install/launch_testing:/home/arian/ros2_foxy/install/launch:/home/arian/ros2_foxy/install/osrf_pycommon:/home/arian/ros2_foxy/install/domain_coordinator:/home/arian/ros2_foxy/install/ament_xmllint:/home/arian/ros2_foxy/install/ament_pyflakes:/home/arian/ros2_foxy/install/ament_pycodestyle:/home/arian/ros2_foxy/install/ament_pep257:/home/arian/ros2_foxy/install/ament_pclint:/home/arian/ros2_foxy/install/ament_package:/home/arian/ros2_foxy/install/ament_mypy:/home/arian/ros2_foxy/install/ament_lint_cmake:/home/arian/ros2_foxy/install/ament_flake8:/home/arian/ros2_foxy/install/ament_copyright:/home/arian/ros2_foxy/install/ament_lint:/home/arian/ros2_foxy/install/ament_index_python:/home/arian/ros2_foxy/install/ament_cpplint:/home/arian/ros2_foxy/install/ament_cppcheck:/home/arian/ros2_foxy/install/ament_clang_tidy:/home/arian/ros2_foxy/install/ament_clang_format /usr/bin/cmake --build /home/arian/dev_ws/build/starting_point -- -j12 -l12
[0.124s] [35m[1mScanning dependencies of target minimal_examples[0m
[0.151s] [ 50%] Built target starting_point
[0.169s] [ 75%] [32mBuilding CXX object CMakeFiles/minimal_examples.dir/src/minimal_examples.cpp.o[0m
[1.323s] [01m[K/home/arian/dev_ws/src/starting_point/src/minimal_examples.cpp:[m[K In member function â€˜[01m[Kvoid MinimalPublisherSharedPtr::publish_message()[m[Kâ€™:
[1.323s] [01m[K/home/arian/dev_ws/src/starting_point/src/minimal_examples.cpp:344:21:[m[K [01;31m[Kerror: [m[Kâ€˜[01m[Kusing SharedPtr = class std::shared_ptr<std_msgs::msg::String_<std::allocator<void> > >[m[Kâ€™ {aka â€˜[01m[Kclass std::shared_ptr<std_msgs::msg::String_<std::allocator<void> > >[m[Kâ€™} has no member named â€˜[01m[Kdata[m[Kâ€™
[1.323s]   344 |             message.[01;31m[Kdata[m[K = "I am message";
[1.323s]       |                     [01;31m[K^~~~[m[K
[1.323s] In file included from [01m[K/home/arian/ros2_foxy/install/rclcpp/include/rclcpp/client.hpp:40[m[K,
[1.323s]                  from [01m[K/home/arian/ros2_foxy/install/rclcpp/include/rclcpp/callback_group.hpp:23[m[K,
[1.324s]                  from [01m[K/home/arian/ros2_foxy/install/rclcpp/include/rclcpp/any_executable.hpp:20[m[K,
[1.324s]                  from [01m[K/home/arian/ros2_foxy/install/rclcpp/include/rclcpp/memory_strategy.hpp:24[m[K,
[1.324s]                  from [01m[K/home/arian/ros2_foxy/install/rclcpp/include/rclcpp/memory_strategies.hpp:18[m[K,
[1.324s]                  from [01m[K/home/arian/ros2_foxy/install/rclcpp/include/rclcpp/executor_options.hpp:20[m[K,
[1.324s]                  from [01m[K/home/arian/ros2_foxy/install/rclcpp/include/rclcpp/executor.hpp:33[m[K,
[1.324s]                  from [01m[K/home/arian/ros2_foxy/install/rclcpp/include/rclcpp/executors/multi_threaded_executor.hpp:25[m[K,
[1.324s]                  from [01m[K/home/arian/ros2_foxy/install/rclcpp/include/rclcpp/executors.hpp:21[m[K,
[1.324s]                  from [01m[K/home/arian/ros2_foxy/install/rclcpp/include/rclcpp/rclcpp.hpp:146[m[K,
[1.324s]                  from [01m[K/home/arian/dev_ws/src/starting_point/src/minimal_examples.cpp:6[m[K:
[1.324s] [01m[K/home/arian/dev_ws/src/starting_point/src/minimal_examples.cpp:346:59:[m[K [01;31m[Kerror: [m[Kâ€˜[01m[Kusing SharedPtr = class std::shared_ptr<std_msgs::msg::String_<std::allocator<void> > >[m[Kâ€™ {aka â€˜[01m[Kclass std::shared_ptr<std_msgs::msg::String_<std::allocator<void> > >[m[Kâ€™} has no member named â€˜[01m[Kdata[m[Kâ€™
[1.324s]   346 |             RCLCPP_INFO(this->get_logger(), "%s", message.[01;31m[Kdata[m[K.c_str());
[1.324s]       |                                                           [01;31m[K^~~~[m[K
[1.324s] [01m[K/home/arian/dev_ws/src/starting_point/src/minimal_examples.cpp:348:39:[m[K [01;31m[Kerror: [m[Kno matching function for call to â€˜[01m[Krclcpp::Publisher<std_msgs::msg::String_<std::allocator<void> > >::publish(std_msgs::msg::String_<std::allocator<void> >::SharedPtr&)[m[Kâ€™
[1.324s]   348 |             publisher->publish(message[01;31m[K)[m[K;
[1.325s]       |                                       [01;31m[K^[m[K
[1.325s] In file included from [01m[K/home/arian/ros2_foxy/install/rclcpp/include/rclcpp/topic_statistics/subscription_topic_statistics.hpp:31[m[K,
[1.325s]                  from [01m[K/home/arian/ros2_foxy/install/rclcpp/include/rclcpp/subscription.hpp:50[m[K,
[1.325s]                  from [01m[K/home/arian/ros2_foxy/install/rclcpp/include/rclcpp/any_executable.hpp:25[m[K,
[1.325s]                  from [01m[K/home/arian/ros2_foxy/install/rclcpp/include/rclcpp/memory_strategy.hpp:24[m[K,
[1.325s]                  from [01m[K/home/arian/ros2_foxy/install/rclcpp/include/rclcpp/memory_strategies.hpp:18[m[K,
[1.325s]                  from [01m[K/home/arian/ros2_foxy/install/rclcpp/include/rclcpp/executor_options.hpp:20[m[K,
[1.325s]                  from [01m[K/home/arian/ros2_foxy/install/rclcpp/include/rclcpp/executor.hpp:33[m[K,
[1.325s]                  from [01m[K/home/arian/ros2_foxy/install/rclcpp/include/rclcpp/executors/multi_threaded_executor.hpp:25[m[K,
[1.325s]                  from [01m[K/home/arian/ros2_foxy/install/rclcpp/include/rclcpp/executors.hpp:21[m[K,
[1.325s]                  from [01m[K/home/arian/ros2_foxy/install/rclcpp/include/rclcpp/rclcpp.hpp:146[m[K,
[1.325s]                  from [01m[K/home/arian/dev_ws/src/starting_point/src/minimal_examples.cpp:6[m[K:
[1.325s] [01m[K/home/arian/ros2_foxy/install/rclcpp/include/rclcpp/publisher.hpp:185:3:[m[K [01;36m[Knote: [m[Kcandidate: â€˜[01m[Kvoid rclcpp::Publisher<MessageT, AllocatorT>::publish(std::unique_ptr<MessageT, typename std::conditional<std::is_same<typename std::allocator_traits<typename std::allocator_traits<_Alloc>::rebind_traits<MessageT>::allocator_type>::rebind_alloc<MessageT>, typename std::allocator<void>::rebind<_Tp1>::other>::value, std::default_delete<_Tp>, rclcpp::allocator::AllocatorDeleter<typename std::allocator_traits<_Alloc>::rebind_traits<MessageT>::allocator_type> >::type>) [with MessageT = std_msgs::msg::String_<std::allocator<void> >; AllocatorT = std::allocator<void>; typename std::conditional<std::is_same<typename std::allocator_traits<typename std::allocator_traits<_Alloc>::rebind_traits<MessageT>::allocator_type>::rebind_alloc<MessageT>, typename std::allocator<void>::rebind<_Tp1>::other>::value, std::default_delete<_Tp>, rclcpp::allocator::AllocatorDeleter<typename std::allocator_traits<_Alloc>::rebind_traits<MessageT>::allocator_type> >::type = std::default_delete<std_msgs::msg::String_<std::allocator<void> > >][m[Kâ€™
[1.325s]   185 |   [01;36m[Kpublish[m[K(std::unique_ptr<MessageT, MessageDeleter> msg)
[1.325s]       |   [01;36m[K^~~~~~~[m[K
[1.325s] [01m[K/home/arian/ros2_foxy/install/rclcpp/include/rclcpp/publisher.hpp:185:53:[m[K [01;36m[Knote: [m[K  no known conversion for argument 1 from â€˜[01m[Kstd_msgs::msg::String_<std::allocator<void> >::SharedPtr[m[Kâ€™ {aka â€˜[01m[Kstd::shared_ptr<std_msgs::msg::String_<std::allocator<void> > >[m[Kâ€™} to â€˜[01m[Kstd::unique_ptr<std_msgs::msg::String_<std::allocator<void> >, std::default_delete<std_msgs::msg::String_<std::allocator<void> > > >[m[Kâ€™
[1.325s]   185 |   publish([01;36m[Kstd::unique_ptr<MessageT, MessageDeleter> msg[m[K)
[1.326s]       |           [01;36m[K~~~~~~~~~~~~~~~~~~~~~~~~~~~~~~~~~~~~~~~~~~^~~[m[K
[1.326s] [01m[K/home/arian/ros2_foxy/install/rclcpp/include/rclcpp/publisher.hpp:209:3:[m[K [01;36m[Knote: [m[Kcandidate: â€˜[01m[Kvoid rclcpp::Publisher<MessageT, AllocatorT>::publish(const MessageT&) [with MessageT = std_msgs::msg::String_<std::allocator<void> >; AllocatorT = std::allocator<void>][m[Kâ€™
[1.326s]   209 |   [01;36m[Kpublish[m[K(const MessageT & msg)
[1.326s]       |   [01;36m[K^~~~~~~[m[K
[1.326s] [01m[K/home/arian/ros2_foxy/install/rclcpp/include/rclcpp/publisher.hpp:209:28:[m[K [01;36m[Knote: [m[K  no known conversion for argument 1 from â€˜[01m[Kstd_msgs::msg::String_<std::allocator<void> >::SharedPtr[m[Kâ€™ {aka â€˜[01m[Kstd::shared_ptr<std_msgs::msg::String_<std::allocator<void> > >[m[Kâ€™} to â€˜[01m[Kconst std_msgs::msg::String_<std::allocator<void> >&[m[Kâ€™
[1.326s]   209 |   publish([01;36m[Kconst MessageT & msg[m[K)
[1.326s]       |           [01;36m[K~~~~~~~~~~~~~~~~~^~~[m[K
[1.326s] [01m[K/home/arian/ros2_foxy/install/rclcpp/include/rclcpp/publisher.hpp:226:3:[m[K [01;36m[Knote: [m[Kcandidate: â€˜[01m[Kvoid rclcpp::Publisher<MessageT, AllocatorT>::publish(const rcl_serialized_message_t&) [with MessageT = std_msgs::msg::String_<std::allocator<void> >; AllocatorT = std::allocator<void>; rcl_serialized_message_t = rcutils_uint8_array_t][m[Kâ€™
[1.326s]   226 |   [01;36m[Kpublish[m[K(const rcl_serialized_message_t & serialized_msg)
[1.326s]       |   [01;36m[K^~~~~~~[m[K
[1.326s] [01m[K/home/arian/ros2_foxy/install/rclcpp/include/rclcpp/publisher.hpp:226:44:[m[K [01;36m[Knote: [m[K  no known conversion for argument 1 from â€˜[01m[Kstd_msgs::msg::String_<std::allocator<void> >::SharedPtr[m[Kâ€™ {aka â€˜[01m[Kstd::shared_ptr<std_msgs::msg::String_<std::allocator<void> > >[m[Kâ€™} to â€˜[01m[Kconst rcl_serialized_message_t&[m[Kâ€™ {aka â€˜[01m[Kconst rcutils_uint8_array_t&[m[Kâ€™}
[1.326s]   226 |   publish([01;36m[Kconst rcl_serialized_message_t & serialized_msg[m[K)
[1.326s]       |           [01;36m[K~~~~~~~~~~~~~~~~~~~~~~~~~~~~~~~~~^~~~~~~~~~~~~~[m[K
[1.326s] [01m[K/home/arian/ros2_foxy/install/rclcpp/include/rclcpp/publisher.hpp:232:3:[m[K [01;36m[Knote: [m[Kcandidate: â€˜[01m[Kvoid rclcpp::Publisher<MessageT, AllocatorT>::publish(const rclcpp::SerializedMessage&) [with MessageT = std_msgs::msg::String_<std::allocator<void> >; AllocatorT = std::allocator<void>][m[Kâ€™
[1.326s]   232 |   [01;36m[Kpublish[m[K(const SerializedMessage & serialized_msg)
[1.326s]       |   [01;36m[K^~~~~~~[m[K
[1.326s] [01m[K/home/arian/ros2_foxy/install/rclcpp/include/rclcpp/publisher.hpp:232:37:[m[K [01;36m[Knote: [m[K  no known conversion for argument 1 from â€˜[01m[Kstd_msgs::msg::String_<std::allocator<void> >::SharedPtr[m[Kâ€™ {aka â€˜[01m[Kstd::shared_ptr<std_msgs::msg::String_<std::allocator<void> > >[m[Kâ€™} to â€˜[01m[Kconst rclcpp::SerializedMessage&[m[Kâ€™
[1.326s]   232 |   publish([01;36m[Kconst SerializedMessage & serialized_msg[m[K)
[1.327s]       |           [01;36m[K~~~~~~~~~~~~~~~~~~~~~~~~~~^~~~~~~~~~~~~~[m[K
[1.327s] [01m[K/home/arian/ros2_foxy/install/rclcpp/include/rclcpp/publisher.hpp:246:3:[m[K [01;36m[Knote: [m[Kcandidate: â€˜[01m[Kvoid rclcpp::Publisher<MessageT, AllocatorT>::publish(rclcpp::LoanedMessage<MessageT, AllocatorT>&&) [with MessageT = std_msgs::msg::String_<std::allocator<void> >; AllocatorT = std::allocator<void>][m[Kâ€™
[1.327s]   246 |   [01;36m[Kpublish[m[K(rclcpp::LoanedMessage<MessageT, AllocatorT> && loaned_msg)
[1.327s]       |   [01;36m[K^~~~~~~[m[K
[1.327s] [01m[K/home/arian/ros2_foxy/install/rclcpp/include/rclcpp/publisher.hpp:246:58:[m[K [01;36m[Knote: [m[K  no known conversion for argument 1 from â€˜[01m[Kstd_msgs::msg::String_<std::allocator<void> >::SharedPtr[m[Kâ€™ {aka â€˜[01m[Kstd::shared_ptr<std_msgs::msg::String_<std::allocator<void> > >[m[Kâ€™} to â€˜[01m[Krclcpp::LoanedMessage<std_msgs::msg::String_<std::allocator<void> >, std::allocator<void> >&&[m[Kâ€™
[1.327s]   246 |   publish([01;36m[Krclcpp::LoanedMessage<MessageT, AllocatorT> && loaned_msg[m[K)
[1.327s]       |           [01;36m[K~~~~~~~~~~~~~~~~~~~~~~~~~~~~~~~~~~~~~~~~~~~~~~~^~~~~~~~~~[m[K
[1.330s] [01m[K/home/arian/dev_ws/src/starting_point/src/minimal_examples.cpp:[m[K In function â€˜[01m[Kint main(int, char**)[m[Kâ€™:
[1.330s] [01m[K/home/arian/dev_ws/src/starting_point/src/minimal_examples.cpp:394:38:[m[K [01;31m[Kerror: [m[Kâ€˜[01m[KMinimalPublisherSharedPutter[m[Kâ€™ was not declared in this scope; did you mean â€˜[01m[KMinimalPublisherSharedPtr[m[Kâ€™?
[1.330s]   394 |     auto pub_node = std::make_shared<[01;31m[KMinimalPublisherSharedPutter[m[K>;
[1.330s]       |                                      [01;31m[K^~~~~~~~~~~~~~~~~~~~~~~~~~~~[m[K
[1.330s]       |                                      [32m[KMinimalPublisherSharedPtr[m[K
[1.330s] [01m[K/home/arian/dev_ws/src/starting_point/src/minimal_examples.cpp:394:26:[m[K [01;31m[Kerror: [m[Kunable to deduce â€˜[01m[Kauto[m[Kâ€™ from â€˜[01m[Kmake_shared<<expression error> >[m[Kâ€™
[1.330s]   394 |     auto pub_node = std::[01;31m[Kmake_shared<MinimalPublisherSharedPutter>[m[K;
[1.331s]       |                          [01;31m[K^~~~~~~~~~~~~~~~~~~~~~~~~~~~~~~~~~~~~~~~~[m[K
[1.331s] [01m[K/home/arian/dev_ws/src/starting_point/src/minimal_examples.cpp:394:26:[m[K [01;36m[Knote: [m[K  couldnâ€™t deduce template parameter â€˜[01m[Kauto[m[Kâ€™
[1.332s] [01m[K/home/arian/dev_ws/src/starting_point/src/minimal_examples.cpp:395:38:[m[K [01;31m[Kerror: [m[Kâ€˜[01m[KMinimalSubscriberSharedPutter[m[Kâ€™ was not declared in this scope; did you mean â€˜[01m[KMinimalSubscriberSharedPtr[m[Kâ€™?
[1.332s]   395 |     auto sub_node = std::make_shared<[01;31m[KMinimalSubscriberSharedPutter[m[K>;
[1.332s]       |                                      [01;31m[K^~~~~~~~~~~~~~~~~~~~~~~~~~~~~[m[K
[1.332s]       |                                      [32m[KMinimalSubscriberSharedPtr[m[K
[1.332s] [01m[K/home/arian/dev_ws/src/starting_point/src/minimal_examples.cpp:395:26:[m[K [01;31m[Kerror: [m[Kunable to deduce â€˜[01m[Kauto[m[Kâ€™ from â€˜[01m[Kmake_shared<<expression error> >[m[Kâ€™
[1.332s]   395 |     auto sub_node = std::[01;31m[Kmake_shared<MinimalSubscriberSharedPutter>[m[K;
[1.332s]       |                          [01;31m[K^~~~~~~~~~~~~~~~~~~~~~~~~~~~~~~~~~~~~~~~~~[m[K
[1.332s] [01m[K/home/arian/dev_ws/src/starting_point/src/minimal_examples.cpp:395:26:[m[K [01;36m[Knote: [m[K  couldnâ€™t deduce template parameter â€˜[01m[Kauto[m[Kâ€™
[2.574s] make[2]: *** [CMakeFiles/minimal_examples.dir/build.make:63: CMakeFiles/minimal_examples.dir/src/minimal_examples.cpp.o] Error 1
[2.574s] make[1]: *** [CMakeFiles/Makefile2:80: CMakeFiles/minimal_examples.dir/all] Error 2
[2.574s] make: *** [Makefile:141: all] Error 2
[2.577s] Invoked command in '/home/arian/dev_ws/build/starting_point' returned '2': CMAKE_PREFIX_PATH=${CMAKE_PREFIX_PATH}:/home/arian/ros2_foxy/install/ros2bag:/home/arian/ros2_foxy/install/tracetools_launch:/home/arian/ros2_foxy/install/topic_monitor:/home/arian/ros2_foxy/install/examples_tf2_py:/home/arian/ros2_foxy/install/sros2:/home/arian/ros2_foxy/install/rqt_topic:/home/arian/ros2_foxy/install/rqt_reconfigure:/home/arian/ros2_foxy/install/rqt_action:/home/arian/ros2_foxy/install/rqt:/home/arian/ros2_foxy/install/rqt_graph:/home/arian/ros2_foxy/install/rqt_gui_py:/home/arian/ros2_foxy/install/rqt_gui:/home/arian/ros2_foxy/install/ros2trace:/home/arian/ros2_foxy/install/ros2topic:/home/arian/ros2_foxy/install/ros2test:/home/arian/ros2_foxy/install/ros2component:/home/arian/ros2_foxy/install/ros2param:/home/arian/ros2_foxy/install/ros2lifecycle:/home/arian/ros2_foxy/install/ros2service:/home/arian/ros2_foxy/install/ros2run:/home/arian/ros2_foxy/install/ros2launch:/home/arian/ros2_foxy/install/ros2pkg:/home/arian/ros2_foxy/install/ros2node:/home/arian/ros2_foxy/install/ros2multicast:/home/arian/ros2_foxy/install/ros2interface:/home/arian/ros2_foxy/install/ros2doctor:/home/arian/ros2_foxy/install/ros2action:/home/arian/ros2_foxy/install/ros2cli:/home/arian/ros2_foxy/install/quality_of_service_demo_py:/home/arian/ros2_foxy/install/launch_testing_ros:/home/arian/ros2_foxy/install/launch_ros:/home/arian/ros2_foxy/install/examples_rclpy_minimal_subscriber:/home/arian/ros2_foxy/install/examples_rclpy_minimal_service:/home/arian/ros2_foxy/install/examples_rclpy_minimal_publisher:/home/arian/ros2_foxy/install/examples_rclpy_minimal_client:/home/arian/ros2_foxy/install/examples_rclpy_minimal_action_server:/home/arian/ros2_foxy/install/examples_rclpy_minimal_action_client:/home/arian/ros2_foxy/install/examples_rclpy_executors:/home/arian/ros2_foxy/install/demo_nodes_py:/home/arian/ros2_foxy/install/action_tutorials_py:/home/arian/ros2_foxy/install/ament_uncrustify:/home/arian/ros2_foxy/install/tracetools_trace:/home/arian/ros2_foxy/install/tracetools_read:/home/arian/ros2_foxy/install/test_launch_ros:/home/arian/ros2_foxy/install/rpyutils:/home/arian/ros2_foxy/install/rosidl_runtime_py:/home/arian/ros2_foxy/install/launch_yaml:/home/arian/ros2_foxy/install/launch_xml:/home/arian/ros2_foxy/install/launch_testing:/home/arian/ros2_foxy/install/launch:/home/arian/ros2_foxy/install/osrf_pycommon:/home/arian/ros2_foxy/install/domain_coordinator:/home/arian/ros2_foxy/install/ament_xmllint:/home/arian/ros2_foxy/install/ament_pyflakes:/home/arian/ros2_foxy/install/ament_pycodestyle:/home/arian/ros2_foxy/install/ament_pep257:/home/arian/ros2_foxy/install/ament_pclint:/home/arian/ros2_foxy/install/ament_package:/home/arian/ros2_foxy/install/ament_mypy:/home/arian/ros2_foxy/install/ament_lint_cmake:/home/arian/ros2_foxy/install/ament_flake8:/home/arian/ros2_foxy/install/ament_copyright:/home/arian/ros2_foxy/install/ament_lint:/home/arian/ros2_foxy/install/ament_index_python:/home/arian/ros2_foxy/install/ament_cpplint:/home/arian/ros2_foxy/install/ament_cppcheck:/home/arian/ros2_foxy/install/ament_clang_tidy:/home/arian/ros2_foxy/install/ament_clang_format /usr/bin/cmake --build /home/arian/dev_ws/build/starting_point -- -j12 -l12
