[0.042s] Invoking command in '/home/arian/Framework/build/framework': CMAKE_PREFIX_PATH=${CMAKE_PREFIX_PATH}:/home/arian/ros2_foxy/install/ros2bag:/home/arian/ros2_foxy/install/tracetools_launch:/home/arian/ros2_foxy/install/topic_monitor:/home/arian/ros2_foxy/install/examples_tf2_py:/home/arian/ros2_foxy/install/sros2:/home/arian/ros2_foxy/install/rqt_topic:/home/arian/ros2_foxy/install/rqt_reconfigure:/home/arian/ros2_foxy/install/rqt_action:/home/arian/ros2_foxy/install/rqt:/home/arian/ros2_foxy/install/rqt_graph:/home/arian/ros2_foxy/install/rqt_gui_py:/home/arian/ros2_foxy/install/rqt_gui:/home/arian/ros2_foxy/install/ros2trace:/home/arian/ros2_foxy/install/ros2topic:/home/arian/ros2_foxy/install/ros2test:/home/arian/ros2_foxy/install/ros2component:/home/arian/ros2_foxy/install/ros2param:/home/arian/ros2_foxy/install/ros2lifecycle:/home/arian/ros2_foxy/install/ros2service:/home/arian/ros2_foxy/install/ros2run:/home/arian/ros2_foxy/install/ros2launch:/home/arian/ros2_foxy/install/ros2pkg:/home/arian/ros2_foxy/install/ros2node:/home/arian/ros2_foxy/install/ros2multicast:/home/arian/ros2_foxy/install/ros2interface:/home/arian/ros2_foxy/install/ros2doctor:/home/arian/ros2_foxy/install/ros2action:/home/arian/ros2_foxy/install/ros2cli:/home/arian/ros2_foxy/install/quality_of_service_demo_py:/home/arian/ros2_foxy/install/launch_testing_ros:/home/arian/ros2_foxy/install/launch_ros:/home/arian/ros2_foxy/install/examples_rclpy_minimal_subscriber:/home/arian/ros2_foxy/install/examples_rclpy_minimal_service:/home/arian/ros2_foxy/install/examples_rclpy_minimal_publisher:/home/arian/ros2_foxy/install/examples_rclpy_minimal_client:/home/arian/ros2_foxy/install/examples_rclpy_minimal_action_server:/home/arian/ros2_foxy/install/examples_rclpy_minimal_action_client:/home/arian/ros2_foxy/install/examples_rclpy_executors:/home/arian/ros2_foxy/install/demo_nodes_py:/home/arian/ros2_foxy/install/action_tutorials_py:/home/arian/ros2_foxy/install/ament_uncrustify:/home/arian/ros2_foxy/install/tracetools_trace:/home/arian/ros2_foxy/install/tracetools_read:/home/arian/ros2_foxy/install/test_launch_ros:/home/arian/ros2_foxy/install/rpyutils:/home/arian/ros2_foxy/install/rosidl_runtime_py:/home/arian/ros2_foxy/install/launch_yaml:/home/arian/ros2_foxy/install/launch_xml:/home/arian/ros2_foxy/install/launch_testing:/home/arian/ros2_foxy/install/launch:/home/arian/ros2_foxy/install/osrf_pycommon:/home/arian/ros2_foxy/install/domain_coordinator:/home/arian/ros2_foxy/install/ament_xmllint:/home/arian/ros2_foxy/install/ament_pyflakes:/home/arian/ros2_foxy/install/ament_pycodestyle:/home/arian/ros2_foxy/install/ament_pep257:/home/arian/ros2_foxy/install/ament_pclint:/home/arian/ros2_foxy/install/ament_package:/home/arian/ros2_foxy/install/ament_mypy:/home/arian/ros2_foxy/install/ament_lint_cmake:/home/arian/ros2_foxy/install/ament_flake8:/home/arian/ros2_foxy/install/ament_copyright:/home/arian/ros2_foxy/install/ament_lint:/home/arian/ros2_foxy/install/ament_index_python:/home/arian/ros2_foxy/install/ament_cpplint:/home/arian/ros2_foxy/install/ament_cppcheck:/home/arian/ros2_foxy/install/ament_clang_tidy:/home/arian/ros2_foxy/install/ament_clang_format /usr/bin/cmake --build /home/arian/Framework/build/framework -- -j12 -l12
[0.124s] [35m[1mScanning dependencies of target main[0m
[0.147s] [ 50%] [32mBuilding CXX object CMakeFiles/main.dir/src/main.cpp.o[0m
[0.490s] In file included from [01m[K/home/arian/Framework/src/framework/src/main.cpp:9[m[K:
[0.490s] [01m[K/home/arian/Framework/src/framework/include/framework/base/determinant_parallel.hpp:[m[K In function â€˜[01m[Kvoid* framework::base::determinant_parallel_pthread(void*)[m[Kâ€™:
[0.490s] [01m[K/home/arian/Framework/src/framework/include/framework/base/determinant_parallel.hpp:59:81:[m[K [01;31m[Kerror: [m[Kâ€˜[01m[Kdeterminant[m[Kâ€™ was not declared in this scope
[0.490s]    59 |         iterators_->matrix_c[0] += sign * matrix_b[0 * iterators_->width + i] * [01;31m[Kdeterminant[m[K<T>(matrix_b, iterators_->width - 1, iterators_->size, iterators_->width);
[0.490s]       |                                                                                 [01;31m[K^~~~~~~~~~~[m[K
[0.490s] [01m[K/home/arian/Framework/src/framework/include/framework/base/determinant_parallel.hpp:59:94:[m[K [01;31m[Kerror: [m[Kexpected primary-expression before â€˜[01m[K>[m[Kâ€™ token
[0.490s]    59 |         iterators_->matrix_c[0] += sign * matrix_b[0 * iterators_->width + i] * determinant<T[01;31m[K>[m[K(matrix_b, iterators_->width - 1, iterators_->size, iterators_->width);
[0.491s]       |                                                                                              [01;31m[K^[m[K
[0.491s] In file included from [01m[K/home/arian/Framework/src/framework/src/main.cpp:9[m[K:
[0.491s] [01m[K/home/arian/Framework/src/framework/include/framework/base/determinant_parallel.hpp:[m[K In function â€˜[01m[Kvoid framework::base::determinant_parallel_openmp(const std::vector<T>&, const std::vector<T>&, std::vector<T>&, const framework::settings&)[m[Kâ€™:
[0.491s] [01m[K/home/arian/Framework/src/framework/include/framework/base/determinant_parallel.hpp:81:69:[m[K [01;31m[Kerror: [m[Kâ€˜[01m[Kdeterminant[m[Kâ€™ was not declared in this scope
[0.491s]    81 |         matrix_c_[0] += sign * matrix_b[0 * matrix_delimeter + i] * [01;31m[Kdeterminant[m[K<T>(matrix_b, matrix_delimeter - 1, matrix_a_.size(), matrix_delimeter);
[0.491s]       |                                                                     [01;31m[K^~~~~~~~~~~[m[K
[0.491s] [01m[K/home/arian/Framework/src/framework/include/framework/base/determinant_parallel.hpp:81:82:[m[K [01;31m[Kerror: [m[Kexpected primary-expression before â€˜[01m[K>[m[Kâ€™ token
[0.491s]    81 |         matrix_c_[0] += sign * matrix_b[0 * matrix_delimeter + i] * determinant<T[01;31m[K>[m[K(matrix_b, matrix_delimeter - 1, matrix_a_.size(), matrix_delimeter);
[0.491s]       |                                                                                  [01;31m[K^[m[K
[0.492s] [01m[K/home/arian/Framework/src/framework/include/framework/base/determinant_parallel.hpp:[m[K In function â€˜[01m[Kvoid framework::base::determinant_serial(const std::vector<T>&, const std::vector<T>&, std::vector<T>&, const framework::settings&)[m[Kâ€™:
[0.492s] [01m[K/home/arian/Framework/src/framework/include/framework/base/determinant_parallel.hpp:101:69:[m[K [01;31m[Kerror: [m[Kâ€˜[01m[Kdeterminant[m[Kâ€™ was not declared in this scope
[0.492s]   101 |         matrix_c_[0] += sign * matrix_b[0 * matrix_delimeter + i] * [01;31m[Kdeterminant[m[K<T>(matrix_b, matrix_delimeter - 1, matrix_a_.size(), matrix_delimeter);
[0.492s]       |                                                                     [01;31m[K^~~~~~~~~~~[m[K
[0.492s] [01m[K/home/arian/Framework/src/framework/include/framework/base/determinant_parallel.hpp:101:82:[m[K [01;31m[Kerror: [m[Kexpected primary-expression before â€˜[01m[K>[m[Kâ€™ token
[0.492s]   101 |         matrix_c_[0] += sign * matrix_b[0 * matrix_delimeter + i] * determinant<T[01;31m[K>[m[K(matrix_b, matrix_delimeter - 1, matrix_a_.size(), matrix_delimeter);
[0.492s]       |                                                                                  [01;31m[K^[m[K
[0.516s] In file included from [01m[K/home/arian/Framework/src/framework/src/main.cpp:8[m[K:
[0.517s] /home/arian/Framework/src/framework/include/framework/generators/generator.hpp: In instantiation of â€˜[01m[Kstatic std::vector<std::vector<T> > framework::generator::generate_inputs(std::initializer_list<int>) [with T = int][m[Kâ€™:
[0.517s] [01m[K/home/arian/Framework/src/framework/src/main.cpp:14:67:[m[K   required from here
[0.517s] [01m[K/home/arian/Framework/src/framework/include/framework/generators/generator.hpp:27:34:[m[K [01;35m[Kwarning: [m[Kcomparison of integer expressions of different signedness: â€˜[01m[Kint[m[Kâ€™ and â€˜[01m[Kstd::vector<int>::size_type[m[Kâ€™ {aka â€˜[01m[Klong unsigned int[m[Kâ€™} [[01;35m[K-Wsign-compare[m[K]
[0.517s]    27 |                 for(int i = 0; i < temp.capacity(); i++)
[0.520s] In file included from [01m[K/home/arian/Framework/src/framework/src/main.cpp:7[m[K:
[0.520s] /home/arian/Framework/src/framework/include/framework/benchmark/benchmark.hpp: In instantiation of â€˜[01m[Kvoid framework::benchmark<T>::execute_all() [with K = std::ratio<1, 1000>; T = int][m[Kâ€™:
[0.520s] [01m[K/home/arian/Framework/src/framework/src/main.cpp:25:62:[m[K   required from here
[0.520s] [01m[K/home/arian/Framework/src/framework/include/framework/benchmark/benchmark.hpp:65:30:[m[K [01;35m[Kwarning: [m[Kcomparison of integer expressions of different signedness: â€˜[01m[Kint[m[Kâ€™ and â€˜[01m[Kstd::vector<framework::settings>::size_type[m[Kâ€™ {aka â€˜[01m[Klong unsigned int[m[Kâ€™} [[01;35m[K-Wsign-compare[m[K]
[0.521s]    65 |             for(int i = 0; [01;35m[Ki < settingss_.size()[m[K; i++)
[0.521s]       |                            [01;35m[K~~^~~~~~~~~~~~~~~~~~~[m[K
[0.521s] [01m[K/home/arian/Framework/src/framework/include/framework/benchmark/benchmark.hpp:76:34:[m[K [01;35m[Kwarning: [m[Kcomparison of integer expressions of different signedness: â€˜[01m[Kint[m[Kâ€™ and â€˜[01m[Kstd::vector<std::vector<int>, std::allocator<std::vector<int> > >::size_type[m[Kâ€™ {aka â€˜[01m[Klong unsigned int[m[Kâ€™} [[01;35m[K-Wsign-compare[m[K]
[0.521s]    76 |                 for(int j = 0; j < inputs_a_.size(); j++)
[0.521s] [01m[K/home/arian/Framework/src/framework/include/framework/benchmark/benchmark.hpp:90:26:[m[K [01;35m[Kwarning: [m[Kcomparison of integer expressions of different signedness: â€˜[01m[Kint[m[Kâ€™ and â€˜[01m[Kstd::vector<std::vector<int>, std::allocator<std::vector<int> > >::size_type[m[Kâ€™ {aka â€˜[01m[Klong unsigned int[m[Kâ€™} [[01;35m[K-Wsign-compare[m[K]
[0.521s]    90 |                     if([01;35m[Kj != inputs_a_.size() - 1[m[K)
[0.521s]       |                        [01;35m[K~~^~~~~~~~~~~~~~~~~~~~~~~[m[K
[0.521s] [01m[K/home/arian/Framework/src/framework/include/framework/benchmark/benchmark.hpp:98:22:[m[K [01;35m[Kwarning: [m[Kcomparison of integer expressions of different signedness: â€˜[01m[Kint[m[Kâ€™ and â€˜[01m[Kstd::vector<framework::settings>::size_type[m[Kâ€™ {aka â€˜[01m[Klong unsigned int[m[Kâ€™} [[01;35m[K-Wsign-compare[m[K]
[0.521s]    98 |                 if([01;35m[Ki == settingss_.size() - 1[m[K)
[0.521s]       |                    [01;35m[K~~^~~~~~~~~~~~~~~~~~~~~~~~[m[K
[0.533s] In file included from [01m[K/home/arian/Framework/src/framework/include/framework/benchmark/benchmark.hpp:11[m[K,
[0.533s]                  from [01m[K/home/arian/Framework/src/framework/src/main.cpp:7[m[K:
[0.533s] /home/arian/Framework/src/framework/include/framework/generators/json_generator.hpp: In instantiation of â€˜[01m[Kframework::json_generator& framework::json_generator::add(const std::chrono::duration<long int, T>&) [with T = std::ratio<1, 1000>][m[Kâ€™:
[0.533s] [01m[K/home/arian/Framework/src/framework/include/framework/benchmark/benchmark.hpp:62:29:[m[K   required from â€˜[01m[Kvoid framework::benchmark<T>::execute_all() [with K = std::ratio<1, 1000>; T = int][m[Kâ€™
[0.533s] [01m[K/home/arian/Framework/src/framework/src/main.cpp:25:62:[m[K   required from here
[0.533s] [01m[K/home/arian/Framework/src/framework/include/framework/generators/json_generator.hpp:44:70:[m[K [01;35m[Kwarning: [m[Kunused parameter â€˜[01m[Kduration[m[Kâ€™ [[01;35m[K-Wunused-parameter[m[K]
[0.533s]    44 |         json_generator& add([01;35m[Kconst std::chrono::duration<int64_t, T>& duration[m[K)
[0.533s]       |                             [01;35m[K~~~~~~~~~~~~~~~~~~~~~~~~~~~~~~~~~~~~~~~~~^~~~~~~~[m[K
[0.565s] In file included from [01m[K/home/arian/Framework/src/framework/src/main.cpp:9[m[K:
[0.566s] /home/arian/Framework/src/framework/include/framework/base/determinant_parallel.hpp: In instantiation of â€˜[01m[Kvoid framework::base::determinant_parallel_openmp(const std::vector<T>&, const std::vector<T>&, std::vector<T>&, const framework::settings&) [with T = int][m[Kâ€™:
[0.566s] [01m[K/home/arian/Framework/src/framework/include/framework/base/determinant_parallel.hpp:172:47:[m[K   required from â€˜[01m[Kvoid framework::base::determinant_parallel<T>::execute(const std::vector<T>&, const std::vector<T>&, std::vector<T>&, const framework::settings&) [with T = int][m[Kâ€™
[0.566s] [01m[K/home/arian/Framework/src/framework/include/framework/base/determinant_parallel.hpp:150:14:[m[K   required from here
[0.566s] [01m[K/home/arian/Framework/src/framework/include/framework/base/determinant_parallel.hpp:81:84:[m[K [01;35m[Kwarning: [m[Kleft operand of comma operator has no effect [[01;35m[K-Wunused-value[m[K]
[0.566s]    81 |         matrix_c_[0] += sign * matrix_b[0 * matrix_delimeter + i] * determinant<T>([01;35m[Kmatrix_b[m[K, matrix_delimeter - 1, matrix_a_.size(), matrix_delimeter);
[0.566s]       |                                                                                    [01;35m[K^~~~~~~~[m[K
[0.566s] [01m[K/home/arian/Framework/src/framework/include/framework/base/determinant_parallel.hpp:81:111:[m[K [01;35m[Kwarning: [m[Kright operand of comma operator has no effect [[01;35m[K-Wunused-value[m[K]
[0.566s]    81 |         matrix_c_[0] += sign * matrix_b[0 * matrix_delimeter + i] * determinant<T>(matrix_b, [01;35m[Kmatrix_delimeter - 1[m[K, matrix_a_.size(), matrix_delimeter);
[0.566s]       |                                                                                              [01;35m[K~~~~~~~~~~~~~~~~~^~~[m[K
[0.566s] /home/arian/Framework/src/framework/include/framework/base/determinant_parallel.hpp: In instantiation of â€˜[01m[Kvoid framework::base::determinant_serial(const std::vector<T>&, const std::vector<T>&, std::vector<T>&, const framework::settings&) [with T = int][m[Kâ€™:
[0.566s] [01m[K/home/arian/Framework/src/framework/include/framework/base/determinant_parallel.hpp:176:38:[m[K   required from â€˜[01m[Kvoid framework::base::determinant_parallel<T>::execute(const std::vector<T>&, const std::vector<T>&, std::vector<T>&, const framework::settings&) [with T = int][m[Kâ€™
[0.566s] [01m[K/home/arian/Framework/src/framework/include/framework/base/determinant_parallel.hpp:150:14:[m[K   required from here
[0.567s] [01m[K/home/arian/Framework/src/framework/include/framework/base/determinant_parallel.hpp:101:84:[m[K [01;35m[Kwarning: [m[Kleft operand of comma operator has no effect [[01;35m[K-Wunused-value[m[K]
[0.567s]   101 |         matrix_c_[0] += sign * matrix_b[0 * matrix_delimeter + i] * determinant<T>([01;35m[Kmatrix_b[m[K, matrix_delimeter - 1, matrix_a_.size(), matrix_delimeter);
[0.567s]       |                                                                                    [01;35m[K^~~~~~~~[m[K
[0.567s] [01m[K/home/arian/Framework/src/framework/include/framework/base/determinant_parallel.hpp:101:111:[m[K [01;35m[Kwarning: [m[Kright operand of comma operator has no effect [[01;35m[K-Wunused-value[m[K]
[0.567s]   101 |         matrix_c_[0] += sign * matrix_b[0 * matrix_delimeter + i] * determinant<T>(matrix_b, [01;35m[Kmatrix_delimeter - 1[m[K, matrix_a_.size(), matrix_delimeter);
[0.567s]       |                                                                                              [01;35m[K~~~~~~~~~~~~~~~~~^~~[m[K
[0.567s] [01m[K/home/arian/Framework/src/framework/include/framework/base/determinant_parallel.hpp:88:135:[m[K [01;35m[Kwarning: [m[Kunused parameter â€˜[01m[Ksettings_[m[Kâ€™ [[01;35m[K-Wunused-parameter[m[K]
[0.567s]    88 | void determinant_serial(const std::vector<T>& matrix_a_, const std::vector<T>& matrix_b_, std::vector<T>& matrix_c_, [01;35m[Kconst settings & settings_[m[K)
[0.567s]       |                                                                                                                      [01;35m[K~~~~~~~~~~~~~~~~~^~~~~~~~~[m[K
[0.567s] In file included from [01m[K/home/arian/Framework/src/framework/src/main.cpp:9[m[K:
[0.567s] /home/arian/Framework/src/framework/include/framework/base/determinant_parallel.hpp: In instantiation of â€˜[01m[Kvoid* framework::base::determinant_parallel_pthread(void*) [with T = int][m[Kâ€™:
[0.567s] [01m[K/home/arian/Framework/src/framework/include/framework/base/determinant_parallel.hpp:210:31:[m[K   required from â€˜[01m[Kvoid framework::base::determinant_parallel<T>::execute_pthread(const std::vector<T>&, const std::vector<T>&, std::vector<T>&, const framework::settings&) [with T = int][m[Kâ€™
[0.567s] [01m[K/home/arian/Framework/src/framework/include/framework/base/determinant_parallel.hpp:181:14:[m[K   required from here
[0.567s] [01m[K/home/arian/Framework/src/framework/include/framework/base/determinant_parallel.hpp:59:96:[m[K [01;35m[Kwarning: [m[Kleft operand of comma operator has no effect [[01;35m[K-Wunused-value[m[K]
[0.567s]    59 |         iterators_->matrix_c[0] += sign * matrix_b[0 * iterators_->width + i] * determinant<T>([01;35m[Kmatrix_b[m[K, iterators_->width - 1, iterators_->size, iterators_->width);
[0.568s]       |                                                                                                [01;35m[K^~~~~~~~[m[K
[0.568s] [01m[K/home/arian/Framework/src/framework/include/framework/base/determinant_parallel.hpp:59:124:[m[K [01;35m[Kwarning: [m[Kright operand of comma operator has no effect [[01;35m[K-Wunused-value[m[K]
[0.568s]    59 |         iterators_->matrix_c[0] += sign * matrix_b[0 * iterators_->width + i] * determinant<T>(matrix_b, [01;35m[Kiterators_->width - 1[m[K, iterators_->size, iterators_->width);
[0.568s]       |                                                                                                          [01;35m[K~~~~~~~~~~~~~~~~~~^~~[m[K
[0.568s] In file included from [01m[K/home/arian/Framework/src/framework/src/main.cpp:9[m[K:
[0.568s] [01m[K/home/arian/Framework/src/framework/include/framework/base/determinant_parallel.hpp:59:141:[m[K [01;35m[Kwarning: [m[Kright operand of comma operator has no effect [[01;35m[K-Wunused-value[m[K]
[0.568s]    59 |         iterators_->matrix_c[0] += sign * matrix_b[0 * iterators_->width + i] * determinant<T>(matrix_b, iterators_->width - 1, [01;35m[Kiterators_->size[m[K, iterators_->width);
[0.568s]       |                                                                                                                                 [01;35m[K~~~~~~~~~~~~^~~~[m[K
[0.589s] make[2]: *** [CMakeFiles/main.dir/build.make:63: CMakeFiles/main.dir/src/main.cpp.o] Error 1
[0.589s] make[1]: *** [CMakeFiles/Makefile2:78: CMakeFiles/main.dir/all] Error 2
[0.590s] make: *** [Makefile:141: all] Error 2
[0.591s] Invoked command in '/home/arian/Framework/build/framework' returned '2': CMAKE_PREFIX_PATH=${CMAKE_PREFIX_PATH}:/home/arian/ros2_foxy/install/ros2bag:/home/arian/ros2_foxy/install/tracetools_launch:/home/arian/ros2_foxy/install/topic_monitor:/home/arian/ros2_foxy/install/examples_tf2_py:/home/arian/ros2_foxy/install/sros2:/home/arian/ros2_foxy/install/rqt_topic:/home/arian/ros2_foxy/install/rqt_reconfigure:/home/arian/ros2_foxy/install/rqt_action:/home/arian/ros2_foxy/install/rqt:/home/arian/ros2_foxy/install/rqt_graph:/home/arian/ros2_foxy/install/rqt_gui_py:/home/arian/ros2_foxy/install/rqt_gui:/home/arian/ros2_foxy/install/ros2trace:/home/arian/ros2_foxy/install/ros2topic:/home/arian/ros2_foxy/install/ros2test:/home/arian/ros2_foxy/install/ros2component:/home/arian/ros2_foxy/install/ros2param:/home/arian/ros2_foxy/install/ros2lifecycle:/home/arian/ros2_foxy/install/ros2service:/home/arian/ros2_foxy/install/ros2run:/home/arian/ros2_foxy/install/ros2launch:/home/arian/ros2_foxy/install/ros2pkg:/home/arian/ros2_foxy/install/ros2node:/home/arian/ros2_foxy/install/ros2multicast:/home/arian/ros2_foxy/install/ros2interface:/home/arian/ros2_foxy/install/ros2doctor:/home/arian/ros2_foxy/install/ros2action:/home/arian/ros2_foxy/install/ros2cli:/home/arian/ros2_foxy/install/quality_of_service_demo_py:/home/arian/ros2_foxy/install/launch_testing_ros:/home/arian/ros2_foxy/install/launch_ros:/home/arian/ros2_foxy/install/examples_rclpy_minimal_subscriber:/home/arian/ros2_foxy/install/examples_rclpy_minimal_service:/home/arian/ros2_foxy/install/examples_rclpy_minimal_publisher:/home/arian/ros2_foxy/install/examples_rclpy_minimal_client:/home/arian/ros2_foxy/install/examples_rclpy_minimal_action_server:/home/arian/ros2_foxy/install/examples_rclpy_minimal_action_client:/home/arian/ros2_foxy/install/examples_rclpy_executors:/home/arian/ros2_foxy/install/demo_nodes_py:/home/arian/ros2_foxy/install/action_tutorials_py:/home/arian/ros2_foxy/install/ament_uncrustify:/home/arian/ros2_foxy/install/tracetools_trace:/home/arian/ros2_foxy/install/tracetools_read:/home/arian/ros2_foxy/install/test_launch_ros:/home/arian/ros2_foxy/install/rpyutils:/home/arian/ros2_foxy/install/rosidl_runtime_py:/home/arian/ros2_foxy/install/launch_yaml:/home/arian/ros2_foxy/install/launch_xml:/home/arian/ros2_foxy/install/launch_testing:/home/arian/ros2_foxy/install/launch:/home/arian/ros2_foxy/install/osrf_pycommon:/home/arian/ros2_foxy/install/domain_coordinator:/home/arian/ros2_foxy/install/ament_xmllint:/home/arian/ros2_foxy/install/ament_pyflakes:/home/arian/ros2_foxy/install/ament_pycodestyle:/home/arian/ros2_foxy/install/ament_pep257:/home/arian/ros2_foxy/install/ament_pclint:/home/arian/ros2_foxy/install/ament_package:/home/arian/ros2_foxy/install/ament_mypy:/home/arian/ros2_foxy/install/ament_lint_cmake:/home/arian/ros2_foxy/install/ament_flake8:/home/arian/ros2_foxy/install/ament_copyright:/home/arian/ros2_foxy/install/ament_lint:/home/arian/ros2_foxy/install/ament_index_python:/home/arian/ros2_foxy/install/ament_cpplint:/home/arian/ros2_foxy/install/ament_cppcheck:/home/arian/ros2_foxy/install/ament_clang_tidy:/home/arian/ros2_foxy/install/ament_clang_format /usr/bin/cmake --build /home/arian/Framework/build/framework -- -j12 -l12
