[0.041s] Invoking command in '/home/arian/dev_ws/build/starting_point': CMAKE_PREFIX_PATH=${CMAKE_PREFIX_PATH}:/home/arian/ros2_foxy/install/ros2bag:/home/arian/ros2_foxy/install/tracetools_launch:/home/arian/ros2_foxy/install/topic_monitor:/home/arian/ros2_foxy/install/examples_tf2_py:/home/arian/ros2_foxy/install/sros2:/home/arian/ros2_foxy/install/rqt_topic:/home/arian/ros2_foxy/install/rqt_reconfigure:/home/arian/ros2_foxy/install/rqt_action:/home/arian/ros2_foxy/install/rqt:/home/arian/ros2_foxy/install/rqt_graph:/home/arian/ros2_foxy/install/rqt_gui_py:/home/arian/ros2_foxy/install/rqt_gui:/home/arian/ros2_foxy/install/ros2trace:/home/arian/ros2_foxy/install/ros2topic:/home/arian/ros2_foxy/install/ros2test:/home/arian/ros2_foxy/install/ros2component:/home/arian/ros2_foxy/install/ros2param:/home/arian/ros2_foxy/install/ros2lifecycle:/home/arian/ros2_foxy/install/ros2service:/home/arian/ros2_foxy/install/ros2run:/home/arian/ros2_foxy/install/ros2launch:/home/arian/ros2_foxy/install/ros2pkg:/home/arian/ros2_foxy/install/ros2node:/home/arian/ros2_foxy/install/ros2multicast:/home/arian/ros2_foxy/install/ros2interface:/home/arian/ros2_foxy/install/ros2doctor:/home/arian/ros2_foxy/install/ros2action:/home/arian/ros2_foxy/install/ros2cli:/home/arian/ros2_foxy/install/quality_of_service_demo_py:/home/arian/ros2_foxy/install/launch_testing_ros:/home/arian/ros2_foxy/install/launch_ros:/home/arian/ros2_foxy/install/examples_rclpy_minimal_subscriber:/home/arian/ros2_foxy/install/examples_rclpy_minimal_service:/home/arian/ros2_foxy/install/examples_rclpy_minimal_publisher:/home/arian/ros2_foxy/install/examples_rclpy_minimal_client:/home/arian/ros2_foxy/install/examples_rclpy_minimal_action_server:/home/arian/ros2_foxy/install/examples_rclpy_minimal_action_client:/home/arian/ros2_foxy/install/examples_rclpy_executors:/home/arian/ros2_foxy/install/demo_nodes_py:/home/arian/ros2_foxy/install/action_tutorials_py:/home/arian/ros2_foxy/install/ament_uncrustify:/home/arian/ros2_foxy/install/tracetools_trace:/home/arian/ros2_foxy/install/tracetools_read:/home/arian/ros2_foxy/install/test_launch_ros:/home/arian/ros2_foxy/install/rpyutils:/home/arian/ros2_foxy/install/rosidl_runtime_py:/home/arian/ros2_foxy/install/launch_yaml:/home/arian/ros2_foxy/install/launch_xml:/home/arian/ros2_foxy/install/launch_testing:/home/arian/ros2_foxy/install/launch:/home/arian/ros2_foxy/install/osrf_pycommon:/home/arian/ros2_foxy/install/domain_coordinator:/home/arian/ros2_foxy/install/ament_xmllint:/home/arian/ros2_foxy/install/ament_pyflakes:/home/arian/ros2_foxy/install/ament_pycodestyle:/home/arian/ros2_foxy/install/ament_pep257:/home/arian/ros2_foxy/install/ament_pclint:/home/arian/ros2_foxy/install/ament_package:/home/arian/ros2_foxy/install/ament_mypy:/home/arian/ros2_foxy/install/ament_lint_cmake:/home/arian/ros2_foxy/install/ament_flake8:/home/arian/ros2_foxy/install/ament_copyright:/home/arian/ros2_foxy/install/ament_lint:/home/arian/ros2_foxy/install/ament_index_python:/home/arian/ros2_foxy/install/ament_cpplint:/home/arian/ros2_foxy/install/ament_cppcheck:/home/arian/ros2_foxy/install/ament_clang_tidy:/home/arian/ros2_foxy/install/ament_clang_format /usr/bin/cmake --build /home/arian/dev_ws/build/starting_point -- -j12 -l12
[0.156s] [35m[1mScanning dependencies of target minimal_examples[0m
[0.194s] [ 50%] Built target starting_point
[0.217s] [ 75%] [32mBuilding CXX object CMakeFiles/minimal_examples.dir/src/minimal_examples.cpp.o[0m
[1.857s] [01m[K/home/arian/dev_ws/src/starting_point/src/minimal_examples.cpp:[m[K In member function â€˜[01m[Kvoid MinimalPublisherMultipleBlockingThreads::thread_calc(int)[m[Kâ€™:
[1.857s] [01m[K/home/arian/dev_ws/src/starting_point/src/minimal_examples.cpp:205:30:[m[K [01;35m[Kwarning: [m[Kunused parameter â€˜[01m[Kinstance[m[Kâ€™ [[01;35m[K-Wunused-parameter[m[K]
[1.857s]   205 |         void thread_calc([01;35m[Kint instance[m[K)
[1.857s]       |                          [01;35m[K~~~~^~~~~~~~[m[K
[2.532s] In file included from [01m[K/usr/include/x86_64-linux-gnu/c++/9/bits/c++allocator.h:33[m[K,
[2.533s]                  from [01m[K/usr/include/c++/9/bits/allocator.h:46[m[K,
[2.533s]                  from [01m[K/usr/include/c++/9/string:41[m[K,
[2.533s]                  from [01m[K/usr/include/c++/9/stdexcept:39[m[K,
[2.533s]                  from [01m[K/usr/include/c++/9/array:39[m[K,
[2.533s]                  from [01m[K/usr/include/c++/9/tuple:39[m[K,
[2.533s]                  from [01m[K/usr/include/c++/9/functional:54[m[K,
[2.533s]                  from [01m[K/home/arian/dev_ws/src/starting_point/src/minimal_examples.cpp:2[m[K:
[2.533s] /usr/include/c++/9/ext/new_allocator.h: In instantiation of â€˜[01m[Kvoid __gnu_cxx::new_allocator<_Tp>::construct(_Up*, _Args&& ...) [with _Up = MinimalPublisherMultipleBlockingThreads; _Args = {MinimalPublisherMultipleBlockingThreads*}; _Tp = MinimalPublisherMultipleBlockingThreads][m[Kâ€™:
[2.534s] [01m[K/usr/include/c++/9/bits/alloc_traits.h:482:2:[m[K   required from â€˜[01m[Kstatic void std::allocator_traits<std::allocator<_CharT> >::construct(std::allocator_traits<std::allocator<_CharT> >::allocator_type&, _Up*, _Args&& ...) [with _Up = MinimalPublisherMultipleBlockingThreads; _Args = {MinimalPublisherMultipleBlockingThreads*}; _Tp = MinimalPublisherMultipleBlockingThreads; std::allocator_traits<std::allocator<_CharT> >::allocator_type = std::allocator<MinimalPublisherMultipleBlockingThreads>][m[Kâ€™
[2.534s] [01m[K/usr/include/c++/9/bits/shared_ptr_base.h:548:39:[m[K   required from â€˜[01m[Kstd::_Sp_counted_ptr_inplace<_Tp, _Alloc, _Lp>::_Sp_counted_ptr_inplace(_Alloc, _Args&& ...) [with _Args = {MinimalPublisherMultipleBlockingThreads*}; _Tp = MinimalPublisherMultipleBlockingThreads; _Alloc = std::allocator<MinimalPublisherMultipleBlockingThreads>; __gnu_cxx::_Lock_policy _Lp = __gnu_cxx::_S_atomic][m[Kâ€™
[2.534s] [01m[K/usr/include/c++/9/bits/shared_ptr_base.h:679:16:[m[K   required from â€˜[01m[Kstd::__shared_count<_Lp>::__shared_count(_Tp*&, std::_Sp_alloc_shared_tag<_Alloc>, _Args&& ...) [with _Tp = MinimalPublisherMultipleBlockingThreads; _Alloc = std::allocator<MinimalPublisherMultipleBlockingThreads>; _Args = {MinimalPublisherMultipleBlockingThreads*}; __gnu_cxx::_Lock_policy _Lp = __gnu_cxx::_S_atomic][m[Kâ€™
[2.534s] [01m[K/usr/include/c++/9/bits/shared_ptr_base.h:1344:71:[m[K   required from â€˜[01m[Kstd::__shared_ptr<_Tp, _Lp>::__shared_ptr(std::_Sp_alloc_shared_tag<_Tp>, _Args&& ...) [with _Alloc = std::allocator<MinimalPublisherMultipleBlockingThreads>; _Args = {MinimalPublisherMultipleBlockingThreads*}; _Tp = MinimalPublisherMultipleBlockingThreads; __gnu_cxx::_Lock_policy _Lp = __gnu_cxx::_S_atomic][m[Kâ€™
[2.534s] [01m[K/usr/include/c++/9/bits/shared_ptr.h:359:59:[m[K   required from â€˜[01m[Kstd::shared_ptr<_Tp>::shared_ptr(std::_Sp_alloc_shared_tag<_Tp>, _Args&& ...) [with _Alloc = std::allocator<MinimalPublisherMultipleBlockingThreads>; _Args = {MinimalPublisherMultipleBlockingThreads*}; _Tp = MinimalPublisherMultipleBlockingThreads][m[Kâ€™
[2.534s] [01m[K/usr/include/c++/9/bits/shared_ptr.h:701:14:[m[K   required from â€˜[01m[Kstd::shared_ptr<_Tp> std::allocate_shared(const _Alloc&, _Args&& ...) [with _Tp = MinimalPublisherMultipleBlockingThreads; _Alloc = std::allocator<MinimalPublisherMultipleBlockingThreads>; _Args = {MinimalPublisherMultipleBlockingThreads*}][m[Kâ€™
[2.534s] [01m[K/usr/include/c++/9/bits/shared_ptr.h:717:39:[m[K   required from â€˜[01m[Kstd::shared_ptr<_Tp> std::make_shared(_Args&& ...) [with _Tp = MinimalPublisherMultipleBlockingThreads; _Args = {MinimalPublisherMultipleBlockingThreads*}][m[Kâ€™
[2.535s] [01m[K/home/arian/dev_ws/src/starting_point/src/minimal_examples.cpp:256:169:[m[K   required from here
[2.535s] [01m[K/usr/include/c++/9/ext/new_allocator.h:145:20:[m[K [01;31m[Kerror: [m[Kno matching function for call to â€˜[01m[KMinimalPublisherMultipleBlockingThreads::MinimalPublisherMultipleBlockingThreads(MinimalPublisherMultipleBlockingThreads*)[m[Kâ€™
[2.535s]   145 |  noexcept(noexcept([01;31m[K::new((void *)__p)[m[K
[2.535s]       |                    [01;31m[K^~~~~~~~~~~~~~~~~~[m[K
[2.535s]   146 | [01;31m[K       _Up(std::forward<_Args>(__args)...)[m[K))
[2.535s]       |        [01;31m[K~~~~~~~~~~~~~~~~~~~~~~~~~~~~~~~~~~~[m[K
[2.535s] [01m[K/home/arian/dev_ws/src/starting_point/src/minimal_examples.cpp:183:9:[m[K [01;36m[Knote: [m[Kcandidate: â€˜[01m[KMinimalPublisherMultipleBlockingThreads::MinimalPublisherMultipleBlockingThreads()[m[Kâ€™
[2.535s]   183 |         [01;36m[KMinimalPublisherMultipleBlockingThreads[m[K() : Node("minimal_publisher_multiple_blocking_threads_object_pointer")
[2.536s]       |         [01;36m[K^~~~~~~~~~~~~~~~~~~~~~~~~~~~~~~~~~~~~~~[m[K
[2.536s] [01m[K/home/arian/dev_ws/src/starting_point/src/minimal_examples.cpp:183:9:[m[K [01;36m[Knote: [m[K  candidate expects 0 arguments, 1 provided
[2.536s] [01m[K/home/arian/dev_ws/src/starting_point/src/minimal_examples.cpp:176:9:[m[K [01;36m[Knote: [m[Kcandidate: â€˜[01m[KMinimalPublisherMultipleBlockingThreads::MinimalPublisherMultipleBlockingThreads(std::string)[m[Kâ€™
[2.536s]   176 |         [01;36m[KMinimalPublisherMultipleBlockingThreads[m[K(std::string name) : Node(name)
[2.536s]       |         [01;36m[K^~~~~~~~~~~~~~~~~~~~~~~~~~~~~~~~~~~~~~~[m[K
[2.536s] [01m[K/home/arian/dev_ws/src/starting_point/src/minimal_examples.cpp:176:61:[m[K [01;36m[Knote: [m[K  no known conversion for argument 1 from â€˜[01m[KMinimalPublisherMultipleBlockingThreads*[m[Kâ€™ to â€˜[01m[Kstd::string[m[Kâ€™ {aka â€˜[01m[Kstd::__cxx11::basic_string<char>[m[Kâ€™}
[2.536s]   176 |         MinimalPublisherMultipleBlockingThreads([01;36m[Kstd::string name[m[K) : Node(name)
[2.536s]       |                                                 [01;36m[K~~~~~~~~~~~~^~~~[m[K
[3.219s] make[2]: *** [CMakeFiles/minimal_examples.dir/build.make:63: CMakeFiles/minimal_examples.dir/src/minimal_examples.cpp.o] Error 1
[3.219s] make[1]: *** [CMakeFiles/Makefile2:80: CMakeFiles/minimal_examples.dir/all] Error 2
[3.219s] make: *** [Makefile:141: all] Error 2
[3.221s] Invoked command in '/home/arian/dev_ws/build/starting_point' returned '2': CMAKE_PREFIX_PATH=${CMAKE_PREFIX_PATH}:/home/arian/ros2_foxy/install/ros2bag:/home/arian/ros2_foxy/install/tracetools_launch:/home/arian/ros2_foxy/install/topic_monitor:/home/arian/ros2_foxy/install/examples_tf2_py:/home/arian/ros2_foxy/install/sros2:/home/arian/ros2_foxy/install/rqt_topic:/home/arian/ros2_foxy/install/rqt_reconfigure:/home/arian/ros2_foxy/install/rqt_action:/home/arian/ros2_foxy/install/rqt:/home/arian/ros2_foxy/install/rqt_graph:/home/arian/ros2_foxy/install/rqt_gui_py:/home/arian/ros2_foxy/install/rqt_gui:/home/arian/ros2_foxy/install/ros2trace:/home/arian/ros2_foxy/install/ros2topic:/home/arian/ros2_foxy/install/ros2test:/home/arian/ros2_foxy/install/ros2component:/home/arian/ros2_foxy/install/ros2param:/home/arian/ros2_foxy/install/ros2lifecycle:/home/arian/ros2_foxy/install/ros2service:/home/arian/ros2_foxy/install/ros2run:/home/arian/ros2_foxy/install/ros2launch:/home/arian/ros2_foxy/install/ros2pkg:/home/arian/ros2_foxy/install/ros2node:/home/arian/ros2_foxy/install/ros2multicast:/home/arian/ros2_foxy/install/ros2interface:/home/arian/ros2_foxy/install/ros2doctor:/home/arian/ros2_foxy/install/ros2action:/home/arian/ros2_foxy/install/ros2cli:/home/arian/ros2_foxy/install/quality_of_service_demo_py:/home/arian/ros2_foxy/install/launch_testing_ros:/home/arian/ros2_foxy/install/launch_ros:/home/arian/ros2_foxy/install/examples_rclpy_minimal_subscriber:/home/arian/ros2_foxy/install/examples_rclpy_minimal_service:/home/arian/ros2_foxy/install/examples_rclpy_minimal_publisher:/home/arian/ros2_foxy/install/examples_rclpy_minimal_client:/home/arian/ros2_foxy/install/examples_rclpy_minimal_action_server:/home/arian/ros2_foxy/install/examples_rclpy_minimal_action_client:/home/arian/ros2_foxy/install/examples_rclpy_executors:/home/arian/ros2_foxy/install/demo_nodes_py:/home/arian/ros2_foxy/install/action_tutorials_py:/home/arian/ros2_foxy/install/ament_uncrustify:/home/arian/ros2_foxy/install/tracetools_trace:/home/arian/ros2_foxy/install/tracetools_read:/home/arian/ros2_foxy/install/test_launch_ros:/home/arian/ros2_foxy/install/rpyutils:/home/arian/ros2_foxy/install/rosidl_runtime_py:/home/arian/ros2_foxy/install/launch_yaml:/home/arian/ros2_foxy/install/launch_xml:/home/arian/ros2_foxy/install/launch_testing:/home/arian/ros2_foxy/install/launch:/home/arian/ros2_foxy/install/osrf_pycommon:/home/arian/ros2_foxy/install/domain_coordinator:/home/arian/ros2_foxy/install/ament_xmllint:/home/arian/ros2_foxy/install/ament_pyflakes:/home/arian/ros2_foxy/install/ament_pycodestyle:/home/arian/ros2_foxy/install/ament_pep257:/home/arian/ros2_foxy/install/ament_pclint:/home/arian/ros2_foxy/install/ament_package:/home/arian/ros2_foxy/install/ament_mypy:/home/arian/ros2_foxy/install/ament_lint_cmake:/home/arian/ros2_foxy/install/ament_flake8:/home/arian/ros2_foxy/install/ament_copyright:/home/arian/ros2_foxy/install/ament_lint:/home/arian/ros2_foxy/install/ament_index_python:/home/arian/ros2_foxy/install/ament_cpplint:/home/arian/ros2_foxy/install/ament_cppcheck:/home/arian/ros2_foxy/install/ament_clang_tidy:/home/arian/ros2_foxy/install/ament_clang_format /usr/bin/cmake --build /home/arian/dev_ws/build/starting_point -- -j12 -l12
