[0.048s] Invoking command in '/home/arian/Desktop/someCandCppExamples/ROS2/dev_ws/build/tutorial_interfaces': CMAKE_PREFIX_PATH=${CMAKE_PREFIX_PATH}:/home/arian/ros2_foxy/install/ros2bag:/home/arian/ros2_foxy/install/tracetools_launch:/home/arian/ros2_foxy/install/topic_monitor:/home/arian/ros2_foxy/install/examples_tf2_py:/home/arian/ros2_foxy/install/sros2:/home/arian/ros2_foxy/install/rqt_topic:/home/arian/ros2_foxy/install/rqt_reconfigure:/home/arian/ros2_foxy/install/rqt_action:/home/arian/ros2_foxy/install/rqt:/home/arian/ros2_foxy/install/rqt_graph:/home/arian/ros2_foxy/install/rqt_gui_py:/home/arian/ros2_foxy/install/rqt_gui:/home/arian/ros2_foxy/install/ros2trace:/home/arian/ros2_foxy/install/ros2topic:/home/arian/ros2_foxy/install/ros2test:/home/arian/ros2_foxy/install/ros2component:/home/arian/ros2_foxy/install/ros2param:/home/arian/ros2_foxy/install/ros2lifecycle:/home/arian/ros2_foxy/install/ros2service:/home/arian/ros2_foxy/install/ros2run:/home/arian/ros2_foxy/install/ros2launch:/home/arian/ros2_foxy/install/ros2pkg:/home/arian/ros2_foxy/install/ros2node:/home/arian/ros2_foxy/install/ros2multicast:/home/arian/ros2_foxy/install/ros2interface:/home/arian/ros2_foxy/install/ros2doctor:/home/arian/ros2_foxy/install/ros2action:/home/arian/ros2_foxy/install/ros2cli:/home/arian/ros2_foxy/install/quality_of_service_demo_py:/home/arian/ros2_foxy/install/launch_testing_ros:/home/arian/ros2_foxy/install/launch_ros:/home/arian/ros2_foxy/install/examples_rclpy_minimal_subscriber:/home/arian/ros2_foxy/install/examples_rclpy_minimal_service:/home/arian/ros2_foxy/install/examples_rclpy_minimal_publisher:/home/arian/ros2_foxy/install/examples_rclpy_minimal_client:/home/arian/ros2_foxy/install/examples_rclpy_minimal_action_server:/home/arian/ros2_foxy/install/examples_rclpy_minimal_action_client:/home/arian/ros2_foxy/install/examples_rclpy_executors:/home/arian/ros2_foxy/install/demo_nodes_py:/home/arian/ros2_foxy/install/action_tutorials_py:/home/arian/ros2_foxy/install/ament_uncrustify:/home/arian/ros2_foxy/install/tracetools_trace:/home/arian/ros2_foxy/install/tracetools_read:/home/arian/ros2_foxy/install/test_launch_ros:/home/arian/ros2_foxy/install/rpyutils:/home/arian/ros2_foxy/install/rosidl_runtime_py:/home/arian/ros2_foxy/install/launch_yaml:/home/arian/ros2_foxy/install/launch_xml:/home/arian/ros2_foxy/install/launch_testing:/home/arian/ros2_foxy/install/launch:/home/arian/ros2_foxy/install/osrf_pycommon:/home/arian/ros2_foxy/install/domain_coordinator:/home/arian/ros2_foxy/install/ament_xmllint:/home/arian/ros2_foxy/install/ament_pyflakes:/home/arian/ros2_foxy/install/ament_pycodestyle:/home/arian/ros2_foxy/install/ament_pep257:/home/arian/ros2_foxy/install/ament_pclint:/home/arian/ros2_foxy/install/ament_package:/home/arian/ros2_foxy/install/ament_mypy:/home/arian/ros2_foxy/install/ament_lint_cmake:/home/arian/ros2_foxy/install/ament_flake8:/home/arian/ros2_foxy/install/ament_copyright:/home/arian/ros2_foxy/install/ament_lint:/home/arian/ros2_foxy/install/ament_index_python:/home/arian/ros2_foxy/install/ament_cpplint:/home/arian/ros2_foxy/install/ament_cppcheck:/home/arian/ros2_foxy/install/ament_clang_tidy:/home/arian/ros2_foxy/install/ament_clang_format /usr/bin/cmake --build /home/arian/Desktop/someCandCppExamples/ROS2/dev_ws/build/tutorial_interfaces -- -j12 -l12
[0.087s] -- Found ament_cmake: 0.9.7 (/home/arian/ros2_foxy/install/ament_cmake/share/ament_cmake/cmake)
[0.464s] -- Using PYTHON_EXECUTABLE: /usr/bin/python3
[1.012s] -- Found rosidl_default_generators: 1.0.0 (/home/arian/ros2_foxy/install/rosidl_default_generators/share/rosidl_default_generators/cmake)
[1.179s] -- Using all available rosidl_typesupport_c: rosidl_typesupport_introspection_c;rosidl_typesupport_fastrtps_c;rosidl_typesupport_connext_c
[1.213s] -- Found rosidl_adapter: 1.1.0 (/home/arian/ros2_foxy/install/rosidl_adapter/share/rosidl_adapter/cmake)
[1.459s] -- Found FastRTPS: /home/arian/ros2_foxy/install/fastrtps/include  
[1.598s] -- Found RTI Connext: /home/arian/rti_connext_dds-5.3.1
[2.565s] -- Using all available rosidl_typesupport_cpp: rosidl_typesupport_introspection_cpp;rosidl_typesupport_fastrtps_cpp;rosidl_typesupport_connext_cpp
[2.924s] -- Found PythonInterp: /usr/bin/python3 (found version "3.8.5") 
[3.479s] CMake Error at /home/arian/ros2_foxy/install/rosidl_adapter/share/rosidl_adapter/cmake/rosidl_adapt_interfaces.cmake:60 (message):
[3.479s]   execute_process(/usr/bin/python3 -m rosidl_adapter --package-name
[3.479s]   tutorial_interfaces --arguments-file
[3.479s]   /home/arian/Desktop/someCandCppExamples/ROS2/dev_ws/build/tutorial_interfaces/rosidl_adapter__arguments__tutorial_interfaces.json
[3.479s]   --output-dir
[3.479s]   /home/arian/Desktop/someCandCppExamples/ROS2/dev_ws/build/tutorial_interfaces/rosidl_adapter/tutorial_interfaces
[3.479s]   --output-file
[3.479s]   /home/arian/Desktop/someCandCppExamples/ROS2/dev_ws/build/tutorial_interfaces/rosidl_adapter/tutorial_interfaces.idls)
[3.479s]   returned error code 1:
[3.479s] 
[3.479s]   Error processing 'int64 num[]' of 'tutorial_interfaces/Num': ''num[]' is an
[3.479s]   invalid field name.  It should have the pattern
[3.479s]   '^(?!.*__)(?!.*_$)[a-z][a-z0-9_]*$''
[3.479s] 
[3.479s]   Traceback (most recent call last):
[3.480s] 
[3.480s]     File "/usr/lib/python3.8/runpy.py", line 194, in _run_module_as_main
[3.480s]       return _run_code(code, main_globals, None,
[3.480s]     File "/usr/lib/python3.8/runpy.py", line 87, in _run_code
[3.480s]       exec(code, run_globals)
[3.480s]     File "/home/arian/ros2_foxy/install/rosidl_adapter/lib/python3.8/site-packages/rosidl_adapter/__main__.py", line 19, in <module>
[3.480s]       sys.exit(main())
[3.480s]     File "/home/arian/ros2_foxy/install/rosidl_adapter/lib/python3.8/site-packages/rosidl_adapter/main.py", line 53, in main
[3.480s]       abs_idl_file = convert_to_idl(
[3.480s]     File "/home/arian/ros2_foxy/install/rosidl_adapter/lib/python3.8/site-packages/rosidl_adapter/__init__.py", line 19, in convert_to_idl
[3.480s]       return convert_msg_to_idl(
[3.480s]     File "/home/arian/ros2_foxy/install/rosidl_adapter/lib/python3.8/site-packages/rosidl_adapter/msg/__init__.py", line 28, in convert_msg_to_idl
[3.480s]       msg = parse_message_string(package_name, input_file.stem, content)
[3.481s]     File "/home/arian/ros2_foxy/install/rosidl_adapter/lib/python3.8/site-packages/rosidl_adapter/parser.py", line 512, in parse_message_string
[3.481s]       fields.append(Field(
[3.481s]     File "/home/arian/ros2_foxy/install/rosidl_adapter/lib/python3.8/site-packages/rosidl_adapter/parser.py", line 353, in __init__
[3.481s]       raise NameError(
[3.481s] 
[3.481s]   NameError: 'num[]' is an invalid field name.  It should have the pattern
[3.481s]   '^(?!.*__)(?!.*_$)[a-z][a-z0-9_]*$'
[3.481s] 
[3.481s] Call Stack (most recent call first):
[3.481s]   /home/arian/ros2_foxy/install/rosidl_cmake/share/rosidl_cmake/cmake/rosidl_generate_interfaces.cmake:130 (rosidl_adapt_interfaces)
[3.481s]   CMakeLists.txt:26 (rosidl_generate_interfaces)
[3.481s] 
[3.481s] 
[3.481s] -- Configuring incomplete, errors occurred!
[3.481s] See also "/home/arian/Desktop/someCandCppExamples/ROS2/dev_ws/build/tutorial_interfaces/CMakeFiles/CMakeOutput.log".
[3.483s] make: *** [Makefile:222: cmake_check_build_system] Error 1
[3.486s] Invoked command in '/home/arian/Desktop/someCandCppExamples/ROS2/dev_ws/build/tutorial_interfaces' returned '2': CMAKE_PREFIX_PATH=${CMAKE_PREFIX_PATH}:/home/arian/ros2_foxy/install/ros2bag:/home/arian/ros2_foxy/install/tracetools_launch:/home/arian/ros2_foxy/install/topic_monitor:/home/arian/ros2_foxy/install/examples_tf2_py:/home/arian/ros2_foxy/install/sros2:/home/arian/ros2_foxy/install/rqt_topic:/home/arian/ros2_foxy/install/rqt_reconfigure:/home/arian/ros2_foxy/install/rqt_action:/home/arian/ros2_foxy/install/rqt:/home/arian/ros2_foxy/install/rqt_graph:/home/arian/ros2_foxy/install/rqt_gui_py:/home/arian/ros2_foxy/install/rqt_gui:/home/arian/ros2_foxy/install/ros2trace:/home/arian/ros2_foxy/install/ros2topic:/home/arian/ros2_foxy/install/ros2test:/home/arian/ros2_foxy/install/ros2component:/home/arian/ros2_foxy/install/ros2param:/home/arian/ros2_foxy/install/ros2lifecycle:/home/arian/ros2_foxy/install/ros2service:/home/arian/ros2_foxy/install/ros2run:/home/arian/ros2_foxy/install/ros2launch:/home/arian/ros2_foxy/install/ros2pkg:/home/arian/ros2_foxy/install/ros2node:/home/arian/ros2_foxy/install/ros2multicast:/home/arian/ros2_foxy/install/ros2interface:/home/arian/ros2_foxy/install/ros2doctor:/home/arian/ros2_foxy/install/ros2action:/home/arian/ros2_foxy/install/ros2cli:/home/arian/ros2_foxy/install/quality_of_service_demo_py:/home/arian/ros2_foxy/install/launch_testing_ros:/home/arian/ros2_foxy/install/launch_ros:/home/arian/ros2_foxy/install/examples_rclpy_minimal_subscriber:/home/arian/ros2_foxy/install/examples_rclpy_minimal_service:/home/arian/ros2_foxy/install/examples_rclpy_minimal_publisher:/home/arian/ros2_foxy/install/examples_rclpy_minimal_client:/home/arian/ros2_foxy/install/examples_rclpy_minimal_action_server:/home/arian/ros2_foxy/install/examples_rclpy_minimal_action_client:/home/arian/ros2_foxy/install/examples_rclpy_executors:/home/arian/ros2_foxy/install/demo_nodes_py:/home/arian/ros2_foxy/install/action_tutorials_py:/home/arian/ros2_foxy/install/ament_uncrustify:/home/arian/ros2_foxy/install/tracetools_trace:/home/arian/ros2_foxy/install/tracetools_read:/home/arian/ros2_foxy/install/test_launch_ros:/home/arian/ros2_foxy/install/rpyutils:/home/arian/ros2_foxy/install/rosidl_runtime_py:/home/arian/ros2_foxy/install/launch_yaml:/home/arian/ros2_foxy/install/launch_xml:/home/arian/ros2_foxy/install/launch_testing:/home/arian/ros2_foxy/install/launch:/home/arian/ros2_foxy/install/osrf_pycommon:/home/arian/ros2_foxy/install/domain_coordinator:/home/arian/ros2_foxy/install/ament_xmllint:/home/arian/ros2_foxy/install/ament_pyflakes:/home/arian/ros2_foxy/install/ament_pycodestyle:/home/arian/ros2_foxy/install/ament_pep257:/home/arian/ros2_foxy/install/ament_pclint:/home/arian/ros2_foxy/install/ament_package:/home/arian/ros2_foxy/install/ament_mypy:/home/arian/ros2_foxy/install/ament_lint_cmake:/home/arian/ros2_foxy/install/ament_flake8:/home/arian/ros2_foxy/install/ament_copyright:/home/arian/ros2_foxy/install/ament_lint:/home/arian/ros2_foxy/install/ament_index_python:/home/arian/ros2_foxy/install/ament_cpplint:/home/arian/ros2_foxy/install/ament_cppcheck:/home/arian/ros2_foxy/install/ament_clang_tidy:/home/arian/ros2_foxy/install/ament_clang_format /usr/bin/cmake --build /home/arian/Desktop/someCandCppExamples/ROS2/dev_ws/build/tutorial_interfaces -- -j12 -l12
