[0.036s] Invoking command in '/home/arian/Framework/build/framework': CMAKE_PREFIX_PATH=${CMAKE_PREFIX_PATH}:/home/arian/ros2_foxy/install/ros2bag:/home/arian/ros2_foxy/install/tracetools_launch:/home/arian/ros2_foxy/install/topic_monitor:/home/arian/ros2_foxy/install/examples_tf2_py:/home/arian/ros2_foxy/install/sros2:/home/arian/ros2_foxy/install/rqt_topic:/home/arian/ros2_foxy/install/rqt_reconfigure:/home/arian/ros2_foxy/install/rqt_action:/home/arian/ros2_foxy/install/rqt:/home/arian/ros2_foxy/install/rqt_graph:/home/arian/ros2_foxy/install/rqt_gui_py:/home/arian/ros2_foxy/install/rqt_gui:/home/arian/ros2_foxy/install/ros2trace:/home/arian/ros2_foxy/install/ros2topic:/home/arian/ros2_foxy/install/ros2test:/home/arian/ros2_foxy/install/ros2component:/home/arian/ros2_foxy/install/ros2param:/home/arian/ros2_foxy/install/ros2lifecycle:/home/arian/ros2_foxy/install/ros2service:/home/arian/ros2_foxy/install/ros2run:/home/arian/ros2_foxy/install/ros2launch:/home/arian/ros2_foxy/install/ros2pkg:/home/arian/ros2_foxy/install/ros2node:/home/arian/ros2_foxy/install/ros2multicast:/home/arian/ros2_foxy/install/ros2interface:/home/arian/ros2_foxy/install/ros2doctor:/home/arian/ros2_foxy/install/ros2action:/home/arian/ros2_foxy/install/ros2cli:/home/arian/ros2_foxy/install/quality_of_service_demo_py:/home/arian/ros2_foxy/install/launch_testing_ros:/home/arian/ros2_foxy/install/launch_ros:/home/arian/ros2_foxy/install/examples_rclpy_minimal_subscriber:/home/arian/ros2_foxy/install/examples_rclpy_minimal_service:/home/arian/ros2_foxy/install/examples_rclpy_minimal_publisher:/home/arian/ros2_foxy/install/examples_rclpy_minimal_client:/home/arian/ros2_foxy/install/examples_rclpy_minimal_action_server:/home/arian/ros2_foxy/install/examples_rclpy_minimal_action_client:/home/arian/ros2_foxy/install/examples_rclpy_executors:/home/arian/ros2_foxy/install/demo_nodes_py:/home/arian/ros2_foxy/install/action_tutorials_py:/home/arian/ros2_foxy/install/ament_uncrustify:/home/arian/ros2_foxy/install/tracetools_trace:/home/arian/ros2_foxy/install/tracetools_read:/home/arian/ros2_foxy/install/test_launch_ros:/home/arian/ros2_foxy/install/rpyutils:/home/arian/ros2_foxy/install/rosidl_runtime_py:/home/arian/ros2_foxy/install/launch_yaml:/home/arian/ros2_foxy/install/launch_xml:/home/arian/ros2_foxy/install/launch_testing:/home/arian/ros2_foxy/install/launch:/home/arian/ros2_foxy/install/osrf_pycommon:/home/arian/ros2_foxy/install/domain_coordinator:/home/arian/ros2_foxy/install/ament_xmllint:/home/arian/ros2_foxy/install/ament_pyflakes:/home/arian/ros2_foxy/install/ament_pycodestyle:/home/arian/ros2_foxy/install/ament_pep257:/home/arian/ros2_foxy/install/ament_pclint:/home/arian/ros2_foxy/install/ament_package:/home/arian/ros2_foxy/install/ament_mypy:/home/arian/ros2_foxy/install/ament_lint_cmake:/home/arian/ros2_foxy/install/ament_flake8:/home/arian/ros2_foxy/install/ament_copyright:/home/arian/ros2_foxy/install/ament_lint:/home/arian/ros2_foxy/install/ament_index_python:/home/arian/ros2_foxy/install/ament_cpplint:/home/arian/ros2_foxy/install/ament_cppcheck:/home/arian/ros2_foxy/install/ament_clang_tidy:/home/arian/ros2_foxy/install/ament_clang_format /usr/bin/cmake --build /home/arian/Framework/build/framework -- -j12 -l12
[0.143s] [ 50%] [32mBuilding CXX object CMakeFiles/main.dir/src/main.cpp.o[0m
[1.227s] In file included from [01m[K/home/arian/Framework/src/framework/src/main.cpp:6[m[K:
[1.227s] [01m[K/home/arian/Framework/src/framework/include/framework/multiply_parallel.hpp:77:10:[m[K [01;31m[Kerror: [m[Kexpected â€˜[01m[K;[m[Kâ€™ after class definition
[1.227s]    77 |         }
[1.227s]       |          [01;31m[K^[m[K
[1.227s]       |          [32m[K;[m[K
[1.227s] In file included from [01m[K/home/arian/Framework/src/framework/src/main.cpp:6[m[K:
[1.228s] [01m[K/home/arian/Framework/src/framework/include/framework/multiply_parallel.hpp:21:92:[m[K [01;31m[Kerror: [m[Kâ€˜[01m[KMultiply[m[Kâ€™ is not a class, namespace, or enumeration
[1.228s]    21 |                 void run(int** matrix_a_, int** matrix_b_, void* (*fn)(void*) = std::bind(&[01;31m[KMultiply[m[K::multiply_function, this, std::placeholders::_1))
[1.228s]       |                                                                                            [01;31m[K^~~~~~~~[m[K
[1.228s] [01m[K/home/arian/Framework/src/framework/include/framework/multiply_parallel.hpp:21:121:[m[K [01;31m[Kerror: [m[Kâ€˜[01m[Kthis[m[Kâ€™ may not be used in this context
[1.228s]    21 |                 void run(int** matrix_a_, int** matrix_b_, void* (*fn)(void*) = std::bind(&Multiply::multiply_function, [01;31m[Kthis[m[K, std::placeholders::_1))
[1.228s]       |                                                                                                                         [01;31m[K^~~~[m[K
[1.228s] In file included from [01m[K/home/arian/Framework/src/framework/src/main.cpp:6[m[K:
[1.228s] [01m[K/home/arian/Framework/src/framework/include/framework/multiply_parallel.hpp:[m[K In member function â€˜[01m[Kvoid framework::utilities::multiply::run(int**, int**, void* (*)(void*))[m[Kâ€™:
[1.229s] [01m[K/home/arian/Framework/src/framework/include/framework/multiply_parallel.hpp:30:41:[m[K [01;31m[Kerror: [m[Kâ€˜[01m[Kthread[m[Kâ€™ was not declared in this scope; did you mean â€˜[01m[Kstd::thread[m[Kâ€™?
[1.229s]    30 |                         pthread_create(&[01;31m[Kthread[m[K[i], NULL, fn, NULL);
[1.229s]       |                                         [01;31m[K^~~~~~[m[K
[1.229s]       |                                         [32m[Kstd::thread[m[K
[1.229s] In file included from [01m[K/usr/include/c++/9/future:39[m[K,
[1.229s]                  from [01m[K/home/arian/ros2_foxy/install/rclcpp/include/rclcpp/executors.hpp:18[m[K,
[1.229s]                  from [01m[K/home/arian/ros2_foxy/install/rclcpp/include/rclcpp/rclcpp.hpp:146[m[K,
[1.229s]                  from [01m[K/home/arian/Framework/src/framework/src/main.cpp:2[m[K:
[1.229s] [01m[K/usr/include/c++/9/thread:62:9:[m[K [01;36m[Knote: [m[Kâ€˜[01m[Kstd::thread[m[Kâ€™ declared here
[1.229s]    62 |   class [01;36m[Kthread[m[K
[1.230s]       |         [01;36m[K^~~~~~[m[K
[1.230s] In file included from [01m[K/home/arian/Framework/src/framework/src/main.cpp:6[m[K:
[1.230s] [01m[K/home/arian/Framework/src/framework/include/framework/multiply_parallel.hpp:35:38:[m[K [01;31m[Kerror: [m[Kâ€˜[01m[Kthread[m[Kâ€™ was not declared in this scope; did you mean â€˜[01m[Kstd::thread[m[Kâ€™?
[1.230s]    35 |                         pthread_join([01;31m[Kthread[m[K[i], NULL);
[1.230s]       |                                      [01;31m[K^~~~~~[m[K
[1.230s]       |                                      [32m[Kstd::thread[m[K
[1.230s] In file included from [01m[K/usr/include/c++/9/future:39[m[K,
[1.230s]                  from [01m[K/home/arian/ros2_foxy/install/rclcpp/include/rclcpp/executors.hpp:18[m[K,
[1.230s]                  from [01m[K/home/arian/ros2_foxy/install/rclcpp/include/rclcpp/rclcpp.hpp:146[m[K,
[1.231s]                  from [01m[K/home/arian/Framework/src/framework/src/main.cpp:2[m[K:
[1.231s] [01m[K/usr/include/c++/9/thread:62:9:[m[K [01;36m[Knote: [m[Kâ€˜[01m[Kstd::thread[m[Kâ€™ declared here
[1.231s]    62 |   class [01;36m[Kthread[m[K
[1.231s]       |         [01;36m[K^~~~~~[m[K
[1.231s] In file included from [01m[K/home/arian/Framework/src/framework/src/main.cpp:6[m[K:
[1.231s] [01m[K/home/arian/Framework/src/framework/include/framework/multiply_parallel.hpp:26:31:[m[K [01;35m[Kwarning: [m[Kunused variable â€˜[01m[Kthreads[m[Kâ€™ [[01;35m[K-Wunused-variable[m[K]
[1.231s]    26 |                     pthread_t [01;35m[Kthreads[m[K[1];
[1.231s]       |                               [01;35m[K^~~~~~~[m[K
[1.232s] [01m[K/home/arian/Framework/src/framework/include/framework/multiply_parallel.hpp:[m[K In member function â€˜[01m[Kvoid* framework::utilities::multiply::multiply_function(void*)[m[Kâ€™:
[1.232s] [01m[K/home/arian/Framework/src/framework/include/framework/multiply_parallel.hpp:64:33:[m[K [01;31m[Kerror: [m[Kâ€˜[01m[Kiteration[m[Kâ€™ was not declared in this scope
[1.232s]    64 |                     for(int i = [01;31m[Kiteration[m[K; i < 3; i++)
[1.232s]       |                                 [01;31m[K^~~~~~~~~[m[K
[1.232s] [01m[K/home/arian/Framework/src/framework/include/framework/multiply_parallel.hpp:70:33:[m[K [01;31m[Kerror: [m[Kâ€˜[01m[Kmatrix_c[m[Kâ€™ was not declared in this scope; did you mean â€˜[01m[Kmatrix_a[m[Kâ€™?
[1.232s]    70 |                                 [01;31m[Kmatrix_c[m[K[i][j] += matrix_a[i][k] * matrix_b[k][j];
[1.233s]       |                                 [01;31m[K^~~~~~~~[m[K
[1.233s]       |                                 [32m[Kmatrix_a[m[K
[1.233s] [01m[K/home/arian/Framework/src/framework/src/main.cpp:[m[K In function â€˜[01m[Kint main(int, const char**)[m[Kâ€™:
[1.233s] [01m[K/home/arian/Framework/src/framework/src/main.cpp:13:68:[m[K [01;31m[Kerror: [m[Kuse of deleted function â€˜[01m[Kframework::utilities::multiply::multiply(const framework::utilities::multiply&)[m[Kâ€™
[1.233s]    13 |     auto multiplication = framework::utilities::multiply::Multiply([01;31m[K)[m[K;
[1.233s]       |                                                                    [01;31m[K^[m[K
[1.233s] In file included from [01m[K/home/arian/Framework/src/framework/src/main.cpp:6[m[K:
[1.233s] [01m[K/home/arian/Framework/src/framework/include/framework/multiply_parallel.hpp:59:17:[m[K [01;36m[Knote: [m[Kdeclared here
[1.233s]    59 |                 [01;36m[Kmultiply[m[K(const multiply&) = delete;
[1.233s]       |                 [01;36m[K^~~~~~~~[m[K
[1.234s] [01m[K/home/arian/Framework/src/framework/src/main.cpp:10:14:[m[K [01;35m[Kwarning: [m[Kunused parameter â€˜[01m[Kargc[m[Kâ€™ [[01;35m[K-Wunused-parameter[m[K]
[1.234s]    10 | int main([01;35m[Kint argc[m[K, const char ** argv)
[1.234s]       |          [01;35m[K~~~~^~~~[m[K
[1.234s] [01m[K/home/arian/Framework/src/framework/src/main.cpp:10:34:[m[K [01;35m[Kwarning: [m[Kunused parameter â€˜[01m[Kargv[m[Kâ€™ [[01;35m[K-Wunused-parameter[m[K]
[1.234s]    10 | int main(int argc, [01;35m[Kconst char ** argv[m[K)
[1.234s]       |                    [01;35m[K~~~~~~~~~~~~~~^~~~[m[K
[1.518s] make[2]: *** [CMakeFiles/main.dir/build.make:63: CMakeFiles/main.dir/src/main.cpp.o] Error 1
[1.518s] make[1]: *** [CMakeFiles/Makefile2:78: CMakeFiles/main.dir/all] Error 2
[1.518s] make: *** [Makefile:141: all] Error 2
[1.520s] Invoked command in '/home/arian/Framework/build/framework' returned '2': CMAKE_PREFIX_PATH=${CMAKE_PREFIX_PATH}:/home/arian/ros2_foxy/install/ros2bag:/home/arian/ros2_foxy/install/tracetools_launch:/home/arian/ros2_foxy/install/topic_monitor:/home/arian/ros2_foxy/install/examples_tf2_py:/home/arian/ros2_foxy/install/sros2:/home/arian/ros2_foxy/install/rqt_topic:/home/arian/ros2_foxy/install/rqt_reconfigure:/home/arian/ros2_foxy/install/rqt_action:/home/arian/ros2_foxy/install/rqt:/home/arian/ros2_foxy/install/rqt_graph:/home/arian/ros2_foxy/install/rqt_gui_py:/home/arian/ros2_foxy/install/rqt_gui:/home/arian/ros2_foxy/install/ros2trace:/home/arian/ros2_foxy/install/ros2topic:/home/arian/ros2_foxy/install/ros2test:/home/arian/ros2_foxy/install/ros2component:/home/arian/ros2_foxy/install/ros2param:/home/arian/ros2_foxy/install/ros2lifecycle:/home/arian/ros2_foxy/install/ros2service:/home/arian/ros2_foxy/install/ros2run:/home/arian/ros2_foxy/install/ros2launch:/home/arian/ros2_foxy/install/ros2pkg:/home/arian/ros2_foxy/install/ros2node:/home/arian/ros2_foxy/install/ros2multicast:/home/arian/ros2_foxy/install/ros2interface:/home/arian/ros2_foxy/install/ros2doctor:/home/arian/ros2_foxy/install/ros2action:/home/arian/ros2_foxy/install/ros2cli:/home/arian/ros2_foxy/install/quality_of_service_demo_py:/home/arian/ros2_foxy/install/launch_testing_ros:/home/arian/ros2_foxy/install/launch_ros:/home/arian/ros2_foxy/install/examples_rclpy_minimal_subscriber:/home/arian/ros2_foxy/install/examples_rclpy_minimal_service:/home/arian/ros2_foxy/install/examples_rclpy_minimal_publisher:/home/arian/ros2_foxy/install/examples_rclpy_minimal_client:/home/arian/ros2_foxy/install/examples_rclpy_minimal_action_server:/home/arian/ros2_foxy/install/examples_rclpy_minimal_action_client:/home/arian/ros2_foxy/install/examples_rclpy_executors:/home/arian/ros2_foxy/install/demo_nodes_py:/home/arian/ros2_foxy/install/action_tutorials_py:/home/arian/ros2_foxy/install/ament_uncrustify:/home/arian/ros2_foxy/install/tracetools_trace:/home/arian/ros2_foxy/install/tracetools_read:/home/arian/ros2_foxy/install/test_launch_ros:/home/arian/ros2_foxy/install/rpyutils:/home/arian/ros2_foxy/install/rosidl_runtime_py:/home/arian/ros2_foxy/install/launch_yaml:/home/arian/ros2_foxy/install/launch_xml:/home/arian/ros2_foxy/install/launch_testing:/home/arian/ros2_foxy/install/launch:/home/arian/ros2_foxy/install/osrf_pycommon:/home/arian/ros2_foxy/install/domain_coordinator:/home/arian/ros2_foxy/install/ament_xmllint:/home/arian/ros2_foxy/install/ament_pyflakes:/home/arian/ros2_foxy/install/ament_pycodestyle:/home/arian/ros2_foxy/install/ament_pep257:/home/arian/ros2_foxy/install/ament_pclint:/home/arian/ros2_foxy/install/ament_package:/home/arian/ros2_foxy/install/ament_mypy:/home/arian/ros2_foxy/install/ament_lint_cmake:/home/arian/ros2_foxy/install/ament_flake8:/home/arian/ros2_foxy/install/ament_copyright:/home/arian/ros2_foxy/install/ament_lint:/home/arian/ros2_foxy/install/ament_index_python:/home/arian/ros2_foxy/install/ament_cpplint:/home/arian/ros2_foxy/install/ament_cppcheck:/home/arian/ros2_foxy/install/ament_clang_tidy:/home/arian/ros2_foxy/install/ament_clang_format /usr/bin/cmake --build /home/arian/Framework/build/framework -- -j12 -l12
