[35m[1mScanning dependencies of target minimal_examples[0m
[ 50%] Built target starting_point
[ 75%] [32mBuilding CXX object CMakeFiles/minimal_examples.dir/src/minimal_examples.cpp.o[0m
[01m[K/home/arian/dev_ws/src/starting_point/src/minimal_examples.cpp:[m[K In member function â€˜[01m[Kvoid MinimalPublisherSharedPtr::publish_message()[m[Kâ€™:
[01m[K/home/arian/dev_ws/src/starting_point/src/minimal_examples.cpp:347:56:[m[K [01;31m[Kerror: [m[Kconversion from â€˜[01m[Kstd::chrono::time_point<std::chrono::_V2::system_clock, std::chrono::duration<long int, std::ratio<1, 1000000000> > >[m[Kâ€™ to non-scalar type â€˜[01m[Kstd::chrono::duration<int, std::ratio<1, 1000> >[m[Kâ€™ requested
  347 |             std::chrono::duration<int, std::milli> a = [01;31m[Kbefore[m[K;
      |                                                        [01;31m[K^~~~~~[m[K
make[2]: *** [CMakeFiles/minimal_examples.dir/build.make:63: CMakeFiles/minimal_examples.dir/src/minimal_examples.cpp.o] Error 1
make[1]: *** [CMakeFiles/Makefile2:80: CMakeFiles/minimal_examples.dir/all] Error 2
make: *** [Makefile:141: all] Error 2
