[0.038s] Invoking command in '/home/arian/Framework/build/framework': CMAKE_PREFIX_PATH=${CMAKE_PREFIX_PATH}:/home/arian/ros2_foxy/install/ros2bag:/home/arian/ros2_foxy/install/tracetools_launch:/home/arian/ros2_foxy/install/topic_monitor:/home/arian/ros2_foxy/install/examples_tf2_py:/home/arian/ros2_foxy/install/sros2:/home/arian/ros2_foxy/install/rqt_topic:/home/arian/ros2_foxy/install/rqt_reconfigure:/home/arian/ros2_foxy/install/rqt_action:/home/arian/ros2_foxy/install/rqt:/home/arian/ros2_foxy/install/rqt_graph:/home/arian/ros2_foxy/install/rqt_gui_py:/home/arian/ros2_foxy/install/rqt_gui:/home/arian/ros2_foxy/install/ros2trace:/home/arian/ros2_foxy/install/ros2topic:/home/arian/ros2_foxy/install/ros2test:/home/arian/ros2_foxy/install/ros2component:/home/arian/ros2_foxy/install/ros2param:/home/arian/ros2_foxy/install/ros2lifecycle:/home/arian/ros2_foxy/install/ros2service:/home/arian/ros2_foxy/install/ros2run:/home/arian/ros2_foxy/install/ros2launch:/home/arian/ros2_foxy/install/ros2pkg:/home/arian/ros2_foxy/install/ros2node:/home/arian/ros2_foxy/install/ros2multicast:/home/arian/ros2_foxy/install/ros2interface:/home/arian/ros2_foxy/install/ros2doctor:/home/arian/ros2_foxy/install/ros2action:/home/arian/ros2_foxy/install/ros2cli:/home/arian/ros2_foxy/install/quality_of_service_demo_py:/home/arian/ros2_foxy/install/launch_testing_ros:/home/arian/ros2_foxy/install/launch_ros:/home/arian/ros2_foxy/install/examples_rclpy_minimal_subscriber:/home/arian/ros2_foxy/install/examples_rclpy_minimal_service:/home/arian/ros2_foxy/install/examples_rclpy_minimal_publisher:/home/arian/ros2_foxy/install/examples_rclpy_minimal_client:/home/arian/ros2_foxy/install/examples_rclpy_minimal_action_server:/home/arian/ros2_foxy/install/examples_rclpy_minimal_action_client:/home/arian/ros2_foxy/install/examples_rclpy_executors:/home/arian/ros2_foxy/install/demo_nodes_py:/home/arian/ros2_foxy/install/action_tutorials_py:/home/arian/ros2_foxy/install/ament_uncrustify:/home/arian/ros2_foxy/install/tracetools_trace:/home/arian/ros2_foxy/install/tracetools_read:/home/arian/ros2_foxy/install/test_launch_ros:/home/arian/ros2_foxy/install/rpyutils:/home/arian/ros2_foxy/install/rosidl_runtime_py:/home/arian/ros2_foxy/install/launch_yaml:/home/arian/ros2_foxy/install/launch_xml:/home/arian/ros2_foxy/install/launch_testing:/home/arian/ros2_foxy/install/launch:/home/arian/ros2_foxy/install/osrf_pycommon:/home/arian/ros2_foxy/install/domain_coordinator:/home/arian/ros2_foxy/install/ament_xmllint:/home/arian/ros2_foxy/install/ament_pyflakes:/home/arian/ros2_foxy/install/ament_pycodestyle:/home/arian/ros2_foxy/install/ament_pep257:/home/arian/ros2_foxy/install/ament_pclint:/home/arian/ros2_foxy/install/ament_package:/home/arian/ros2_foxy/install/ament_mypy:/home/arian/ros2_foxy/install/ament_lint_cmake:/home/arian/ros2_foxy/install/ament_flake8:/home/arian/ros2_foxy/install/ament_copyright:/home/arian/ros2_foxy/install/ament_lint:/home/arian/ros2_foxy/install/ament_index_python:/home/arian/ros2_foxy/install/ament_cpplint:/home/arian/ros2_foxy/install/ament_cppcheck:/home/arian/ros2_foxy/install/ament_clang_tidy:/home/arian/ros2_foxy/install/ament_clang_format /usr/bin/cmake --build /home/arian/Framework/build/framework -- -j12 -l12
[0.119s] [35m[1mScanning dependencies of target main[0m
[0.159s] [ 50%] [32mBuilding CXX object CMakeFiles/main.dir/src/main.cpp.o[0m
[0.309s] In file included from [01m[K/home/arian/Framework/src/framework/src/main.cpp:12[m[K:
[0.310s] [01m[K/home/arian/Framework/src/framework/include/framework/multiply_parallel.hpp:447:[m[K [01;35m[Kwarning: [m[Kignoring #pragma omp parallel [[01;35m[K-Wunknown-pragmas[m[K]
[0.310s]   447 |             #pragma omp parallel num_threads(settings_.THREAD_NUMBER)
[0.310s]       | 
[1.286s] [01m[K/home/arian/Framework/src/framework/include/framework/multiply_parallel.hpp:[m[K In member function â€˜[01m[Kvoid benchmark<T>::execute_all()[m[Kâ€™:
[1.286s] [01m[K/home/arian/Framework/src/framework/include/framework/multiply_parallel.hpp:642:36:[m[K [01;31m[Kerror: [m[Kno match for â€˜[01m[Koperator-[m[Kâ€™ (operand types are â€˜[01m[Kstd::vector<settings>[m[Kâ€™ and â€˜[01m[Kint[m[Kâ€™)
[1.287s]   642 |                 if(i == [32m[Ksettingss_[m[K [01;31m[K-[m[K [34m[K1[m[K)
[1.287s]       |                         [32m[K~~~~~~~~~~[m[K [01;31m[K^[m[K [34m[K~[m[K
[1.287s]       |                         [32m[K|[m[K            [34m[K|[m[K
[1.287s]       |                         [32m[K|[m[K            [34m[Kint[m[K
[1.287s]       |                         [32m[Kstd::vector<settings>[m[K
[1.287s] In file included from [01m[K/usr/include/c++/9/bits/stl_algobase.h:67[m[K,
[1.287s]                  from [01m[K/usr/include/c++/9/bits/char_traits.h:39[m[K,
[1.287s]                  from [01m[K/usr/include/c++/9/ios:40[m[K,
[1.287s]                  from [01m[K/usr/include/c++/9/ostream:38[m[K,
[1.287s]                  from [01m[K/usr/include/c++/9/iostream:39[m[K,
[1.287s]                  from [01m[K/home/arian/Framework/src/framework/src/main.cpp:1[m[K:
[1.287s] [01m[K/usr/include/c++/9/bits/stl_iterator.h:415:5:[m[K [01;36m[Knote: [m[Kcandidate: â€˜[01m[Ktemplate<class _IteratorL, class _IteratorR> decltype ((__y.base() - __x.base())) std::operator-(const std::reverse_iterator<_Iterator>&, const std::reverse_iterator<_IteratorR>&)[m[Kâ€™
[1.287s]   415 |     [01;36m[Koperator[m[K-(const reverse_iterator<_IteratorL>& __x,
[1.287s]       |     [01;36m[K^~~~~~~~[m[K
[1.287s] [01m[K/usr/include/c++/9/bits/stl_iterator.h:415:5:[m[K [01;36m[Knote: [m[K  template argument deduction/substitution failed:
[1.287s] In file included from [01m[K/home/arian/Framework/src/framework/src/main.cpp:12[m[K:
[1.288s] [01m[K/home/arian/Framework/src/framework/include/framework/multiply_parallel.hpp:642:38:[m[K [01;36m[Knote: [m[K  â€˜[01m[Kstd::vector<settings>[m[Kâ€™ is not derived from â€˜[01m[Kconst std::reverse_iterator<_Iterator>[m[Kâ€™
[1.288s]   642 |                 if(i == settingss_ - [01;36m[K1[m[K)
[1.288s]       |                                      [01;36m[K^[m[K
[1.288s] In file included from [01m[K/usr/include/c++/9/bits/stl_algobase.h:67[m[K,
[1.288s]                  from [01m[K/usr/include/c++/9/bits/char_traits.h:39[m[K,
[1.288s]                  from [01m[K/usr/include/c++/9/ios:40[m[K,
[1.288s]                  from [01m[K/usr/include/c++/9/ostream:38[m[K,
[1.288s]                  from [01m[K/usr/include/c++/9/iostream:39[m[K,
[1.288s]                  from [01m[K/home/arian/Framework/src/framework/src/main.cpp:1[m[K:
[1.288s] [01m[K/usr/include/c++/9/bits/stl_iterator.h:1212:5:[m[K [01;36m[Knote: [m[Kcandidate: â€˜[01m[Ktemplate<class _IteratorL, class _IteratorR> decltype ((__x.base() - __y.base())) std::operator-(const std::move_iterator<_IteratorL>&, const std::move_iterator<_IteratorR>&)[m[Kâ€™
[1.288s]  1212 |     [01;36m[Koperator[m[K-(const move_iterator<_IteratorL>& __x,
[1.288s]       |     [01;36m[K^~~~~~~~[m[K
[1.288s] [01m[K/usr/include/c++/9/bits/stl_iterator.h:1212:5:[m[K [01;36m[Knote: [m[K  template argument deduction/substitution failed:
[1.288s] In file included from [01m[K/home/arian/Framework/src/framework/src/main.cpp:12[m[K:
[1.288s] [01m[K/home/arian/Framework/src/framework/include/framework/multiply_parallel.hpp:642:38:[m[K [01;36m[Knote: [m[K  â€˜[01m[Kstd::vector<settings>[m[Kâ€™ is not derived from â€˜[01m[Kconst std::move_iterator<_IteratorL>[m[Kâ€™
[1.288s]   642 |                 if(i == settingss_ - [01;36m[K1[m[K)
[1.288s]       |                                      [01;36m[K^[m[K
[1.288s] In file included from [01m[K/usr/include/c++/9/vector:68[m[K,
[1.289s]                  from [01m[K/home/arian/ros2_foxy/install/rclcpp/include/rclcpp/executor.hpp:27[m[K,
[1.289s]                  from [01m[K/home/arian/ros2_foxy/install/rclcpp/include/rclcpp/executors/multi_threaded_executor.hpp:25[m[K,
[1.289s]                  from [01m[K/home/arian/ros2_foxy/install/rclcpp/include/rclcpp/executors.hpp:21[m[K,
[1.289s]                  from [01m[K/home/arian/ros2_foxy/install/rclcpp/include/rclcpp/rclcpp.hpp:146[m[K,
[1.289s]                  from [01m[K/home/arian/Framework/src/framework/src/main.cpp:2[m[K:
[1.289s] [01m[K/usr/include/c++/9/bits/stl_bvector.h:214:3:[m[K [01;36m[Knote: [m[Kcandidate: â€˜[01m[Kstd::ptrdiff_t std::operator-(const std::_Bit_iterator_base&, const std::_Bit_iterator_base&)[m[Kâ€™
[1.289s]   214 |   [01;36m[Koperator[m[K-(const _Bit_iterator_base& __x, const _Bit_iterator_base& __y)
[1.289s]       |   [01;36m[K^~~~~~~~[m[K
[1.289s] [01m[K/usr/include/c++/9/bits/stl_bvector.h:214:39:[m[K [01;36m[Knote: [m[K  no known conversion for argument 1 from â€˜[01m[Kstd::vector<settings>[m[Kâ€™ to â€˜[01m[Kconst std::_Bit_iterator_base&[m[Kâ€™
[1.289s]   214 |   operator-([01;36m[Kconst _Bit_iterator_base& __x[m[K, const _Bit_iterator_base& __y)
[1.289s]       |             [01;36m[K~~~~~~~~~~~~~~~~~~~~~~~~~~^~~[m[K
[1.289s] In file included from [01m[K/usr/include/c++/9/bits/stl_algobase.h:67[m[K,
[1.289s]                  from [01m[K/usr/include/c++/9/bits/char_traits.h:39[m[K,
[1.289s]                  from [01m[K/usr/include/c++/9/ios:40[m[K,
[1.289s]                  from [01m[K/usr/include/c++/9/ostream:38[m[K,
[1.289s]                  from [01m[K/usr/include/c++/9/iostream:39[m[K,
[1.289s]                  from [01m[K/home/arian/Framework/src/framework/src/main.cpp:1[m[K:
[1.290s] [01m[K/usr/include/c++/9/bits/stl_iterator.h:977:5:[m[K [01;36m[Knote: [m[Kcandidate: â€˜[01m[Ktemplate<class _IteratorL, class _IteratorR, class _Container> decltype ((__lhs.base() - __rhs.base())) __gnu_cxx::operator-(const __gnu_cxx::__normal_iterator<_IteratorL, _Container>&, const __gnu_cxx::__normal_iterator<_IteratorR, _Container>&)[m[Kâ€™
[1.290s]   977 |     [01;36m[Koperator[m[K-(const __normal_iterator<_IteratorL, _Container>& __lhs,
[1.290s]       |     [01;36m[K^~~~~~~~[m[K
[1.290s] [01m[K/usr/include/c++/9/bits/stl_iterator.h:977:5:[m[K [01;36m[Knote: [m[K  template argument deduction/substitution failed:
[1.290s] In file included from [01m[K/home/arian/Framework/src/framework/src/main.cpp:12[m[K:
[1.290s] [01m[K/home/arian/Framework/src/framework/include/framework/multiply_parallel.hpp:642:38:[m[K [01;36m[Knote: [m[K  â€˜[01m[Kstd::vector<settings>[m[Kâ€™ is not derived from â€˜[01m[Kconst __gnu_cxx::__normal_iterator<_IteratorL, _Container>[m[Kâ€™
[1.290s]   642 |                 if(i == settingss_ - [01;36m[K1[m[K)
[1.290s]       |                                      [01;36m[K^[m[K
[1.290s] In file included from [01m[K/usr/include/c++/9/bits/stl_algobase.h:67[m[K,
[1.290s]                  from [01m[K/usr/include/c++/9/bits/char_traits.h:39[m[K,
[1.290s]                  from [01m[K/usr/include/c++/9/ios:40[m[K,
[1.290s]                  from [01m[K/usr/include/c++/9/ostream:38[m[K,
[1.290s]                  from [01m[K/usr/include/c++/9/iostream:39[m[K,
[1.290s]                  from [01m[K/home/arian/Framework/src/framework/src/main.cpp:1[m[K:
[1.290s] [01m[K/usr/include/c++/9/bits/stl_iterator.h:989:5:[m[K [01;36m[Knote: [m[Kcandidate: â€˜[01m[Ktemplate<class _Iterator, class _Container> typename __gnu_cxx::__normal_iterator<_Iterator, _Container>::difference_type __gnu_cxx::operator-(const __gnu_cxx::__normal_iterator<_Iterator, _Container>&, const __gnu_cxx::__normal_iterator<_Iterator, _Container>&)[m[Kâ€™
[1.290s]   989 |     [01;36m[Koperator[m[K-(const __normal_iterator<_Iterator, _Container>& __lhs,
[1.290s]       |     [01;36m[K^~~~~~~~[m[K
[1.290s] [01m[K/usr/include/c++/9/bits/stl_iterator.h:989:5:[m[K [01;36m[Knote: [m[K  template argument deduction/substitution failed:
[1.290s] In file included from [01m[K/home/arian/Framework/src/framework/src/main.cpp:12[m[K:
[1.291s] [01m[K/home/arian/Framework/src/framework/include/framework/multiply_parallel.hpp:642:38:[m[K [01;36m[Knote: [m[K  â€˜[01m[Kstd::vector<settings>[m[Kâ€™ is not derived from â€˜[01m[Kconst __gnu_cxx::__normal_iterator<_Iterator, _Container>[m[Kâ€™
[1.291s]   642 |                 if(i == settingss_ - [01;36m[K1[m[K)
[1.291s]       |                                      [01;36m[K^[m[K
[1.358s] /home/arian/Framework/src/framework/include/framework/multiply_parallel.hpp: In instantiation of â€˜[01m[Kstatic std::vector<std::vector<BufferT> > generator::generate_inputs(std::initializer_list<int>) [with T = double][m[Kâ€™:
[1.358s] [01m[K/home/arian/Framework/src/framework/src/main.cpp:100:64:[m[K   required from here
[1.358s] [01m[K/home/arian/Framework/src/framework/include/framework/multiply_parallel.hpp:498:34:[m[K [01;35m[Kwarning: [m[Kcomparison of integer expressions of different signedness: â€˜[01m[Kint[m[Kâ€™ and â€˜[01m[Kstd::vector<double, std::allocator<double> >::size_type[m[Kâ€™ {aka â€˜[01m[Klong unsigned int[m[Kâ€™} [[01;35m[K-Wsign-compare[m[K]
[1.358s]   498 |                 for(int i = 0; i < temp.capacity(); i++)
[1.360s] /home/arian/Framework/src/framework/include/framework/multiply_parallel.hpp: In instantiation of â€˜[01m[Kvoid benchmark<T>::execute_all() [with K = std::ratio<1, 1000>; T = double][m[Kâ€™:
[1.360s] [01m[K/home/arian/Framework/src/framework/src/main.cpp:114:46:[m[K   required from here
[1.360s] [01m[K/home/arian/Framework/src/framework/include/framework/multiply_parallel.hpp:624:30:[m[K [01;35m[Kwarning: [m[Kcomparison of integer expressions of different signedness: â€˜[01m[Kint[m[Kâ€™ and â€˜[01m[Kstd::vector<settings>::size_type[m[Kâ€™ {aka â€˜[01m[Klong unsigned int[m[Kâ€™} [[01;35m[K-Wsign-compare[m[K]
[1.360s]   624 |             for(int i = 0; [01;35m[Ki < settingss_.size()[m[K; i++)
[1.360s]       |                            [01;35m[K~~^~~~~~~~~~~~~~~~~~~[m[K
[1.360s] [01m[K/home/arian/Framework/src/framework/include/framework/multiply_parallel.hpp:626:66:[m[K [01;35m[Kwarning: [m[Knarrowing conversion of â€˜[01m[K(i + 1)[m[Kâ€™ from â€˜[01m[Kint[m[Kâ€™ to â€˜[01m[Kchar[m[Kâ€™ [[01;35m[K-Wnarrowing[m[K]
[1.361s]   626 |                 json_generator_.add("\n\t\t\"test_"+std::string{[01;35m[Ki+1[m[K} +"\" : {")
[1.361s]       |                                                                 [01;35m[K~^~[m[K
[1.361s] [01m[K/home/arian/Framework/src/framework/include/framework/multiply_parallel.hpp:626:66:[m[K [01;35m[Kwarning: [m[Knarrowing conversion of â€˜[01m[K(i + 1)[m[Kâ€™ from â€˜[01m[Kint[m[Kâ€™ to â€˜[01m[Kchar[m[Kâ€™ [[01;35m[K-Wnarrowing[m[K]
[1.361s] [01m[K/home/arian/Framework/src/framework/include/framework/multiply_parallel.hpp:630:34:[m[K [01;35m[Kwarning: [m[Kcomparison of integer expressions of different signedness: â€˜[01m[Kint[m[Kâ€™ and â€˜[01m[Kstd::vector<std::vector<double, std::allocator<double> >, std::allocator<std::vector<double, std::allocator<double> > > >::size_type[m[Kâ€™ {aka â€˜[01m[Klong unsigned int[m[Kâ€™} [[01;35m[K-Wsign-compare[m[K]
[1.361s]   630 |                 for(int j = 0; j < inputs_a_.size(); j++)
[1.430s] /home/arian/Framework/src/framework/include/framework/multiply_parallel.hpp: In instantiation of â€˜[01m[Kjson_generator& json_generator::add(const std::chrono::duration<long int, T>&) [with T = std::ratio<1, 1000>][m[Kâ€™:
[1.430s] [01m[K/home/arian/Framework/src/framework/include/framework/multiply_parallel.hpp:618:29:[m[K   required from â€˜[01m[Kvoid benchmark<T>::execute_all() [with K = std::ratio<1, 1000>; T = double][m[Kâ€™
[1.430s] [01m[K/home/arian/Framework/src/framework/src/main.cpp:114:46:[m[K   required from here
[1.430s] [01m[K/home/arian/Framework/src/framework/include/framework/multiply_parallel.hpp:550:70:[m[K [01;35m[Kwarning: [m[Kunused parameter â€˜[01m[Kduration[m[Kâ€™ [[01;35m[K-Wunused-parameter[m[K]
[1.430s]   550 |         json_generator& add([01;35m[Kconst std::chrono::duration<int64_t, T>& duration[m[K)
[1.430s]       |                             [01;35m[K~~~~~~~~~~~~~~~~~~~~~~~~~~~~~~~~~~~~~~~~~^~~~~~~~[m[K
[1.575s] /home/arian/Framework/src/framework/include/framework/multiply_parallel.hpp: In instantiation of â€˜[01m[Kvoid multiply_parallel<T>::execute_openmp(const std::vector<BufferT>&, const std::vector<BufferT>&, std::vector<BufferT>&, const settings&) [with T = double][m[Kâ€™:
[1.575s] [01m[K/home/arian/Framework/src/framework/include/framework/multiply_parallel.hpp:445:14:[m[K   required from here
[1.576s] [01m[K/home/arian/Framework/src/framework/include/framework/multiply_parallel.hpp:445:139:[m[K [01;35m[Kwarning: [m[Kunused parameter â€˜[01m[Ksettings_[m[Kâ€™ [[01;35m[K-Wunused-parameter[m[K]
[1.576s]   445 |         void execute_openmp(const std::vector<T>& matrix_a_, const std::vector<T>& matrix_b_, std::vector<T>& matrix_c_, [01;35m[Kconst settings & settings_[m[K )
[1.576s]       |                                                                                                                          [01;35m[K~~~~~~~~~~~~~~~~~^~~~~~~~~[m[K
[1.624s] make[2]: *** [CMakeFiles/main.dir/build.make:63: CMakeFiles/main.dir/src/main.cpp.o] Error 1
[1.624s] make[1]: *** [CMakeFiles/Makefile2:78: CMakeFiles/main.dir/all] Error 2
[1.624s] make: *** [Makefile:141: all] Error 2
[1.626s] Invoked command in '/home/arian/Framework/build/framework' returned '2': CMAKE_PREFIX_PATH=${CMAKE_PREFIX_PATH}:/home/arian/ros2_foxy/install/ros2bag:/home/arian/ros2_foxy/install/tracetools_launch:/home/arian/ros2_foxy/install/topic_monitor:/home/arian/ros2_foxy/install/examples_tf2_py:/home/arian/ros2_foxy/install/sros2:/home/arian/ros2_foxy/install/rqt_topic:/home/arian/ros2_foxy/install/rqt_reconfigure:/home/arian/ros2_foxy/install/rqt_action:/home/arian/ros2_foxy/install/rqt:/home/arian/ros2_foxy/install/rqt_graph:/home/arian/ros2_foxy/install/rqt_gui_py:/home/arian/ros2_foxy/install/rqt_gui:/home/arian/ros2_foxy/install/ros2trace:/home/arian/ros2_foxy/install/ros2topic:/home/arian/ros2_foxy/install/ros2test:/home/arian/ros2_foxy/install/ros2component:/home/arian/ros2_foxy/install/ros2param:/home/arian/ros2_foxy/install/ros2lifecycle:/home/arian/ros2_foxy/install/ros2service:/home/arian/ros2_foxy/install/ros2run:/home/arian/ros2_foxy/install/ros2launch:/home/arian/ros2_foxy/install/ros2pkg:/home/arian/ros2_foxy/install/ros2node:/home/arian/ros2_foxy/install/ros2multicast:/home/arian/ros2_foxy/install/ros2interface:/home/arian/ros2_foxy/install/ros2doctor:/home/arian/ros2_foxy/install/ros2action:/home/arian/ros2_foxy/install/ros2cli:/home/arian/ros2_foxy/install/quality_of_service_demo_py:/home/arian/ros2_foxy/install/launch_testing_ros:/home/arian/ros2_foxy/install/launch_ros:/home/arian/ros2_foxy/install/examples_rclpy_minimal_subscriber:/home/arian/ros2_foxy/install/examples_rclpy_minimal_service:/home/arian/ros2_foxy/install/examples_rclpy_minimal_publisher:/home/arian/ros2_foxy/install/examples_rclpy_minimal_client:/home/arian/ros2_foxy/install/examples_rclpy_minimal_action_server:/home/arian/ros2_foxy/install/examples_rclpy_minimal_action_client:/home/arian/ros2_foxy/install/examples_rclpy_executors:/home/arian/ros2_foxy/install/demo_nodes_py:/home/arian/ros2_foxy/install/action_tutorials_py:/home/arian/ros2_foxy/install/ament_uncrustify:/home/arian/ros2_foxy/install/tracetools_trace:/home/arian/ros2_foxy/install/tracetools_read:/home/arian/ros2_foxy/install/test_launch_ros:/home/arian/ros2_foxy/install/rpyutils:/home/arian/ros2_foxy/install/rosidl_runtime_py:/home/arian/ros2_foxy/install/launch_yaml:/home/arian/ros2_foxy/install/launch_xml:/home/arian/ros2_foxy/install/launch_testing:/home/arian/ros2_foxy/install/launch:/home/arian/ros2_foxy/install/osrf_pycommon:/home/arian/ros2_foxy/install/domain_coordinator:/home/arian/ros2_foxy/install/ament_xmllint:/home/arian/ros2_foxy/install/ament_pyflakes:/home/arian/ros2_foxy/install/ament_pycodestyle:/home/arian/ros2_foxy/install/ament_pep257:/home/arian/ros2_foxy/install/ament_pclint:/home/arian/ros2_foxy/install/ament_package:/home/arian/ros2_foxy/install/ament_mypy:/home/arian/ros2_foxy/install/ament_lint_cmake:/home/arian/ros2_foxy/install/ament_flake8:/home/arian/ros2_foxy/install/ament_copyright:/home/arian/ros2_foxy/install/ament_lint:/home/arian/ros2_foxy/install/ament_index_python:/home/arian/ros2_foxy/install/ament_cpplint:/home/arian/ros2_foxy/install/ament_cppcheck:/home/arian/ros2_foxy/install/ament_clang_tidy:/home/arian/ros2_foxy/install/ament_clang_format /usr/bin/cmake --build /home/arian/Framework/build/framework -- -j12 -l12
