[35m[1mScanning dependencies of target main[0m
[ 50%] [32mBuilding CXX object CMakeFiles/main.dir/src/main.cpp.o[0m
In file included from [01m[K/home/arian/Framework/src/framework/src/main.cpp:6[m[K:
[01m[K/home/arian/Framework/src/framework/include/framework/multiply_parallel.hpp:[m[K In member function â€˜[01m[Kvoid framework::utilities::Multiply::run(int**, int**, framework::utilities::Multiply*)[m[Kâ€™:
[01m[K/home/arian/Framework/src/framework/include/framework/multiply_parallel.hpp:30:66:[m[K [01;31m[Kerror: [m[Kinvalid use of non-static member function â€˜[01m[Kvoid* framework::utilities::Multiply::multiply_function(void*)[m[Kâ€™
   30 |                         pthread_create(&threads[i], NULL, [01;31m[Karian->multiply_function[m[K, NULL);
      |                                                           [01;31m[K~~~~~~~^~~~~~~~~~~~~~~~~[m[K
[01m[K/home/arian/Framework/src/framework/include/framework/multiply_parallel.hpp:58:24:[m[K [01;36m[Knote: [m[Kdeclared here
   58 |                 void * [01;36m[Kmultiply_function[m[K(void *)
      |                        [01;36m[K^~~~~~~~~~~~~~~~~[m[K
[01m[K/home/arian/Framework/src/framework/src/main.cpp:[m[K In function â€˜[01m[Kint main(int, const char**)[m[Kâ€™:
[01m[K/home/arian/Framework/src/framework/src/main.cpp:36:28:[m[K [01;31m[Kerror: [m[Kno matching function for call to â€˜[01m[Kframework::utilities::Multiply::run(int**&, int**&)[m[Kâ€™
   36 |     multiplication.run(a, b[01;31m[K)[m[K;
      |                            [01;31m[K^[m[K
In file included from [01m[K/home/arian/Framework/src/framework/src/main.cpp:6[m[K:
[01m[K/home/arian/Framework/src/framework/include/framework/multiply_parallel.hpp:19:22:[m[K [01;36m[Knote: [m[Kcandidate: â€˜[01m[Kvoid framework::utilities::Multiply::run(int**, int**, framework::utilities::Multiply*)[m[Kâ€™
   19 |                 void [01;36m[Krun[m[K(int** matrix_a_,
      |                      [01;36m[K^~~[m[K
[01m[K/home/arian/Framework/src/framework/include/framework/multiply_parallel.hpp:19:22:[m[K [01;36m[Knote: [m[K  candidate expects 3 arguments, 2 provided
[01m[K/home/arian/Framework/src/framework/src/main.cpp:12:14:[m[K [01;35m[Kwarning: [m[Kunused parameter â€˜[01m[Kargc[m[Kâ€™ [[01;35m[K-Wunused-parameter[m[K]
   12 | int main([01;35m[Kint argc[m[K, const char ** argv)
      |          [01;35m[K~~~~^~~~[m[K
[01m[K/home/arian/Framework/src/framework/src/main.cpp:12:34:[m[K [01;35m[Kwarning: [m[Kunused parameter â€˜[01m[Kargv[m[Kâ€™ [[01;35m[K-Wunused-parameter[m[K]
   12 | int main(int argc, [01;35m[Kconst char ** argv[m[K)
      |                    [01;35m[K~~~~~~~~~~~~~~^~~~[m[K
make[2]: *** [CMakeFiles/main.dir/build.make:63: CMakeFiles/main.dir/src/main.cpp.o] Error 1
make[1]: *** [CMakeFiles/Makefile2:78: CMakeFiles/main.dir/all] Error 2
make: *** [Makefile:141: all] Error 2
