In file included from [01m[K/home/arian/Framework/src/framework/include/framework/multiply_parallel.hpp:10[m[K,
                 from [01m[K/home/arian/Framework/src/framework/src/main.cpp:7[m[K:
[01m[K/home/arian/Framework/src/framework/include/framework/types/matrix.hpp:[m[K In constructor â€˜[01m[Kframework::types::matrix::matrix(int**)[m[Kâ€™:
[01m[K/home/arian/Framework/src/framework/include/framework/types/matrix.hpp:17:26:[m[K [01;35m[Kwarning: [m[Kunused parameter â€˜[01m[Kmatrix[m[Kâ€™ [[01;35m[K-Wunused-parameter[m[K]
   17 |             matrix([01;35m[Kint** matrix[m[K)
      |                    [01;35m[K~~~~~~^~~~~~[m[K
In file included from [01m[K/home/arian/Framework/src/framework/src/main.cpp:7[m[K:
[01m[K/home/arian/Framework/src/framework/include/framework/multiply_parallel.hpp:[m[K In function â€˜[01m[Kvoid* framework::matrix_utilities::parallel_multiply_pthread_2(void*)[m[Kâ€™:
[01m[K/home/arian/Framework/src/framework/include/framework/multiply_parallel.hpp:26:96:[m[K [01;31m[Kerror: [m[Kexpected â€˜[01m[K)[m[Kâ€™ before â€˜[01m[K;[m[Kâ€™ token
   26 |             for(int i = matrices->iteration * [34m[K([m[Kmatrices->a.get_size() / matrices->thread_number[01;31m[K;[m[K i < (matrices->iteration + 1) * (matrices->a.get_size() / matrices->thread_number); i++)
      |                                               [34m[K~[m[K                                                [01;31m[K^[m[K
      |                                                                                                [32m[K)[m[K
In file included from [01m[K/home/arian/Framework/src/framework/src/main.cpp:7[m[K:
[01m[K/home/arian/Framework/src/framework/include/framework/multiply_parallel.hpp:32:82:[m[K [01;31m[Kerror: [m[Klvalue required as left operand of assignment
   32 |                         matrices->c(i, j) = matrices->a(i , k) * matrices->b(k, j[01;31m[K)[m[K;
      |                                                                                  [01;31m[K^[m[K
make[2]: *** [CMakeFiles/main.dir/build.make:63: CMakeFiles/main.dir/src/main.cpp.o] Error 1
make[1]: *** [CMakeFiles/Makefile2:78: CMakeFiles/main.dir/all] Error 2
make: *** [Makefile:141: all] Error 2
