[35m[1mScanning dependencies of target main[0m
[ 50%] [32mBuilding CXX object CMakeFiles/main.dir/src/main.cpp.o[0m
[01m[K/home/arian/Framework/src/framework/src/main.cpp:70:47:[m[K [01;31m[Kerror: [m[Kâ€˜[01m[Kratio[m[Kâ€™ was not declared in this scope; did you mean â€˜[01m[Kstd::ratio[m[Kâ€™?
   70 |  constexpr std::chrono::duration<long double, [01;31m[Kratio[m[K<3600,1>>
      |                                               [01;31m[K^~~~~[m[K
      |                                               [32m[Kstd::ratio[m[K
In file included from [01m[K/usr/include/c++/9/chrono:38[m[K,
                 from [01m[K/usr/include/c++/9/mutex:39[m[K,
                 from [01m[K/usr/include/c++/9/future:38[m[K,
                 from [01m[K/home/arian/ros2_foxy/install/rclcpp/include/rclcpp/executors.hpp:18[m[K,
                 from [01m[K/home/arian/ros2_foxy/install/rclcpp/include/rclcpp/rclcpp.hpp:146[m[K,
                 from [01m[K/home/arian/Framework/src/framework/src/main.cpp:2[m[K:
[01m[K/usr/include/c++/9/ratio:261:12:[m[K [01;36m[Knote: [m[Kâ€˜[01m[Kstd::ratio[m[Kâ€™ declared here
  261 |     struct [01;36m[Kratio[m[K
      |            [01;36m[K^~~~~[m[K
[01m[K/home/arian/Framework/src/framework/src/main.cpp:70:58:[m[K [01;31m[Kerror: [m[Kwrong number of template arguments (3, should be at least 1)
   70 |  constexpr std::chrono::duration<long double, ratio<3600,[01;31m[K1[m[K>>
      |                                                          [01;31m[K^[m[K
In file included from [01m[K/usr/include/c++/9/mutex:39[m[K,
                 from [01m[K/usr/include/c++/9/future:38[m[K,
                 from [01m[K/home/arian/ros2_foxy/install/rclcpp/include/rclcpp/executors.hpp:18[m[K,
                 from [01m[K/home/arian/ros2_foxy/install/rclcpp/include/rclcpp/rclcpp.hpp:146[m[K,
                 from [01m[K/home/arian/Framework/src/framework/src/main.cpp:2[m[K:
[01m[K/usr/include/c++/9/chrono:62:14:[m[K [01;36m[Knote: [m[Kprovided for â€˜[01m[Ktemplate<class _Rep, class _Period> struct std::chrono::duration[m[Kâ€™
   62 |       struct [01;36m[Kduration[m[K;
      |              [01;36m[K^~~~~~~~[m[K
[01m[K/home/arian/Framework/src/framework/src/main.cpp:70:59:[m[K [01;31m[Kerror: [m[Kexpected unqualified-id before â€˜[01m[K>[m[Kâ€™ token
   70 |  constexpr std::chrono::duration<long double, ratio<3600,1[01;31m[K>>[m[K
      |                                                           [01;31m[K^~[m[K
make[2]: *** [CMakeFiles/main.dir/build.make:63: CMakeFiles/main.dir/src/main.cpp.o] Error 1
make[1]: *** [CMakeFiles/Makefile2:78: CMakeFiles/main.dir/all] Error 2
make: *** [Makefile:141: all] Error 2
