[0.042s] Invoking command in '/home/arian/Framework/build/framework': CMAKE_PREFIX_PATH=${CMAKE_PREFIX_PATH}:/home/arian/ros2_foxy/install/ros2bag:/home/arian/ros2_foxy/install/tracetools_launch:/home/arian/ros2_foxy/install/topic_monitor:/home/arian/ros2_foxy/install/examples_tf2_py:/home/arian/ros2_foxy/install/sros2:/home/arian/ros2_foxy/install/rqt_topic:/home/arian/ros2_foxy/install/rqt_reconfigure:/home/arian/ros2_foxy/install/rqt_action:/home/arian/ros2_foxy/install/rqt:/home/arian/ros2_foxy/install/rqt_graph:/home/arian/ros2_foxy/install/rqt_gui_py:/home/arian/ros2_foxy/install/rqt_gui:/home/arian/ros2_foxy/install/ros2trace:/home/arian/ros2_foxy/install/ros2topic:/home/arian/ros2_foxy/install/ros2test:/home/arian/ros2_foxy/install/ros2component:/home/arian/ros2_foxy/install/ros2param:/home/arian/ros2_foxy/install/ros2lifecycle:/home/arian/ros2_foxy/install/ros2service:/home/arian/ros2_foxy/install/ros2run:/home/arian/ros2_foxy/install/ros2launch:/home/arian/ros2_foxy/install/ros2pkg:/home/arian/ros2_foxy/install/ros2node:/home/arian/ros2_foxy/install/ros2multicast:/home/arian/ros2_foxy/install/ros2interface:/home/arian/ros2_foxy/install/ros2doctor:/home/arian/ros2_foxy/install/ros2action:/home/arian/ros2_foxy/install/ros2cli:/home/arian/ros2_foxy/install/quality_of_service_demo_py:/home/arian/ros2_foxy/install/launch_testing_ros:/home/arian/ros2_foxy/install/launch_ros:/home/arian/ros2_foxy/install/examples_rclpy_minimal_subscriber:/home/arian/ros2_foxy/install/examples_rclpy_minimal_service:/home/arian/ros2_foxy/install/examples_rclpy_minimal_publisher:/home/arian/ros2_foxy/install/examples_rclpy_minimal_client:/home/arian/ros2_foxy/install/examples_rclpy_minimal_action_server:/home/arian/ros2_foxy/install/examples_rclpy_minimal_action_client:/home/arian/ros2_foxy/install/examples_rclpy_executors:/home/arian/ros2_foxy/install/demo_nodes_py:/home/arian/ros2_foxy/install/action_tutorials_py:/home/arian/ros2_foxy/install/ament_uncrustify:/home/arian/ros2_foxy/install/tracetools_trace:/home/arian/ros2_foxy/install/tracetools_read:/home/arian/ros2_foxy/install/test_launch_ros:/home/arian/ros2_foxy/install/rpyutils:/home/arian/ros2_foxy/install/rosidl_runtime_py:/home/arian/ros2_foxy/install/launch_yaml:/home/arian/ros2_foxy/install/launch_xml:/home/arian/ros2_foxy/install/launch_testing:/home/arian/ros2_foxy/install/launch:/home/arian/ros2_foxy/install/osrf_pycommon:/home/arian/ros2_foxy/install/domain_coordinator:/home/arian/ros2_foxy/install/ament_xmllint:/home/arian/ros2_foxy/install/ament_pyflakes:/home/arian/ros2_foxy/install/ament_pycodestyle:/home/arian/ros2_foxy/install/ament_pep257:/home/arian/ros2_foxy/install/ament_pclint:/home/arian/ros2_foxy/install/ament_package:/home/arian/ros2_foxy/install/ament_mypy:/home/arian/ros2_foxy/install/ament_lint_cmake:/home/arian/ros2_foxy/install/ament_flake8:/home/arian/ros2_foxy/install/ament_copyright:/home/arian/ros2_foxy/install/ament_lint:/home/arian/ros2_foxy/install/ament_index_python:/home/arian/ros2_foxy/install/ament_cpplint:/home/arian/ros2_foxy/install/ament_cppcheck:/home/arian/ros2_foxy/install/ament_clang_tidy:/home/arian/ros2_foxy/install/ament_clang_format /usr/bin/cmake --build /home/arian/Framework/build/framework -- -j12 -l12
[0.123s] [35m[1mScanning dependencies of target main[0m
[0.147s] [ 50%] [32mBuilding CXX object CMakeFiles/main.dir/src/main.cpp.o[0m
[0.500s] In file included from [01m[K/home/arian/Framework/src/framework/src/main.cpp:4[m[K:
[0.501s] [01m[K/home/arian/Framework/src/framework/include/framework/base/adjoint_parallel.hpp:[m[K In function â€˜[01m[Kvoid* framework::base::adjoint_parallel_pthread(void*)[m[Kâ€™:
[0.501s] [01m[K/home/arian/Framework/src/framework/include/framework/base/adjoint_parallel.hpp:79:5:[m[K [01;31m[Kerror: [m[Kneed â€˜[01m[Ktypename[m[Kâ€™ before â€˜[01m[Kstd::remove_const<const std::vector<T>&>::type[m[Kâ€™ because â€˜[01m[Kstd::remove_const<const std::vector<T>&>[m[Kâ€™ is a dependent scope
[0.501s]    79 |     [01;31m[Kstd[m[K::remove_const<const std::vector<T>&>::type iterators_->matrix_a;
[0.501s]       |     [01;31m[K^~~[m[K
[0.501s] [01m[K/home/arian/Framework/src/framework/include/framework/base/adjoint_parallel.hpp:79:51:[m[K [01;31m[Kerror: [m[Kexpected â€˜[01m[K;[m[Kâ€™ before â€˜[01m[Kiterators_[m[Kâ€™
[0.501s]    79 |     std::remove_const<const std::vector<T>&>::type[01;31m[K [m[K[32m[Kiterators_[m[K->matrix_a;
[0.501s]       |                                                   [01;31m[K^[m[K[32m[K~~~~~~~~~~[m[K
[0.502s]       |                                                   [32m[K;[m[K
[0.502s] [01m[K/home/arian/Framework/src/framework/include/framework/base/adjoint_parallel.hpp:80:5:[m[K [01;31m[Kerror: [m[Kneed â€˜[01m[Ktypename[m[Kâ€™ before â€˜[01m[Kstd::remove_const<const std::vector<T>&>::type[m[Kâ€™ because â€˜[01m[Kstd::remove_const<const std::vector<T>&>[m[Kâ€™ is a dependent scope
[0.502s]    80 |     [01;31m[Kstd[m[K::remove_const<const std::vector<T>&>::type iterators_->matrix_b;
[0.502s]       |     [01;31m[K^~~[m[K
[0.503s] [01m[K/home/arian/Framework/src/framework/include/framework/base/adjoint_parallel.hpp:80:51:[m[K [01;31m[Kerror: [m[Kexpected â€˜[01m[K;[m[Kâ€™ before â€˜[01m[Kiterators_[m[Kâ€™
[0.503s]    80 |     std::remove_const<const std::vector<T>&>::type[01;31m[K [m[K[32m[Kiterators_[m[K->matrix_b;
[0.503s]       |                                                   [01;31m[K^[m[K[32m[K~~~~~~~~~~[m[K
[0.503s]       |                                                   [32m[K;[m[K
[0.541s] In file included from [01m[K/home/arian/Framework/src/framework/src/main.cpp:7[m[K:
[0.541s] /home/arian/Framework/src/framework/include/framework/generators/generator.hpp: In instantiation of â€˜[01m[Kstatic std::vector<std::vector<T> > framework::generator::generate_inputs(std::initializer_list<int>) [with T = int][m[Kâ€™:
[0.542s] [01m[K/home/arian/Framework/src/framework/src/main.cpp:13:68:[m[K   required from here
[0.542s] [01m[K/home/arian/Framework/src/framework/include/framework/generators/generator.hpp:27:34:[m[K [01;35m[Kwarning: [m[Kcomparison of integer expressions of different signedness: â€˜[01m[Kint[m[Kâ€™ and â€˜[01m[Kstd::vector<int>::size_type[m[Kâ€™ {aka â€˜[01m[Klong unsigned int[m[Kâ€™} [[01;35m[K-Wsign-compare[m[K]
[0.542s]    27 |                 for(int i = 0; i < temp.capacity(); i++)
[0.545s] In file included from [01m[K/home/arian/Framework/src/framework/src/main.cpp:6[m[K:
[0.545s] /home/arian/Framework/src/framework/include/framework/benchmark/benchmark.hpp: In instantiation of â€˜[01m[Kvoid framework::benchmark<T>::execute_all() [with K = std::ratio<1, 1000>; T = int][m[Kâ€™:
[0.545s] [01m[K/home/arian/Framework/src/framework/src/main.cpp:24:62:[m[K   required from here
[0.545s] [01m[K/home/arian/Framework/src/framework/include/framework/benchmark/benchmark.hpp:64:30:[m[K [01;35m[Kwarning: [m[Kcomparison of integer expressions of different signedness: â€˜[01m[Kint[m[Kâ€™ and â€˜[01m[Kstd::vector<framework::settings>::size_type[m[Kâ€™ {aka â€˜[01m[Klong unsigned int[m[Kâ€™} [[01;35m[K-Wsign-compare[m[K]
[0.546s]    64 |             for(int i = 0; [01;35m[Ki < settingss_.size()[m[K; i++)
[0.546s]       |                            [01;35m[K~~^~~~~~~~~~~~~~~~~~~[m[K
[0.546s] [01m[K/home/arian/Framework/src/framework/include/framework/benchmark/benchmark.hpp:73:34:[m[K [01;35m[Kwarning: [m[Kcomparison of integer expressions of different signedness: â€˜[01m[Kint[m[Kâ€™ and â€˜[01m[Kstd::vector<std::vector<int>, std::allocator<std::vector<int> > >::size_type[m[Kâ€™ {aka â€˜[01m[Klong unsigned int[m[Kâ€™} [[01;35m[K-Wsign-compare[m[K]
[0.546s]    73 |                 for(int j = 0; j < inputs_a_.size(); j++)
[0.547s] [01m[K/home/arian/Framework/src/framework/include/framework/benchmark/benchmark.hpp:87:26:[m[K [01;35m[Kwarning: [m[Kcomparison of integer expressions of different signedness: â€˜[01m[Kint[m[Kâ€™ and â€˜[01m[Kstd::vector<std::vector<int>, std::allocator<std::vector<int> > >::size_type[m[Kâ€™ {aka â€˜[01m[Klong unsigned int[m[Kâ€™} [[01;35m[K-Wsign-compare[m[K]
[0.547s]    87 |                     if([01;35m[Kj != inputs_a_.size() - 1[m[K)
[0.547s]       |                        [01;35m[K~~^~~~~~~~~~~~~~~~~~~~~~~[m[K
[0.547s] [01m[K/home/arian/Framework/src/framework/include/framework/benchmark/benchmark.hpp:95:22:[m[K [01;35m[Kwarning: [m[Kcomparison of integer expressions of different signedness: â€˜[01m[Kint[m[Kâ€™ and â€˜[01m[Kstd::vector<framework::settings>::size_type[m[Kâ€™ {aka â€˜[01m[Klong unsigned int[m[Kâ€™} [[01;35m[K-Wsign-compare[m[K]
[0.547s]    95 |                 if([01;35m[Ki == settingss_.size() - 1[m[K)
[0.548s]       |                    [01;35m[K~~^~~~~~~~~~~~~~~~~~~~~~~~[m[K
[0.561s] In file included from [01m[K/home/arian/Framework/src/framework/include/framework/benchmark/benchmark.hpp:10[m[K,
[0.561s]                  from [01m[K/home/arian/Framework/src/framework/src/main.cpp:6[m[K:
[0.561s] /home/arian/Framework/src/framework/include/framework/generators/json_generator.hpp: In instantiation of â€˜[01m[Kframework::json_generator& framework::json_generator::add(const std::chrono::duration<long int, T>&) [with T = std::ratio<1, 1000>][m[Kâ€™:
[0.562s] [01m[K/home/arian/Framework/src/framework/include/framework/benchmark/benchmark.hpp:61:29:[m[K   required from â€˜[01m[Kvoid framework::benchmark<T>::execute_all() [with K = std::ratio<1, 1000>; T = int][m[Kâ€™
[0.562s] [01m[K/home/arian/Framework/src/framework/src/main.cpp:24:62:[m[K   required from here
[0.562s] [01m[K/home/arian/Framework/src/framework/include/framework/generators/json_generator.hpp:44:70:[m[K [01;35m[Kwarning: [m[Kunused parameter â€˜[01m[Kduration[m[Kâ€™ [[01;35m[K-Wunused-parameter[m[K]
[0.562s]    44 |         json_generator& add([01;35m[Kconst std::chrono::duration<int64_t, T>& duration[m[K)
[0.562s]       |                             [01;35m[K~~~~~~~~~~~~~~~~~~~~~~~~~~~~~~~~~~~~~~~~~^~~~~~~~[m[K
[0.596s] In file included from [01m[K/home/arian/Framework/src/framework/src/main.cpp:4[m[K:
[0.596s] /home/arian/Framework/src/framework/include/framework/base/adjoint_parallel.hpp: In instantiation of â€˜[01m[Kvoid framework::base::adjoint_parallel<T>::execute(const std::vector<T>&, const std::vector<T>&, std::vector<T>&, const framework::settings&) [with T = int][m[Kâ€™:
[0.596s] [01m[K/home/arian/Framework/src/framework/include/framework/base/adjoint_parallel.hpp:178:14:[m[K   required from here
[0.596s] [01m[K/home/arian/Framework/src/framework/include/framework/base/adjoint_parallel.hpp:200:43:[m[K [01;31m[Kerror: [m[Kbinding reference of type â€˜[01m[Kstd::vector<int>&[m[Kâ€™ to â€˜[01m[Kconst std::vector<int>[m[Kâ€™ discards qualifiers
[0.596s]   200 |                 [01;31m[Kadjoint_parallel_openmp<T>(matrix_a_,matrix_b_, matrix_c_, settings_)[m[K;
[0.596s]       |                 [01;31m[K~~~~~~~~~~~~~~~~~~~~~~~~~~^~~~~~~~~~~~~~~~~~~~~~~~~~~~~~~~~~~~~~~~~~~[m[K
[0.597s] [01m[K/home/arian/Framework/src/framework/include/framework/base/adjoint_parallel.hpp:97:46:[m[K [01;36m[Knote: [m[K  initializing argument 1 of â€˜[01m[Kvoid framework::base::adjoint_parallel_openmp(std::vector<T>&, std::vector<T>&, std::vector<T>&, const framework::settings&) [with T = int][m[Kâ€™
[0.597s]    97 | void adjoint_parallel_openmp([01;36m[Kstd::vector<T>& matrix_a_[m[K, std::vector<T>& matrix_b_, std::vector<T>& matrix_c_, const settings & settings_ )
[0.597s]       |                              [01;36m[K~~~~~~~~~~~~~~~~^~~~~~~~~[m[K
[0.597s] [01m[K/home/arian/Framework/src/framework/include/framework/base/adjoint_parallel.hpp:204:34:[m[K [01;31m[Kerror: [m[Kbinding reference of type â€˜[01m[Kstd::vector<int>&[m[Kâ€™ to â€˜[01m[Kconst std::vector<int>[m[Kâ€™ discards qualifiers
[0.597s]   204 |                 [01;31m[Kadjoint_serial<T>(matrix_a_,matrix_b_, matrix_c_, settings_)[m[K;
[0.598s]       |                 [01;31m[K~~~~~~~~~~~~~~~~~^~~~~~~~~~~~~~~~~~~~~~~~~~~~~~~~~~~~~~~~~~~[m[K
[0.598s] [01m[K/home/arian/Framework/src/framework/include/framework/base/adjoint_parallel.hpp:118:37:[m[K [01;36m[Knote: [m[K  initializing argument 1 of â€˜[01m[Kvoid framework::base::adjoint_serial(std::vector<T>&, std::vector<T>&, std::vector<T>&, const framework::settings&) [with T = int][m[Kâ€™
[0.598s]   118 | void adjoint_serial([01;36m[Kstd::vector<T>& matrix_a_[m[K, std::vector<T>& matrix_b_, std::vector<T>& matrix_c_, const settings & settings_ )
[0.598s]       |                     [01;36m[K~~~~~~~~~~~~~~~~^~~~~~~~~[m[K
[0.600s] In file included from [01m[K/home/arian/Framework/src/framework/src/main.cpp:4[m[K:
[0.600s] /home/arian/Framework/src/framework/include/framework/base/adjoint_parallel.hpp: In instantiation of â€˜[01m[Kvoid* framework::base::adjoint_parallel_pthread(void*) [with T = int][m[Kâ€™:
[0.600s] [01m[K/home/arian/Framework/src/framework/include/framework/base/adjoint_parallel.hpp:238:31:[m[K   required from â€˜[01m[Kvoid framework::base::adjoint_parallel<T>::execute_pthread(const std::vector<T>&, const std::vector<T>&, std::vector<T>&, const framework::settings&) [with T = int][m[Kâ€™
[0.600s] [01m[K/home/arian/Framework/src/framework/include/framework/base/adjoint_parallel.hpp:209:14:[m[K   required from here
[0.600s] [01m[K/home/arian/Framework/src/framework/include/framework/base/adjoint_parallel.hpp:79:5:[m[K [01;31m[Kerror: [m[Kdependent-name â€˜[01m[Kstd::remove_const<const std::vector<T>&>::type[m[Kâ€™ is parsed as a non-type, but instantiation yields a type
[0.601s]    79 |     [01;31m[Kstd[m[K::remove_const<const std::vector<T>&>::type iterators_->matrix_a;
[0.601s]       |     [01;31m[K^~~[m[K
[0.601s] [01m[K/home/arian/Framework/src/framework/include/framework/base/adjoint_parallel.hpp:79:5:[m[K [01;36m[Knote: [m[Ksay â€˜[01m[Ktypename std::remove_const<const std::vector<T>&>::type[m[Kâ€™ if a type is meant
[0.601s] [01m[K/home/arian/Framework/src/framework/include/framework/base/adjoint_parallel.hpp:80:5:[m[K [01;31m[Kerror: [m[Kdependent-name â€˜[01m[Kstd::remove_const<const std::vector<T>&>::type[m[Kâ€™ is parsed as a non-type, but instantiation yields a type
[0.601s]    80 |     [01;31m[Kstd[m[K::remove_const<const std::vector<T>&>::type iterators_->matrix_b;
[0.601s]       |     [01;31m[K^~~[m[K
[0.601s] [01m[K/home/arian/Framework/src/framework/include/framework/base/adjoint_parallel.hpp:80:5:[m[K [01;36m[Knote: [m[Ksay â€˜[01m[Ktypename std::remove_const<const std::vector<T>&>::type[m[Kâ€™ if a type is meant
[0.601s] [01m[K/home/arian/Framework/src/framework/include/framework/base/adjoint_parallel.hpp:86:27:[m[K [01;31m[Kerror: [m[Kbinding reference of type â€˜[01m[Kstd::vector<int>&[m[Kâ€™ to â€˜[01m[Kconst std::vector<int>[m[Kâ€™ discards qualifiers
[0.601s]    86 |             [01;31m[KgetCofactor<T>(iterators_->matrix_a, iterators_->matrix_b, i, j, iterators_->width, iterators_->width)[m[K;
[0.602s]       |             [01;31m[K~~~~~~~~~~~~~~^~~~~~~~~~~~~~~~~~~~~~~~~~~~~~~~~~~~~~~~~~~~~~~~~~~~~~~~~~~~~~~~~~~~~~~~~~~~~~~~~~~~~~~~[m[K
[0.602s] [01m[K/home/arian/Framework/src/framework/include/framework/base/adjoint_parallel.hpp:23:35:[m[K [01;36m[Knote: [m[K  initializing argument 1 of â€˜[01m[Kvoid framework::base::getCofactor(std::vector<T>&, std::vector<T>&, int, int, int, int) [with T = int][m[Kâ€™
[0.602s]    23 | void getCofactor([01;36m[Kstd::vector<T> & A[m[K, std::vector<T> & temp, int p, int q, int n, int width)
[0.602s]       |                  [01;36m[K~~~~~~~~~~~~~~~~~^[m[K
[0.602s] [01m[K/home/arian/Framework/src/framework/include/framework/base/adjoint_parallel.hpp:88:85:[m[K [01;31m[Kerror: [m[Kbinding reference of type â€˜[01m[Kstd::vector<int>&[m[Kâ€™ to â€˜[01m[Kconst std::vector<int>[m[Kâ€™ discards qualifiers
[0.602s]    88 |             iterators_->matrix_c[j * iterators_->width + i] = (sign)*[01;31m[K(determinant<T>(iterators_->matrix_b, iterators_->width - 1, iterators_->size, iterators_->width))[m[K;
[0.602s]       |                                                                      [01;31m[K~~~~~~~~~~~~~~~^~~~~~~~~~~~~~~~~~~~~~~~~~~~~~~~~~~~~~~~~~~~~~~~~~~~~~~~~~~~~~~~~~~~~~~~~~~~~~~~~~~[m[K
[0.602s] [01m[K/home/arian/Framework/src/framework/include/framework/base/adjoint_parallel.hpp:46:32:[m[K [01;36m[Knote: [m[K  initializing argument 1 of â€˜[01m[KT framework::base::determinant(std::vector<T>&, int, int, int) [with T = int][m[Kâ€™
[0.603s]    46 | T determinant([01;36m[Kstd::vector<T> & A[m[K, int n, int size, int width)
[0.603s]       |               [01;36m[K~~~~~~~~~~~~~~~~~^[m[K
[0.627s] make[2]: *** [CMakeFiles/main.dir/build.make:63: CMakeFiles/main.dir/src/main.cpp.o] Error 1
[0.627s] make[1]: *** [CMakeFiles/Makefile2:78: CMakeFiles/main.dir/all] Error 2
[0.627s] make: *** [Makefile:141: all] Error 2
[0.630s] Invoked command in '/home/arian/Framework/build/framework' returned '2': CMAKE_PREFIX_PATH=${CMAKE_PREFIX_PATH}:/home/arian/ros2_foxy/install/ros2bag:/home/arian/ros2_foxy/install/tracetools_launch:/home/arian/ros2_foxy/install/topic_monitor:/home/arian/ros2_foxy/install/examples_tf2_py:/home/arian/ros2_foxy/install/sros2:/home/arian/ros2_foxy/install/rqt_topic:/home/arian/ros2_foxy/install/rqt_reconfigure:/home/arian/ros2_foxy/install/rqt_action:/home/arian/ros2_foxy/install/rqt:/home/arian/ros2_foxy/install/rqt_graph:/home/arian/ros2_foxy/install/rqt_gui_py:/home/arian/ros2_foxy/install/rqt_gui:/home/arian/ros2_foxy/install/ros2trace:/home/arian/ros2_foxy/install/ros2topic:/home/arian/ros2_foxy/install/ros2test:/home/arian/ros2_foxy/install/ros2component:/home/arian/ros2_foxy/install/ros2param:/home/arian/ros2_foxy/install/ros2lifecycle:/home/arian/ros2_foxy/install/ros2service:/home/arian/ros2_foxy/install/ros2run:/home/arian/ros2_foxy/install/ros2launch:/home/arian/ros2_foxy/install/ros2pkg:/home/arian/ros2_foxy/install/ros2node:/home/arian/ros2_foxy/install/ros2multicast:/home/arian/ros2_foxy/install/ros2interface:/home/arian/ros2_foxy/install/ros2doctor:/home/arian/ros2_foxy/install/ros2action:/home/arian/ros2_foxy/install/ros2cli:/home/arian/ros2_foxy/install/quality_of_service_demo_py:/home/arian/ros2_foxy/install/launch_testing_ros:/home/arian/ros2_foxy/install/launch_ros:/home/arian/ros2_foxy/install/examples_rclpy_minimal_subscriber:/home/arian/ros2_foxy/install/examples_rclpy_minimal_service:/home/arian/ros2_foxy/install/examples_rclpy_minimal_publisher:/home/arian/ros2_foxy/install/examples_rclpy_minimal_client:/home/arian/ros2_foxy/install/examples_rclpy_minimal_action_server:/home/arian/ros2_foxy/install/examples_rclpy_minimal_action_client:/home/arian/ros2_foxy/install/examples_rclpy_executors:/home/arian/ros2_foxy/install/demo_nodes_py:/home/arian/ros2_foxy/install/action_tutorials_py:/home/arian/ros2_foxy/install/ament_uncrustify:/home/arian/ros2_foxy/install/tracetools_trace:/home/arian/ros2_foxy/install/tracetools_read:/home/arian/ros2_foxy/install/test_launch_ros:/home/arian/ros2_foxy/install/rpyutils:/home/arian/ros2_foxy/install/rosidl_runtime_py:/home/arian/ros2_foxy/install/launch_yaml:/home/arian/ros2_foxy/install/launch_xml:/home/arian/ros2_foxy/install/launch_testing:/home/arian/ros2_foxy/install/launch:/home/arian/ros2_foxy/install/osrf_pycommon:/home/arian/ros2_foxy/install/domain_coordinator:/home/arian/ros2_foxy/install/ament_xmllint:/home/arian/ros2_foxy/install/ament_pyflakes:/home/arian/ros2_foxy/install/ament_pycodestyle:/home/arian/ros2_foxy/install/ament_pep257:/home/arian/ros2_foxy/install/ament_pclint:/home/arian/ros2_foxy/install/ament_package:/home/arian/ros2_foxy/install/ament_mypy:/home/arian/ros2_foxy/install/ament_lint_cmake:/home/arian/ros2_foxy/install/ament_flake8:/home/arian/ros2_foxy/install/ament_copyright:/home/arian/ros2_foxy/install/ament_lint:/home/arian/ros2_foxy/install/ament_index_python:/home/arian/ros2_foxy/install/ament_cpplint:/home/arian/ros2_foxy/install/ament_cppcheck:/home/arian/ros2_foxy/install/ament_clang_tidy:/home/arian/ros2_foxy/install/ament_clang_format /usr/bin/cmake --build /home/arian/Framework/build/framework -- -j12 -l12
