[0.038s] Invoking command in '/home/arian/Framework/build/framework': CMAKE_PREFIX_PATH=${CMAKE_PREFIX_PATH}:/home/arian/ros2_foxy/install/ros2bag:/home/arian/ros2_foxy/install/tracetools_launch:/home/arian/ros2_foxy/install/topic_monitor:/home/arian/ros2_foxy/install/examples_tf2_py:/home/arian/ros2_foxy/install/sros2:/home/arian/ros2_foxy/install/rqt_topic:/home/arian/ros2_foxy/install/rqt_reconfigure:/home/arian/ros2_foxy/install/rqt_action:/home/arian/ros2_foxy/install/rqt:/home/arian/ros2_foxy/install/rqt_graph:/home/arian/ros2_foxy/install/rqt_gui_py:/home/arian/ros2_foxy/install/rqt_gui:/home/arian/ros2_foxy/install/ros2trace:/home/arian/ros2_foxy/install/ros2topic:/home/arian/ros2_foxy/install/ros2test:/home/arian/ros2_foxy/install/ros2component:/home/arian/ros2_foxy/install/ros2param:/home/arian/ros2_foxy/install/ros2lifecycle:/home/arian/ros2_foxy/install/ros2service:/home/arian/ros2_foxy/install/ros2run:/home/arian/ros2_foxy/install/ros2launch:/home/arian/ros2_foxy/install/ros2pkg:/home/arian/ros2_foxy/install/ros2node:/home/arian/ros2_foxy/install/ros2multicast:/home/arian/ros2_foxy/install/ros2interface:/home/arian/ros2_foxy/install/ros2doctor:/home/arian/ros2_foxy/install/ros2action:/home/arian/ros2_foxy/install/ros2cli:/home/arian/ros2_foxy/install/quality_of_service_demo_py:/home/arian/ros2_foxy/install/launch_testing_ros:/home/arian/ros2_foxy/install/launch_ros:/home/arian/ros2_foxy/install/examples_rclpy_minimal_subscriber:/home/arian/ros2_foxy/install/examples_rclpy_minimal_service:/home/arian/ros2_foxy/install/examples_rclpy_minimal_publisher:/home/arian/ros2_foxy/install/examples_rclpy_minimal_client:/home/arian/ros2_foxy/install/examples_rclpy_minimal_action_server:/home/arian/ros2_foxy/install/examples_rclpy_minimal_action_client:/home/arian/ros2_foxy/install/examples_rclpy_executors:/home/arian/ros2_foxy/install/demo_nodes_py:/home/arian/ros2_foxy/install/action_tutorials_py:/home/arian/ros2_foxy/install/ament_uncrustify:/home/arian/ros2_foxy/install/tracetools_trace:/home/arian/ros2_foxy/install/tracetools_read:/home/arian/ros2_foxy/install/test_launch_ros:/home/arian/ros2_foxy/install/rpyutils:/home/arian/ros2_foxy/install/rosidl_runtime_py:/home/arian/ros2_foxy/install/launch_yaml:/home/arian/ros2_foxy/install/launch_xml:/home/arian/ros2_foxy/install/launch_testing:/home/arian/ros2_foxy/install/launch:/home/arian/ros2_foxy/install/osrf_pycommon:/home/arian/ros2_foxy/install/domain_coordinator:/home/arian/ros2_foxy/install/ament_xmllint:/home/arian/ros2_foxy/install/ament_pyflakes:/home/arian/ros2_foxy/install/ament_pycodestyle:/home/arian/ros2_foxy/install/ament_pep257:/home/arian/ros2_foxy/install/ament_pclint:/home/arian/ros2_foxy/install/ament_package:/home/arian/ros2_foxy/install/ament_mypy:/home/arian/ros2_foxy/install/ament_lint_cmake:/home/arian/ros2_foxy/install/ament_flake8:/home/arian/ros2_foxy/install/ament_copyright:/home/arian/ros2_foxy/install/ament_lint:/home/arian/ros2_foxy/install/ament_index_python:/home/arian/ros2_foxy/install/ament_cpplint:/home/arian/ros2_foxy/install/ament_cppcheck:/home/arian/ros2_foxy/install/ament_clang_tidy:/home/arian/ros2_foxy/install/ament_clang_format /usr/bin/cmake --build /home/arian/Framework/build/framework -- -j12 -l12
[0.117s] [35m[1mScanning dependencies of target main[0m
[0.138s] [ 50%] [32mBuilding CXX object CMakeFiles/main.dir/src/main.cpp.o[0m
[0.214s] In file included from [01m[K/home/arian/Framework/src/framework/src/main.cpp:1[m[K:
[0.214s] [01m[K/home/arian/Framework/src/framework/include/framework/multiply_parallel.hpp:295:[m[K [01;35m[Kwarning: [m[Kignoring #pragma omp parallel [[01;35m[K-Wunknown-pragmas[m[K]
[0.214s]   295 |             #pragma omp parallel num_threads(settings_.THREAD_NUMBER)
[0.214s]       | 
[0.425s] [01m[K/home/arian/Framework/src/framework/src/main.cpp:[m[K In function â€˜[01m[Kint main()[m[Kâ€™:
[0.425s] [01m[K/home/arian/Framework/src/framework/src/main.cpp:23:136:[m[K [01;31m[Kerror: [m[Kno matching function for call to â€˜[01m[Ksettings::settings(long long unsigned int, int&, long long unsigned int, int&)[m[Kâ€™
[0.425s]    23 |   settings input_settings_one = settings(2_THREADS, SCHEDULING_STRATEGY::SCHEDULING_TS, 19_PRIORITY, PARALLELIZATION_STRATEGY::PTHREADS[01;31m[K)[m[K;
[0.426s]       |                                                                                                                                        [01;31m[K^[m[K
[0.426s] In file included from [01m[K/home/arian/Framework/src/framework/include/framework/multiply_parallel.hpp:10[m[K,
[0.426s]                  from [01m[K/home/arian/Framework/src/framework/src/main.cpp:1[m[K:
[0.426s] [01m[K/home/arian/Framework/src/framework/include/framework/settings/settings.hpp:46:9:[m[K [01;36m[Knote: [m[Kcandidate: â€˜[01m[Ksettings::settings(int, int, int, bool, int)[m[Kâ€™
[0.426s]    46 |         [01;36m[Ksettings[m[K(int thread_number_, int sched_strategy_, int priority_, bool affinity_, int parallelization_strategy_) :
[0.426s]       |         [01;36m[K^~~~~~~~[m[K
[0.426s] [01m[K/home/arian/Framework/src/framework/include/framework/settings/settings.hpp:46:9:[m[K [01;36m[Knote: [m[K  candidate expects 5 arguments, 4 provided
[0.426s] In file included from [01m[K/home/arian/Framework/src/framework/include/framework/multiply_parallel.hpp:10[m[K,
[0.426s]                  from [01m[K/home/arian/Framework/src/framework/src/main.cpp:1[m[K:
[0.426s] [01m[K/home/arian/Framework/src/framework/include/framework/settings/settings.hpp:35:9:[m[K [01;36m[Knote: [m[Kcandidate: â€˜[01m[Ksettings::settings(int, int, int, bool, std::vector<int>, int)[m[Kâ€™
[0.426s]    35 |         [01;36m[Ksettings[m[K(int thread_number_, int sched_strategy_, int priority_, bool affinity_, std::vector<int> logical_cpus_, int parallelization_strategy_) :
[0.426s]       |         [01;36m[K^~~~~~~~[m[K
[0.426s] [01m[K/home/arian/Framework/src/framework/include/framework/settings/settings.hpp:35:9:[m[K [01;36m[Knote: [m[K  candidate expects 6 arguments, 4 provided
[0.426s] [01m[K/home/arian/Framework/src/framework/include/framework/settings/settings.hpp:25:9:[m[K [01;36m[Knote: [m[Kcandidate: â€˜[01m[Ksettings::settings(int, int)[m[Kâ€™
[0.426s]    25 |         [01;36m[Ksettings[m[K(int thread_number_, int parallelization_strategy_) :
[0.426s]       |         [01;36m[K^~~~~~~~[m[K
[0.427s] [01m[K/home/arian/Framework/src/framework/include/framework/settings/settings.hpp:25:9:[m[K [01;36m[Knote: [m[K  candidate expects 2 arguments, 4 provided
[0.427s] [01m[K/home/arian/Framework/src/framework/include/framework/settings/settings.hpp:16:9:[m[K [01;36m[Knote: [m[Kcandidate: â€˜[01m[Ksettings::settings()[m[Kâ€™
[0.427s]    16 |         [01;36m[Ksettings[m[K()
[0.427s]       |         [01;36m[K^~~~~~~~[m[K
[0.427s] [01m[K/home/arian/Framework/src/framework/include/framework/settings/settings.hpp:16:9:[m[K [01;36m[Knote: [m[K  candidate expects 0 arguments, 4 provided
[0.427s] [01m[K/home/arian/Framework/src/framework/include/framework/settings/settings.hpp:13:8:[m[K [01;36m[Knote: [m[Kcandidate: â€˜[01m[Ksettings::settings(const settings&)[m[Kâ€™
[0.427s]    13 | struct [01;36m[Ksettings[m[K
[0.427s]       |        [01;36m[K^~~~~~~~[m[K
[0.427s] [01m[K/home/arian/Framework/src/framework/include/framework/settings/settings.hpp:13:8:[m[K [01;36m[Knote: [m[K  candidate expects 1 argument, 4 provided
[0.427s] [01m[K/home/arian/Framework/src/framework/include/framework/settings/settings.hpp:13:8:[m[K [01;36m[Knote: [m[Kcandidate: â€˜[01m[Ksettings::settings(settings&&)[m[Kâ€™
[0.427s] [01m[K/home/arian/Framework/src/framework/include/framework/settings/settings.hpp:13:8:[m[K [01;36m[Knote: [m[K  candidate expects 1 argument, 4 provided
[0.444s] In file included from [01m[K/home/arian/Framework/src/framework/src/main.cpp:4[m[K:
[0.444s] /home/arian/Framework/src/framework/include/framework/generators/generator.hpp: In instantiation of â€˜[01m[Kstatic std::vector<std::vector<T> > generator::generate_inputs(std::initializer_list<int>) [with T = double][m[Kâ€™:
[0.444s] [01m[K/home/arian/Framework/src/framework/src/main.cpp:20:66:[m[K   required from here
[0.444s] [01m[K/home/arian/Framework/src/framework/include/framework/generators/generator.hpp:24:34:[m[K [01;35m[Kwarning: [m[Kcomparison of integer expressions of different signedness: â€˜[01m[Kint[m[Kâ€™ and â€˜[01m[Kstd::vector<double, std::allocator<double> >::size_type[m[Kâ€™ {aka â€˜[01m[Klong unsigned int[m[Kâ€™} [[01;35m[K-Wsign-compare[m[K]
[0.444s]    24 |                 for(int i = 0; i < temp.capacity(); i++)
[0.447s] In file included from [01m[K/home/arian/Framework/src/framework/src/main.cpp:3[m[K:
[0.447s] /home/arian/Framework/src/framework/include/framework/benchmark/benchmark.hpp: In instantiation of â€˜[01m[Kvoid benchmark<T>::execute_all() [with K = std::ratio<1, 1000>; T = double][m[Kâ€™:
[0.447s] [01m[K/home/arian/Framework/src/framework/src/main.cpp:28:63:[m[K   required from here
[0.447s] [01m[K/home/arian/Framework/src/framework/include/framework/benchmark/benchmark.hpp:61:30:[m[K [01;35m[Kwarning: [m[Kcomparison of integer expressions of different signedness: â€˜[01m[Kint[m[Kâ€™ and â€˜[01m[Kstd::vector<settings>::size_type[m[Kâ€™ {aka â€˜[01m[Klong unsigned int[m[Kâ€™} [[01;35m[K-Wsign-compare[m[K]
[0.447s]    61 |             for(int i = 0; [01;35m[Ki < settingss_.size()[m[K; i++)
[0.447s]       |                            [01;35m[K~~^~~~~~~~~~~~~~~~~~~[m[K
[0.447s] [01m[K/home/arian/Framework/src/framework/include/framework/benchmark/benchmark.hpp:70:34:[m[K [01;35m[Kwarning: [m[Kcomparison of integer expressions of different signedness: â€˜[01m[Kint[m[Kâ€™ and â€˜[01m[Kstd::vector<std::vector<double, std::allocator<double> >, std::allocator<std::vector<double, std::allocator<double> > > >::size_type[m[Kâ€™ {aka â€˜[01m[Klong unsigned int[m[Kâ€™} [[01;35m[K-Wsign-compare[m[K]
[0.448s]    70 |                 for(int j = 0; j < inputs_a_.size(); j++)
[0.448s] [01m[K/home/arian/Framework/src/framework/include/framework/benchmark/benchmark.hpp:84:26:[m[K [01;35m[Kwarning: [m[Kcomparison of integer expressions of different signedness: â€˜[01m[Kint[m[Kâ€™ and â€˜[01m[Kstd::vector<std::vector<double, std::allocator<double> >, std::allocator<std::vector<double, std::allocator<double> > > >::size_type[m[Kâ€™ {aka â€˜[01m[Klong unsigned int[m[Kâ€™} [[01;35m[K-Wsign-compare[m[K]
[0.448s]    84 |                     if([01;35m[Kj != inputs_a_.size() - 1[m[K)
[0.448s]       |                        [01;35m[K~~^~~~~~~~~~~~~~~~~~~~~~~[m[K
[0.448s] [01m[K/home/arian/Framework/src/framework/include/framework/benchmark/benchmark.hpp:92:22:[m[K [01;35m[Kwarning: [m[Kcomparison of integer expressions of different signedness: â€˜[01m[Kint[m[Kâ€™ and â€˜[01m[Kstd::vector<settings>::size_type[m[Kâ€™ {aka â€˜[01m[Klong unsigned int[m[Kâ€™} [[01;35m[K-Wsign-compare[m[K]
[0.448s]    92 |                 if([01;35m[Ki == settingss_.size() - 1[m[K)
[0.448s]       |                    [01;35m[K~~^~~~~~~~~~~~~~~~~~~~~~~~[m[K
[0.459s] In file included from [01m[K/home/arian/Framework/src/framework/include/framework/benchmark/benchmark.hpp:10[m[K,
[0.459s]                  from [01m[K/home/arian/Framework/src/framework/src/main.cpp:3[m[K:
[0.459s] /home/arian/Framework/src/framework/include/framework/generators/json_generator.hpp: In instantiation of â€˜[01m[Kjson_generator& json_generator::add(const std::chrono::duration<long int, T>&) [with T = std::ratio<1, 1000>][m[Kâ€™:
[0.459s] [01m[K/home/arian/Framework/src/framework/include/framework/benchmark/benchmark.hpp:58:29:[m[K   required from â€˜[01m[Kvoid benchmark<T>::execute_all() [with K = std::ratio<1, 1000>; T = double][m[Kâ€™
[0.460s] [01m[K/home/arian/Framework/src/framework/src/main.cpp:28:63:[m[K   required from here
[0.460s] [01m[K/home/arian/Framework/src/framework/include/framework/generators/json_generator.hpp:42:70:[m[K [01;35m[Kwarning: [m[Kunused parameter â€˜[01m[Kduration[m[Kâ€™ [[01;35m[K-Wunused-parameter[m[K]
[0.460s]    42 |         json_generator& add([01;35m[Kconst std::chrono::duration<int64_t, T>& duration[m[K)
[0.460s]       |                             [01;35m[K~~~~~~~~~~~~~~~~~~~~~~~~~~~~~~~~~~~~~~~~~^~~~~~~~[m[K
[0.493s] In file included from [01m[K/home/arian/Framework/src/framework/src/main.cpp:1[m[K:
[0.493s] /home/arian/Framework/src/framework/include/framework/multiply_parallel.hpp: In instantiation of â€˜[01m[Kvoid multiply_parallel<T>::execute_openmp(const std::vector<T>&, const std::vector<T>&, std::vector<T>&, const settings&) [with T = double][m[Kâ€™:
[0.493s] [01m[K/home/arian/Framework/src/framework/include/framework/multiply_parallel.hpp:293:14:[m[K   required from here
[0.493s] [01m[K/home/arian/Framework/src/framework/include/framework/multiply_parallel.hpp:293:139:[m[K [01;35m[Kwarning: [m[Kunused parameter â€˜[01m[Ksettings_[m[Kâ€™ [[01;35m[K-Wunused-parameter[m[K]
[0.493s]   293 |         void execute_openmp(const std::vector<T>& matrix_a_, const std::vector<T>& matrix_b_, std::vector<T>& matrix_c_, [01;35m[Kconst settings & settings_[m[K )
[0.493s]       |                                                                                                                          [01;35m[K~~~~~~~~~~~~~~~~~^~~~~~~~~[m[K
[0.512s] make[2]: *** [CMakeFiles/main.dir/build.make:63: CMakeFiles/main.dir/src/main.cpp.o] Error 1
[0.513s] make[1]: *** [CMakeFiles/Makefile2:78: CMakeFiles/main.dir/all] Error 2
[0.513s] make: *** [Makefile:141: all] Error 2
[0.515s] Invoked command in '/home/arian/Framework/build/framework' returned '2': CMAKE_PREFIX_PATH=${CMAKE_PREFIX_PATH}:/home/arian/ros2_foxy/install/ros2bag:/home/arian/ros2_foxy/install/tracetools_launch:/home/arian/ros2_foxy/install/topic_monitor:/home/arian/ros2_foxy/install/examples_tf2_py:/home/arian/ros2_foxy/install/sros2:/home/arian/ros2_foxy/install/rqt_topic:/home/arian/ros2_foxy/install/rqt_reconfigure:/home/arian/ros2_foxy/install/rqt_action:/home/arian/ros2_foxy/install/rqt:/home/arian/ros2_foxy/install/rqt_graph:/home/arian/ros2_foxy/install/rqt_gui_py:/home/arian/ros2_foxy/install/rqt_gui:/home/arian/ros2_foxy/install/ros2trace:/home/arian/ros2_foxy/install/ros2topic:/home/arian/ros2_foxy/install/ros2test:/home/arian/ros2_foxy/install/ros2component:/home/arian/ros2_foxy/install/ros2param:/home/arian/ros2_foxy/install/ros2lifecycle:/home/arian/ros2_foxy/install/ros2service:/home/arian/ros2_foxy/install/ros2run:/home/arian/ros2_foxy/install/ros2launch:/home/arian/ros2_foxy/install/ros2pkg:/home/arian/ros2_foxy/install/ros2node:/home/arian/ros2_foxy/install/ros2multicast:/home/arian/ros2_foxy/install/ros2interface:/home/arian/ros2_foxy/install/ros2doctor:/home/arian/ros2_foxy/install/ros2action:/home/arian/ros2_foxy/install/ros2cli:/home/arian/ros2_foxy/install/quality_of_service_demo_py:/home/arian/ros2_foxy/install/launch_testing_ros:/home/arian/ros2_foxy/install/launch_ros:/home/arian/ros2_foxy/install/examples_rclpy_minimal_subscriber:/home/arian/ros2_foxy/install/examples_rclpy_minimal_service:/home/arian/ros2_foxy/install/examples_rclpy_minimal_publisher:/home/arian/ros2_foxy/install/examples_rclpy_minimal_client:/home/arian/ros2_foxy/install/examples_rclpy_minimal_action_server:/home/arian/ros2_foxy/install/examples_rclpy_minimal_action_client:/home/arian/ros2_foxy/install/examples_rclpy_executors:/home/arian/ros2_foxy/install/demo_nodes_py:/home/arian/ros2_foxy/install/action_tutorials_py:/home/arian/ros2_foxy/install/ament_uncrustify:/home/arian/ros2_foxy/install/tracetools_trace:/home/arian/ros2_foxy/install/tracetools_read:/home/arian/ros2_foxy/install/test_launch_ros:/home/arian/ros2_foxy/install/rpyutils:/home/arian/ros2_foxy/install/rosidl_runtime_py:/home/arian/ros2_foxy/install/launch_yaml:/home/arian/ros2_foxy/install/launch_xml:/home/arian/ros2_foxy/install/launch_testing:/home/arian/ros2_foxy/install/launch:/home/arian/ros2_foxy/install/osrf_pycommon:/home/arian/ros2_foxy/install/domain_coordinator:/home/arian/ros2_foxy/install/ament_xmllint:/home/arian/ros2_foxy/install/ament_pyflakes:/home/arian/ros2_foxy/install/ament_pycodestyle:/home/arian/ros2_foxy/install/ament_pep257:/home/arian/ros2_foxy/install/ament_pclint:/home/arian/ros2_foxy/install/ament_package:/home/arian/ros2_foxy/install/ament_mypy:/home/arian/ros2_foxy/install/ament_lint_cmake:/home/arian/ros2_foxy/install/ament_flake8:/home/arian/ros2_foxy/install/ament_copyright:/home/arian/ros2_foxy/install/ament_lint:/home/arian/ros2_foxy/install/ament_index_python:/home/arian/ros2_foxy/install/ament_cpplint:/home/arian/ros2_foxy/install/ament_cppcheck:/home/arian/ros2_foxy/install/ament_clang_tidy:/home/arian/ros2_foxy/install/ament_clang_format /usr/bin/cmake --build /home/arian/Framework/build/framework -- -j12 -l12
