[35m[1mScanning dependencies of target main[0m
[ 50%] [32mBuilding CXX object CMakeFiles/main.dir/src/main.cpp.o[0m
In file included from [01m[K/home/arian/Framework/src/framework/src/main.cpp:6[m[K:
[01m[K/home/arian/Framework/src/framework/include/framework/multiply_parallel.hpp:57:33:[m[K [01;31m[Kerror: [m[Kexpected unqualified-id before â€˜[01m[Kvoid[m[Kâ€™
   57 |                 static  void*(*([01;31m[Kvoid[m[K*)) multiply_function_helper_(void* context)
      |                                 [01;31m[K^~~~[m[K
[01m[K/home/arian/Framework/src/framework/include/framework/multiply_parallel.hpp:57:33:[m[K [01;31m[Kerror: [m[Kexpected â€˜[01m[K)[m[Kâ€™ before â€˜[01m[Kvoid[m[Kâ€™
   57 |                 static  void*(*[34m[K([m[K[01;31m[Kv[m[K[32m[Koid[m[K*)) multiply_function_helper_(void* context)
      |                                [34m[K~[m[K[01;31m[K^[m[K[32m[K~~~[m[K
      |                                 [32m[K)[m[K
[01m[K/home/arian/Framework/src/framework/include/framework/multiply_parallel.hpp:57:33:[m[K [01;31m[Kerror: [m[Kexpected â€˜[01m[K)[m[Kâ€™ before â€˜[01m[Kvoid[m[Kâ€™
   57 |                 static  void*[34m[K([m[K*([01;31m[Kv[m[K[32m[Koid[m[K*)) multiply_function_helper_(void* context)
      |                              [34m[K~[m[K  [01;31m[K^[m[K[32m[K~~~[m[K
      |                                 [32m[K)[m[K
[01m[K/home/arian/Framework/src/framework/include/framework/multiply_parallel.hpp:[m[K In member function â€˜[01m[Kvoid framework::utilities::Multiply::run(int**, int**)[m[Kâ€™:
[01m[K/home/arian/Framework/src/framework/include/framework/multiply_parallel.hpp:29:91:[m[K [01;31m[Kerror: [m[Kâ€˜[01m[Kmultiply_function_helper[m[Kâ€™ is not a member of â€˜[01m[Kframework::utilities::Multiply[m[Kâ€™
   29 |                         pthread_create(&threads[i], NULL, framework::utilities::Multiply::[01;31m[Kmultiply_function_helper[m[K , NULL);
      |                                                                                           [01;31m[K^~~~~~~~~~~~~~~~~~~~~~~~[m[K
[01m[K/home/arian/Framework/src/framework/src/main.cpp:[m[K In function â€˜[01m[Kint main(int, const char**)[m[Kâ€™:
[01m[K/home/arian/Framework/src/framework/src/main.cpp:12:14:[m[K [01;35m[Kwarning: [m[Kunused parameter â€˜[01m[Kargc[m[Kâ€™ [[01;35m[K-Wunused-parameter[m[K]
   12 | int main([01;35m[Kint argc[m[K, const char ** argv)
      |          [01;35m[K~~~~^~~~[m[K
[01m[K/home/arian/Framework/src/framework/src/main.cpp:12:34:[m[K [01;35m[Kwarning: [m[Kunused parameter â€˜[01m[Kargv[m[Kâ€™ [[01;35m[K-Wunused-parameter[m[K]
   12 | int main(int argc, [01;35m[Kconst char ** argv[m[K)
      |                    [01;35m[K~~~~~~~~~~~~~~^~~~[m[K
make[2]: *** [CMakeFiles/main.dir/build.make:63: CMakeFiles/main.dir/src/main.cpp.o] Error 1
make[1]: *** [CMakeFiles/Makefile2:78: CMakeFiles/main.dir/all] Error 2
make: *** [Makefile:141: all] Error 2
