[35m[1mScanning dependencies of target minimal_examples[0m
[ 50%] Built target starting_point
[ 75%] [32mBuilding CXX object CMakeFiles/minimal_examples.dir/src/minimal_examples.cpp.o[0m
In file included from [01m[K/home/arian/dev_ws/src/starting_point/src/minimal_examples.cpp:2[m[K:
/usr/include/c++/9/functional: In instantiation of â€˜[01m[Kstruct std::_Bind_check_arity<void (MinimalPublisherNonBlockingThread::*)(std::promise<bool>), MinimalPublisherNonBlockingThread*>[m[Kâ€™:
[01m[K/usr/include/c++/9/functional:787:12:[m[K   required from â€˜[01m[Kstruct std::_Bind_helper<false, void (MinimalPublisherNonBlockingThread::*)(std::promise<bool>), MinimalPublisherNonBlockingThread*>[m[Kâ€™
[01m[K/usr/include/c++/9/functional:808:5:[m[K   required by substitution of â€˜[01m[Ktemplate<class _Func, class ... _BoundArgs> typename std::_Bind_helper<std::__is_socketlike<_Func>::value, _Func, _BoundArgs ...>::type std::bind(_Func&&, _BoundArgs&& ...) [with _Func = void (MinimalPublisherNonBlockingThread::*)(std::promise<bool>); _BoundArgs = {MinimalPublisherNonBlockingThread*}][m[Kâ€™
[01m[K/home/arian/dev_ws/src/starting_point/src/minimal_examples.cpp:131:88:[m[K   required from here
[01m[K/usr/include/c++/9/functional:775:7:[m[K [01;31m[Kerror: [m[Kstatic assertion failed: Wrong number of arguments for pointer-to-member
  774 |       static_assert(_Varargs::[01;31m[Kvalue[m[K
      |                               [01;31m[K~~~~~[m[K
  775 | [01;31m[K      ? sizeof...(_BoundArgs) >= _Arity::value + 1[m[K
      |       [01;31m[K^~~~~~~~~~~~~~~~~~~~~~~~~~~~~~~~~~~~~~~~~~~~[m[K
  776 | [01;31m[K      : sizeof...(_BoundArgs) == _Arity::value + 1[m[K,
      |       [01;31m[K~~~~~~~~~~~~~~~~~~~~~~~~~~~~~~~~~~~~~~~~~~~~[m[K
In file included from [01m[K/home/arian/dev_ws/src/starting_point/src/minimal_examples.cpp:5[m[K:
/usr/include/c++/9/thread: In instantiation of â€˜[01m[Kstd::thread::thread(_Callable&&, _Args&& ...) [with _Callable = std::_Bind<void (MinimalPublisherNonBlockingThread::*(MinimalPublisherNonBlockingThread*))(std::promise<bool>)>; _Args = {std::promise<bool>}; <template-parameter-1-3> = void][m[Kâ€™:
[01m[K/home/arian/dev_ws/src/starting_point/src/minimal_examples.cpp:131:109:[m[K   required from here
[01m[K/usr/include/c++/9/thread:120:44:[m[K [01;31m[Kerror: [m[Kstatic assertion failed: std::thread arguments must be invocable after conversion to rvalues
  120 |           typename decay<_Args>::type...>::[01;31m[Kvalue[m[K,
      |                                            [01;31m[K^~~~~[m[K
/usr/include/c++/9/thread: In instantiation of â€˜[01m[Kstruct std::thread::_Invoker<std::tuple<std::_Bind<void (MinimalPublisherNonBlockingThread::*(MinimalPublisherNonBlockingThread*))(std::promise<bool>)>, std::promise<bool> > >[m[Kâ€™:
[01m[K/usr/include/c++/9/thread:131:22:[m[K   required from â€˜[01m[Kstd::thread::thread(_Callable&&, _Args&& ...) [with _Callable = std::_Bind<void (MinimalPublisherNonBlockingThread::*(MinimalPublisherNonBlockingThread*))(std::promise<bool>)>; _Args = {std::promise<bool>}; <template-parameter-1-3> = void][m[Kâ€™
[01m[K/home/arian/dev_ws/src/starting_point/src/minimal_examples.cpp:131:109:[m[K   required from here
[01m[K/usr/include/c++/9/thread:243:4:[m[K [01;31m[Kerror: [m[Kno type named â€˜[01m[Ktype[m[Kâ€™ in â€˜[01m[Kstruct std::thread::_Invoker<std::tuple<std::_Bind<void (MinimalPublisherNonBlockingThread::*(MinimalPublisherNonBlockingThread*))(std::promise<bool>)>, std::promise<bool> > >::__result<std::tuple<std::_Bind<void (MinimalPublisherNonBlockingThread::*(MinimalPublisherNonBlockingThread*))(std::promise<bool>)>, std::promise<bool> > >[m[Kâ€™
  243 |    [01;31m[K_M_invoke[m[K(_Index_tuple<_Ind...>)
      |    [01;31m[K^~~~~~~~~[m[K
[01m[K/usr/include/c++/9/thread:247:2:[m[K [01;31m[Kerror: [m[Kno type named â€˜[01m[Ktype[m[Kâ€™ in â€˜[01m[Kstruct std::thread::_Invoker<std::tuple<std::_Bind<void (MinimalPublisherNonBlockingThread::*(MinimalPublisherNonBlockingThread*))(std::promise<bool>)>, std::promise<bool> > >::__result<std::tuple<std::_Bind<void (MinimalPublisherNonBlockingThread::*(MinimalPublisherNonBlockingThread*))(std::promise<bool>)>, std::promise<bool> > >[m[Kâ€™
  247 |  [01;31m[Koperator[m[K()()
      |  [01;31m[K^~~~~~~~[m[K
make[2]: *** [CMakeFiles/minimal_examples.dir/build.make:63: CMakeFiles/minimal_examples.dir/src/minimal_examples.cpp.o] Error 1
make[1]: *** [CMakeFiles/Makefile2:80: CMakeFiles/minimal_examples.dir/all] Error 2
make: *** [Makefile:141: all] Error 2
