[0.037s] Invoking command in '/home/arian/Framework/build/framework': CMAKE_PREFIX_PATH=${CMAKE_PREFIX_PATH}:/home/arian/ros2_foxy/install/ros2bag:/home/arian/ros2_foxy/install/tracetools_launch:/home/arian/ros2_foxy/install/topic_monitor:/home/arian/ros2_foxy/install/examples_tf2_py:/home/arian/ros2_foxy/install/sros2:/home/arian/ros2_foxy/install/rqt_topic:/home/arian/ros2_foxy/install/rqt_reconfigure:/home/arian/ros2_foxy/install/rqt_action:/home/arian/ros2_foxy/install/rqt:/home/arian/ros2_foxy/install/rqt_graph:/home/arian/ros2_foxy/install/rqt_gui_py:/home/arian/ros2_foxy/install/rqt_gui:/home/arian/ros2_foxy/install/ros2trace:/home/arian/ros2_foxy/install/ros2topic:/home/arian/ros2_foxy/install/ros2test:/home/arian/ros2_foxy/install/ros2component:/home/arian/ros2_foxy/install/ros2param:/home/arian/ros2_foxy/install/ros2lifecycle:/home/arian/ros2_foxy/install/ros2service:/home/arian/ros2_foxy/install/ros2run:/home/arian/ros2_foxy/install/ros2launch:/home/arian/ros2_foxy/install/ros2pkg:/home/arian/ros2_foxy/install/ros2node:/home/arian/ros2_foxy/install/ros2multicast:/home/arian/ros2_foxy/install/ros2interface:/home/arian/ros2_foxy/install/ros2doctor:/home/arian/ros2_foxy/install/ros2action:/home/arian/ros2_foxy/install/ros2cli:/home/arian/ros2_foxy/install/quality_of_service_demo_py:/home/arian/ros2_foxy/install/launch_testing_ros:/home/arian/ros2_foxy/install/launch_ros:/home/arian/ros2_foxy/install/examples_rclpy_minimal_subscriber:/home/arian/ros2_foxy/install/examples_rclpy_minimal_service:/home/arian/ros2_foxy/install/examples_rclpy_minimal_publisher:/home/arian/ros2_foxy/install/examples_rclpy_minimal_client:/home/arian/ros2_foxy/install/examples_rclpy_minimal_action_server:/home/arian/ros2_foxy/install/examples_rclpy_minimal_action_client:/home/arian/ros2_foxy/install/examples_rclpy_executors:/home/arian/ros2_foxy/install/demo_nodes_py:/home/arian/ros2_foxy/install/action_tutorials_py:/home/arian/ros2_foxy/install/ament_uncrustify:/home/arian/ros2_foxy/install/tracetools_trace:/home/arian/ros2_foxy/install/tracetools_read:/home/arian/ros2_foxy/install/test_launch_ros:/home/arian/ros2_foxy/install/rpyutils:/home/arian/ros2_foxy/install/rosidl_runtime_py:/home/arian/ros2_foxy/install/launch_yaml:/home/arian/ros2_foxy/install/launch_xml:/home/arian/ros2_foxy/install/launch_testing:/home/arian/ros2_foxy/install/launch:/home/arian/ros2_foxy/install/osrf_pycommon:/home/arian/ros2_foxy/install/domain_coordinator:/home/arian/ros2_foxy/install/ament_xmllint:/home/arian/ros2_foxy/install/ament_pyflakes:/home/arian/ros2_foxy/install/ament_pycodestyle:/home/arian/ros2_foxy/install/ament_pep257:/home/arian/ros2_foxy/install/ament_pclint:/home/arian/ros2_foxy/install/ament_package:/home/arian/ros2_foxy/install/ament_mypy:/home/arian/ros2_foxy/install/ament_lint_cmake:/home/arian/ros2_foxy/install/ament_flake8:/home/arian/ros2_foxy/install/ament_copyright:/home/arian/ros2_foxy/install/ament_lint:/home/arian/ros2_foxy/install/ament_index_python:/home/arian/ros2_foxy/install/ament_cpplint:/home/arian/ros2_foxy/install/ament_cppcheck:/home/arian/ros2_foxy/install/ament_clang_tidy:/home/arian/ros2_foxy/install/ament_clang_format /usr/bin/cmake --build /home/arian/Framework/build/framework -- -j12 -l12
[0.118s] [35m[1mScanning dependencies of target main[0m
[0.156s] [ 50%] [32mBuilding CXX object CMakeFiles/main.dir/src/main.cpp.o[0m
[0.307s] In file included from [01m[K/home/arian/Framework/src/framework/src/main.cpp:12[m[K:
[0.307s] [01m[K/home/arian/Framework/src/framework/include/framework/multiply_parallel.hpp:456:[m[K [01;35m[Kwarning: [m[Kignoring #pragma omp parallel [[01;35m[K-Wunknown-pragmas[m[K]
[0.308s]   456 |             #pragma omp parallel num_threads(settings_.THREAD_NUMBER)
[0.308s]       | 
[1.267s] [01m[K/home/arian/Framework/src/framework/src/main.cpp:[m[K In function â€˜[01m[Kint main()[m[Kâ€™:
[1.267s] [01m[K/home/arian/Framework/src/framework/src/main.cpp:120:19:[m[K [01;31m[Kerror: [m[Kâ€˜[01m[Ksingle_generator[m[Kâ€™ is not a template
[1.267s]   120 |   auto matrix_a = [01;31m[Ksingle_generator[m[K<double>::generate_input(200);
[1.267s]       |                   [01;31m[K^~~~~~~~~~~~~~~~[m[K
[1.269s] [01m[K/home/arian/Framework/src/framework/src/main.cpp:121:19:[m[K [01;31m[Kerror: [m[Kâ€˜[01m[Ksingle_generator[m[Kâ€™ is not a template
[1.269s]   121 |   auto matrix_b = [01;31m[Ksingle_generator[m[K<double>::generate_input(200);
[1.269s]       |                   [01;31m[K^~~~~~~~~~~~~~~~[m[K
[1.269s] [01m[K/home/arian/Framework/src/framework/src/main.cpp:122:24:[m[K [01;31m[Kerror: [m[Kâ€˜[01m[Ksingle_generator[m[Kâ€™ is not a template
[1.269s]   122 |   auto matrix_result = [01;31m[Ksingle_generator[m[K<double>::generate_input(200);
[1.269s]       |                        [01;31m[K^~~~~~~~~~~~~~~~[m[K
[1.269s] [01m[K/home/arian/Framework/src/framework/src/main.cpp:125:76:[m[K [01;31m[Kerror: [m[Kno matching function for call to â€˜[01m[Kmultiply_parallel<double>::multiply_parallel(std::vector<int>&, std::vector<int>&, std::vector<int>&, settings&)[m[Kâ€™
[1.269s]   125 |   multiply_parallel<double> mp(matrix_a, matrix_b, matrix_result, settings_[01;31m[K)[m[K;
[1.269s]       |                                                                            [01;31m[K^[m[K
[1.269s] In file included from [01m[K/home/arian/Framework/src/framework/src/main.cpp:12[m[K:
[1.270s] [01m[K/home/arian/Framework/src/framework/include/framework/multiply_parallel.hpp:222:9:[m[K [01;36m[Knote: [m[Kcandidate: â€˜[01m[Kmultiply_parallel<T>::multiply_parallel(const std::vector<BufferT>&, std::vector<BufferT>&, const settings&) [with T = double][m[Kâ€™
[1.270s]   222 |         [01;36m[Kmultiply_parallel[m[K(const std::vector<T>& matrix_a_, std::vector<T>& matrix_c_, const settings & settings_) : name("multiply_parallel")
[1.270s]       |         [01;36m[K^~~~~~~~~~~~~~~~~[m[K
[1.270s] [01m[K/home/arian/Framework/src/framework/include/framework/multiply_parallel.hpp:222:9:[m[K [01;36m[Knote: [m[K  candidate expects 3 arguments, 4 provided
[1.270s] [01m[K/home/arian/Framework/src/framework/include/framework/multiply_parallel.hpp:216:9:[m[K [01;36m[Knote: [m[Kcandidate: â€˜[01m[Kmultiply_parallel<T>::multiply_parallel(const std::vector<BufferT>&, const std::vector<BufferT>&, std::vector<BufferT>&, const settings&) [with T = double][m[Kâ€™
[1.270s]   216 |         [01;36m[Kmultiply_parallel[m[K(const std::vector<T>& matrix_a_, const std::vector<T>& matrix_b_, std::vector<T>& matrix_c_, const settings & settings_) : name("multiply_parallel")
[1.270s]       |         [01;36m[K^~~~~~~~~~~~~~~~~[m[K
[1.270s] [01m[K/home/arian/Framework/src/framework/include/framework/multiply_parallel.hpp:216:49:[m[K [01;36m[Knote: [m[K  no known conversion for argument 1 from â€˜[01m[Kstd::vector<int>[m[Kâ€™ to â€˜[01m[Kconst std::vector<double, std::allocator<double> >&[m[Kâ€™
[1.270s]   216 |         multiply_parallel([01;36m[Kconst std::vector<T>& matrix_a_[m[K, const std::vector<T>& matrix_b_, std::vector<T>& matrix_c_, const settings & settings_) : name("multiply_parallel")
[1.270s]       |                           [01;36m[K~~~~~~~~~~~~~~~~~~~~~~^~~~~~~~~[m[K
[1.270s] [01m[K/home/arian/Framework/src/framework/include/framework/multiply_parallel.hpp:211:9:[m[K [01;36m[Knote: [m[Kcandidate: â€˜[01m[Kmultiply_parallel<T>::multiply_parallel() [with T = double][m[Kâ€™
[1.270s]   211 |         [01;36m[Kmultiply_parallel[m[K() : name("multiply_parallel")
[1.270s]       |         [01;36m[K^~~~~~~~~~~~~~~~~[m[K
[1.270s] [01m[K/home/arian/Framework/src/framework/include/framework/multiply_parallel.hpp:211:9:[m[K [01;36m[Knote: [m[K  candidate expects 0 arguments, 4 provided
[1.270s] [01m[K/home/arian/Framework/src/framework/include/framework/multiply_parallel.hpp:207:7:[m[K [01;36m[Knote: [m[Kcandidate: â€˜[01m[Kmultiply_parallel<double>::multiply_parallel(const multiply_parallel<double>&)[m[Kâ€™
[1.270s]   207 | class [01;36m[Kmultiply_parallel[m[K : public base_parallel<T>
[1.270s]       |       [01;36m[K^~~~~~~~~~~~~~~~~[m[K
[1.270s] [01m[K/home/arian/Framework/src/framework/include/framework/multiply_parallel.hpp:207:7:[m[K [01;36m[Knote: [m[K  candidate expects 1 argument, 4 provided
[1.271s] [01m[K/home/arian/Framework/src/framework/include/framework/multiply_parallel.hpp:207:7:[m[K [01;36m[Knote: [m[Kcandidate: â€˜[01m[Kmultiply_parallel<double>::multiply_parallel(multiply_parallel<double>&&)[m[Kâ€™
[1.271s] [01m[K/home/arian/Framework/src/framework/include/framework/multiply_parallel.hpp:207:7:[m[K [01;36m[Knote: [m[K  candidate expects 1 argument, 4 provided
[1.334s] /home/arian/Framework/src/framework/include/framework/multiply_parallel.hpp: In instantiation of â€˜[01m[Kstatic std::vector<BufferT> single_generator::generate_input(int) [with T = int][m[Kâ€™:
[1.334s] [01m[K/home/arian/Framework/src/framework/src/main.cpp:120:63:[m[K   required from here
[1.334s] [01m[K/home/arian/Framework/src/framework/include/framework/multiply_parallel.hpp:484:30:[m[K [01;35m[Kwarning: [m[Kcomparison of integer expressions of different signedness: â€˜[01m[Kint[m[Kâ€™ and â€˜[01m[Kstd::vector<int>::size_type[m[Kâ€™ {aka â€˜[01m[Klong unsigned int[m[Kâ€™} [[01;35m[K-Wsign-compare[m[K]
[1.334s]   484 |             for(int i = 0; i < temp.capacity(); i++)
[1.530s] /home/arian/Framework/src/framework/include/framework/multiply_parallel.hpp: In instantiation of â€˜[01m[Kvoid multiply_parallel<T>::execute_openmp(const std::vector<BufferT>&, const std::vector<BufferT>&, std::vector<BufferT>&, const settings&) [with T = double][m[Kâ€™:
[1.530s] [01m[K/home/arian/Framework/src/framework/include/framework/multiply_parallel.hpp:454:14:[m[K   required from here
[1.530s] [01m[K/home/arian/Framework/src/framework/include/framework/multiply_parallel.hpp:454:139:[m[K [01;35m[Kwarning: [m[Kunused parameter â€˜[01m[Ksettings_[m[Kâ€™ [[01;35m[K-Wunused-parameter[m[K]
[1.531s]   454 |         void execute_openmp(const std::vector<T>& matrix_a_, const std::vector<T>& matrix_b_, std::vector<T>& matrix_c_, [01;35m[Kconst settings & settings_[m[K )
[1.531s]       |                                                                                                                          [01;35m[K~~~~~~~~~~~~~~~~~^~~~~~~~~[m[K
[1.578s] make[2]: *** [CMakeFiles/main.dir/build.make:63: CMakeFiles/main.dir/src/main.cpp.o] Error 1
[1.578s] make[1]: *** [CMakeFiles/Makefile2:78: CMakeFiles/main.dir/all] Error 2
[1.579s] make: *** [Makefile:141: all] Error 2
[1.580s] Invoked command in '/home/arian/Framework/build/framework' returned '2': CMAKE_PREFIX_PATH=${CMAKE_PREFIX_PATH}:/home/arian/ros2_foxy/install/ros2bag:/home/arian/ros2_foxy/install/tracetools_launch:/home/arian/ros2_foxy/install/topic_monitor:/home/arian/ros2_foxy/install/examples_tf2_py:/home/arian/ros2_foxy/install/sros2:/home/arian/ros2_foxy/install/rqt_topic:/home/arian/ros2_foxy/install/rqt_reconfigure:/home/arian/ros2_foxy/install/rqt_action:/home/arian/ros2_foxy/install/rqt:/home/arian/ros2_foxy/install/rqt_graph:/home/arian/ros2_foxy/install/rqt_gui_py:/home/arian/ros2_foxy/install/rqt_gui:/home/arian/ros2_foxy/install/ros2trace:/home/arian/ros2_foxy/install/ros2topic:/home/arian/ros2_foxy/install/ros2test:/home/arian/ros2_foxy/install/ros2component:/home/arian/ros2_foxy/install/ros2param:/home/arian/ros2_foxy/install/ros2lifecycle:/home/arian/ros2_foxy/install/ros2service:/home/arian/ros2_foxy/install/ros2run:/home/arian/ros2_foxy/install/ros2launch:/home/arian/ros2_foxy/install/ros2pkg:/home/arian/ros2_foxy/install/ros2node:/home/arian/ros2_foxy/install/ros2multicast:/home/arian/ros2_foxy/install/ros2interface:/home/arian/ros2_foxy/install/ros2doctor:/home/arian/ros2_foxy/install/ros2action:/home/arian/ros2_foxy/install/ros2cli:/home/arian/ros2_foxy/install/quality_of_service_demo_py:/home/arian/ros2_foxy/install/launch_testing_ros:/home/arian/ros2_foxy/install/launch_ros:/home/arian/ros2_foxy/install/examples_rclpy_minimal_subscriber:/home/arian/ros2_foxy/install/examples_rclpy_minimal_service:/home/arian/ros2_foxy/install/examples_rclpy_minimal_publisher:/home/arian/ros2_foxy/install/examples_rclpy_minimal_client:/home/arian/ros2_foxy/install/examples_rclpy_minimal_action_server:/home/arian/ros2_foxy/install/examples_rclpy_minimal_action_client:/home/arian/ros2_foxy/install/examples_rclpy_executors:/home/arian/ros2_foxy/install/demo_nodes_py:/home/arian/ros2_foxy/install/action_tutorials_py:/home/arian/ros2_foxy/install/ament_uncrustify:/home/arian/ros2_foxy/install/tracetools_trace:/home/arian/ros2_foxy/install/tracetools_read:/home/arian/ros2_foxy/install/test_launch_ros:/home/arian/ros2_foxy/install/rpyutils:/home/arian/ros2_foxy/install/rosidl_runtime_py:/home/arian/ros2_foxy/install/launch_yaml:/home/arian/ros2_foxy/install/launch_xml:/home/arian/ros2_foxy/install/launch_testing:/home/arian/ros2_foxy/install/launch:/home/arian/ros2_foxy/install/osrf_pycommon:/home/arian/ros2_foxy/install/domain_coordinator:/home/arian/ros2_foxy/install/ament_xmllint:/home/arian/ros2_foxy/install/ament_pyflakes:/home/arian/ros2_foxy/install/ament_pycodestyle:/home/arian/ros2_foxy/install/ament_pep257:/home/arian/ros2_foxy/install/ament_pclint:/home/arian/ros2_foxy/install/ament_package:/home/arian/ros2_foxy/install/ament_mypy:/home/arian/ros2_foxy/install/ament_lint_cmake:/home/arian/ros2_foxy/install/ament_flake8:/home/arian/ros2_foxy/install/ament_copyright:/home/arian/ros2_foxy/install/ament_lint:/home/arian/ros2_foxy/install/ament_index_python:/home/arian/ros2_foxy/install/ament_cpplint:/home/arian/ros2_foxy/install/ament_cppcheck:/home/arian/ros2_foxy/install/ament_clang_tidy:/home/arian/ros2_foxy/install/ament_clang_format /usr/bin/cmake --build /home/arian/Framework/build/framework -- -j12 -l12
