[0.038s] Invoking command in '/home/arian/Framework/build/framework': CMAKE_PREFIX_PATH=${CMAKE_PREFIX_PATH}:/home/arian/ros2_foxy/install/ros2bag:/home/arian/ros2_foxy/install/tracetools_launch:/home/arian/ros2_foxy/install/topic_monitor:/home/arian/ros2_foxy/install/examples_tf2_py:/home/arian/ros2_foxy/install/sros2:/home/arian/ros2_foxy/install/rqt_topic:/home/arian/ros2_foxy/install/rqt_reconfigure:/home/arian/ros2_foxy/install/rqt_action:/home/arian/ros2_foxy/install/rqt:/home/arian/ros2_foxy/install/rqt_graph:/home/arian/ros2_foxy/install/rqt_gui_py:/home/arian/ros2_foxy/install/rqt_gui:/home/arian/ros2_foxy/install/ros2trace:/home/arian/ros2_foxy/install/ros2topic:/home/arian/ros2_foxy/install/ros2test:/home/arian/ros2_foxy/install/ros2component:/home/arian/ros2_foxy/install/ros2param:/home/arian/ros2_foxy/install/ros2lifecycle:/home/arian/ros2_foxy/install/ros2service:/home/arian/ros2_foxy/install/ros2run:/home/arian/ros2_foxy/install/ros2launch:/home/arian/ros2_foxy/install/ros2pkg:/home/arian/ros2_foxy/install/ros2node:/home/arian/ros2_foxy/install/ros2multicast:/home/arian/ros2_foxy/install/ros2interface:/home/arian/ros2_foxy/install/ros2doctor:/home/arian/ros2_foxy/install/ros2action:/home/arian/ros2_foxy/install/ros2cli:/home/arian/ros2_foxy/install/quality_of_service_demo_py:/home/arian/ros2_foxy/install/launch_testing_ros:/home/arian/ros2_foxy/install/launch_ros:/home/arian/ros2_foxy/install/examples_rclpy_minimal_subscriber:/home/arian/ros2_foxy/install/examples_rclpy_minimal_service:/home/arian/ros2_foxy/install/examples_rclpy_minimal_publisher:/home/arian/ros2_foxy/install/examples_rclpy_minimal_client:/home/arian/ros2_foxy/install/examples_rclpy_minimal_action_server:/home/arian/ros2_foxy/install/examples_rclpy_minimal_action_client:/home/arian/ros2_foxy/install/examples_rclpy_executors:/home/arian/ros2_foxy/install/demo_nodes_py:/home/arian/ros2_foxy/install/action_tutorials_py:/home/arian/ros2_foxy/install/ament_uncrustify:/home/arian/ros2_foxy/install/tracetools_trace:/home/arian/ros2_foxy/install/tracetools_read:/home/arian/ros2_foxy/install/test_launch_ros:/home/arian/ros2_foxy/install/rpyutils:/home/arian/ros2_foxy/install/rosidl_runtime_py:/home/arian/ros2_foxy/install/launch_yaml:/home/arian/ros2_foxy/install/launch_xml:/home/arian/ros2_foxy/install/launch_testing:/home/arian/ros2_foxy/install/launch:/home/arian/ros2_foxy/install/osrf_pycommon:/home/arian/ros2_foxy/install/domain_coordinator:/home/arian/ros2_foxy/install/ament_xmllint:/home/arian/ros2_foxy/install/ament_pyflakes:/home/arian/ros2_foxy/install/ament_pycodestyle:/home/arian/ros2_foxy/install/ament_pep257:/home/arian/ros2_foxy/install/ament_pclint:/home/arian/ros2_foxy/install/ament_package:/home/arian/ros2_foxy/install/ament_mypy:/home/arian/ros2_foxy/install/ament_lint_cmake:/home/arian/ros2_foxy/install/ament_flake8:/home/arian/ros2_foxy/install/ament_copyright:/home/arian/ros2_foxy/install/ament_lint:/home/arian/ros2_foxy/install/ament_index_python:/home/arian/ros2_foxy/install/ament_cpplint:/home/arian/ros2_foxy/install/ament_cppcheck:/home/arian/ros2_foxy/install/ament_clang_tidy:/home/arian/ros2_foxy/install/ament_clang_format /usr/bin/cmake --build /home/arian/Framework/build/framework -- -j12 -l12
[0.120s] [35m[1mScanning dependencies of target main[0m
[0.163s] [ 50%] [32mBuilding CXX object CMakeFiles/main.dir/src/main.cpp.o[0m
[1.255s] In file included from [01m[K/home/arian/Framework/src/framework/src/main.cpp:7[m[K:
[1.255s] [01m[K/home/arian/Framework/src/framework/include/framework/multiply_parallel.hpp:[m[K In constructor â€˜[01m[Kframework::utilities::matrix::matrix(int**)[m[Kâ€™:
[1.255s] [01m[K/home/arian/Framework/src/framework/include/framework/multiply_parallel.hpp:21:26:[m[K [01;35m[Kwarning: [m[Kunused parameter â€˜[01m[Kmatrix[m[Kâ€™ [[01;35m[K-Wunused-parameter[m[K]
[1.255s]    21 |             matrix([01;35m[Kint** matrix[m[K)
[1.255s]       |                    [01;35m[K~~~~~~^~~~~~[m[K
[1.256s] In file included from [01m[K/home/arian/Framework/src/framework/src/main.cpp:7[m[K:
[1.256s] [01m[K/home/arian/Framework/src/framework/include/framework/multiply_parallel.hpp:[m[K In function â€˜[01m[Kvoid* framework::matrix_utilities::parallel_multiply_pthread_2(void*)[m[Kâ€™:
[1.256s] [01m[K/home/arian/Framework/src/framework/include/framework/multiply_parallel.hpp:96:48:[m[K [01;31m[Kerror: [m[Kcannot convert â€˜[01m[Kchar**[m[Kâ€™ to â€˜[01m[Kchar*[m[Kâ€™
[1.256s]    96 |             pthread_getname_np(pthread_self(), [01;31m[Kthread_name[m[K, sizeof(char) * 30);
[1.256s]       |                                                [01;31m[K^~~~~~~~~~~[m[K
[1.256s]       |                                                [01;31m[K|[m[K
[1.257s]       |                                                [01;31m[Kchar**[m[K
[1.257s] In file included from [01m[K/usr/include/x86_64-linux-gnu/c++/9/bits/gthr-default.h:35[m[K,
[1.257s]                  from [01m[K/usr/include/x86_64-linux-gnu/c++/9/bits/gthr.h:148[m[K,
[1.257s]                  from [01m[K/usr/include/c++/9/ext/atomicity.h:35[m[K,
[1.257s]                  from [01m[K/usr/include/c++/9/bits/ios_base.h:39[m[K,
[1.257s]                  from [01m[K/usr/include/c++/9/ios:42[m[K,
[1.257s]                  from [01m[K/usr/include/c++/9/ostream:38[m[K,
[1.257s]                  from [01m[K/usr/include/c++/9/iostream:39[m[K,
[1.257s]                  from [01m[K/home/arian/Framework/src/framework/src/main.cpp:1[m[K:
[1.257s] [01m[K/usr/include/pthread.h:422:65:[m[K [01;36m[Knote: [m[K  initializing argument 2 of â€˜[01m[Kint pthread_getname_np(pthread_t, char*, size_t)[m[Kâ€™
[1.257s]   422 | extern int pthread_getname_np (pthread_t __target_thread, [01;36m[Kchar *__buf[m[K,
[1.257s]       |                                                           [01;36m[K~~~~~~^~~~~[m[K
[1.257s] In file included from [01m[K/home/arian/Framework/src/framework/src/main.cpp:7[m[K:
[1.258s] [01m[K/home/arian/Framework/src/framework/include/framework/multiply_parallel.hpp:92:53:[m[K [01;35m[Kwarning: [m[Kunused variable â€˜[01m[Kmatrices[m[Kâ€™ [[01;35m[K-Wunused-variable[m[K]
[1.258s]    92 |             framework::container::matrix_container* [01;35m[Kmatrices[m[K = (framework::container::matrix_container*)container;
[1.258s]       |                                                     [01;35m[K^~~~~~~~[m[K
[1.258s] [01m[K/home/arian/Framework/src/framework/include/framework/multiply_parallel.hpp:[m[K In constructor â€˜[01m[Kframework::matrix_multiply_parallel::matrix_multiply_parallel(framework::utilities::matrix, framework::utilities::matrix)[m[Kâ€™:
[1.258s] [01m[K/home/arian/Framework/src/framework/include/framework/multiply_parallel.hpp:128:43:[m[K [01;31m[Kerror: [m[Kuse of deleted function â€˜[01m[Kframework::utilities::matrix::matrix()[m[Kâ€™
[1.258s]   128 |                ) : matrix_a(a), matrix_b(b[01;31m[K)[m[K {
[1.258s]       |                                           [01;31m[K^[m[K
[1.258s] In file included from [01m[K/home/arian/Framework/src/framework/src/main.cpp:7[m[K:
[1.258s] [01m[K/home/arian/Framework/src/framework/include/framework/multiply_parallel.hpp:32:13:[m[K [01;36m[Knote: [m[Kdeclared here
[1.258s]    32 |             [01;36m[Kmatrix[m[K() = delete;
[1.258s]       |             [01;36m[K^~~~~~[m[K
[1.258s] [01m[K/home/arian/Framework/src/framework/src/main.cpp:[m[K In function â€˜[01m[Kint main()[m[Kâ€™:
[1.258s] [01m[K/home/arian/Framework/src/framework/src/main.cpp:27:9:[m[K [01;31m[Kerror: [m[Kconflicting declaration â€˜[01m[Kauto a[m[Kâ€™
[1.258s]    27 |    auto [01;31m[Ka[m[K = framework::matrix_multiply_parallel(matrix_a, matrix_a);
[1.258s]       |         [01;31m[K^[m[K
[1.258s] [01m[K/home/arian/Framework/src/framework/src/main.cpp:12:20:[m[K [01;36m[Knote: [m[Kprevious declaration as â€˜[01m[Kstd::vector<int> a[m[Kâ€™
[1.258s]    12 |   std::vector<int> [01;36m[Ka[m[K;
[1.259s]       |                    [01;36m[K^[m[K
[1.568s] make[2]: *** [CMakeFiles/main.dir/build.make:63: CMakeFiles/main.dir/src/main.cpp.o] Error 1
[1.568s] make[1]: *** [CMakeFiles/Makefile2:78: CMakeFiles/main.dir/all] Error 2
[1.568s] make: *** [Makefile:141: all] Error 2
[1.571s] Invoked command in '/home/arian/Framework/build/framework' returned '2': CMAKE_PREFIX_PATH=${CMAKE_PREFIX_PATH}:/home/arian/ros2_foxy/install/ros2bag:/home/arian/ros2_foxy/install/tracetools_launch:/home/arian/ros2_foxy/install/topic_monitor:/home/arian/ros2_foxy/install/examples_tf2_py:/home/arian/ros2_foxy/install/sros2:/home/arian/ros2_foxy/install/rqt_topic:/home/arian/ros2_foxy/install/rqt_reconfigure:/home/arian/ros2_foxy/install/rqt_action:/home/arian/ros2_foxy/install/rqt:/home/arian/ros2_foxy/install/rqt_graph:/home/arian/ros2_foxy/install/rqt_gui_py:/home/arian/ros2_foxy/install/rqt_gui:/home/arian/ros2_foxy/install/ros2trace:/home/arian/ros2_foxy/install/ros2topic:/home/arian/ros2_foxy/install/ros2test:/home/arian/ros2_foxy/install/ros2component:/home/arian/ros2_foxy/install/ros2param:/home/arian/ros2_foxy/install/ros2lifecycle:/home/arian/ros2_foxy/install/ros2service:/home/arian/ros2_foxy/install/ros2run:/home/arian/ros2_foxy/install/ros2launch:/home/arian/ros2_foxy/install/ros2pkg:/home/arian/ros2_foxy/install/ros2node:/home/arian/ros2_foxy/install/ros2multicast:/home/arian/ros2_foxy/install/ros2interface:/home/arian/ros2_foxy/install/ros2doctor:/home/arian/ros2_foxy/install/ros2action:/home/arian/ros2_foxy/install/ros2cli:/home/arian/ros2_foxy/install/quality_of_service_demo_py:/home/arian/ros2_foxy/install/launch_testing_ros:/home/arian/ros2_foxy/install/launch_ros:/home/arian/ros2_foxy/install/examples_rclpy_minimal_subscriber:/home/arian/ros2_foxy/install/examples_rclpy_minimal_service:/home/arian/ros2_foxy/install/examples_rclpy_minimal_publisher:/home/arian/ros2_foxy/install/examples_rclpy_minimal_client:/home/arian/ros2_foxy/install/examples_rclpy_minimal_action_server:/home/arian/ros2_foxy/install/examples_rclpy_minimal_action_client:/home/arian/ros2_foxy/install/examples_rclpy_executors:/home/arian/ros2_foxy/install/demo_nodes_py:/home/arian/ros2_foxy/install/action_tutorials_py:/home/arian/ros2_foxy/install/ament_uncrustify:/home/arian/ros2_foxy/install/tracetools_trace:/home/arian/ros2_foxy/install/tracetools_read:/home/arian/ros2_foxy/install/test_launch_ros:/home/arian/ros2_foxy/install/rpyutils:/home/arian/ros2_foxy/install/rosidl_runtime_py:/home/arian/ros2_foxy/install/launch_yaml:/home/arian/ros2_foxy/install/launch_xml:/home/arian/ros2_foxy/install/launch_testing:/home/arian/ros2_foxy/install/launch:/home/arian/ros2_foxy/install/osrf_pycommon:/home/arian/ros2_foxy/install/domain_coordinator:/home/arian/ros2_foxy/install/ament_xmllint:/home/arian/ros2_foxy/install/ament_pyflakes:/home/arian/ros2_foxy/install/ament_pycodestyle:/home/arian/ros2_foxy/install/ament_pep257:/home/arian/ros2_foxy/install/ament_pclint:/home/arian/ros2_foxy/install/ament_package:/home/arian/ros2_foxy/install/ament_mypy:/home/arian/ros2_foxy/install/ament_lint_cmake:/home/arian/ros2_foxy/install/ament_flake8:/home/arian/ros2_foxy/install/ament_copyright:/home/arian/ros2_foxy/install/ament_lint:/home/arian/ros2_foxy/install/ament_index_python:/home/arian/ros2_foxy/install/ament_cpplint:/home/arian/ros2_foxy/install/ament_cppcheck:/home/arian/ros2_foxy/install/ament_clang_tidy:/home/arian/ros2_foxy/install/ament_clang_format /usr/bin/cmake --build /home/arian/Framework/build/framework -- -j12 -l12
