[35m[1mScanning dependencies of target minimal_examples[0m
[ 50%] Built target starting_point
[ 75%] [32mBuilding CXX object CMakeFiles/minimal_examples.dir/src/minimal_examples.cpp.o[0m
In file included from [01m[K/home/arian/dev_ws/src/starting_point/src/minimal_examples.cpp:2[m[K:
/usr/include/c++/9/functional: In instantiation of â€˜[01m[Kstruct std::_Bind_check_arity<void (MinimalPublisherNonBlockingThread::*)(std::promise<int>), std::promise<int>&>[m[Kâ€™:
[01m[K/usr/include/c++/9/functional:787:12:[m[K   required from â€˜[01m[Kstruct std::_Bind_helper<false, void (MinimalPublisherNonBlockingThread::*)(std::promise<int>), std::promise<int>&>[m[Kâ€™
[01m[K/usr/include/c++/9/functional:808:5:[m[K   required by substitution of â€˜[01m[Ktemplate<class _Func, class ... _BoundArgs> typename std::_Bind_helper<std::__is_socketlike<_Func>::value, _Func, _BoundArgs ...>::type std::bind(_Func&&, _BoundArgs&& ...) [with _Func = void (MinimalPublisherNonBlockingThread::*)(std::promise<int>); _BoundArgs = {std::promise<int>&}][m[Kâ€™
[01m[K/home/arian/dev_ws/src/starting_point/src/minimal_examples.cpp:130:91:[m[K   required from here
[01m[K/usr/include/c++/9/functional:775:7:[m[K [01;31m[Kerror: [m[Kstatic assertion failed: Wrong number of arguments for pointer-to-member
  774 |       static_assert(_Varargs::[01;31m[Kvalue[m[K
      |                               [01;31m[K~~~~~[m[K
  775 | [01;31m[K      ? sizeof...(_BoundArgs) >= _Arity::value + 1[m[K
      |       [01;31m[K^~~~~~~~~~~~~~~~~~~~~~~~~~~~~~~~~~~~~~~~~~~~[m[K
  776 | [01;31m[K      : sizeof...(_BoundArgs) == _Arity::value + 1[m[K,
      |       [01;31m[K~~~~~~~~~~~~~~~~~~~~~~~~~~~~~~~~~~~~~~~~~~~~[m[K
[01m[K/home/arian/dev_ws/src/starting_point/src/minimal_examples.cpp:[m[K In member function â€˜[01m[Kvoid MinimalPublisherNonBlockingThread::timer_callback()[m[Kâ€™:
[01m[K/home/arian/dev_ws/src/starting_point/src/minimal_examples.cpp:130:93:[m[K [01;31m[Kerror: [m[Kâ€˜[01m[Kstd::_Bind_helper<false, void (MinimalPublisherNonBlockingThread::*)(std::promise<int>), std::promise<int>&>::type[m[Kâ€™ {aka â€˜[01m[Kstruct std::_Bind<void (MinimalPublisherNonBlockingThread::*(std::promise<int>))(std::promise<int>)>[m[Kâ€™} has no member named â€˜[01m[Kdetach[m[Kâ€™
  130 |             std::thread(std::bind(&MinimalPublisherNonBlockingThread::thread_calc, promise).[01;31m[Kdetach[m[K();
      |                                                                                             [01;31m[K^~~~~~[m[K
In file included from [01m[K/home/arian/dev_ws/src/starting_point/src/minimal_examples.cpp:2[m[K:
/usr/include/c++/9/functional: In instantiation of â€˜[01m[Kstd::_Bind<_Functor(_Bound_args ...)>::_Bind(_Functor&&, _Args&& ...) [with _Args = {std::promise<int>&}; _Functor = void (MinimalPublisherNonBlockingThread::*)(std::promise<int>); _Bound_args = {std::promise<int>}][m[Kâ€™:
[01m[K/usr/include/c++/9/functional:811:38:[m[K   required from â€˜[01m[Ktypename std::_Bind_helper<std::__is_socketlike<_Func>::value, _Func, _BoundArgs ...>::type std::bind(_Func&&, _BoundArgs&& ...) [with _Func = void (MinimalPublisherNonBlockingThread::*)(std::promise<int>); _BoundArgs = {std::promise<int>&}; typename std::_Bind_helper<std::__is_socketlike<_Func>::value, _Func, _BoundArgs ...>::type = std::_Bind<void (MinimalPublisherNonBlockingThread::*(std::promise<int>))(std::promise<int>)>][m[Kâ€™
[01m[K/home/arian/dev_ws/src/starting_point/src/minimal_examples.cpp:130:91:[m[K   required from here
[01m[K/usr/include/c++/9/functional:467:70:[m[K [01;31m[Kerror: [m[Kno matching function for call to â€˜[01m[Kstd::tuple<std::promise<int> >::tuple(std::promise<int>&)[m[Kâ€™
  467 |  : _M_f(std::move(__f)), _M_bound_args(std::forward<_Args>(__args)...[01;31m[K)[m[K
      |                                                                      [01;31m[K^[m[K
In file included from [01m[K/usr/include/c++/9/functional:54[m[K,
                 from [01m[K/home/arian/dev_ws/src/starting_point/src/minimal_examples.cpp:2[m[K:
[01m[K/usr/include/c++/9/tuple:808:11:[m[K [01;36m[Knote: [m[Kcandidate: â€˜[01m[Ktemplate<class _Alloc, class _Dummy, class ... _UElements, typename std::enable_if<((std::tuple<std::promise<int> >::_TMCT<_UElements ...>::_MoveConstructibleTuple<_UElements ...>() && (! std::tuple<std::promise<int> >::_TMCT<_UElements ...>::_ImplicitlyMoveConvertibleTuple<_UElements ...>())) && std::tuple<std::promise<int> >::_TNTC<_Dummy>::_NonNestedTuple<tuple<_Tail ...>&&>()), bool>::type <anonymous> > std::tuple<_Elements>::tuple(std::allocator_arg_t, const _Alloc&, std::tuple<_Args2 ...>&&)[m[Kâ€™
  808 |  explicit [01;36m[Ktuple[m[K(allocator_arg_t __tag, const _Alloc& __a,
      |           [01;36m[K^~~~~[m[K
[01m[K/usr/include/c++/9/tuple:808:11:[m[K [01;36m[Knote: [m[K  template argument deduction/substitution failed:
In file included from [01m[K/home/arian/dev_ws/src/starting_point/src/minimal_examples.cpp:2[m[K:
[01m[K/usr/include/c++/9/functional:467:70:[m[K [01;36m[Knote: [m[K  candidate expects 3 arguments, 1 provided
  467 |  : _M_f(std::move(__f)), _M_bound_args(std::forward<_Args>(__args)...[01;36m[K)[m[K
      |                                                                      [01;36m[K^[m[K
In file included from [01m[K/usr/include/c++/9/functional:54[m[K,
                 from [01m[K/home/arian/dev_ws/src/starting_point/src/minimal_examples.cpp:2[m[K:
[01m[K/usr/include/c++/9/tuple:793:2:[m[K [01;36m[Knote: [m[Kcandidate: â€˜[01m[Ktemplate<class _Alloc, class _Dummy, class ... _UElements, typename std::enable_if<((std::tuple<std::promise<int> >::_TMCT<_UElements ...>::_MoveConstructibleTuple<_UElements ...>() && std::tuple<std::promise<int> >::_TMCT<_UElements ...>::_ImplicitlyMoveConvertibleTuple<_UElements ...>()) && std::tuple<std::promise<int> >::_TNTC<_Dummy>::_NonNestedTuple<tuple<_Tail ...>&&>()), bool>::type <anonymous> > std::tuple<_Elements>::tuple(std::allocator_arg_t, const _Alloc&, std::tuple<_Args2 ...>&&)[m[Kâ€™
  793 |  [01;36m[Ktuple[m[K(allocator_arg_t __tag, const _Alloc& __a,
      |  [01;36m[K^~~~~[m[K
[01m[K/usr/include/c++/9/tuple:793:2:[m[K [01;36m[Knote: [m[K  template argument deduction/substitution failed:
In file included from [01m[K/home/arian/dev_ws/src/starting_point/src/minimal_examples.cpp:2[m[K:
[01m[K/usr/include/c++/9/functional:467:70:[m[K [01;36m[Knote: [m[K  candidate expects 3 arguments, 1 provided
  467 |  : _M_f(std::move(__f)), _M_bound_args(std::forward<_Args>(__args)...[01;36m[K)[m[K
      |                                                                      [01;36m[K^[m[K
In file included from [01m[K/usr/include/c++/9/functional:54[m[K,
                 from [01m[K/home/arian/dev_ws/src/starting_point/src/minimal_examples.cpp:2[m[K:
[01m[K/usr/include/c++/9/tuple:778:11:[m[K [01;36m[Knote: [m[Kcandidate: â€˜[01m[Ktemplate<class _Alloc, class _Dummy, class ... _UElements, typename std::enable_if<((std::tuple<std::promise<int> >::_TMCT<_UElements ...>::_ConstructibleTuple<_UElements ...>() && (! std::tuple<std::promise<int> >::_TMCT<_UElements ...>::_ImplicitlyConvertibleTuple<_UElements ...>())) && std::tuple<std::promise<int> >::_TNTC<_Dummy>::_NonNestedTuple<const tuple<_Tail ...>&>()), bool>::type <anonymous> > std::tuple<_Elements>::tuple(std::allocator_arg_t, const _Alloc&, const std::tuple<_Args2 ...>&)[m[Kâ€™
  778 |  explicit [01;36m[Ktuple[m[K(allocator_arg_t __tag, const _Alloc& __a,
      |           [01;36m[K^~~~~[m[K
[01m[K/usr/include/c++/9/tuple:778:11:[m[K [01;36m[Knote: [m[K  template argument deduction/substitution failed:
In file included from [01m[K/home/arian/dev_ws/src/starting_point/src/minimal_examples.cpp:2[m[K:
[01m[K/usr/include/c++/9/functional:467:70:[m[K [01;36m[Knote: [m[K  candidate expects 3 arguments, 1 provided
  467 |  : _M_f(std::move(__f)), _M_bound_args(std::forward<_Args>(__args)...[01;36m[K)[m[K
      |                                                                      [01;36m[K^[m[K
In file included from [01m[K/usr/include/c++/9/functional:54[m[K,
                 from [01m[K/home/arian/dev_ws/src/starting_point/src/minimal_examples.cpp:2[m[K:
[01m[K/usr/include/c++/9/tuple:763:2:[m[K [01;36m[Knote: [m[Kcandidate: â€˜[01m[Ktemplate<class _Alloc, class _Dummy, class ... _UElements, typename std::enable_if<((std::tuple<std::promise<int> >::_TMCT<_UElements ...>::_ConstructibleTuple<_UElements ...>() && std::tuple<std::promise<int> >::_TMCT<_UElements ...>::_ImplicitlyConvertibleTuple<_UElements ...>()) && std::tuple<std::promise<int> >::_TNTC<_Dummy>::_NonNestedTuple<const tuple<_Tail ...>&>()), bool>::type <anonymous> > std::tuple<_Elements>::tuple(std::allocator_arg_t, const _Alloc&, const std::tuple<_Args2 ...>&)[m[Kâ€™
  763 |  [01;36m[Ktuple[m[K(allocator_arg_t __tag, const _Alloc& __a,
      |  [01;36m[K^~~~~[m[K
[01m[K/usr/include/c++/9/tuple:763:2:[m[K [01;36m[Knote: [m[K  template argument deduction/substitution failed:
In file included from [01m[K/home/arian/dev_ws/src/starting_point/src/minimal_examples.cpp:2[m[K:
[01m[K/usr/include/c++/9/functional:467:70:[m[K [01;36m[Knote: [m[K  candidate expects 3 arguments, 1 provided
  467 |  : _M_f(std::move(__f)), _M_bound_args(std::forward<_Args>(__args)...[01;36m[K)[m[K
      |                                                                      [01;36m[K^[m[K
In file included from [01m[K/usr/include/c++/9/functional:54[m[K,
                 from [01m[K/home/arian/dev_ws/src/starting_point/src/minimal_examples.cpp:2[m[K:
[01m[K/usr/include/c++/9/tuple:751:2:[m[K [01;36m[Knote: [m[Kcandidate: â€˜[01m[Ktemplate<class _Alloc> std::tuple<_Elements>::tuple(std::allocator_arg_t, const _Alloc&, std::tuple<_Elements>&&)[m[Kâ€™
  751 |  [01;36m[Ktuple[m[K(allocator_arg_t __tag, const _Alloc& __a, tuple&& __in)
      |  [01;36m[K^~~~~[m[K
[01m[K/usr/include/c++/9/tuple:751:2:[m[K [01;36m[Knote: [m[K  template argument deduction/substitution failed:
In file included from [01m[K/home/arian/dev_ws/src/starting_point/src/minimal_examples.cpp:2[m[K:
[01m[K/usr/include/c++/9/functional:467:70:[m[K [01;36m[Knote: [m[K  candidate expects 3 arguments, 1 provided
  467 |  : _M_f(std::move(__f)), _M_bound_args(std::forward<_Args>(__args)...[01;36m[K)[m[K
      |                                                                      [01;36m[K^[m[K
In file included from [01m[K/usr/include/c++/9/functional:54[m[K,
                 from [01m[K/home/arian/dev_ws/src/starting_point/src/minimal_examples.cpp:2[m[K:
[01m[K/usr/include/c++/9/tuple:747:2:[m[K [01;36m[Knote: [m[Kcandidate: â€˜[01m[Ktemplate<class _Alloc> std::tuple<_Elements>::tuple(std::allocator_arg_t, const _Alloc&, const std::tuple<_Elements>&)[m[Kâ€™
  747 |  [01;36m[Ktuple[m[K(allocator_arg_t __tag, const _Alloc& __a, const tuple& __in)
      |  [01;36m[K^~~~~[m[K
[01m[K/usr/include/c++/9/tuple:747:2:[m[K [01;36m[Knote: [m[K  template argument deduction/substitution failed:
In file included from [01m[K/home/arian/dev_ws/src/starting_point/src/minimal_examples.cpp:2[m[K:
[01m[K/usr/include/c++/9/functional:467:70:[m[K [01;36m[Knote: [m[K  candidate expects 3 arguments, 1 provided
  467 |  : _M_f(std::move(__f)), _M_bound_args(std::forward<_Args>(__args)...[01;36m[K)[m[K
      |                                                                      [01;36m[K^[m[K
In file included from [01m[K/usr/include/c++/9/functional:54[m[K,
                 from [01m[K/home/arian/dev_ws/src/starting_point/src/minimal_examples.cpp:2[m[K:
[01m[K/usr/include/c++/9/tuple:741:11:[m[K [01;36m[Knote: [m[Kcandidate: â€˜[01m[Ktemplate<class _Alloc, class ... _UElements, typename std::enable_if<(std::tuple<std::promise<int> >::_TMC<_UElements ...>::_MoveConstructibleTuple<_UElements ...>() && (! std::tuple<std::promise<int> >::_TMC<_UElements ...>::_ImplicitlyMoveConvertibleTuple<_UElements ...>())), bool>::type <anonymous> > std::tuple<_Elements>::tuple(std::allocator_arg_t, const _Alloc&, _UElements&& ...)[m[Kâ€™
  741 |  explicit [01;36m[Ktuple[m[K(allocator_arg_t __tag, const _Alloc& __a,
      |           [01;36m[K^~~~~[m[K
[01m[K/usr/include/c++/9/tuple:741:11:[m[K [01;36m[Knote: [m[K  template argument deduction/substitution failed:
In file included from [01m[K/home/arian/dev_ws/src/starting_point/src/minimal_examples.cpp:2[m[K:
[01m[K/usr/include/c++/9/functional:467:70:[m[K [01;36m[Knote: [m[K  candidate expects at least 2 arguments, 1 provided
  467 |  : _M_f(std::move(__f)), _M_bound_args(std::forward<_Args>(__args)...[01;36m[K)[m[K
      |                                                                      [01;36m[K^[m[K
In file included from [01m[K/usr/include/c++/9/functional:54[m[K,
                 from [01m[K/home/arian/dev_ws/src/starting_point/src/minimal_examples.cpp:2[m[K:
[01m[K/usr/include/c++/9/tuple:730:2:[m[K [01;36m[Knote: [m[Kcandidate: â€˜[01m[Ktemplate<class _Alloc, class ... _UElements, typename std::enable_if<(std::tuple<std::promise<int> >::_TMC<_UElements ...>::_MoveConstructibleTuple<_UElements ...>() && std::tuple<std::promise<int> >::_TMC<_UElements ...>::_ImplicitlyMoveConvertibleTuple<_UElements ...>()), bool>::type <anonymous> > std::tuple<_Elements>::tuple(std::allocator_arg_t, const _Alloc&, _UElements&& ...)[m[Kâ€™
  730 |  [01;36m[Ktuple[m[K(allocator_arg_t __tag, const _Alloc& __a,
      |  [01;36m[K^~~~~[m[K
[01m[K/usr/include/c++/9/tuple:730:2:[m[K [01;36m[Knote: [m[K  template argument deduction/substitution failed:
In file included from [01m[K/home/arian/dev_ws/src/starting_point/src/minimal_examples.cpp:2[m[K:
[01m[K/usr/include/c++/9/functional:467:70:[m[K [01;36m[Knote: [m[K  candidate expects at least 2 arguments, 1 provided
  467 |  : _M_f(std::move(__f)), _M_bound_args(std::forward<_Args>(__args)...[01;36m[K)[m[K
      |                                                                      [01;36m[K^[m[K
In file included from [01m[K/usr/include/c++/9/functional:54[m[K,
                 from [01m[K/home/arian/dev_ws/src/starting_point/src/minimal_examples.cpp:2[m[K:
[01m[K/usr/include/c++/9/tuple:720:11:[m[K [01;36m[Knote: [m[Kcandidate: â€˜[01m[Ktemplate<class _Alloc, class _Dummy, typename std::enable_if<(std::tuple<std::promise<int> >::_TCC<_Dummy>::_ConstructibleTuple<promise<int> >() && (! std::tuple<std::promise<int> >::_TCC<_Dummy>::_ImplicitlyConvertibleTuple<promise<int> >())), bool>::type <anonymous> > std::tuple<_Elements>::tuple(std::allocator_arg_t, const _Alloc&, const _Elements& ...)[m[Kâ€™
  720 |  explicit [01;36m[Ktuple[m[K(allocator_arg_t __tag, const _Alloc& __a,
      |           [01;36m[K^~~~~[m[K
[01m[K/usr/include/c++/9/tuple:720:11:[m[K [01;36m[Knote: [m[K  template argument deduction/substitution failed:
In file included from [01m[K/home/arian/dev_ws/src/starting_point/src/minimal_examples.cpp:2[m[K:
[01m[K/usr/include/c++/9/functional:467:70:[m[K [01;36m[Knote: [m[K  candidate expects 3 arguments, 1 provided
  467 |  : _M_f(std::move(__f)), _M_bound_args(std::forward<_Args>(__args)...[01;36m[K)[m[K
      |                                                                      [01;36m[K^[m[K
In file included from [01m[K/usr/include/c++/9/functional:54[m[K,
                 from [01m[K/home/arian/dev_ws/src/starting_point/src/minimal_examples.cpp:2[m[K:
[01m[K/usr/include/c++/9/tuple:709:2:[m[K [01;36m[Knote: [m[Kcandidate: â€˜[01m[Ktemplate<class _Alloc, class _Dummy, typename std::enable_if<(std::tuple<std::promise<int> >::_TCC<_Dummy>::_ConstructibleTuple<promise<int> >() && std::tuple<std::promise<int> >::_TCC<_Dummy>::_ImplicitlyConvertibleTuple<promise<int> >()), bool>::type <anonymous> > std::tuple<_Elements>::tuple(std::allocator_arg_t, const _Alloc&, const _Elements& ...)[m[Kâ€™
  709 |  [01;36m[Ktuple[m[K(allocator_arg_t __tag, const _Alloc& __a,
      |  [01;36m[K^~~~~[m[K
[01m[K/usr/include/c++/9/tuple:709:2:[m[K [01;36m[Knote: [m[K  template argument deduction/substitution failed:
In file included from [01m[K/home/arian/dev_ws/src/starting_point/src/minimal_examples.cpp:2[m[K:
[01m[K/usr/include/c++/9/functional:467:70:[m[K [01;36m[Knote: [m[K  candidate expects 3 arguments, 1 provided
  467 |  : _M_f(std::move(__f)), _M_bound_args(std::forward<_Args>(__args)...[01;36m[K)[m[K
      |                                                                      [01;36m[K^[m[K
In file included from [01m[K/usr/include/c++/9/functional:54[m[K,
                 from [01m[K/home/arian/dev_ws/src/starting_point/src/minimal_examples.cpp:2[m[K:
[01m[K/usr/include/c++/9/tuple:699:2:[m[K [01;36m[Knote: [m[Kcandidate: â€˜[01m[Ktemplate<class _Alloc> std::tuple<_Elements>::tuple(std::allocator_arg_t, const _Alloc&)[m[Kâ€™
  699 |  [01;36m[Ktuple[m[K(allocator_arg_t __tag, const _Alloc& __a)
      |  [01;36m[K^~~~~[m[K
[01m[K/usr/include/c++/9/tuple:699:2:[m[K [01;36m[Knote: [m[K  template argument deduction/substitution failed:
In file included from [01m[K/home/arian/dev_ws/src/starting_point/src/minimal_examples.cpp:2[m[K:
[01m[K/usr/include/c++/9/functional:467:70:[m[K [01;36m[Knote: [m[K  candidate expects 2 arguments, 1 provided
  467 |  : _M_f(std::move(__f)), _M_bound_args(std::forward<_Args>(__args)...[01;36m[K)[m[K
      |                                                                      [01;36m[K^[m[K
In file included from [01m[K/usr/include/c++/9/functional:54[m[K,
                 from [01m[K/home/arian/dev_ws/src/starting_point/src/minimal_examples.cpp:2[m[K:
[01m[K/usr/include/c++/9/tuple:693:28:[m[K [01;36m[Knote: [m[Kcandidate: â€˜[01m[Ktemplate<class ... _UElements, class _Dummy, typename std::enable_if<((std::tuple<std::promise<int> >::_TMCT<_UElements ...>::_MoveConstructibleTuple<_UElements ...>() && (! std::tuple<std::promise<int> >::_TMCT<_UElements ...>::_ImplicitlyMoveConvertibleTuple<_UElements ...>())) && std::tuple<std::promise<int> >::_TNTC<_Dummy>::_NonNestedTuple<tuple<_Tps ...>&&>()), bool>::type <anonymous> > constexpr std::tuple<_Elements>::tuple(std::tuple<_Args1 ...>&&)[m[Kâ€™
  693 |         explicit constexpr [01;36m[Ktuple[m[K(tuple<_UElements...>&& __in)
      |                            [01;36m[K^~~~~[m[K
[01m[K/usr/include/c++/9/tuple:693:28:[m[K [01;36m[Knote: [m[K  template argument deduction/substitution failed:
In file included from [01m[K/home/arian/dev_ws/src/starting_point/src/minimal_examples.cpp:2[m[K:
[01m[K/usr/include/c++/9/functional:467:70:[m[K [01;36m[Knote: [m[K  â€˜[01m[Kstd::promise<int>[m[Kâ€™ is not derived from â€˜[01m[Kstd::tuple<_Tps ...>[m[Kâ€™
  467 |  : _M_f(std::move(__f)), _M_bound_args(std::forward<_Args>(__args)...[01;36m[K)[m[K
      |                                                                      [01;36m[K^[m[K
In file included from [01m[K/usr/include/c++/9/functional:54[m[K,
                 from [01m[K/home/arian/dev_ws/src/starting_point/src/minimal_examples.cpp:2[m[K:
[01m[K/usr/include/c++/9/tuple:682:19:[m[K [01;36m[Knote: [m[Kcandidate: â€˜[01m[Ktemplate<class ... _UElements, class _Dummy, typename std::enable_if<((std::tuple<std::promise<int> >::_TMCT<_UElements ...>::_MoveConstructibleTuple<_UElements ...>() && std::tuple<std::promise<int> >::_TMCT<_UElements ...>::_ImplicitlyMoveConvertibleTuple<_UElements ...>()) && std::tuple<std::promise<int> >::_TNTC<_Dummy>::_NonNestedTuple<tuple<_Tps ...>&&>()), bool>::type <anonymous> > constexpr std::tuple<_Elements>::tuple(std::tuple<_Args1 ...>&&)[m[Kâ€™
  682 |         constexpr [01;36m[Ktuple[m[K(tuple<_UElements...>&& __in)
      |                   [01;36m[K^~~~~[m[K
[01m[K/usr/include/c++/9/tuple:682:19:[m[K [01;36m[Knote: [m[K  template argument deduction/substitution failed:
In file included from [01m[K/home/arian/dev_ws/src/starting_point/src/minimal_examples.cpp:2[m[K:
[01m[K/usr/include/c++/9/functional:467:70:[m[K [01;36m[Knote: [m[K  â€˜[01m[Kstd::promise<int>[m[Kâ€™ is not derived from â€˜[01m[Kstd::tuple<_Tps ...>[m[Kâ€™
  467 |  : _M_f(std::move(__f)), _M_bound_args(std::forward<_Args>(__args)...[01;36m[K)[m[K
      |                                                                      [01;36m[K^[m[K
In file included from [01m[K/usr/include/c++/9/functional:54[m[K,
                 from [01m[K/home/arian/dev_ws/src/starting_point/src/minimal_examples.cpp:2[m[K:
[01m[K/usr/include/c++/9/tuple:670:28:[m[K [01;36m[Knote: [m[Kcandidate: â€˜[01m[Ktemplate<class ... _UElements, class _Dummy, typename std::enable_if<((std::tuple<std::promise<int> >::_TMCT<_UElements ...>::_ConstructibleTuple<_UElements ...>() && (! std::tuple<std::promise<int> >::_TMCT<_UElements ...>::_ImplicitlyConvertibleTuple<_UElements ...>())) && std::tuple<std::promise<int> >::_TNTC<_Dummy>::_NonNestedTuple<const tuple<_Tps ...>&>()), bool>::type <anonymous> > constexpr std::tuple<_Elements>::tuple(const std::tuple<_Args1 ...>&)[m[Kâ€™
  670 |         explicit constexpr [01;36m[Ktuple[m[K(const tuple<_UElements...>& __in)
      |                            [01;36m[K^~~~~[m[K
[01m[K/usr/include/c++/9/tuple:670:28:[m[K [01;36m[Knote: [m[K  template argument deduction/substitution failed:
In file included from [01m[K/home/arian/dev_ws/src/starting_point/src/minimal_examples.cpp:2[m[K:
[01m[K/usr/include/c++/9/functional:467:70:[m[K [01;36m[Knote: [m[K  â€˜[01m[Kstd::promise<int>[m[Kâ€™ is not derived from â€˜[01m[Kconst std::tuple<_Tps ...>[m[Kâ€™
  467 |  : _M_f(std::move(__f)), _M_bound_args(std::forward<_Args>(__args)...[01;36m[K)[m[K
      |                                                                      [01;36m[K^[m[K
In file included from [01m[K/usr/include/c++/9/functional:54[m[K,
                 from [01m[K/home/arian/dev_ws/src/starting_point/src/minimal_examples.cpp:2[m[K:
[01m[K/usr/include/c++/9/tuple:658:19:[m[K [01;36m[Knote: [m[Kcandidate: â€˜[01m[Ktemplate<class ... _UElements, class _Dummy, typename std::enable_if<((std::tuple<std::promise<int> >::_TMCT<_UElements ...>::_ConstructibleTuple<_UElements ...>() && std::tuple<std::promise<int> >::_TMCT<_UElements ...>::_ImplicitlyConvertibleTuple<_UElements ...>()) && std::tuple<std::promise<int> >::_TNTC<_Dummy>::_NonNestedTuple<const tuple<_Tps ...>&>()), bool>::type <anonymous> > constexpr std::tuple<_Elements>::tuple(const std::tuple<_Args1 ...>&)[m[Kâ€™
  658 |         constexpr [01;36m[Ktuple[m[K(const tuple<_UElements...>& __in)
      |                   [01;36m[K^~~~~[m[K
[01m[K/usr/include/c++/9/tuple:658:19:[m[K [01;36m[Knote: [m[K  template argument deduction/substitution failed:
In file included from [01m[K/home/arian/dev_ws/src/starting_point/src/minimal_examples.cpp:2[m[K:
[01m[K/usr/include/c++/9/functional:467:70:[m[K [01;36m[Knote: [m[K  â€˜[01m[Kstd::promise<int>[m[Kâ€™ is not derived from â€˜[01m[Kconst std::tuple<_Tps ...>[m[Kâ€™
  467 |  : _M_f(std::move(__f)), _M_bound_args(std::forward<_Args>(__args)...[01;36m[K)[m[K
      |                                                                      [01;36m[K^[m[K
In file included from [01m[K/usr/include/c++/9/functional:54[m[K,
                 from [01m[K/home/arian/dev_ws/src/starting_point/src/minimal_examples.cpp:2[m[K:
[01m[K/usr/include/c++/9/tuple:642:17:[m[K [01;36m[Knote: [m[Kcandidate: â€˜[01m[Kconstexpr std::tuple<_Elements>::tuple(std::tuple<_Elements>&&) [with _Elements = {std::promise<int>}][m[Kâ€™
  642 |       constexpr [01;36m[Ktuple[m[K(tuple&&) = default;
      |                 [01;36m[K^~~~~[m[K
[01m[K/usr/include/c++/9/tuple:642:23:[m[K [01;36m[Knote: [m[K  no known conversion for argument 1 from â€˜[01m[Kstd::promise<int>[m[Kâ€™ to â€˜[01m[Kstd::tuple<std::promise<int> >&&[m[Kâ€™
  642 |       constexpr tuple([01;36m[Ktuple&&[m[K) = default;
      |                       [01;36m[K^~~~~~~[m[K
[01m[K/usr/include/c++/9/tuple:637:28:[m[K [01;36m[Knote: [m[Kcandidate: â€˜[01m[Ktemplate<class ... _UElements, typename std::enable_if<((std::tuple<std::promise<int> >::_TMC<_UElements ...>::_MoveConstructibleTuple<_UElements ...>() && (! std::tuple<std::promise<int> >::_TMC<_UElements ...>::_ImplicitlyMoveConvertibleTuple<_UElements ...>())) && (1 >= 1)), bool>::type <anonymous> > constexpr std::tuple<_Elements>::tuple(_UElements&& ...)[m[Kâ€™
  637 |         explicit constexpr [01;36m[Ktuple[m[K(_UElements&&... __elements)
      |                            [01;36m[K^~~~~[m[K
[01m[K/usr/include/c++/9/tuple:637:28:[m[K [01;36m[Knote: [m[K  template argument deduction/substitution failed:
[01m[K/usr/include/c++/9/tuple:636:21:[m[K [01;31m[Kerror: [m[Kno type named â€˜[01m[Ktype[m[Kâ€™ in â€˜[01m[Kstruct std::enable_if<false, bool>[m[Kâ€™
  636 |         bool>::type=[01;31m[Kfalse[m[K>
      |                     [01;31m[K^~~~~[m[K
[01m[K/usr/include/c++/9/tuple:626:19:[m[K [01;36m[Knote: [m[Kcandidate: â€˜[01m[Ktemplate<class ... _UElements, typename std::enable_if<((std::tuple<std::promise<int> >::_TMC<_UElements ...>::_MoveConstructibleTuple<_UElements ...>() && std::tuple<std::promise<int> >::_TMC<_UElements ...>::_ImplicitlyMoveConvertibleTuple<_UElements ...>()) && (1 >= 1)), bool>::type <anonymous> > constexpr std::tuple<_Elements>::tuple(_UElements&& ...)[m[Kâ€™
  626 |         constexpr [01;36m[Ktuple[m[K(_UElements&&... __elements)
      |                   [01;36m[K^~~~~[m[K
[01m[K/usr/include/c++/9/tuple:626:19:[m[K [01;36m[Knote: [m[K  template argument deduction/substitution failed:
[01m[K/usr/include/c++/9/tuple:625:21:[m[K [01;31m[Kerror: [m[Kno type named â€˜[01m[Ktype[m[Kâ€™ in â€˜[01m[Kstruct std::enable_if<false, bool>[m[Kâ€™
  625 |         bool>::type=[01;31m[Ktrue[m[K>
      |                     [01;31m[K^~~~[m[K
[01m[K/usr/include/c++/9/tuple:599:26:[m[K [01;36m[Knote: [m[Kcandidate: â€˜[01m[Ktemplate<class _Dummy, typename std::enable_if<((std::tuple<std::promise<int> >::_TCC<_Dummy>::_ConstructibleTuple<promise<int> >() && (! std::tuple<std::promise<int> >::_TCC<_Dummy>::_ImplicitlyConvertibleTuple<promise<int> >())) && (1 >= 1)), bool>::type <anonymous> > constexpr std::tuple<_Elements>::tuple(const _Elements& ...)[m[Kâ€™
  599 |       explicit constexpr [01;36m[Ktuple[m[K(const _Elements&... __elements)
      |                          [01;36m[K^~~~~[m[K
[01m[K/usr/include/c++/9/tuple:599:26:[m[K [01;36m[Knote: [m[K  template argument deduction/substitution failed:
[01m[K/usr/include/c++/9/tuple:598:28:[m[K [01;31m[Kerror: [m[Kno type named â€˜[01m[Ktype[m[Kâ€™ in â€˜[01m[Kstruct std::enable_if<false, bool>[m[Kâ€™
  598 |                bool>::type=[01;31m[Kfalse[m[K>
      |                            [01;31m[K^~~~~[m[K
[01m[K/usr/include/c++/9/tuple:588:19:[m[K [01;36m[Knote: [m[Kcandidate: â€˜[01m[Ktemplate<class _Dummy, typename std::enable_if<((std::tuple<std::promise<int> >::_TCC<_Dummy>::_ConstructibleTuple<promise<int> >() && std::tuple<std::promise<int> >::_TCC<_Dummy>::_ImplicitlyConvertibleTuple<promise<int> >()) && (1 >= 1)), bool>::type <anonymous> > constexpr std::tuple<_Elements>::tuple(const _Elements& ...)[m[Kâ€™
  588 |         constexpr [01;36m[Ktuple[m[K(const _Elements&... __elements)
      |                   [01;36m[K^~~~~[m[K
[01m[K/usr/include/c++/9/tuple:588:19:[m[K [01;36m[Knote: [m[K  template argument deduction/substitution failed:
[01m[K/usr/include/c++/9/tuple:587:28:[m[K [01;31m[Kerror: [m[Kno type named â€˜[01m[Ktype[m[Kâ€™ in â€˜[01m[Kstruct std::enable_if<false, bool>[m[Kâ€™
  587 |                bool>::type=[01;31m[Ktrue[m[K>
      |                            [01;31m[K^~~~[m[K
[01m[K/usr/include/c++/9/tuple:571:26:[m[K [01;36m[Knote: [m[Kcandidate: â€˜[01m[Ktemplate<class _Dummy, typename std::enable_if<(std::tuple<std::promise<int> >::_TC2<_Dummy>::_DefaultConstructibleTuple() && (! std::tuple<std::promise<int> >::_TC2<_Dummy>::_ImplicitlyDefaultConstructibleTuple())), bool>::type <anonymous> > constexpr std::tuple<_Elements>::tuple()[m[Kâ€™
  571 |       explicit constexpr [01;36m[Ktuple[m[K()
      |                          [01;36m[K^~~~~[m[K
[01m[K/usr/include/c++/9/tuple:571:26:[m[K [01;36m[Knote: [m[K  template argument deduction/substitution failed:
In file included from [01m[K/home/arian/dev_ws/src/starting_point/src/minimal_examples.cpp:2[m[K:
[01m[K/usr/include/c++/9/functional:467:70:[m[K [01;36m[Knote: [m[K  candidate expects 0 arguments, 1 provided
  467 |  : _M_f(std::move(__f)), _M_bound_args(std::forward<_Args>(__args)...[01;36m[K)[m[K
      |                                                                      [01;36m[K^[m[K
In file included from [01m[K/usr/include/c++/9/functional:54[m[K,
                 from [01m[K/home/arian/dev_ws/src/starting_point/src/minimal_examples.cpp:2[m[K:
[01m[K/usr/include/c++/9/tuple:561:17:[m[K [01;36m[Knote: [m[Kcandidate: â€˜[01m[Ktemplate<class _Dummy, typename std::enable_if<std::tuple<std::promise<int> >::_TC2<_Dummy>::_ImplicitlyDefaultConstructibleTuple(), bool>::type <anonymous> > constexpr std::tuple<_Elements>::tuple()[m[Kâ€™
  561 |       constexpr [01;36m[Ktuple[m[K()
      |                 [01;36m[K^~~~~[m[K
[01m[K/usr/include/c++/9/tuple:561:17:[m[K [01;36m[Knote: [m[K  template argument deduction/substitution failed:
In file included from [01m[K/home/arian/dev_ws/src/starting_point/src/minimal_examples.cpp:2[m[K:
[01m[K/usr/include/c++/9/functional:467:70:[m[K [01;36m[Knote: [m[K  candidate expects 0 arguments, 1 provided
  467 |  : _M_f(std::move(__f)), _M_bound_args(std::forward<_Args>(__args)...[01;36m[K)[m[K
      |                                                                      [01;36m[K^[m[K
make[2]: *** [CMakeFiles/minimal_examples.dir/build.make:63: CMakeFiles/minimal_examples.dir/src/minimal_examples.cpp.o] Error 1
make[1]: *** [CMakeFiles/Makefile2:80: CMakeFiles/minimal_examples.dir/all] Error 2
make: *** [Makefile:141: all] Error 2
