[0.037s] Invoking command in '/home/arian/dev_ws/build/starting_point': CMAKE_PREFIX_PATH=${CMAKE_PREFIX_PATH}:/home/arian/ros2_foxy/install/ros2bag:/home/arian/ros2_foxy/install/tracetools_launch:/home/arian/ros2_foxy/install/topic_monitor:/home/arian/ros2_foxy/install/examples_tf2_py:/home/arian/ros2_foxy/install/sros2:/home/arian/ros2_foxy/install/rqt_topic:/home/arian/ros2_foxy/install/rqt_reconfigure:/home/arian/ros2_foxy/install/rqt_action:/home/arian/ros2_foxy/install/rqt:/home/arian/ros2_foxy/install/rqt_graph:/home/arian/ros2_foxy/install/rqt_gui_py:/home/arian/ros2_foxy/install/rqt_gui:/home/arian/ros2_foxy/install/ros2trace:/home/arian/ros2_foxy/install/ros2topic:/home/arian/ros2_foxy/install/ros2test:/home/arian/ros2_foxy/install/ros2component:/home/arian/ros2_foxy/install/ros2param:/home/arian/ros2_foxy/install/ros2lifecycle:/home/arian/ros2_foxy/install/ros2service:/home/arian/ros2_foxy/install/ros2run:/home/arian/ros2_foxy/install/ros2launch:/home/arian/ros2_foxy/install/ros2pkg:/home/arian/ros2_foxy/install/ros2node:/home/arian/ros2_foxy/install/ros2multicast:/home/arian/ros2_foxy/install/ros2interface:/home/arian/ros2_foxy/install/ros2doctor:/home/arian/ros2_foxy/install/ros2action:/home/arian/ros2_foxy/install/ros2cli:/home/arian/ros2_foxy/install/quality_of_service_demo_py:/home/arian/ros2_foxy/install/launch_testing_ros:/home/arian/ros2_foxy/install/launch_ros:/home/arian/ros2_foxy/install/examples_rclpy_minimal_subscriber:/home/arian/ros2_foxy/install/examples_rclpy_minimal_service:/home/arian/ros2_foxy/install/examples_rclpy_minimal_publisher:/home/arian/ros2_foxy/install/examples_rclpy_minimal_client:/home/arian/ros2_foxy/install/examples_rclpy_minimal_action_server:/home/arian/ros2_foxy/install/examples_rclpy_minimal_action_client:/home/arian/ros2_foxy/install/examples_rclpy_executors:/home/arian/ros2_foxy/install/demo_nodes_py:/home/arian/ros2_foxy/install/action_tutorials_py:/home/arian/ros2_foxy/install/ament_uncrustify:/home/arian/ros2_foxy/install/tracetools_trace:/home/arian/ros2_foxy/install/tracetools_read:/home/arian/ros2_foxy/install/test_launch_ros:/home/arian/ros2_foxy/install/rpyutils:/home/arian/ros2_foxy/install/rosidl_runtime_py:/home/arian/ros2_foxy/install/launch_yaml:/home/arian/ros2_foxy/install/launch_xml:/home/arian/ros2_foxy/install/launch_testing:/home/arian/ros2_foxy/install/launch:/home/arian/ros2_foxy/install/osrf_pycommon:/home/arian/ros2_foxy/install/domain_coordinator:/home/arian/ros2_foxy/install/ament_xmllint:/home/arian/ros2_foxy/install/ament_pyflakes:/home/arian/ros2_foxy/install/ament_pycodestyle:/home/arian/ros2_foxy/install/ament_pep257:/home/arian/ros2_foxy/install/ament_pclint:/home/arian/ros2_foxy/install/ament_package:/home/arian/ros2_foxy/install/ament_mypy:/home/arian/ros2_foxy/install/ament_lint_cmake:/home/arian/ros2_foxy/install/ament_flake8:/home/arian/ros2_foxy/install/ament_copyright:/home/arian/ros2_foxy/install/ament_lint:/home/arian/ros2_foxy/install/ament_index_python:/home/arian/ros2_foxy/install/ament_cpplint:/home/arian/ros2_foxy/install/ament_cppcheck:/home/arian/ros2_foxy/install/ament_clang_tidy:/home/arian/ros2_foxy/install/ament_clang_format /usr/bin/cmake --build /home/arian/dev_ws/build/starting_point -- -j12 -l12
[0.123s] [35m[1mScanning dependencies of target minimal_examples[0m
[0.150s] [ 50%] Built target starting_point
[0.168s] [ 75%] [32mBuilding CXX object CMakeFiles/minimal_examples.dir/src/minimal_examples.cpp.o[0m
[1.290s] In file included from [01m[K/home/arian/dev_ws/src/starting_point/src/minimal_examples.cpp:2[m[K:
[1.290s] /usr/include/c++/9/functional: In instantiation of â€˜[01m[Kstruct std::_Bind_check_arity<void (MinimalPublisherNonBlockingThread::*)(std::promise<int>), std::promise<int>&>[m[Kâ€™:
[1.290s] [01m[K/usr/include/c++/9/functional:787:12:[m[K   required from â€˜[01m[Kstruct std::_Bind_helper<false, void (MinimalPublisherNonBlockingThread::*)(std::promise<int>), std::promise<int>&>[m[Kâ€™
[1.290s] [01m[K/usr/include/c++/9/functional:808:5:[m[K   required by substitution of â€˜[01m[Ktemplate<class _Func, class ... _BoundArgs> typename std::_Bind_helper<std::__is_socketlike<_Func>::value, _Func, _BoundArgs ...>::type std::bind(_Func&&, _BoundArgs&& ...) [with _Func = void (MinimalPublisherNonBlockingThread::*)(std::promise<int>); _BoundArgs = {std::promise<int>&}][m[Kâ€™
[1.290s] [01m[K/home/arian/dev_ws/src/starting_point/src/minimal_examples.cpp:130:91:[m[K   required from here
[1.290s] [01m[K/usr/include/c++/9/functional:775:7:[m[K [01;31m[Kerror: [m[Kstatic assertion failed: Wrong number of arguments for pointer-to-member
[1.290s]   774 |       static_assert(_Varargs::[01;31m[Kvalue[m[K
[1.290s]       |                               [01;31m[K~~~~~[m[K
[1.291s]   775 | [01;31m[K      ? sizeof...(_BoundArgs) >= _Arity::value + 1[m[K
[1.291s]       |       [01;31m[K^~~~~~~~~~~~~~~~~~~~~~~~~~~~~~~~~~~~~~~~~~~~[m[K
[1.291s]   776 | [01;31m[K      : sizeof...(_BoundArgs) == _Arity::value + 1[m[K,
[1.291s]       |       [01;31m[K~~~~~~~~~~~~~~~~~~~~~~~~~~~~~~~~~~~~~~~~~~~~[m[K
[1.294s] [01m[K/home/arian/dev_ws/src/starting_point/src/minimal_examples.cpp:[m[K In member function â€˜[01m[Kvoid MinimalPublisherNonBlockingThread::timer_callback()[m[Kâ€™:
[1.294s] [01m[K/home/arian/dev_ws/src/starting_point/src/minimal_examples.cpp:130:93:[m[K [01;31m[Kerror: [m[Kâ€˜[01m[Kstd::_Bind_helper<false, void (MinimalPublisherNonBlockingThread::*)(std::promise<int>), std::promise<int>&>::type[m[Kâ€™ {aka â€˜[01m[Kstruct std::_Bind<void (MinimalPublisherNonBlockingThread::*(std::promise<int>))(std::promise<int>)>[m[Kâ€™} has no member named â€˜[01m[Kdetach[m[Kâ€™
[1.294s]   130 |             std::thread(std::bind(&MinimalPublisherNonBlockingThread::thread_calc, promise).[01;31m[Kdetach[m[K();
[1.294s]       |                                                                                             [01;31m[K^~~~~~[m[K
[1.482s] In file included from [01m[K/home/arian/dev_ws/src/starting_point/src/minimal_examples.cpp:2[m[K:
[1.484s] /usr/include/c++/9/functional: In instantiation of â€˜[01m[Kstd::_Bind<_Functor(_Bound_args ...)>::_Bind(_Functor&&, _Args&& ...) [with _Args = {std::promise<int>&}; _Functor = void (MinimalPublisherNonBlockingThread::*)(std::promise<int>); _Bound_args = {std::promise<int>}][m[Kâ€™:
[1.484s] [01m[K/usr/include/c++/9/functional:811:38:[m[K   required from â€˜[01m[Ktypename std::_Bind_helper<std::__is_socketlike<_Func>::value, _Func, _BoundArgs ...>::type std::bind(_Func&&, _BoundArgs&& ...) [with _Func = void (MinimalPublisherNonBlockingThread::*)(std::promise<int>); _BoundArgs = {std::promise<int>&}; typename std::_Bind_helper<std::__is_socketlike<_Func>::value, _Func, _BoundArgs ...>::type = std::_Bind<void (MinimalPublisherNonBlockingThread::*(std::promise<int>))(std::promise<int>)>][m[Kâ€™
[1.484s] [01m[K/home/arian/dev_ws/src/starting_point/src/minimal_examples.cpp:130:91:[m[K   required from here
[1.484s] [01m[K/usr/include/c++/9/functional:467:70:[m[K [01;31m[Kerror: [m[Kno matching function for call to â€˜[01m[Kstd::tuple<std::promise<int> >::tuple(std::promise<int>&)[m[Kâ€™
[1.484s]   467 |  : _M_f(std::move(__f)), _M_bound_args(std::forward<_Args>(__args)...[01;31m[K)[m[K
[1.484s]       |                                                                      [01;31m[K^[m[K
[1.484s] In file included from [01m[K/usr/include/c++/9/functional:54[m[K,
[1.484s]                  from [01m[K/home/arian/dev_ws/src/starting_point/src/minimal_examples.cpp:2[m[K:
[1.484s] [01m[K/usr/include/c++/9/tuple:808:11:[m[K [01;36m[Knote: [m[Kcandidate: â€˜[01m[Ktemplate<class _Alloc, class _Dummy, class ... _UElements, typename std::enable_if<((std::tuple<std::promise<int> >::_TMCT<_UElements ...>::_MoveConstructibleTuple<_UElements ...>() && (! std::tuple<std::promise<int> >::_TMCT<_UElements ...>::_ImplicitlyMoveConvertibleTuple<_UElements ...>())) && std::tuple<std::promise<int> >::_TNTC<_Dummy>::_NonNestedTuple<tuple<_Tail ...>&&>()), bool>::type <anonymous> > std::tuple<_Elements>::tuple(std::allocator_arg_t, const _Alloc&, std::tuple<_Args2 ...>&&)[m[Kâ€™
[1.484s]   808 |  explicit [01;36m[Ktuple[m[K(allocator_arg_t __tag, const _Alloc& __a,
[1.484s]       |           [01;36m[K^~~~~[m[K
[1.484s] [01m[K/usr/include/c++/9/tuple:808:11:[m[K [01;36m[Knote: [m[K  template argument deduction/substitution failed:
[1.484s] In file included from [01m[K/home/arian/dev_ws/src/starting_point/src/minimal_examples.cpp:2[m[K:
[1.484s] [01m[K/usr/include/c++/9/functional:467:70:[m[K [01;36m[Knote: [m[K  candidate expects 3 arguments, 1 provided
[1.484s]   467 |  : _M_f(std::move(__f)), _M_bound_args(std::forward<_Args>(__args)...[01;36m[K)[m[K
[1.484s]       |                                                                      [01;36m[K^[m[K
[1.485s] In file included from [01m[K/usr/include/c++/9/functional:54[m[K,
[1.485s]                  from [01m[K/home/arian/dev_ws/src/starting_point/src/minimal_examples.cpp:2[m[K:
[1.485s] [01m[K/usr/include/c++/9/tuple:793:2:[m[K [01;36m[Knote: [m[Kcandidate: â€˜[01m[Ktemplate<class _Alloc, class _Dummy, class ... _UElements, typename std::enable_if<((std::tuple<std::promise<int> >::_TMCT<_UElements ...>::_MoveConstructibleTuple<_UElements ...>() && std::tuple<std::promise<int> >::_TMCT<_UElements ...>::_ImplicitlyMoveConvertibleTuple<_UElements ...>()) && std::tuple<std::promise<int> >::_TNTC<_Dummy>::_NonNestedTuple<tuple<_Tail ...>&&>()), bool>::type <anonymous> > std::tuple<_Elements>::tuple(std::allocator_arg_t, const _Alloc&, std::tuple<_Args2 ...>&&)[m[Kâ€™
[1.485s]   793 |  [01;36m[Ktuple[m[K(allocator_arg_t __tag, const _Alloc& __a,
[1.485s]       |  [01;36m[K^~~~~[m[K
[1.485s] [01m[K/usr/include/c++/9/tuple:793:2:[m[K [01;36m[Knote: [m[K  template argument deduction/substitution failed:
[1.485s] In file included from [01m[K/home/arian/dev_ws/src/starting_point/src/minimal_examples.cpp:2[m[K:
[1.485s] [01m[K/usr/include/c++/9/functional:467:70:[m[K [01;36m[Knote: [m[K  candidate expects 3 arguments, 1 provided
[1.485s]   467 |  : _M_f(std::move(__f)), _M_bound_args(std::forward<_Args>(__args)...[01;36m[K)[m[K
[1.485s]       |                                                                      [01;36m[K^[m[K
[1.485s] In file included from [01m[K/usr/include/c++/9/functional:54[m[K,
[1.485s]                  from [01m[K/home/arian/dev_ws/src/starting_point/src/minimal_examples.cpp:2[m[K:
[1.485s] [01m[K/usr/include/c++/9/tuple:778:11:[m[K [01;36m[Knote: [m[Kcandidate: â€˜[01m[Ktemplate<class _Alloc, class _Dummy, class ... _UElements, typename std::enable_if<((std::tuple<std::promise<int> >::_TMCT<_UElements ...>::_ConstructibleTuple<_UElements ...>() && (! std::tuple<std::promise<int> >::_TMCT<_UElements ...>::_ImplicitlyConvertibleTuple<_UElements ...>())) && std::tuple<std::promise<int> >::_TNTC<_Dummy>::_NonNestedTuple<const tuple<_Tail ...>&>()), bool>::type <anonymous> > std::tuple<_Elements>::tuple(std::allocator_arg_t, const _Alloc&, const std::tuple<_Args2 ...>&)[m[Kâ€™
[1.485s]   778 |  explicit [01;36m[Ktuple[m[K(allocator_arg_t __tag, const _Alloc& __a,
[1.485s]       |           [01;36m[K^~~~~[m[K
[1.485s] [01m[K/usr/include/c++/9/tuple:778:11:[m[K [01;36m[Knote: [m[K  template argument deduction/substitution failed:
[1.485s] In file included from [01m[K/home/arian/dev_ws/src/starting_point/src/minimal_examples.cpp:2[m[K:
[1.485s] [01m[K/usr/include/c++/9/functional:467:70:[m[K [01;36m[Knote: [m[K  candidate expects 3 arguments, 1 provided
[1.485s]   467 |  : _M_f(std::move(__f)), _M_bound_args(std::forward<_Args>(__args)...[01;36m[K)[m[K
[1.486s]       |                                                                      [01;36m[K^[m[K
[1.486s] In file included from [01m[K/usr/include/c++/9/functional:54[m[K,
[1.486s]                  from [01m[K/home/arian/dev_ws/src/starting_point/src/minimal_examples.cpp:2[m[K:
[1.486s] [01m[K/usr/include/c++/9/tuple:763:2:[m[K [01;36m[Knote: [m[Kcandidate: â€˜[01m[Ktemplate<class _Alloc, class _Dummy, class ... _UElements, typename std::enable_if<((std::tuple<std::promise<int> >::_TMCT<_UElements ...>::_ConstructibleTuple<_UElements ...>() && std::tuple<std::promise<int> >::_TMCT<_UElements ...>::_ImplicitlyConvertibleTuple<_UElements ...>()) && std::tuple<std::promise<int> >::_TNTC<_Dummy>::_NonNestedTuple<const tuple<_Tail ...>&>()), bool>::type <anonymous> > std::tuple<_Elements>::tuple(std::allocator_arg_t, const _Alloc&, const std::tuple<_Args2 ...>&)[m[Kâ€™
[1.486s]   763 |  [01;36m[Ktuple[m[K(allocator_arg_t __tag, const _Alloc& __a,
[1.486s]       |  [01;36m[K^~~~~[m[K
[1.486s] [01m[K/usr/include/c++/9/tuple:763:2:[m[K [01;36m[Knote: [m[K  template argument deduction/substitution failed:
[1.486s] In file included from [01m[K/home/arian/dev_ws/src/starting_point/src/minimal_examples.cpp:2[m[K:
[1.486s] [01m[K/usr/include/c++/9/functional:467:70:[m[K [01;36m[Knote: [m[K  candidate expects 3 arguments, 1 provided
[1.486s]   467 |  : _M_f(std::move(__f)), _M_bound_args(std::forward<_Args>(__args)...[01;36m[K)[m[K
[1.486s]       |                                                                      [01;36m[K^[m[K
[1.486s] In file included from [01m[K/usr/include/c++/9/functional:54[m[K,
[1.486s]                  from [01m[K/home/arian/dev_ws/src/starting_point/src/minimal_examples.cpp:2[m[K:
[1.486s] [01m[K/usr/include/c++/9/tuple:751:2:[m[K [01;36m[Knote: [m[Kcandidate: â€˜[01m[Ktemplate<class _Alloc> std::tuple<_Elements>::tuple(std::allocator_arg_t, const _Alloc&, std::tuple<_Elements>&&)[m[Kâ€™
[1.486s]   751 |  [01;36m[Ktuple[m[K(allocator_arg_t __tag, const _Alloc& __a, tuple&& __in)
[1.486s]       |  [01;36m[K^~~~~[m[K
[1.486s] [01m[K/usr/include/c++/9/tuple:751:2:[m[K [01;36m[Knote: [m[K  template argument deduction/substitution failed:
[1.486s] In file included from [01m[K/home/arian/dev_ws/src/starting_point/src/minimal_examples.cpp:2[m[K:
[1.486s] [01m[K/usr/include/c++/9/functional:467:70:[m[K [01;36m[Knote: [m[K  candidate expects 3 arguments, 1 provided
[1.487s]   467 |  : _M_f(std::move(__f)), _M_bound_args(std::forward<_Args>(__args)...[01;36m[K)[m[K
[1.487s]       |                                                                      [01;36m[K^[m[K
[1.487s] In file included from [01m[K/usr/include/c++/9/functional:54[m[K,
[1.487s]                  from [01m[K/home/arian/dev_ws/src/starting_point/src/minimal_examples.cpp:2[m[K:
[1.487s] [01m[K/usr/include/c++/9/tuple:747:2:[m[K [01;36m[Knote: [m[Kcandidate: â€˜[01m[Ktemplate<class _Alloc> std::tuple<_Elements>::tuple(std::allocator_arg_t, const _Alloc&, const std::tuple<_Elements>&)[m[Kâ€™
[1.487s]   747 |  [01;36m[Ktuple[m[K(allocator_arg_t __tag, const _Alloc& __a, const tuple& __in)
[1.487s]       |  [01;36m[K^~~~~[m[K
[1.487s] [01m[K/usr/include/c++/9/tuple:747:2:[m[K [01;36m[Knote: [m[K  template argument deduction/substitution failed:
[1.487s] In file included from [01m[K/home/arian/dev_ws/src/starting_point/src/minimal_examples.cpp:2[m[K:
[1.487s] [01m[K/usr/include/c++/9/functional:467:70:[m[K [01;36m[Knote: [m[K  candidate expects 3 arguments, 1 provided
[1.487s]   467 |  : _M_f(std::move(__f)), _M_bound_args(std::forward<_Args>(__args)...[01;36m[K)[m[K
[1.487s]       |                                                                      [01;36m[K^[m[K
[1.487s] In file included from [01m[K/usr/include/c++/9/functional:54[m[K,
[1.487s]                  from [01m[K/home/arian/dev_ws/src/starting_point/src/minimal_examples.cpp:2[m[K:
[1.487s] [01m[K/usr/include/c++/9/tuple:741:11:[m[K [01;36m[Knote: [m[Kcandidate: â€˜[01m[Ktemplate<class _Alloc, class ... _UElements, typename std::enable_if<(std::tuple<std::promise<int> >::_TMC<_UElements ...>::_MoveConstructibleTuple<_UElements ...>() && (! std::tuple<std::promise<int> >::_TMC<_UElements ...>::_ImplicitlyMoveConvertibleTuple<_UElements ...>())), bool>::type <anonymous> > std::tuple<_Elements>::tuple(std::allocator_arg_t, const _Alloc&, _UElements&& ...)[m[Kâ€™
[1.487s]   741 |  explicit [01;36m[Ktuple[m[K(allocator_arg_t __tag, const _Alloc& __a,
[1.487s]       |           [01;36m[K^~~~~[m[K
[1.487s] [01m[K/usr/include/c++/9/tuple:741:11:[m[K [01;36m[Knote: [m[K  template argument deduction/substitution failed:
[1.488s] In file included from [01m[K/home/arian/dev_ws/src/starting_point/src/minimal_examples.cpp:2[m[K:
[1.488s] [01m[K/usr/include/c++/9/functional:467:70:[m[K [01;36m[Knote: [m[K  candidate expects at least 2 arguments, 1 provided
[1.488s]   467 |  : _M_f(std::move(__f)), _M_bound_args(std::forward<_Args>(__args)...[01;36m[K)[m[K
[1.488s]       |                                                                      [01;36m[K^[m[K
[1.488s] In file included from [01m[K/usr/include/c++/9/functional:54[m[K,
[1.488s]                  from [01m[K/home/arian/dev_ws/src/starting_point/src/minimal_examples.cpp:2[m[K:
[1.488s] [01m[K/usr/include/c++/9/tuple:730:2:[m[K [01;36m[Knote: [m[Kcandidate: â€˜[01m[Ktemplate<class _Alloc, class ... _UElements, typename std::enable_if<(std::tuple<std::promise<int> >::_TMC<_UElements ...>::_MoveConstructibleTuple<_UElements ...>() && std::tuple<std::promise<int> >::_TMC<_UElements ...>::_ImplicitlyMoveConvertibleTuple<_UElements ...>()), bool>::type <anonymous> > std::tuple<_Elements>::tuple(std::allocator_arg_t, const _Alloc&, _UElements&& ...)[m[Kâ€™
[1.488s]   730 |  [01;36m[Ktuple[m[K(allocator_arg_t __tag, const _Alloc& __a,
[1.488s]       |  [01;36m[K^~~~~[m[K
[1.488s] [01m[K/usr/include/c++/9/tuple:730:2:[m[K [01;36m[Knote: [m[K  template argument deduction/substitution failed:
[1.488s] In file included from [01m[K/home/arian/dev_ws/src/starting_point/src/minimal_examples.cpp:2[m[K:
[1.488s] [01m[K/usr/include/c++/9/functional:467:70:[m[K [01;36m[Knote: [m[K  candidate expects at least 2 arguments, 1 provided
[1.488s]   467 |  : _M_f(std::move(__f)), _M_bound_args(std::forward<_Args>(__args)...[01;36m[K)[m[K
[1.488s]       |                                                                      [01;36m[K^[m[K
[1.488s] In file included from [01m[K/usr/include/c++/9/functional:54[m[K,
[1.488s]                  from [01m[K/home/arian/dev_ws/src/starting_point/src/minimal_examples.cpp:2[m[K:
[1.488s] [01m[K/usr/include/c++/9/tuple:720:11:[m[K [01;36m[Knote: [m[Kcandidate: â€˜[01m[Ktemplate<class _Alloc, class _Dummy, typename std::enable_if<(std::tuple<std::promise<int> >::_TCC<_Dummy>::_ConstructibleTuple<promise<int> >() && (! std::tuple<std::promise<int> >::_TCC<_Dummy>::_ImplicitlyConvertibleTuple<promise<int> >())), bool>::type <anonymous> > std::tuple<_Elements>::tuple(std::allocator_arg_t, const _Alloc&, const _Elements& ...)[m[Kâ€™
[1.488s]   720 |  explicit [01;36m[Ktuple[m[K(allocator_arg_t __tag, const _Alloc& __a,
[1.488s]       |           [01;36m[K^~~~~[m[K
[1.488s] [01m[K/usr/include/c++/9/tuple:720:11:[m[K [01;36m[Knote: [m[K  template argument deduction/substitution failed:
[1.489s] In file included from [01m[K/home/arian/dev_ws/src/starting_point/src/minimal_examples.cpp:2[m[K:
[1.489s] [01m[K/usr/include/c++/9/functional:467:70:[m[K [01;36m[Knote: [m[K  candidate expects 3 arguments, 1 provided
[1.489s]   467 |  : _M_f(std::move(__f)), _M_bound_args(std::forward<_Args>(__args)...[01;36m[K)[m[K
[1.489s]       |                                                                      [01;36m[K^[m[K
[1.489s] In file included from [01m[K/usr/include/c++/9/functional:54[m[K,
[1.489s]                  from [01m[K/home/arian/dev_ws/src/starting_point/src/minimal_examples.cpp:2[m[K:
[1.489s] [01m[K/usr/include/c++/9/tuple:709:2:[m[K [01;36m[Knote: [m[Kcandidate: â€˜[01m[Ktemplate<class _Alloc, class _Dummy, typename std::enable_if<(std::tuple<std::promise<int> >::_TCC<_Dummy>::_ConstructibleTuple<promise<int> >() && std::tuple<std::promise<int> >::_TCC<_Dummy>::_ImplicitlyConvertibleTuple<promise<int> >()), bool>::type <anonymous> > std::tuple<_Elements>::tuple(std::allocator_arg_t, const _Alloc&, const _Elements& ...)[m[Kâ€™
[1.489s]   709 |  [01;36m[Ktuple[m[K(allocator_arg_t __tag, const _Alloc& __a,
[1.489s]       |  [01;36m[K^~~~~[m[K
[1.489s] [01m[K/usr/include/c++/9/tuple:709:2:[m[K [01;36m[Knote: [m[K  template argument deduction/substitution failed:
[1.489s] In file included from [01m[K/home/arian/dev_ws/src/starting_point/src/minimal_examples.cpp:2[m[K:
[1.489s] [01m[K/usr/include/c++/9/functional:467:70:[m[K [01;36m[Knote: [m[K  candidate expects 3 arguments, 1 provided
[1.489s]   467 |  : _M_f(std::move(__f)), _M_bound_args(std::forward<_Args>(__args)...[01;36m[K)[m[K
[1.489s]       |                                                                      [01;36m[K^[m[K
[1.489s] In file included from [01m[K/usr/include/c++/9/functional:54[m[K,
[1.489s]                  from [01m[K/home/arian/dev_ws/src/starting_point/src/minimal_examples.cpp:2[m[K:
[1.489s] [01m[K/usr/include/c++/9/tuple:699:2:[m[K [01;36m[Knote: [m[Kcandidate: â€˜[01m[Ktemplate<class _Alloc> std::tuple<_Elements>::tuple(std::allocator_arg_t, const _Alloc&)[m[Kâ€™
[1.489s]   699 |  [01;36m[Ktuple[m[K(allocator_arg_t __tag, const _Alloc& __a)
[1.489s]       |  [01;36m[K^~~~~[m[K
[1.490s] [01m[K/usr/include/c++/9/tuple:699:2:[m[K [01;36m[Knote: [m[K  template argument deduction/substitution failed:
[1.490s] In file included from [01m[K/home/arian/dev_ws/src/starting_point/src/minimal_examples.cpp:2[m[K:
[1.490s] [01m[K/usr/include/c++/9/functional:467:70:[m[K [01;36m[Knote: [m[K  candidate expects 2 arguments, 1 provided
[1.490s]   467 |  : _M_f(std::move(__f)), _M_bound_args(std::forward<_Args>(__args)...[01;36m[K)[m[K
[1.490s]       |                                                                      [01;36m[K^[m[K
[1.490s] In file included from [01m[K/usr/include/c++/9/functional:54[m[K,
[1.490s]                  from [01m[K/home/arian/dev_ws/src/starting_point/src/minimal_examples.cpp:2[m[K:
[1.490s] [01m[K/usr/include/c++/9/tuple:693:28:[m[K [01;36m[Knote: [m[Kcandidate: â€˜[01m[Ktemplate<class ... _UElements, class _Dummy, typename std::enable_if<((std::tuple<std::promise<int> >::_TMCT<_UElements ...>::_MoveConstructibleTuple<_UElements ...>() && (! std::tuple<std::promise<int> >::_TMCT<_UElements ...>::_ImplicitlyMoveConvertibleTuple<_UElements ...>())) && std::tuple<std::promise<int> >::_TNTC<_Dummy>::_NonNestedTuple<tuple<_Tps ...>&&>()), bool>::type <anonymous> > constexpr std::tuple<_Elements>::tuple(std::tuple<_Args1 ...>&&)[m[Kâ€™
[1.490s]   693 |         explicit constexpr [01;36m[Ktuple[m[K(tuple<_UElements...>&& __in)
[1.490s]       |                            [01;36m[K^~~~~[m[K
[1.490s] [01m[K/usr/include/c++/9/tuple:693:28:[m[K [01;36m[Knote: [m[K  template argument deduction/substitution failed:
[1.490s] In file included from [01m[K/home/arian/dev_ws/src/starting_point/src/minimal_examples.cpp:2[m[K:
[1.490s] [01m[K/usr/include/c++/9/functional:467:70:[m[K [01;36m[Knote: [m[K  â€˜[01m[Kstd::promise<int>[m[Kâ€™ is not derived from â€˜[01m[Kstd::tuple<_Tps ...>[m[Kâ€™
[1.490s]   467 |  : _M_f(std::move(__f)), _M_bound_args(std::forward<_Args>(__args)...[01;36m[K)[m[K
[1.490s]       |                                                                      [01;36m[K^[m[K
[1.490s] In file included from [01m[K/usr/include/c++/9/functional:54[m[K,
[1.490s]                  from [01m[K/home/arian/dev_ws/src/starting_point/src/minimal_examples.cpp:2[m[K:
[1.490s] [01m[K/usr/include/c++/9/tuple:682:19:[m[K [01;36m[Knote: [m[Kcandidate: â€˜[01m[Ktemplate<class ... _UElements, class _Dummy, typename std::enable_if<((std::tuple<std::promise<int> >::_TMCT<_UElements ...>::_MoveConstructibleTuple<_UElements ...>() && std::tuple<std::promise<int> >::_TMCT<_UElements ...>::_ImplicitlyMoveConvertibleTuple<_UElements ...>()) && std::tuple<std::promise<int> >::_TNTC<_Dummy>::_NonNestedTuple<tuple<_Tps ...>&&>()), bool>::type <anonymous> > constexpr std::tuple<_Elements>::tuple(std::tuple<_Args1 ...>&&)[m[Kâ€™
[1.490s]   682 |         constexpr [01;36m[Ktuple[m[K(tuple<_UElements...>&& __in)
[1.491s]       |                   [01;36m[K^~~~~[m[K
[1.491s] [01m[K/usr/include/c++/9/tuple:682:19:[m[K [01;36m[Knote: [m[K  template argument deduction/substitution failed:
[1.491s] In file included from [01m[K/home/arian/dev_ws/src/starting_point/src/minimal_examples.cpp:2[m[K:
[1.491s] [01m[K/usr/include/c++/9/functional:467:70:[m[K [01;36m[Knote: [m[K  â€˜[01m[Kstd::promise<int>[m[Kâ€™ is not derived from â€˜[01m[Kstd::tuple<_Tps ...>[m[Kâ€™
[1.491s]   467 |  : _M_f(std::move(__f)), _M_bound_args(std::forward<_Args>(__args)...[01;36m[K)[m[K
[1.491s]       |                                                                      [01;36m[K^[m[K
[1.491s] In file included from [01m[K/usr/include/c++/9/functional:54[m[K,
[1.491s]                  from [01m[K/home/arian/dev_ws/src/starting_point/src/minimal_examples.cpp:2[m[K:
[1.491s] [01m[K/usr/include/c++/9/tuple:670:28:[m[K [01;36m[Knote: [m[Kcandidate: â€˜[01m[Ktemplate<class ... _UElements, class _Dummy, typename std::enable_if<((std::tuple<std::promise<int> >::_TMCT<_UElements ...>::_ConstructibleTuple<_UElements ...>() && (! std::tuple<std::promise<int> >::_TMCT<_UElements ...>::_ImplicitlyConvertibleTuple<_UElements ...>())) && std::tuple<std::promise<int> >::_TNTC<_Dummy>::_NonNestedTuple<const tuple<_Tps ...>&>()), bool>::type <anonymous> > constexpr std::tuple<_Elements>::tuple(const std::tuple<_Args1 ...>&)[m[Kâ€™
[1.491s]   670 |         explicit constexpr [01;36m[Ktuple[m[K(const tuple<_UElements...>& __in)
[1.491s]       |                            [01;36m[K^~~~~[m[K
[1.491s] [01m[K/usr/include/c++/9/tuple:670:28:[m[K [01;36m[Knote: [m[K  template argument deduction/substitution failed:
[1.491s] In file included from [01m[K/home/arian/dev_ws/src/starting_point/src/minimal_examples.cpp:2[m[K:
[1.491s] [01m[K/usr/include/c++/9/functional:467:70:[m[K [01;36m[Knote: [m[K  â€˜[01m[Kstd::promise<int>[m[Kâ€™ is not derived from â€˜[01m[Kconst std::tuple<_Tps ...>[m[Kâ€™
[1.491s]   467 |  : _M_f(std::move(__f)), _M_bound_args(std::forward<_Args>(__args)...[01;36m[K)[m[K
[1.491s]       |                                                                      [01;36m[K^[m[K
[1.491s] In file included from [01m[K/usr/include/c++/9/functional:54[m[K,
[1.491s]                  from [01m[K/home/arian/dev_ws/src/starting_point/src/minimal_examples.cpp:2[m[K:
[1.492s] [01m[K/usr/include/c++/9/tuple:658:19:[m[K [01;36m[Knote: [m[Kcandidate: â€˜[01m[Ktemplate<class ... _UElements, class _Dummy, typename std::enable_if<((std::tuple<std::promise<int> >::_TMCT<_UElements ...>::_ConstructibleTuple<_UElements ...>() && std::tuple<std::promise<int> >::_TMCT<_UElements ...>::_ImplicitlyConvertibleTuple<_UElements ...>()) && std::tuple<std::promise<int> >::_TNTC<_Dummy>::_NonNestedTuple<const tuple<_Tps ...>&>()), bool>::type <anonymous> > constexpr std::tuple<_Elements>::tuple(const std::tuple<_Args1 ...>&)[m[Kâ€™
[1.492s]   658 |         constexpr [01;36m[Ktuple[m[K(const tuple<_UElements...>& __in)
[1.492s]       |                   [01;36m[K^~~~~[m[K
[1.492s] [01m[K/usr/include/c++/9/tuple:658:19:[m[K [01;36m[Knote: [m[K  template argument deduction/substitution failed:
[1.492s] In file included from [01m[K/home/arian/dev_ws/src/starting_point/src/minimal_examples.cpp:2[m[K:
[1.492s] [01m[K/usr/include/c++/9/functional:467:70:[m[K [01;36m[Knote: [m[K  â€˜[01m[Kstd::promise<int>[m[Kâ€™ is not derived from â€˜[01m[Kconst std::tuple<_Tps ...>[m[Kâ€™
[1.492s]   467 |  : _M_f(std::move(__f)), _M_bound_args(std::forward<_Args>(__args)...[01;36m[K)[m[K
[1.492s]       |                                                                      [01;36m[K^[m[K
[1.492s] In file included from [01m[K/usr/include/c++/9/functional:54[m[K,
[1.492s]                  from [01m[K/home/arian/dev_ws/src/starting_point/src/minimal_examples.cpp:2[m[K:
[1.492s] [01m[K/usr/include/c++/9/tuple:642:17:[m[K [01;36m[Knote: [m[Kcandidate: â€˜[01m[Kconstexpr std::tuple<_Elements>::tuple(std::tuple<_Elements>&&) [with _Elements = {std::promise<int>}][m[Kâ€™
[1.492s]   642 |       constexpr [01;36m[Ktuple[m[K(tuple&&) = default;
[1.492s]       |                 [01;36m[K^~~~~[m[K
[1.492s] [01m[K/usr/include/c++/9/tuple:642:23:[m[K [01;36m[Knote: [m[K  no known conversion for argument 1 from â€˜[01m[Kstd::promise<int>[m[Kâ€™ to â€˜[01m[Kstd::tuple<std::promise<int> >&&[m[Kâ€™
[1.492s]   642 |       constexpr tuple([01;36m[Ktuple&&[m[K) = default;
[1.492s]       |                       [01;36m[K^~~~~~~[m[K
[1.492s] [01m[K/usr/include/c++/9/tuple:637:28:[m[K [01;36m[Knote: [m[Kcandidate: â€˜[01m[Ktemplate<class ... _UElements, typename std::enable_if<((std::tuple<std::promise<int> >::_TMC<_UElements ...>::_MoveConstructibleTuple<_UElements ...>() && (! std::tuple<std::promise<int> >::_TMC<_UElements ...>::_ImplicitlyMoveConvertibleTuple<_UElements ...>())) && (1 >= 1)), bool>::type <anonymous> > constexpr std::tuple<_Elements>::tuple(_UElements&& ...)[m[Kâ€™
[1.492s]   637 |         explicit constexpr [01;36m[Ktuple[m[K(_UElements&&... __elements)
[1.492s]       |                            [01;36m[K^~~~~[m[K
[1.492s] [01m[K/usr/include/c++/9/tuple:637:28:[m[K [01;36m[Knote: [m[K  template argument deduction/substitution failed:
[1.493s] [01m[K/usr/include/c++/9/tuple:636:21:[m[K [01;31m[Kerror: [m[Kno type named â€˜[01m[Ktype[m[Kâ€™ in â€˜[01m[Kstruct std::enable_if<false, bool>[m[Kâ€™
[1.493s]   636 |         bool>::type=[01;31m[Kfalse[m[K>
[1.493s]       |                     [01;31m[K^~~~~[m[K
[1.493s] [01m[K/usr/include/c++/9/tuple:626:19:[m[K [01;36m[Knote: [m[Kcandidate: â€˜[01m[Ktemplate<class ... _UElements, typename std::enable_if<((std::tuple<std::promise<int> >::_TMC<_UElements ...>::_MoveConstructibleTuple<_UElements ...>() && std::tuple<std::promise<int> >::_TMC<_UElements ...>::_ImplicitlyMoveConvertibleTuple<_UElements ...>()) && (1 >= 1)), bool>::type <anonymous> > constexpr std::tuple<_Elements>::tuple(_UElements&& ...)[m[Kâ€™
[1.493s]   626 |         constexpr [01;36m[Ktuple[m[K(_UElements&&... __elements)
[1.493s]       |                   [01;36m[K^~~~~[m[K
[1.493s] [01m[K/usr/include/c++/9/tuple:626:19:[m[K [01;36m[Knote: [m[K  template argument deduction/substitution failed:
[1.493s] [01m[K/usr/include/c++/9/tuple:625:21:[m[K [01;31m[Kerror: [m[Kno type named â€˜[01m[Ktype[m[Kâ€™ in â€˜[01m[Kstruct std::enable_if<false, bool>[m[Kâ€™
[1.493s]   625 |         bool>::type=[01;31m[Ktrue[m[K>
[1.493s]       |                     [01;31m[K^~~~[m[K
[1.493s] [01m[K/usr/include/c++/9/tuple:599:26:[m[K [01;36m[Knote: [m[Kcandidate: â€˜[01m[Ktemplate<class _Dummy, typename std::enable_if<((std::tuple<std::promise<int> >::_TCC<_Dummy>::_ConstructibleTuple<promise<int> >() && (! std::tuple<std::promise<int> >::_TCC<_Dummy>::_ImplicitlyConvertibleTuple<promise<int> >())) && (1 >= 1)), bool>::type <anonymous> > constexpr std::tuple<_Elements>::tuple(const _Elements& ...)[m[Kâ€™
[1.493s]   599 |       explicit constexpr [01;36m[Ktuple[m[K(const _Elements&... __elements)
[1.493s]       |                          [01;36m[K^~~~~[m[K
[1.493s] [01m[K/usr/include/c++/9/tuple:599:26:[m[K [01;36m[Knote: [m[K  template argument deduction/substitution failed:
[1.493s] [01m[K/usr/include/c++/9/tuple:598:28:[m[K [01;31m[Kerror: [m[Kno type named â€˜[01m[Ktype[m[Kâ€™ in â€˜[01m[Kstruct std::enable_if<false, bool>[m[Kâ€™
[1.493s]   598 |                bool>::type=[01;31m[Kfalse[m[K>
[1.493s]       |                            [01;31m[K^~~~~[m[K
[1.493s] [01m[K/usr/include/c++/9/tuple:588:19:[m[K [01;36m[Knote: [m[Kcandidate: â€˜[01m[Ktemplate<class _Dummy, typename std::enable_if<((std::tuple<std::promise<int> >::_TCC<_Dummy>::_ConstructibleTuple<promise<int> >() && std::tuple<std::promise<int> >::_TCC<_Dummy>::_ImplicitlyConvertibleTuple<promise<int> >()) && (1 >= 1)), bool>::type <anonymous> > constexpr std::tuple<_Elements>::tuple(const _Elements& ...)[m[Kâ€™
[1.493s]   588 |         constexpr [01;36m[Ktuple[m[K(const _Elements&... __elements)
[1.494s]       |                   [01;36m[K^~~~~[m[K
[1.494s] [01m[K/usr/include/c++/9/tuple:588:19:[m[K [01;36m[Knote: [m[K  template argument deduction/substitution failed:
[1.494s] [01m[K/usr/include/c++/9/tuple:587:28:[m[K [01;31m[Kerror: [m[Kno type named â€˜[01m[Ktype[m[Kâ€™ in â€˜[01m[Kstruct std::enable_if<false, bool>[m[Kâ€™
[1.494s]   587 |                bool>::type=[01;31m[Ktrue[m[K>
[1.494s]       |                            [01;31m[K^~~~[m[K
[1.494s] [01m[K/usr/include/c++/9/tuple:571:26:[m[K [01;36m[Knote: [m[Kcandidate: â€˜[01m[Ktemplate<class _Dummy, typename std::enable_if<(std::tuple<std::promise<int> >::_TC2<_Dummy>::_DefaultConstructibleTuple() && (! std::tuple<std::promise<int> >::_TC2<_Dummy>::_ImplicitlyDefaultConstructibleTuple())), bool>::type <anonymous> > constexpr std::tuple<_Elements>::tuple()[m[Kâ€™
[1.494s]   571 |       explicit constexpr [01;36m[Ktuple[m[K()
[1.494s]       |                          [01;36m[K^~~~~[m[K
[1.494s] [01m[K/usr/include/c++/9/tuple:571:26:[m[K [01;36m[Knote: [m[K  template argument deduction/substitution failed:
[1.494s] In file included from [01m[K/home/arian/dev_ws/src/starting_point/src/minimal_examples.cpp:2[m[K:
[1.494s] [01m[K/usr/include/c++/9/functional:467:70:[m[K [01;36m[Knote: [m[K  candidate expects 0 arguments, 1 provided
[1.494s]   467 |  : _M_f(std::move(__f)), _M_bound_args(std::forward<_Args>(__args)...[01;36m[K)[m[K
[1.494s]       |                                                                      [01;36m[K^[m[K
[1.494s] In file included from [01m[K/usr/include/c++/9/functional:54[m[K,
[1.494s]                  from [01m[K/home/arian/dev_ws/src/starting_point/src/minimal_examples.cpp:2[m[K:
[1.494s] [01m[K/usr/include/c++/9/tuple:561:17:[m[K [01;36m[Knote: [m[Kcandidate: â€˜[01m[Ktemplate<class _Dummy, typename std::enable_if<std::tuple<std::promise<int> >::_TC2<_Dummy>::_ImplicitlyDefaultConstructibleTuple(), bool>::type <anonymous> > constexpr std::tuple<_Elements>::tuple()[m[Kâ€™
[1.494s]   561 |       constexpr [01;36m[Ktuple[m[K()
[1.494s]       |                 [01;36m[K^~~~~[m[K
[1.495s] [01m[K/usr/include/c++/9/tuple:561:17:[m[K [01;36m[Knote: [m[K  template argument deduction/substitution failed:
[1.495s] In file included from [01m[K/home/arian/dev_ws/src/starting_point/src/minimal_examples.cpp:2[m[K:
[1.495s] [01m[K/usr/include/c++/9/functional:467:70:[m[K [01;36m[Knote: [m[K  candidate expects 0 arguments, 1 provided
[1.495s]   467 |  : _M_f(std::move(__f)), _M_bound_args(std::forward<_Args>(__args)...[01;36m[K)[m[K
[1.495s]       |                                                                      [01;36m[K^[m[K
[2.529s] make[2]: *** [CMakeFiles/minimal_examples.dir/build.make:63: CMakeFiles/minimal_examples.dir/src/minimal_examples.cpp.o] Error 1
[2.529s] make[1]: *** [CMakeFiles/Makefile2:80: CMakeFiles/minimal_examples.dir/all] Error 2
[2.529s] make: *** [Makefile:141: all] Error 2
[2.532s] Invoked command in '/home/arian/dev_ws/build/starting_point' returned '2': CMAKE_PREFIX_PATH=${CMAKE_PREFIX_PATH}:/home/arian/ros2_foxy/install/ros2bag:/home/arian/ros2_foxy/install/tracetools_launch:/home/arian/ros2_foxy/install/topic_monitor:/home/arian/ros2_foxy/install/examples_tf2_py:/home/arian/ros2_foxy/install/sros2:/home/arian/ros2_foxy/install/rqt_topic:/home/arian/ros2_foxy/install/rqt_reconfigure:/home/arian/ros2_foxy/install/rqt_action:/home/arian/ros2_foxy/install/rqt:/home/arian/ros2_foxy/install/rqt_graph:/home/arian/ros2_foxy/install/rqt_gui_py:/home/arian/ros2_foxy/install/rqt_gui:/home/arian/ros2_foxy/install/ros2trace:/home/arian/ros2_foxy/install/ros2topic:/home/arian/ros2_foxy/install/ros2test:/home/arian/ros2_foxy/install/ros2component:/home/arian/ros2_foxy/install/ros2param:/home/arian/ros2_foxy/install/ros2lifecycle:/home/arian/ros2_foxy/install/ros2service:/home/arian/ros2_foxy/install/ros2run:/home/arian/ros2_foxy/install/ros2launch:/home/arian/ros2_foxy/install/ros2pkg:/home/arian/ros2_foxy/install/ros2node:/home/arian/ros2_foxy/install/ros2multicast:/home/arian/ros2_foxy/install/ros2interface:/home/arian/ros2_foxy/install/ros2doctor:/home/arian/ros2_foxy/install/ros2action:/home/arian/ros2_foxy/install/ros2cli:/home/arian/ros2_foxy/install/quality_of_service_demo_py:/home/arian/ros2_foxy/install/launch_testing_ros:/home/arian/ros2_foxy/install/launch_ros:/home/arian/ros2_foxy/install/examples_rclpy_minimal_subscriber:/home/arian/ros2_foxy/install/examples_rclpy_minimal_service:/home/arian/ros2_foxy/install/examples_rclpy_minimal_publisher:/home/arian/ros2_foxy/install/examples_rclpy_minimal_client:/home/arian/ros2_foxy/install/examples_rclpy_minimal_action_server:/home/arian/ros2_foxy/install/examples_rclpy_minimal_action_client:/home/arian/ros2_foxy/install/examples_rclpy_executors:/home/arian/ros2_foxy/install/demo_nodes_py:/home/arian/ros2_foxy/install/action_tutorials_py:/home/arian/ros2_foxy/install/ament_uncrustify:/home/arian/ros2_foxy/install/tracetools_trace:/home/arian/ros2_foxy/install/tracetools_read:/home/arian/ros2_foxy/install/test_launch_ros:/home/arian/ros2_foxy/install/rpyutils:/home/arian/ros2_foxy/install/rosidl_runtime_py:/home/arian/ros2_foxy/install/launch_yaml:/home/arian/ros2_foxy/install/launch_xml:/home/arian/ros2_foxy/install/launch_testing:/home/arian/ros2_foxy/install/launch:/home/arian/ros2_foxy/install/osrf_pycommon:/home/arian/ros2_foxy/install/domain_coordinator:/home/arian/ros2_foxy/install/ament_xmllint:/home/arian/ros2_foxy/install/ament_pyflakes:/home/arian/ros2_foxy/install/ament_pycodestyle:/home/arian/ros2_foxy/install/ament_pep257:/home/arian/ros2_foxy/install/ament_pclint:/home/arian/ros2_foxy/install/ament_package:/home/arian/ros2_foxy/install/ament_mypy:/home/arian/ros2_foxy/install/ament_lint_cmake:/home/arian/ros2_foxy/install/ament_flake8:/home/arian/ros2_foxy/install/ament_copyright:/home/arian/ros2_foxy/install/ament_lint:/home/arian/ros2_foxy/install/ament_index_python:/home/arian/ros2_foxy/install/ament_cpplint:/home/arian/ros2_foxy/install/ament_cppcheck:/home/arian/ros2_foxy/install/ament_clang_tidy:/home/arian/ros2_foxy/install/ament_clang_format /usr/bin/cmake --build /home/arian/dev_ws/build/starting_point -- -j12 -l12
