[0.035s] Invoking command in '/home/arian/Framework/build/framework': CMAKE_PREFIX_PATH=${CMAKE_PREFIX_PATH}:/home/arian/ros2_foxy/install/ros2bag:/home/arian/ros2_foxy/install/tracetools_launch:/home/arian/ros2_foxy/install/topic_monitor:/home/arian/ros2_foxy/install/examples_tf2_py:/home/arian/ros2_foxy/install/sros2:/home/arian/ros2_foxy/install/rqt_topic:/home/arian/ros2_foxy/install/rqt_reconfigure:/home/arian/ros2_foxy/install/rqt_action:/home/arian/ros2_foxy/install/rqt:/home/arian/ros2_foxy/install/rqt_graph:/home/arian/ros2_foxy/install/rqt_gui_py:/home/arian/ros2_foxy/install/rqt_gui:/home/arian/ros2_foxy/install/ros2trace:/home/arian/ros2_foxy/install/ros2topic:/home/arian/ros2_foxy/install/ros2test:/home/arian/ros2_foxy/install/ros2component:/home/arian/ros2_foxy/install/ros2param:/home/arian/ros2_foxy/install/ros2lifecycle:/home/arian/ros2_foxy/install/ros2service:/home/arian/ros2_foxy/install/ros2run:/home/arian/ros2_foxy/install/ros2launch:/home/arian/ros2_foxy/install/ros2pkg:/home/arian/ros2_foxy/install/ros2node:/home/arian/ros2_foxy/install/ros2multicast:/home/arian/ros2_foxy/install/ros2interface:/home/arian/ros2_foxy/install/ros2doctor:/home/arian/ros2_foxy/install/ros2action:/home/arian/ros2_foxy/install/ros2cli:/home/arian/ros2_foxy/install/quality_of_service_demo_py:/home/arian/ros2_foxy/install/launch_testing_ros:/home/arian/ros2_foxy/install/launch_ros:/home/arian/ros2_foxy/install/examples_rclpy_minimal_subscriber:/home/arian/ros2_foxy/install/examples_rclpy_minimal_service:/home/arian/ros2_foxy/install/examples_rclpy_minimal_publisher:/home/arian/ros2_foxy/install/examples_rclpy_minimal_client:/home/arian/ros2_foxy/install/examples_rclpy_minimal_action_server:/home/arian/ros2_foxy/install/examples_rclpy_minimal_action_client:/home/arian/ros2_foxy/install/examples_rclpy_executors:/home/arian/ros2_foxy/install/demo_nodes_py:/home/arian/ros2_foxy/install/action_tutorials_py:/home/arian/ros2_foxy/install/ament_uncrustify:/home/arian/ros2_foxy/install/tracetools_trace:/home/arian/ros2_foxy/install/tracetools_read:/home/arian/ros2_foxy/install/test_launch_ros:/home/arian/ros2_foxy/install/rpyutils:/home/arian/ros2_foxy/install/rosidl_runtime_py:/home/arian/ros2_foxy/install/launch_yaml:/home/arian/ros2_foxy/install/launch_xml:/home/arian/ros2_foxy/install/launch_testing:/home/arian/ros2_foxy/install/launch:/home/arian/ros2_foxy/install/osrf_pycommon:/home/arian/ros2_foxy/install/domain_coordinator:/home/arian/ros2_foxy/install/ament_xmllint:/home/arian/ros2_foxy/install/ament_pyflakes:/home/arian/ros2_foxy/install/ament_pycodestyle:/home/arian/ros2_foxy/install/ament_pep257:/home/arian/ros2_foxy/install/ament_pclint:/home/arian/ros2_foxy/install/ament_package:/home/arian/ros2_foxy/install/ament_mypy:/home/arian/ros2_foxy/install/ament_lint_cmake:/home/arian/ros2_foxy/install/ament_flake8:/home/arian/ros2_foxy/install/ament_copyright:/home/arian/ros2_foxy/install/ament_lint:/home/arian/ros2_foxy/install/ament_index_python:/home/arian/ros2_foxy/install/ament_cpplint:/home/arian/ros2_foxy/install/ament_cppcheck:/home/arian/ros2_foxy/install/ament_clang_tidy:/home/arian/ros2_foxy/install/ament_clang_format /usr/bin/cmake --build /home/arian/Framework/build/framework -- -j12 -l12
[0.116s] [35m[1mScanning dependencies of target main[0m
[0.154s] [ 50%] [32mBuilding CXX object CMakeFiles/main.dir/src/main.cpp.o[0m
[0.301s] In file included from [01m[K/home/arian/Framework/src/framework/src/main.cpp:12[m[K:
[0.302s] [01m[K/home/arian/Framework/src/framework/include/framework/multiply_parallel.hpp:396:[m[K [01;35m[Kwarning: [m[Kignoring #pragma omp parallel [[01;35m[K-Wunknown-pragmas[m[K]
[0.302s]   396 |             #pragma omp parallel num_threads(settings_.THREAD_NUMBER)
[0.302s]       | 
[1.251s] [01m[K/home/arian/Framework/src/framework/include/framework/multiply_parallel.hpp:458:38:[m[K [01;31m[Kerror: [m[Kdeclaration of â€˜[01m[Kstatic std::vector<settings> generator::settings(std::initializer_list<settings>)[m[Kâ€™ changes meaning of â€˜[01m[Ksettings[m[Kâ€™ [[01;31m[K-fpermissive[m[K]
[1.251s]   458 |         static std::vector<settings> [01;31m[Ksettings[m[K(std::initializer_list<settings> settings_)
[1.251s]       |                                      [01;31m[K^~~~~~~~[m[K
[1.251s] In file included from [01m[K/home/arian/Framework/src/framework/src/main.cpp:12[m[K:
[1.251s] [01m[K/home/arian/Framework/src/framework/include/framework/multiply_parallel.hpp:51:8:[m[K [01;36m[Knote: [m[Kâ€˜[01m[Ksettings[m[Kâ€™ declared here as â€˜[01m[Kstruct settings[m[Kâ€™
[1.252s]    51 | struct [01;36m[Ksettings[m[K
[1.252s]       |        [01;36m[K^~~~~~~~[m[K
[1.253s] In file included from [01m[K/home/arian/Framework/src/framework/src/main.cpp:12[m[K:
[1.253s] [01m[K/home/arian/Framework/src/framework/include/framework/multiply_parallel.hpp:[m[K In static member function â€˜[01m[Kstatic std::vector<settings> generator::settings(std::initializer_list<settings>)[m[Kâ€™:
[1.253s] [01m[K/home/arian/Framework/src/framework/include/framework/multiply_parallel.hpp:460:33:[m[K [01;31m[Kerror: [m[Ktype/value mismatch at argument 1 in template parameter list for â€˜[01m[Ktemplate<class _Tp, class _Alloc> class std::vector[m[Kâ€™
[1.254s]   460 |             std::vector<settings[01;31m[K>[m[K content;
[1.254s]       |                                 [01;31m[K^[m[K
[1.254s] [01m[K/home/arian/Framework/src/framework/include/framework/multiply_parallel.hpp:460:33:[m[K [01;36m[Knote: [m[K  expected a type, got â€˜[01m[Kgenerator::settings[m[Kâ€™
[1.254s] [01m[K/home/arian/Framework/src/framework/include/framework/multiply_parallel.hpp:460:33:[m[K [01;31m[Kerror: [m[Ktemplate argument 2 is invalid
[1.254s] [01m[K/home/arian/Framework/src/framework/include/framework/multiply_parallel.hpp:464:25:[m[K [01;31m[Kerror: [m[Krequest for member â€˜[01m[Kpush_back[m[Kâ€™ in â€˜[01m[Kcontent[m[Kâ€™, which is of non-class type â€˜[01m[Kint[m[Kâ€™
[1.254s]   464 |                 content.[01;31m[Kpush_back[m[K(setting);
[1.254s]       |                         [01;31m[K^~~~~~~~~[m[K
[1.254s] [01m[K/home/arian/Framework/src/framework/include/framework/multiply_parallel.hpp:467:20:[m[K [01;31m[Kerror: [m[Kcould not convert â€˜[01m[Kcontent[m[Kâ€™ from â€˜[01m[Kint[m[Kâ€™ to â€˜[01m[Kstd::vector<settings>[m[Kâ€™
[1.254s]   467 |             return [01;31m[Kcontent[m[K;
[1.254s]       |                    [01;31m[K^~~~~~~[m[K
[1.254s]       |                    [01;31m[K|[m[K
[1.255s]       |                    [01;31m[Kint[m[K
[1.320s] /home/arian/Framework/src/framework/include/framework/multiply_parallel.hpp: In instantiation of â€˜[01m[Kstatic std::vector<std::vector<BufferT> > generator::inputs(std::initializer_list<int>) [with T = double][m[Kâ€™:
[1.320s] [01m[K/home/arian/Framework/src/framework/src/main.cpp:100:66:[m[K   required from here
[1.321s] [01m[K/home/arian/Framework/src/framework/include/framework/multiply_parallel.hpp:446:34:[m[K [01;35m[Kwarning: [m[Kcomparison of integer expressions of different signedness: â€˜[01m[Kint[m[Kâ€™ and â€˜[01m[Kstd::vector<double, std::allocator<double> >::size_type[m[Kâ€™ {aka â€˜[01m[Klong unsigned int[m[Kâ€™} [[01;35m[K-Wsign-compare[m[K]
[1.321s]   446 |                 for(int i = 0; i < temp.capacity(); i++)
[1.323s] /home/arian/Framework/src/framework/include/framework/multiply_parallel.hpp: In instantiation of â€˜[01m[Kvoid benchmark<T>::execute_all() [with K = std::ratio<1, 1000000000>; T = double][m[Kâ€™:
[1.323s] [01m[K/home/arian/Framework/src/framework/src/main.cpp:110:45:[m[K   required from here
[1.323s] [01m[K/home/arian/Framework/src/framework/include/framework/multiply_parallel.hpp:513:30:[m[K [01;35m[Kwarning: [m[Kcomparison of integer expressions of different signedness: â€˜[01m[Kint[m[Kâ€™ and â€˜[01m[Kstd::vector<settings>::size_type[m[Kâ€™ {aka â€˜[01m[Klong unsigned int[m[Kâ€™} [[01;35m[K-Wsign-compare[m[K]
[1.323s]   513 |             for(int i = 0; [01;35m[Ki < settingss_.size()[m[K; i++)
[1.323s]       |                            [01;35m[K~~^~~~~~~~~~~~~~~~~~~[m[K
[1.323s] [01m[K/home/arian/Framework/src/framework/include/framework/multiply_parallel.hpp:515:34:[m[K [01;35m[Kwarning: [m[Kcomparison of integer expressions of different signedness: â€˜[01m[Kint[m[Kâ€™ and â€˜[01m[Kstd::vector<std::vector<double, std::allocator<double> >, std::allocator<std::vector<double, std::allocator<double> > > >::size_type[m[Kâ€™ {aka â€˜[01m[Klong unsigned int[m[Kâ€™} [[01;35m[K-Wsign-compare[m[K]
[1.323s]   515 |                 for(int j = 0; j < inputs_a_.size(); j++)
[1.527s] /home/arian/Framework/src/framework/include/framework/multiply_parallel.hpp: In instantiation of â€˜[01m[Kvoid multiply_parallel<T>::execute_openmp(const std::vector<BufferT>&, const std::vector<BufferT>&, std::vector<BufferT>&, const settings&) [with T = double][m[Kâ€™:
[1.527s] [01m[K/home/arian/Framework/src/framework/include/framework/multiply_parallel.hpp:394:14:[m[K   required from here
[1.528s] [01m[K/home/arian/Framework/src/framework/include/framework/multiply_parallel.hpp:394:139:[m[K [01;35m[Kwarning: [m[Kunused parameter â€˜[01m[Ksettings_[m[Kâ€™ [[01;35m[K-Wunused-parameter[m[K]
[1.528s]   394 |         void execute_openmp(const std::vector<T>& matrix_a_, const std::vector<T>& matrix_b_, std::vector<T>& matrix_c_, [01;35m[Kconst settings & settings_[m[K )
[1.528s]       |                                                                                                                          [01;35m[K~~~~~~~~~~~~~~~~~^~~~~~~~~[m[K
[1.569s] make[2]: *** [CMakeFiles/main.dir/build.make:63: CMakeFiles/main.dir/src/main.cpp.o] Error 1
[1.570s] make[1]: *** [CMakeFiles/Makefile2:78: CMakeFiles/main.dir/all] Error 2
[1.570s] make: *** [Makefile:141: all] Error 2
[1.572s] Invoked command in '/home/arian/Framework/build/framework' returned '2': CMAKE_PREFIX_PATH=${CMAKE_PREFIX_PATH}:/home/arian/ros2_foxy/install/ros2bag:/home/arian/ros2_foxy/install/tracetools_launch:/home/arian/ros2_foxy/install/topic_monitor:/home/arian/ros2_foxy/install/examples_tf2_py:/home/arian/ros2_foxy/install/sros2:/home/arian/ros2_foxy/install/rqt_topic:/home/arian/ros2_foxy/install/rqt_reconfigure:/home/arian/ros2_foxy/install/rqt_action:/home/arian/ros2_foxy/install/rqt:/home/arian/ros2_foxy/install/rqt_graph:/home/arian/ros2_foxy/install/rqt_gui_py:/home/arian/ros2_foxy/install/rqt_gui:/home/arian/ros2_foxy/install/ros2trace:/home/arian/ros2_foxy/install/ros2topic:/home/arian/ros2_foxy/install/ros2test:/home/arian/ros2_foxy/install/ros2component:/home/arian/ros2_foxy/install/ros2param:/home/arian/ros2_foxy/install/ros2lifecycle:/home/arian/ros2_foxy/install/ros2service:/home/arian/ros2_foxy/install/ros2run:/home/arian/ros2_foxy/install/ros2launch:/home/arian/ros2_foxy/install/ros2pkg:/home/arian/ros2_foxy/install/ros2node:/home/arian/ros2_foxy/install/ros2multicast:/home/arian/ros2_foxy/install/ros2interface:/home/arian/ros2_foxy/install/ros2doctor:/home/arian/ros2_foxy/install/ros2action:/home/arian/ros2_foxy/install/ros2cli:/home/arian/ros2_foxy/install/quality_of_service_demo_py:/home/arian/ros2_foxy/install/launch_testing_ros:/home/arian/ros2_foxy/install/launch_ros:/home/arian/ros2_foxy/install/examples_rclpy_minimal_subscriber:/home/arian/ros2_foxy/install/examples_rclpy_minimal_service:/home/arian/ros2_foxy/install/examples_rclpy_minimal_publisher:/home/arian/ros2_foxy/install/examples_rclpy_minimal_client:/home/arian/ros2_foxy/install/examples_rclpy_minimal_action_server:/home/arian/ros2_foxy/install/examples_rclpy_minimal_action_client:/home/arian/ros2_foxy/install/examples_rclpy_executors:/home/arian/ros2_foxy/install/demo_nodes_py:/home/arian/ros2_foxy/install/action_tutorials_py:/home/arian/ros2_foxy/install/ament_uncrustify:/home/arian/ros2_foxy/install/tracetools_trace:/home/arian/ros2_foxy/install/tracetools_read:/home/arian/ros2_foxy/install/test_launch_ros:/home/arian/ros2_foxy/install/rpyutils:/home/arian/ros2_foxy/install/rosidl_runtime_py:/home/arian/ros2_foxy/install/launch_yaml:/home/arian/ros2_foxy/install/launch_xml:/home/arian/ros2_foxy/install/launch_testing:/home/arian/ros2_foxy/install/launch:/home/arian/ros2_foxy/install/osrf_pycommon:/home/arian/ros2_foxy/install/domain_coordinator:/home/arian/ros2_foxy/install/ament_xmllint:/home/arian/ros2_foxy/install/ament_pyflakes:/home/arian/ros2_foxy/install/ament_pycodestyle:/home/arian/ros2_foxy/install/ament_pep257:/home/arian/ros2_foxy/install/ament_pclint:/home/arian/ros2_foxy/install/ament_package:/home/arian/ros2_foxy/install/ament_mypy:/home/arian/ros2_foxy/install/ament_lint_cmake:/home/arian/ros2_foxy/install/ament_flake8:/home/arian/ros2_foxy/install/ament_copyright:/home/arian/ros2_foxy/install/ament_lint:/home/arian/ros2_foxy/install/ament_index_python:/home/arian/ros2_foxy/install/ament_cpplint:/home/arian/ros2_foxy/install/ament_cppcheck:/home/arian/ros2_foxy/install/ament_clang_tidy:/home/arian/ros2_foxy/install/ament_clang_format /usr/bin/cmake --build /home/arian/Framework/build/framework -- -j12 -l12
