[0.047s] Invoking command in '/home/arian/Framework/build/framework': CMAKE_PREFIX_PATH=${CMAKE_PREFIX_PATH}:/home/arian/ros2_foxy/install/ros2bag:/home/arian/ros2_foxy/install/tracetools_launch:/home/arian/ros2_foxy/install/topic_monitor:/home/arian/ros2_foxy/install/examples_tf2_py:/home/arian/ros2_foxy/install/sros2:/home/arian/ros2_foxy/install/rqt_topic:/home/arian/ros2_foxy/install/rqt_reconfigure:/home/arian/ros2_foxy/install/rqt_action:/home/arian/ros2_foxy/install/rqt:/home/arian/ros2_foxy/install/rqt_graph:/home/arian/ros2_foxy/install/rqt_gui_py:/home/arian/ros2_foxy/install/rqt_gui:/home/arian/ros2_foxy/install/ros2trace:/home/arian/ros2_foxy/install/ros2topic:/home/arian/ros2_foxy/install/ros2test:/home/arian/ros2_foxy/install/ros2component:/home/arian/ros2_foxy/install/ros2param:/home/arian/ros2_foxy/install/ros2lifecycle:/home/arian/ros2_foxy/install/ros2service:/home/arian/ros2_foxy/install/ros2run:/home/arian/ros2_foxy/install/ros2launch:/home/arian/ros2_foxy/install/ros2pkg:/home/arian/ros2_foxy/install/ros2node:/home/arian/ros2_foxy/install/ros2multicast:/home/arian/ros2_foxy/install/ros2interface:/home/arian/ros2_foxy/install/ros2doctor:/home/arian/ros2_foxy/install/ros2action:/home/arian/ros2_foxy/install/ros2cli:/home/arian/ros2_foxy/install/quality_of_service_demo_py:/home/arian/ros2_foxy/install/launch_testing_ros:/home/arian/ros2_foxy/install/launch_ros:/home/arian/ros2_foxy/install/examples_rclpy_minimal_subscriber:/home/arian/ros2_foxy/install/examples_rclpy_minimal_service:/home/arian/ros2_foxy/install/examples_rclpy_minimal_publisher:/home/arian/ros2_foxy/install/examples_rclpy_minimal_client:/home/arian/ros2_foxy/install/examples_rclpy_minimal_action_server:/home/arian/ros2_foxy/install/examples_rclpy_minimal_action_client:/home/arian/ros2_foxy/install/examples_rclpy_executors:/home/arian/ros2_foxy/install/demo_nodes_py:/home/arian/ros2_foxy/install/action_tutorials_py:/home/arian/ros2_foxy/install/ament_uncrustify:/home/arian/ros2_foxy/install/tracetools_trace:/home/arian/ros2_foxy/install/tracetools_read:/home/arian/ros2_foxy/install/test_launch_ros:/home/arian/ros2_foxy/install/rpyutils:/home/arian/ros2_foxy/install/rosidl_runtime_py:/home/arian/ros2_foxy/install/launch_yaml:/home/arian/ros2_foxy/install/launch_xml:/home/arian/ros2_foxy/install/launch_testing:/home/arian/ros2_foxy/install/launch:/home/arian/ros2_foxy/install/osrf_pycommon:/home/arian/ros2_foxy/install/domain_coordinator:/home/arian/ros2_foxy/install/ament_xmllint:/home/arian/ros2_foxy/install/ament_pyflakes:/home/arian/ros2_foxy/install/ament_pycodestyle:/home/arian/ros2_foxy/install/ament_pep257:/home/arian/ros2_foxy/install/ament_pclint:/home/arian/ros2_foxy/install/ament_package:/home/arian/ros2_foxy/install/ament_mypy:/home/arian/ros2_foxy/install/ament_lint_cmake:/home/arian/ros2_foxy/install/ament_flake8:/home/arian/ros2_foxy/install/ament_copyright:/home/arian/ros2_foxy/install/ament_lint:/home/arian/ros2_foxy/install/ament_index_python:/home/arian/ros2_foxy/install/ament_cpplint:/home/arian/ros2_foxy/install/ament_cppcheck:/home/arian/ros2_foxy/install/ament_clang_tidy:/home/arian/ros2_foxy/install/ament_clang_format /usr/bin/cmake --build /home/arian/Framework/build/framework -- -j12 -l12
[0.132s] [35m[1mScanning dependencies of target main[0m
[0.154s] [ 50%] [32mBuilding CXX object CMakeFiles/main.dir/src/main.cpp.o[0m
[0.536s] In file included from [01m[K/home/arian/Framework/src/framework/include/framework/base/inverse_parallel.hpp:16[m[K,
[0.536s]                  from [01m[K/home/arian/Framework/src/framework/src/main.cpp:11[m[K:
[0.536s] [01m[K/home/arian/Framework/src/framework/include/framework/base/determinant_parallel.hpp:24:6:[m[K [01;31m[Kerror: [m[Kredefinition of â€˜[01m[Ktemplate<class T> void framework::base::getCofactor(std::vector<T>&, std::vector<T>&, int, int, int, int)[m[Kâ€™
[0.536s]    24 | void [01;31m[KgetCofactor[m[K(std::vector<T> & A, std::vector<T> & temp, int p, int q, int n, int width)
[0.536s]       |      [01;31m[K^~~~~~~~~~~[m[K
[0.536s] In file included from [01m[K/home/arian/Framework/src/framework/include/framework/base/inverse_parallel.hpp:15[m[K,
[0.536s]                  from [01m[K/home/arian/Framework/src/framework/src/main.cpp:11[m[K:
[0.536s] [01m[K/home/arian/Framework/src/framework/include/framework/base/adjoint_parallel.hpp:24:6:[m[K [01;36m[Knote: [m[Kâ€˜[01m[Ktemplate<class T> void framework::base::getCofactor(std::vector<T>&, std::vector<T>&, int, int, int, int)[m[Kâ€™ previously declared here
[0.536s]    24 | void [01;36m[KgetCofactor[m[K(std::vector<T> & A, std::vector<T> & temp, int p, int q, int n, int width)
[0.536s]       |      [01;36m[K^~~~~~~~~~~[m[K
[0.536s] In file included from [01m[K/home/arian/Framework/src/framework/include/framework/base/inverse_parallel.hpp:16[m[K,
[0.536s]                  from [01m[K/home/arian/Framework/src/framework/src/main.cpp:11[m[K:
[0.536s] [01m[K/home/arian/Framework/src/framework/include/framework/base/determinant_parallel.hpp:47:3:[m[K [01;31m[Kerror: [m[Kredefinition of â€˜[01m[Ktemplate<class T> T framework::base::determinant(std::vector<T>&, int, int, int)[m[Kâ€™
[0.536s]    47 | T [01;31m[Kdeterminant[m[K(std::vector<T> & A, int n, int size, int width)
[0.537s]       |   [01;31m[K^~~~~~~~~~~[m[K
[0.537s] In file included from [01m[K/home/arian/Framework/src/framework/include/framework/base/inverse_parallel.hpp:15[m[K,
[0.537s]                  from [01m[K/home/arian/Framework/src/framework/src/main.cpp:11[m[K:
[0.537s] [01m[K/home/arian/Framework/src/framework/include/framework/base/adjoint_parallel.hpp:47:3:[m[K [01;36m[Knote: [m[Kâ€˜[01m[Ktemplate<class T> T framework::base::determinant(std::vector<T>&, int, int, int)[m[Kâ€™ previously declared here
[0.537s]    47 | T [01;36m[Kdeterminant[m[K(std::vector<T> & A, int n, int size, int width)
[0.537s]       |   [01;36m[K^~~~~~~~~~~[m[K
[0.561s] In file included from [01m[K/home/arian/Framework/src/framework/src/main.cpp:8[m[K:
[0.561s] /home/arian/Framework/src/framework/include/framework/generators/generator.hpp: In instantiation of â€˜[01m[Kstatic std::vector<std::vector<T> > framework::generator::generate_inputs(std::initializer_list<int>) [with T = int][m[Kâ€™:
[0.561s] [01m[K/home/arian/Framework/src/framework/src/main.cpp:16:92:[m[K   required from here
[0.561s] [01m[K/home/arian/Framework/src/framework/include/framework/generators/generator.hpp:27:34:[m[K [01;35m[Kwarning: [m[Kcomparison of integer expressions of different signedness: â€˜[01m[Kint[m[Kâ€™ and â€˜[01m[Kstd::vector<int>::size_type[m[Kâ€™ {aka â€˜[01m[Klong unsigned int[m[Kâ€™} [[01;35m[K-Wsign-compare[m[K]
[0.561s]    27 |                 for(int i = 0; i < temp.capacity(); i++)
[0.564s] In file included from [01m[K/home/arian/Framework/src/framework/src/main.cpp:7[m[K:
[0.564s] /home/arian/Framework/src/framework/include/framework/benchmark/benchmark.hpp: In instantiation of â€˜[01m[Kvoid framework::benchmark<T>::execute_all() [with K = std::ratio<1, 1000>; T = int][m[Kâ€™:
[0.564s] [01m[K/home/arian/Framework/src/framework/src/main.cpp:27:62:[m[K   required from here
[0.564s] [01m[K/home/arian/Framework/src/framework/include/framework/benchmark/benchmark.hpp:65:30:[m[K [01;35m[Kwarning: [m[Kcomparison of integer expressions of different signedness: â€˜[01m[Kint[m[Kâ€™ and â€˜[01m[Kstd::vector<framework::settings>::size_type[m[Kâ€™ {aka â€˜[01m[Klong unsigned int[m[Kâ€™} [[01;35m[K-Wsign-compare[m[K]
[0.564s]    65 |             for(int i = 0; [01;35m[Ki < settingss_.size()[m[K; i++)
[0.564s]       |                            [01;35m[K~~^~~~~~~~~~~~~~~~~~~[m[K
[0.564s] [01m[K/home/arian/Framework/src/framework/include/framework/benchmark/benchmark.hpp:76:34:[m[K [01;35m[Kwarning: [m[Kcomparison of integer expressions of different signedness: â€˜[01m[Kint[m[Kâ€™ and â€˜[01m[Kstd::vector<std::vector<int>, std::allocator<std::vector<int> > >::size_type[m[Kâ€™ {aka â€˜[01m[Klong unsigned int[m[Kâ€™} [[01;35m[K-Wsign-compare[m[K]
[0.564s]    76 |                 for(int j = 0; j < inputs_a_.size(); j++)
[0.565s] [01m[K/home/arian/Framework/src/framework/include/framework/benchmark/benchmark.hpp:90:26:[m[K [01;35m[Kwarning: [m[Kcomparison of integer expressions of different signedness: â€˜[01m[Kint[m[Kâ€™ and â€˜[01m[Kstd::vector<std::vector<int>, std::allocator<std::vector<int> > >::size_type[m[Kâ€™ {aka â€˜[01m[Klong unsigned int[m[Kâ€™} [[01;35m[K-Wsign-compare[m[K]
[0.565s]    90 |                     if([01;35m[Kj != inputs_a_.size() - 1[m[K)
[0.565s]       |                        [01;35m[K~~^~~~~~~~~~~~~~~~~~~~~~~[m[K
[0.565s] [01m[K/home/arian/Framework/src/framework/include/framework/benchmark/benchmark.hpp:98:22:[m[K [01;35m[Kwarning: [m[Kcomparison of integer expressions of different signedness: â€˜[01m[Kint[m[Kâ€™ and â€˜[01m[Kstd::vector<framework::settings>::size_type[m[Kâ€™ {aka â€˜[01m[Klong unsigned int[m[Kâ€™} [[01;35m[K-Wsign-compare[m[K]
[0.565s]    98 |                 if([01;35m[Ki == settingss_.size() - 1[m[K)
[0.565s]       |                    [01;35m[K~~^~~~~~~~~~~~~~~~~~~~~~~~[m[K
[0.578s] In file included from [01m[K/home/arian/Framework/src/framework/include/framework/benchmark/benchmark.hpp:11[m[K,
[0.578s]                  from [01m[K/home/arian/Framework/src/framework/src/main.cpp:7[m[K:
[0.578s] /home/arian/Framework/src/framework/include/framework/generators/json_generator.hpp: In instantiation of â€˜[01m[Kframework::json_generator& framework::json_generator::add(const std::chrono::duration<long int, T>&) [with T = std::ratio<1, 1000>][m[Kâ€™:
[0.578s] [01m[K/home/arian/Framework/src/framework/include/framework/benchmark/benchmark.hpp:62:29:[m[K   required from â€˜[01m[Kvoid framework::benchmark<T>::execute_all() [with K = std::ratio<1, 1000>; T = int][m[Kâ€™
[0.578s] [01m[K/home/arian/Framework/src/framework/src/main.cpp:27:62:[m[K   required from here
[0.578s] [01m[K/home/arian/Framework/src/framework/include/framework/generators/json_generator.hpp:44:70:[m[K [01;35m[Kwarning: [m[Kunused parameter â€˜[01m[Kduration[m[Kâ€™ [[01;35m[K-Wunused-parameter[m[K]
[0.579s]    44 |         json_generator& add([01;35m[Kconst std::chrono::duration<int64_t, T>& duration[m[K)
[0.579s]       |                             [01;35m[K~~~~~~~~~~~~~~~~~~~~~~~~~~~~~~~~~~~~~~~~~^~~~~~~~[m[K
[0.614s] In file included from [01m[K/home/arian/Framework/src/framework/src/main.cpp:4[m[K:
[0.614s] /home/arian/Framework/src/framework/include/framework/base/grayscale_parallel.hpp: In instantiation of â€˜[01m[Kvoid framework::base::grayscale_parallel_openmp(const std::vector<T>&, const std::vector<T>&, std::vector<T>&, const framework::settings&) [with T = int][m[Kâ€™:
[0.614s] [01m[K/home/arian/Framework/src/framework/include/framework/base/grayscale_parallel.hpp:129:45:[m[K   required from â€˜[01m[Kvoid framework::base::grayscale_parallel<T>::execute(const std::vector<T>&, const std::vector<T>&, std::vector<T>&, const framework::settings&) [with T = int][m[Kâ€™
[0.614s] [01m[K/home/arian/Framework/src/framework/include/framework/base/grayscale_parallel.hpp:107:14:[m[K   required from here
[0.614s] [01m[K/home/arian/Framework/src/framework/include/framework/base/grayscale_parallel.hpp:34:87:[m[K [01;35m[Kwarning: [m[Kunused parameter â€˜[01m[Kmatrix_b_[m[Kâ€™ [[01;35m[K-Wunused-parameter[m[K]
[0.614s]    34 | void grayscale_parallel_openmp(const std::vector<T>& matrix_a_, [01;35m[Kconst std::vector<T>& matrix_b_[m[K, std::vector<T>& matrix_c_, const settings & settings_ )
[0.614s]       |                                                                 [01;35m[K~~~~~~~~~~~~~~~~~~~~~~^~~~~~~~~[m[K
[0.614s] /home/arian/Framework/src/framework/include/framework/base/grayscale_parallel.hpp: In instantiation of â€˜[01m[Kvoid framework::base::grayscale_serial(const std::vector<T>&, const std::vector<T>&, std::vector<T>&, const framework::settings&) [with T = int][m[Kâ€™:
[0.614s] [01m[K/home/arian/Framework/src/framework/include/framework/base/grayscale_parallel.hpp:133:36:[m[K   required from â€˜[01m[Kvoid framework::base::grayscale_parallel<T>::execute(const std::vector<T>&, const std::vector<T>&, std::vector<T>&, const framework::settings&) [with T = int][m[Kâ€™
[0.614s] [01m[K/home/arian/Framework/src/framework/include/framework/base/grayscale_parallel.hpp:107:14:[m[K   required from here
[0.614s] [01m[K/home/arian/Framework/src/framework/include/framework/base/grayscale_parallel.hpp:51:78:[m[K [01;35m[Kwarning: [m[Kunused parameter â€˜[01m[Kmatrix_b_[m[Kâ€™ [[01;35m[K-Wunused-parameter[m[K]
[0.615s]    51 | void grayscale_serial(const std::vector<T>& matrix_a_, [01;35m[Kconst std::vector<T>& matrix_b_[m[K, std::vector<T>& matrix_c_, const settings & settings_ )
[0.615s]       |                                                        [01;35m[K~~~~~~~~~~~~~~~~~~~~~~^~~~~~~~~[m[K
[0.615s] [01m[K/home/arian/Framework/src/framework/include/framework/base/grayscale_parallel.hpp:51:133:[m[K [01;35m[Kwarning: [m[Kunused parameter â€˜[01m[Ksettings_[m[Kâ€™ [[01;35m[K-Wunused-parameter[m[K]
[0.615s]    51 | void grayscale_serial(const std::vector<T>& matrix_a_, const std::vector<T>& matrix_b_, std::vector<T>& matrix_c_, [01;35m[Kconst settings & settings_[m[K )
[0.615s]       |                                                                                                                    [01;35m[K~~~~~~~~~~~~~~~~~^~~~~~~~~[m[K
[0.638s] make[2]: *** [CMakeFiles/main.dir/build.make:63: CMakeFiles/main.dir/src/main.cpp.o] Error 1
[0.638s] make[1]: *** [CMakeFiles/Makefile2:78: CMakeFiles/main.dir/all] Error 2
[0.638s] make: *** [Makefile:141: all] Error 2
[0.640s] Invoked command in '/home/arian/Framework/build/framework' returned '2': CMAKE_PREFIX_PATH=${CMAKE_PREFIX_PATH}:/home/arian/ros2_foxy/install/ros2bag:/home/arian/ros2_foxy/install/tracetools_launch:/home/arian/ros2_foxy/install/topic_monitor:/home/arian/ros2_foxy/install/examples_tf2_py:/home/arian/ros2_foxy/install/sros2:/home/arian/ros2_foxy/install/rqt_topic:/home/arian/ros2_foxy/install/rqt_reconfigure:/home/arian/ros2_foxy/install/rqt_action:/home/arian/ros2_foxy/install/rqt:/home/arian/ros2_foxy/install/rqt_graph:/home/arian/ros2_foxy/install/rqt_gui_py:/home/arian/ros2_foxy/install/rqt_gui:/home/arian/ros2_foxy/install/ros2trace:/home/arian/ros2_foxy/install/ros2topic:/home/arian/ros2_foxy/install/ros2test:/home/arian/ros2_foxy/install/ros2component:/home/arian/ros2_foxy/install/ros2param:/home/arian/ros2_foxy/install/ros2lifecycle:/home/arian/ros2_foxy/install/ros2service:/home/arian/ros2_foxy/install/ros2run:/home/arian/ros2_foxy/install/ros2launch:/home/arian/ros2_foxy/install/ros2pkg:/home/arian/ros2_foxy/install/ros2node:/home/arian/ros2_foxy/install/ros2multicast:/home/arian/ros2_foxy/install/ros2interface:/home/arian/ros2_foxy/install/ros2doctor:/home/arian/ros2_foxy/install/ros2action:/home/arian/ros2_foxy/install/ros2cli:/home/arian/ros2_foxy/install/quality_of_service_demo_py:/home/arian/ros2_foxy/install/launch_testing_ros:/home/arian/ros2_foxy/install/launch_ros:/home/arian/ros2_foxy/install/examples_rclpy_minimal_subscriber:/home/arian/ros2_foxy/install/examples_rclpy_minimal_service:/home/arian/ros2_foxy/install/examples_rclpy_minimal_publisher:/home/arian/ros2_foxy/install/examples_rclpy_minimal_client:/home/arian/ros2_foxy/install/examples_rclpy_minimal_action_server:/home/arian/ros2_foxy/install/examples_rclpy_minimal_action_client:/home/arian/ros2_foxy/install/examples_rclpy_executors:/home/arian/ros2_foxy/install/demo_nodes_py:/home/arian/ros2_foxy/install/action_tutorials_py:/home/arian/ros2_foxy/install/ament_uncrustify:/home/arian/ros2_foxy/install/tracetools_trace:/home/arian/ros2_foxy/install/tracetools_read:/home/arian/ros2_foxy/install/test_launch_ros:/home/arian/ros2_foxy/install/rpyutils:/home/arian/ros2_foxy/install/rosidl_runtime_py:/home/arian/ros2_foxy/install/launch_yaml:/home/arian/ros2_foxy/install/launch_xml:/home/arian/ros2_foxy/install/launch_testing:/home/arian/ros2_foxy/install/launch:/home/arian/ros2_foxy/install/osrf_pycommon:/home/arian/ros2_foxy/install/domain_coordinator:/home/arian/ros2_foxy/install/ament_xmllint:/home/arian/ros2_foxy/install/ament_pyflakes:/home/arian/ros2_foxy/install/ament_pycodestyle:/home/arian/ros2_foxy/install/ament_pep257:/home/arian/ros2_foxy/install/ament_pclint:/home/arian/ros2_foxy/install/ament_package:/home/arian/ros2_foxy/install/ament_mypy:/home/arian/ros2_foxy/install/ament_lint_cmake:/home/arian/ros2_foxy/install/ament_flake8:/home/arian/ros2_foxy/install/ament_copyright:/home/arian/ros2_foxy/install/ament_lint:/home/arian/ros2_foxy/install/ament_index_python:/home/arian/ros2_foxy/install/ament_cpplint:/home/arian/ros2_foxy/install/ament_cppcheck:/home/arian/ros2_foxy/install/ament_clang_tidy:/home/arian/ros2_foxy/install/ament_clang_format /usr/bin/cmake --build /home/arian/Framework/build/framework -- -j12 -l12
