In file included from [01m[K/home/arian/Framework/src/framework/include/framework/multiply_parallel.hpp:10[m[K,
                 from [01m[K/home/arian/Framework/src/framework/src/main.cpp:7[m[K:
[01m[K/home/arian/Framework/src/framework/include/framework/types/matrix.hpp:[m[K In constructor â€˜[01m[Kframework::types::matrix::matrix(int**)[m[Kâ€™:
[01m[K/home/arian/Framework/src/framework/include/framework/types/matrix.hpp:14:26:[m[K [01;35m[Kwarning: [m[Kunused parameter â€˜[01m[Kmatrix[m[Kâ€™ [[01;35m[K-Wunused-parameter[m[K]
   14 |             matrix([01;35m[Kint** matrix[m[K)
      |                    [01;35m[K~~~~~~^~~~~~[m[K
In file included from [01m[K/home/arian/Framework/src/framework/src/main.cpp:7[m[K:
[01m[K/home/arian/Framework/src/framework/include/framework/multiply_parallel.hpp:[m[K In function â€˜[01m[Kvoid* framework::matrix_utilities::parallel_multiply_pthread_2(void*)[m[Kâ€™:
[01m[K/home/arian/Framework/src/framework/include/framework/multiply_parallel.hpp:34:53:[m[K [01;35m[Kwarning: [m[Kunused variable â€˜[01m[Kmatrices[m[Kâ€™ [[01;35m[K-Wunused-variable[m[K]
   34 |             framework::container::matrix_container* [01;35m[Kmatrices[m[K = (framework::container::matrix_container*)container;
      |                                                     [01;35m[K^~~~~~~~[m[K
[01m[K/home/arian/Framework/src/framework/src/main.cpp:[m[K In function â€˜[01m[Kint main()[m[Kâ€™:
[01m[K/home/arian/Framework/src/framework/src/main.cpp:23:14:[m[K [01;31m[Kerror: [m[Kâ€˜[01m[Kframework::utilities[m[Kâ€™ has not been declared
   23 |   framework::[01;31m[Kutilities[m[K::matrix matrix_a(a);
      |              [01;31m[K^~~~~~~~~[m[K
[01m[K/home/arian/Framework/src/framework/src/main.cpp:27:49:[m[K [01;31m[Kerror: [m[Kâ€˜[01m[Kmatrix_a[m[Kâ€™ was not declared in this scope
   27 |    auto b = framework::matrix_multiply_parallel([01;31m[Kmatrix_a[m[K, matrix_a);
      |                                                 [01;31m[K^~~~~~~~[m[K
make[2]: *** [CMakeFiles/main.dir/build.make:63: CMakeFiles/main.dir/src/main.cpp.o] Error 1
make[1]: *** [CMakeFiles/Makefile2:78: CMakeFiles/main.dir/all] Error 2
make: *** [Makefile:141: all] Error 2
