[35m[1mScanning dependencies of target main[0m
[ 50%] [32mBuilding CXX object CMakeFiles/main.dir/src/main.cpp.o[0m
In file included from [01m[K/home/arian/Framework/src/framework/src/main.cpp:7[m[K:
[01m[K/home/arian/Framework/src/framework/include/framework/multiply_parallel.hpp:[m[K In constructor â€˜[01m[Kframework::utilities::matrix::matrix(int**)[m[Kâ€™:
[01m[K/home/arian/Framework/src/framework/include/framework/multiply_parallel.hpp:21:26:[m[K [01;35m[Kwarning: [m[Kunused parameter â€˜[01m[Kmatrix[m[Kâ€™ [[01;35m[K-Wunused-parameter[m[K]
   21 |             matrix([01;35m[Kint** matrix[m[K)
      |                    [01;35m[K~~~~~~^~~~~~[m[K
In file included from [01m[K/home/arian/Framework/src/framework/src/main.cpp:7[m[K:
[01m[K/home/arian/Framework/src/framework/include/framework/multiply_parallel.hpp:[m[K In function â€˜[01m[Kvoid* framework::matrix_utilities::parallel_multiply_pthread_2(void*)[m[Kâ€™:
[01m[K/home/arian/Framework/src/framework/include/framework/multiply_parallel.hpp:92:53:[m[K [01;35m[Kwarning: [m[Kunused variable â€˜[01m[Kmatrices[m[Kâ€™ [[01;35m[K-Wunused-variable[m[K]
   92 |             framework::container::matrix_container* [01;35m[Kmatrices[m[K = (framework::container::matrix_container*)container;
      |                                                     [01;35m[K^~~~~~~~[m[K
[01m[K/home/arian/Framework/src/framework/include/framework/multiply_parallel.hpp:[m[K In member function â€˜[01m[Kvoid framework::matrix_multiply_parallel::execute()[m[Kâ€™:
[01m[K/home/arian/Framework/src/framework/include/framework/multiply_parallel.hpp:136:111:[m[K [01;31m[Kerror: [m[Kno matching function for call to â€˜[01m[Kframework::container::matrix_container::matrix_container()[m[Kâ€™
  136 |                 framework::container::matrix_container* matrices = new framework::container::matrix_container([01;31m[K)[m[K;
      |                                                                                                               [01;31m[K^[m[K
In file included from [01m[K/home/arian/Framework/src/framework/src/main.cpp:7[m[K:
[01m[K/home/arian/Framework/src/framework/include/framework/multiply_parallel.hpp:76:13:[m[K [01;36m[Knote: [m[Kcandidate: â€˜[01m[Kframework::container::matrix_container::matrix_container(framework::utilities::matrix, framework::utilities::matrix, framework::utilities::matrix)[m[Kâ€™
   76 |             [01;36m[Kmatrix_container[m[K(framework::utilities::matrix a, framework::utilities::matrix b, framework::utilities::matrix c) : a(a), b(b), c(c) {}
      |             [01;36m[K^~~~~~~~~~~~~~~~[m[K
[01m[K/home/arian/Framework/src/framework/include/framework/multiply_parallel.hpp:76:13:[m[K [01;36m[Knote: [m[K  candidate expects 3 arguments, 0 provided
[01m[K/home/arian/Framework/src/framework/include/framework/multiply_parallel.hpp:74:16:[m[K [01;36m[Knote: [m[Kcandidate: â€˜[01m[Kframework::container::matrix_container::matrix_container(const framework::container::matrix_container&)[m[Kâ€™
   74 |         struct [01;36m[Kmatrix_container[m[K
      |                [01;36m[K^~~~~~~~~~~~~~~~[m[K
[01m[K/home/arian/Framework/src/framework/include/framework/multiply_parallel.hpp:74:16:[m[K [01;36m[Knote: [m[K  candidate expects 1 argument, 0 provided
[01m[K/home/arian/Framework/src/framework/include/framework/multiply_parallel.hpp:74:16:[m[K [01;36m[Knote: [m[Kcandidate: â€˜[01m[Kframework::container::matrix_container::matrix_container(framework::container::matrix_container&&)[m[Kâ€™
[01m[K/home/arian/Framework/src/framework/include/framework/multiply_parallel.hpp:74:16:[m[K [01;36m[Knote: [m[K  candidate expects 1 argument, 0 provided
make[2]: *** [CMakeFiles/main.dir/build.make:63: CMakeFiles/main.dir/src/main.cpp.o] Error 1
make[1]: *** [CMakeFiles/Makefile2:78: CMakeFiles/main.dir/all] Error 2
make: *** [Makefile:141: all] Error 2
