[0.049s] Invoking command in '/home/arian/Framework/build/framework': CMAKE_PREFIX_PATH=${CMAKE_PREFIX_PATH}:/home/arian/ros2_foxy/install/ros2bag:/home/arian/ros2_foxy/install/tracetools_launch:/home/arian/ros2_foxy/install/topic_monitor:/home/arian/ros2_foxy/install/examples_tf2_py:/home/arian/ros2_foxy/install/sros2:/home/arian/ros2_foxy/install/rqt_topic:/home/arian/ros2_foxy/install/rqt_reconfigure:/home/arian/ros2_foxy/install/rqt_action:/home/arian/ros2_foxy/install/rqt:/home/arian/ros2_foxy/install/rqt_graph:/home/arian/ros2_foxy/install/rqt_gui_py:/home/arian/ros2_foxy/install/rqt_gui:/home/arian/ros2_foxy/install/ros2trace:/home/arian/ros2_foxy/install/ros2topic:/home/arian/ros2_foxy/install/ros2test:/home/arian/ros2_foxy/install/ros2component:/home/arian/ros2_foxy/install/ros2param:/home/arian/ros2_foxy/install/ros2lifecycle:/home/arian/ros2_foxy/install/ros2service:/home/arian/ros2_foxy/install/ros2run:/home/arian/ros2_foxy/install/ros2launch:/home/arian/ros2_foxy/install/ros2pkg:/home/arian/ros2_foxy/install/ros2node:/home/arian/ros2_foxy/install/ros2multicast:/home/arian/ros2_foxy/install/ros2interface:/home/arian/ros2_foxy/install/ros2doctor:/home/arian/ros2_foxy/install/ros2action:/home/arian/ros2_foxy/install/ros2cli:/home/arian/ros2_foxy/install/quality_of_service_demo_py:/home/arian/ros2_foxy/install/launch_testing_ros:/home/arian/ros2_foxy/install/launch_ros:/home/arian/ros2_foxy/install/examples_rclpy_minimal_subscriber:/home/arian/ros2_foxy/install/examples_rclpy_minimal_service:/home/arian/ros2_foxy/install/examples_rclpy_minimal_publisher:/home/arian/ros2_foxy/install/examples_rclpy_minimal_client:/home/arian/ros2_foxy/install/examples_rclpy_minimal_action_server:/home/arian/ros2_foxy/install/examples_rclpy_minimal_action_client:/home/arian/ros2_foxy/install/examples_rclpy_executors:/home/arian/ros2_foxy/install/demo_nodes_py:/home/arian/ros2_foxy/install/action_tutorials_py:/home/arian/ros2_foxy/install/ament_uncrustify:/home/arian/ros2_foxy/install/tracetools_trace:/home/arian/ros2_foxy/install/tracetools_read:/home/arian/ros2_foxy/install/test_launch_ros:/home/arian/ros2_foxy/install/rpyutils:/home/arian/ros2_foxy/install/rosidl_runtime_py:/home/arian/ros2_foxy/install/launch_yaml:/home/arian/ros2_foxy/install/launch_xml:/home/arian/ros2_foxy/install/launch_testing:/home/arian/ros2_foxy/install/launch:/home/arian/ros2_foxy/install/osrf_pycommon:/home/arian/ros2_foxy/install/domain_coordinator:/home/arian/ros2_foxy/install/ament_xmllint:/home/arian/ros2_foxy/install/ament_pyflakes:/home/arian/ros2_foxy/install/ament_pycodestyle:/home/arian/ros2_foxy/install/ament_pep257:/home/arian/ros2_foxy/install/ament_pclint:/home/arian/ros2_foxy/install/ament_package:/home/arian/ros2_foxy/install/ament_mypy:/home/arian/ros2_foxy/install/ament_lint_cmake:/home/arian/ros2_foxy/install/ament_flake8:/home/arian/ros2_foxy/install/ament_copyright:/home/arian/ros2_foxy/install/ament_lint:/home/arian/ros2_foxy/install/ament_index_python:/home/arian/ros2_foxy/install/ament_cpplint:/home/arian/ros2_foxy/install/ament_cppcheck:/home/arian/ros2_foxy/install/ament_clang_tidy:/home/arian/ros2_foxy/install/ament_clang_format /usr/bin/cmake --build /home/arian/Framework/build/framework -- -j12 -l12
[0.135s] [35m[1mScanning dependencies of target main[0m
[0.181s] [ 50%] [32mBuilding CXX object CMakeFiles/main.dir/src/main.cpp.o[0m
[1.406s] In file included from [01m[K/home/arian/Framework/src/framework/src/main.cpp:12[m[K:
[1.407s] [01m[K/home/arian/Framework/src/framework/include/framework/multiply_parallel.hpp:[m[K In member function â€˜[01m[Kvoid multiply_parallel::execute(const std::vector<int>&, const std::vector<int>&, std::vector<int>&, const settings&)[m[Kâ€™:
[1.407s] [01m[K/home/arian/Framework/src/framework/include/framework/multiply_parallel.hpp:121:34:[m[K [01;35m[Kwarning: [m[Kvalue computed is not used [[01;35m[K-Wunused-value[m[K]
[1.407s]   121 |                         ([01;35m[K(i + 1) * ((matrix_a_.size() / sqrt(matrix_a_.size()) / settings_.THREAD_NUMBER))[m[K,
[1.407s]       |                          [01;35m[K~~~~~~~~^~~~~~~~~~~~~~~~~~~~~~~~~~~~~~~~~~~~~~~~~~~~~~~~~~~~~~~~~~~~~~~~~~~~~~~~~[m[K
[1.407s] [01m[K/home/arian/Framework/src/framework/include/framework/multiply_parallel.hpp:120:28:[m[K [01;35m[Kwarning: [m[Kvalue computed is not used [[01;35m[K-Wunused-value[m[K]
[1.407s]   120 |                         ([01;35m[Ki * ((matrix_a_.size() / sqrt(matrix_a_.size()) / settings_.THREAD_NUMBER))[m[K,
[1.407s]       |                          [01;35m[K~~^~~~~~~~~~~~~~~~~~~~~~~~~~~~~~~~~~~~~~~~~~~~~~~~~~~~~~~~~~~~~~~~~~~~~~~~~[m[K
[1.407s] [01m[K/home/arian/Framework/src/framework/include/framework/multiply_parallel.hpp:123:22:[m[K [01;31m[Kerror: [m[Kexpected â€˜[01m[K)[m[Kâ€™ before â€˜[01m[K;[m[Kâ€™ token
[1.407s]   123 |                     )[01;31m[K;[m[K
[1.407s]       |                      [01;31m[K^[m[K
[1.407s]       |                      [32m[K)[m[K
[1.408s] [01m[K/home/arian/Framework/src/framework/include/framework/multiply_parallel.hpp:120:25:[m[K [01;36m[Knote: [m[Kto match this â€˜[01m[K([m[Kâ€™
[1.408s]   120 |                         [01;36m[K([m[Ki * ((matrix_a_.size() / sqrt(matrix_a_.size()) / settings_.THREAD_NUMBER)),
[1.408s]       |                         [01;36m[K^[m[K
[1.408s] [01m[K/home/arian/Framework/src/framework/include/framework/multiply_parallel.hpp:123:22:[m[K [01;31m[Kerror: [m[Kexpected â€˜[01m[K)[m[Kâ€™ before â€˜[01m[K;[m[Kâ€™ token
[1.408s]   123 |                     )[01;31m[K;[m[K
[1.408s]       |                      [01;31m[K^[m[K
[1.408s]       |                      [32m[K)[m[K
[1.408s] [01m[K/home/arian/Framework/src/framework/include/framework/multiply_parallel.hpp:118:50:[m[K [01;36m[Knote: [m[Kto match this â€˜[01m[K([m[Kâ€™
[1.408s]   118 |                     iterators_[i] = new iterators[01;36m[K([m[K
[1.408s]       |                                                  [01;36m[K^[m[K
[1.408s] [01m[K/home/arian/Framework/src/framework/include/framework/multiply_parallel.hpp:123:22:[m[K [01;31m[Kerror: [m[Kno matching function for call to â€˜[01m[Kiterators::iterators()[m[Kâ€™
[1.408s]   123 |                     )[01;31m[K;[m[K
[1.408s]       |                      [01;31m[K^[m[K
[1.409s] In file included from [01m[K/home/arian/Framework/src/framework/src/main.cpp:12[m[K:
[1.409s] [01m[K/home/arian/Framework/src/framework/include/framework/multiply_parallel.hpp:34:5:[m[K [01;36m[Knote: [m[Kcandidate: â€˜[01m[Kiterators::iterators(const std::vector<int>&, const std::vector<int>&, std::vector<int>&, int, int, int, int)[m[Kâ€™
[1.409s]    34 |     [01;36m[Kiterators[m[K(
[1.409s]       |     [01;36m[K^~~~~~~~~[m[K
[1.409s] [01m[K/home/arian/Framework/src/framework/include/framework/multiply_parallel.hpp:34:5:[m[K [01;36m[Knote: [m[K  candidate expects 7 arguments, 0 provided
[1.409s] [01m[K/home/arian/Framework/src/framework/include/framework/multiply_parallel.hpp:31:8:[m[K [01;36m[Knote: [m[Kcandidate: â€˜[01m[Kconstexpr iterators::iterators(const iterators&)[m[Kâ€™
[1.409s]    31 | struct [01;36m[Kiterators[m[K
[1.409s]       |        [01;36m[K^~~~~~~~~[m[K
[1.409s] [01m[K/home/arian/Framework/src/framework/include/framework/multiply_parallel.hpp:31:8:[m[K [01;36m[Knote: [m[K  candidate expects 1 argument, 0 provided
[1.409s] [01m[K/home/arian/Framework/src/framework/include/framework/multiply_parallel.hpp:31:8:[m[K [01;36m[Knote: [m[Kcandidate: â€˜[01m[Kconstexpr iterators::iterators(iterators&&)[m[Kâ€™
[1.409s] [01m[K/home/arian/Framework/src/framework/include/framework/multiply_parallel.hpp:31:8:[m[K [01;36m[Knote: [m[K  candidate expects 1 argument, 0 provided
[1.409s] In file included from [01m[K/home/arian/Framework/src/framework/src/main.cpp:12[m[K:
[1.409s] [01m[K/home/arian/Framework/src/framework/include/framework/multiply_parallel.hpp:132:21:[m[K [01;31m[Kerror: [m[Kno matching function for call to â€˜[01m[Ksqrt(std::vector<int>::size_type, std::vector<int>::size_type, __gnu_cxx::__enable_if<true, double>::__type)[m[Kâ€™
[1.409s]   132 |                     [01;31m[K)[m[K;
[1.409s]       |                     [01;31m[K^[m[K
[1.409s] In file included from [01m[K/usr/include/features.h:461[m[K,
[1.410s]                  from [01m[K/usr/include/x86_64-linux-gnu/c++/9/bits/os_defines.h:39[m[K,
[1.410s]                  from [01m[K/usr/include/x86_64-linux-gnu/c++/9/bits/c++config.h:524[m[K,
[1.410s]                  from [01m[K/usr/include/c++/9/iostream:38[m[K,
[1.410s]                  from [01m[K/home/arian/Framework/src/framework/src/main.cpp:1[m[K:
[1.410s] [01m[K/usr/include/x86_64-linux-gnu/bits/mathcalls.h:143:1:[m[K [01;36m[Knote: [m[Kcandidate: â€˜[01m[Kdouble sqrt(double)[m[Kâ€™
[1.410s]   143 | [01;36m[K__MATHCALL[m[K (sqrt,, (_Mdouble_ __x));
[1.410s]       | [01;36m[K^~~~~~~~~~[m[K
[1.410s] [01m[K/usr/include/x86_64-linux-gnu/bits/mathcalls.h:143:1:[m[K [01;36m[Knote: [m[K  candidate expects 1 argument, 3 provided
[1.410s] In file included from [01m[K/home/arian/ros2_foxy/install/libstatistics_collector/include/libstatistics_collector/moving_average_statistics/types.hpp:18[m[K,
[1.410s]                  from [01m[K/home/arian/ros2_foxy/install/libstatistics_collector/include/libstatistics_collector/collector/generate_statistics_message.hpp:24[m[K,
[1.410s]                  from [01m[K/home/arian/ros2_foxy/install/rclcpp/include/rclcpp/topic_statistics/subscription_topic_statistics.hpp:23[m[K,
[1.410s]                  from [01m[K/home/arian/ros2_foxy/install/rclcpp/include/rclcpp/subscription.hpp:50[m[K,
[1.410s]                  from [01m[K/home/arian/ros2_foxy/install/rclcpp/include/rclcpp/any_executable.hpp:25[m[K,
[1.410s]                  from [01m[K/home/arian/ros2_foxy/install/rclcpp/include/rclcpp/memory_strategy.hpp:24[m[K,
[1.410s]                  from [01m[K/home/arian/ros2_foxy/install/rclcpp/include/rclcpp/memory_strategies.hpp:18[m[K,
[1.410s]                  from [01m[K/home/arian/ros2_foxy/install/rclcpp/include/rclcpp/executor_options.hpp:20[m[K,
[1.411s]                  from [01m[K/home/arian/ros2_foxy/install/rclcpp/include/rclcpp/executor.hpp:33[m[K,
[1.411s]                  from [01m[K/home/arian/ros2_foxy/install/rclcpp/include/rclcpp/executors/multi_threaded_executor.hpp:25[m[K,
[1.411s]                  from [01m[K/home/arian/ros2_foxy/install/rclcpp/include/rclcpp/executors.hpp:21[m[K,
[1.411s]                  from [01m[K/home/arian/ros2_foxy/install/rclcpp/include/rclcpp/rclcpp.hpp:146[m[K,
[1.411s]                  from [01m[K/home/arian/Framework/src/framework/src/main.cpp:2[m[K:
[1.411s] [01m[K/usr/include/c++/9/cmath:475:5:[m[K [01;36m[Knote: [m[Kcandidate: â€˜[01m[Ktemplate<class _Tp> constexpr typename __gnu_cxx::__enable_if<std::__is_integer<_Tp>::__value, double>::__type std::sqrt(_Tp)[m[Kâ€™
[1.411s]   475 |     [01;36m[Ksqrt[m[K(_Tp __x)
[1.411s]       |     [01;36m[K^~~~[m[K
[1.411s] [01m[K/usr/include/c++/9/cmath:475:5:[m[K [01;36m[Knote: [m[K  template argument deduction/substitution failed:
[1.411s] In file included from [01m[K/home/arian/Framework/src/framework/src/main.cpp:12[m[K:
[1.411s] [01m[K/home/arian/Framework/src/framework/include/framework/multiply_parallel.hpp:132:21:[m[K [01;36m[Knote: [m[K  candidate expects 1 argument, 3 provided
[1.411s]   132 |                     [01;36m[K)[m[K;
[1.411s]       |                     [01;36m[K^[m[K
[1.411s] In file included from [01m[K/home/arian/ros2_foxy/install/libstatistics_collector/include/libstatistics_collector/moving_average_statistics/types.hpp:18[m[K,
[1.411s]                  from [01m[K/home/arian/ros2_foxy/install/libstatistics_collector/include/libstatistics_collector/collector/generate_statistics_message.hpp:24[m[K,
[1.412s]                  from [01m[K/home/arian/ros2_foxy/install/rclcpp/include/rclcpp/topic_statistics/subscription_topic_statistics.hpp:23[m[K,
[1.412s]                  from [01m[K/home/arian/ros2_foxy/install/rclcpp/include/rclcpp/subscription.hpp:50[m[K,
[1.412s]                  from [01m[K/home/arian/ros2_foxy/install/rclcpp/include/rclcpp/any_executable.hpp:25[m[K,
[1.412s]                  from [01m[K/home/arian/ros2_foxy/install/rclcpp/include/rclcpp/memory_strategy.hpp:24[m[K,
[1.412s]                  from [01m[K/home/arian/ros2_foxy/install/rclcpp/include/rclcpp/memory_strategies.hpp:18[m[K,
[1.412s]                  from [01m[K/home/arian/ros2_foxy/install/rclcpp/include/rclcpp/executor_options.hpp:20[m[K,
[1.412s]                  from [01m[K/home/arian/ros2_foxy/install/rclcpp/include/rclcpp/executor.hpp:33[m[K,
[1.412s]                  from [01m[K/home/arian/ros2_foxy/install/rclcpp/include/rclcpp/executors/multi_threaded_executor.hpp:25[m[K,
[1.412s]                  from [01m[K/home/arian/ros2_foxy/install/rclcpp/include/rclcpp/executors.hpp:21[m[K,
[1.412s]                  from [01m[K/home/arian/ros2_foxy/install/rclcpp/include/rclcpp/rclcpp.hpp:146[m[K,
[1.412s]                  from [01m[K/home/arian/Framework/src/framework/src/main.cpp:2[m[K:
[1.412s] [01m[K/usr/include/c++/9/cmath:467:3:[m[K [01;36m[Knote: [m[Kcandidate: â€˜[01m[Kconstexpr long double std::sqrt(long double)[m[Kâ€™
[1.412s]   467 |   [01;36m[Ksqrt[m[K(long double __x)
[1.412s]       |   [01;36m[K^~~~[m[K
[1.412s] [01m[K/usr/include/c++/9/cmath:467:3:[m[K [01;36m[Knote: [m[K  candidate expects 1 argument, 3 provided
[1.412s] [01m[K/usr/include/c++/9/cmath:463:3:[m[K [01;36m[Knote: [m[Kcandidate: â€˜[01m[Kconstexpr float std::sqrt(float)[m[Kâ€™
[1.413s]   463 |   [01;36m[Ksqrt[m[K(float __x)
[1.413s]       |   [01;36m[K^~~~[m[K
[1.413s] [01m[K/usr/include/c++/9/cmath:463:3:[m[K [01;36m[Knote: [m[K  candidate expects 1 argument, 3 provided
[1.413s] In file included from [01m[K/home/arian/Framework/src/framework/src/main.cpp:12[m[K:
[1.413s] [01m[K/home/arian/Framework/src/framework/include/framework/multiply_parallel.hpp:132:22:[m[K [01;31m[Kerror: [m[Kexpected â€˜[01m[K)[m[Kâ€™ before â€˜[01m[K;[m[Kâ€™ token
[1.413s]   132 |                     )[01;31m[K;[m[K
[1.413s]       |                      [01;31m[K^[m[K
[1.413s]       |                      [32m[K)[m[K
[1.413s] [01m[K/home/arian/Framework/src/framework/include/framework/multiply_parallel.hpp:129:25:[m[K [01;36m[Knote: [m[Kto match this â€˜[01m[K([m[Kâ€™
[1.413s]   129 |                         [01;36m[K([m[Ki * ((matrix_a_.size() / sqrt(matrix_a_.size()) / settings_.THREAD_NUMBER)),
[1.413s]       |                         [01;36m[K^[m[K
[1.413s] [01m[K/home/arian/Framework/src/framework/include/framework/multiply_parallel.hpp:132:22:[m[K [01;31m[Kerror: [m[Kno matching function for call to â€˜[01m[Kiterators::iterators()[m[Kâ€™
[1.413s]   132 |                     )[01;31m[K;[m[K
[1.413s]       |                      [01;31m[K^[m[K
[1.414s] In file included from [01m[K/home/arian/Framework/src/framework/src/main.cpp:12[m[K:
[1.414s] [01m[K/home/arian/Framework/src/framework/include/framework/multiply_parallel.hpp:34:5:[m[K [01;36m[Knote: [m[Kcandidate: â€˜[01m[Kiterators::iterators(const std::vector<int>&, const std::vector<int>&, std::vector<int>&, int, int, int, int)[m[Kâ€™
[1.414s]    34 |     [01;36m[Kiterators[m[K(
[1.414s]       |     [01;36m[K^~~~~~~~~[m[K
[1.414s] [01m[K/home/arian/Framework/src/framework/include/framework/multiply_parallel.hpp:34:5:[m[K [01;36m[Knote: [m[K  candidate expects 7 arguments, 0 provided
[1.414s] [01m[K/home/arian/Framework/src/framework/include/framework/multiply_parallel.hpp:31:8:[m[K [01;36m[Knote: [m[Kcandidate: â€˜[01m[Kconstexpr iterators::iterators(const iterators&)[m[Kâ€™
[1.414s]    31 | struct [01;36m[Kiterators[m[K
[1.414s]       |        [01;36m[K^~~~~~~~~[m[K
[1.414s] [01m[K/home/arian/Framework/src/framework/include/framework/multiply_parallel.hpp:31:8:[m[K [01;36m[Knote: [m[K  candidate expects 1 argument, 0 provided
[1.414s] [01m[K/home/arian/Framework/src/framework/include/framework/multiply_parallel.hpp:31:8:[m[K [01;36m[Knote: [m[Kcandidate: â€˜[01m[Kconstexpr iterators::iterators(iterators&&)[m[Kâ€™
[1.414s] [01m[K/home/arian/Framework/src/framework/include/framework/multiply_parallel.hpp:31:8:[m[K [01;36m[Knote: [m[K  candidate expects 1 argument, 0 provided
[1.724s] make[2]: *** [CMakeFiles/main.dir/build.make:63: CMakeFiles/main.dir/src/main.cpp.o] Error 1
[1.724s] make[1]: *** [CMakeFiles/Makefile2:78: CMakeFiles/main.dir/all] Error 2
[1.725s] make: *** [Makefile:141: all] Error 2
[1.726s] Invoked command in '/home/arian/Framework/build/framework' returned '2': CMAKE_PREFIX_PATH=${CMAKE_PREFIX_PATH}:/home/arian/ros2_foxy/install/ros2bag:/home/arian/ros2_foxy/install/tracetools_launch:/home/arian/ros2_foxy/install/topic_monitor:/home/arian/ros2_foxy/install/examples_tf2_py:/home/arian/ros2_foxy/install/sros2:/home/arian/ros2_foxy/install/rqt_topic:/home/arian/ros2_foxy/install/rqt_reconfigure:/home/arian/ros2_foxy/install/rqt_action:/home/arian/ros2_foxy/install/rqt:/home/arian/ros2_foxy/install/rqt_graph:/home/arian/ros2_foxy/install/rqt_gui_py:/home/arian/ros2_foxy/install/rqt_gui:/home/arian/ros2_foxy/install/ros2trace:/home/arian/ros2_foxy/install/ros2topic:/home/arian/ros2_foxy/install/ros2test:/home/arian/ros2_foxy/install/ros2component:/home/arian/ros2_foxy/install/ros2param:/home/arian/ros2_foxy/install/ros2lifecycle:/home/arian/ros2_foxy/install/ros2service:/home/arian/ros2_foxy/install/ros2run:/home/arian/ros2_foxy/install/ros2launch:/home/arian/ros2_foxy/install/ros2pkg:/home/arian/ros2_foxy/install/ros2node:/home/arian/ros2_foxy/install/ros2multicast:/home/arian/ros2_foxy/install/ros2interface:/home/arian/ros2_foxy/install/ros2doctor:/home/arian/ros2_foxy/install/ros2action:/home/arian/ros2_foxy/install/ros2cli:/home/arian/ros2_foxy/install/quality_of_service_demo_py:/home/arian/ros2_foxy/install/launch_testing_ros:/home/arian/ros2_foxy/install/launch_ros:/home/arian/ros2_foxy/install/examples_rclpy_minimal_subscriber:/home/arian/ros2_foxy/install/examples_rclpy_minimal_service:/home/arian/ros2_foxy/install/examples_rclpy_minimal_publisher:/home/arian/ros2_foxy/install/examples_rclpy_minimal_client:/home/arian/ros2_foxy/install/examples_rclpy_minimal_action_server:/home/arian/ros2_foxy/install/examples_rclpy_minimal_action_client:/home/arian/ros2_foxy/install/examples_rclpy_executors:/home/arian/ros2_foxy/install/demo_nodes_py:/home/arian/ros2_foxy/install/action_tutorials_py:/home/arian/ros2_foxy/install/ament_uncrustify:/home/arian/ros2_foxy/install/tracetools_trace:/home/arian/ros2_foxy/install/tracetools_read:/home/arian/ros2_foxy/install/test_launch_ros:/home/arian/ros2_foxy/install/rpyutils:/home/arian/ros2_foxy/install/rosidl_runtime_py:/home/arian/ros2_foxy/install/launch_yaml:/home/arian/ros2_foxy/install/launch_xml:/home/arian/ros2_foxy/install/launch_testing:/home/arian/ros2_foxy/install/launch:/home/arian/ros2_foxy/install/osrf_pycommon:/home/arian/ros2_foxy/install/domain_coordinator:/home/arian/ros2_foxy/install/ament_xmllint:/home/arian/ros2_foxy/install/ament_pyflakes:/home/arian/ros2_foxy/install/ament_pycodestyle:/home/arian/ros2_foxy/install/ament_pep257:/home/arian/ros2_foxy/install/ament_pclint:/home/arian/ros2_foxy/install/ament_package:/home/arian/ros2_foxy/install/ament_mypy:/home/arian/ros2_foxy/install/ament_lint_cmake:/home/arian/ros2_foxy/install/ament_flake8:/home/arian/ros2_foxy/install/ament_copyright:/home/arian/ros2_foxy/install/ament_lint:/home/arian/ros2_foxy/install/ament_index_python:/home/arian/ros2_foxy/install/ament_cpplint:/home/arian/ros2_foxy/install/ament_cppcheck:/home/arian/ros2_foxy/install/ament_clang_tidy:/home/arian/ros2_foxy/install/ament_clang_format /usr/bin/cmake --build /home/arian/Framework/build/framework -- -j12 -l12
