[35m[1mScanning dependencies of target main[0m
[ 50%] [32mBuilding CXX object CMakeFiles/main.dir/src/main.cpp.o[0m
In file included from [01m[K/home/arian/Framework/src/framework/include/framework/multiply_parallel.hpp:10[m[K,
                 from [01m[K/home/arian/Framework/src/framework/src/main.cpp:7[m[K:
[01m[K/home/arian/Framework/src/framework/include/framework/types/matrix.hpp:[m[K In constructor â€˜[01m[Kframework::types::matrix::matrix(int**)[m[Kâ€™:
[01m[K/home/arian/Framework/src/framework/include/framework/types/matrix.hpp:17:26:[m[K [01;35m[Kwarning: [m[Kunused parameter â€˜[01m[Kmatrix[m[Kâ€™ [[01;35m[K-Wunused-parameter[m[K]
   17 |             matrix([01;35m[Kint** matrix[m[K)
      |                    [01;35m[K~~~~~~^~~~~~[m[K
In file included from [01m[K/home/arian/Framework/src/framework/src/main.cpp:7[m[K:
[01m[K/home/arian/Framework/src/framework/include/framework/multiply_parallel.hpp:[m[K In member function â€˜[01m[Kvoid framework::matrix_multiply_parallel::execute()[m[Kâ€™:
[01m[K/home/arian/Framework/src/framework/include/framework/multiply_parallel.hpp:76:24:[m[K [01;31m[Kerror: [m[Kâ€˜[01m[Kreturn_value_1[m[Kâ€™ was not declared in this scope
   76 |                 (void*)[01;31m[Kreturn_value_1[m[K = NULL;
      |                        [01;31m[K^~~~~~~~~~~~~~[m[K
[01m[K/home/arian/Framework/src/framework/include/framework/multiply_parallel.hpp:77:24:[m[K [01;31m[Kerror: [m[Kâ€˜[01m[Kreturn_value_2[m[Kâ€™ was not declared in this scope
   77 |                 (void*)[01;31m[Kreturn_value_2[m[K = NULL;
      |                        [01;31m[K^~~~~~~~~~~~~~[m[K
[01m[K/home/arian/Framework/src/framework/include/framework/multiply_parallel.hpp:78:24:[m[K [01;31m[Kerror: [m[Kâ€˜[01m[Kreturn_value_3[m[Kâ€™ was not declared in this scope
   78 |                 (void*)[01;31m[Kreturn_value_3[m[K = NULL;;
      |                        [01;31m[K^~~~~~~~~~~~~~[m[K
make[2]: *** [CMakeFiles/main.dir/build.make:63: CMakeFiles/main.dir/src/main.cpp.o] Error 1
make[1]: *** [CMakeFiles/Makefile2:78: CMakeFiles/main.dir/all] Error 2
make: *** [Makefile:141: all] Error 2
