[35m[1mScanning dependencies of target main[0m
[ 50%] [32mBuilding CXX object CMakeFiles/main.dir/src/main.cpp.o[0m
In file included from [01m[K/home/arian/Framework/src/framework/src/main.cpp:12[m[K:
[01m[K/home/arian/Framework/src/framework/include/framework/multiply_parallel.hpp:374:[m[K [01;35m[Kwarning: [m[Kignoring #pragma omp parallel [[01;35m[K-Wunknown-pragmas[m[K]
  374 |             #pragma omp parallel num_threads(settings_.THREAD_NUMBER)
      | 
[01m[K/home/arian/Framework/src/framework/src/main.cpp:[m[K In function â€˜[01m[Kint main()[m[Kâ€™:
[01m[K/home/arian/Framework/src/framework/src/main.cpp:88:15:[m[K [01;31m[Kerror: [m[Kexpected initializer before â€˜[01m[Ktest[m[Kâ€™
   88 |   test<int> a [01;31m[Ktest[m[K(multiply_parallel<int> b);
      |               [01;31m[K^~~~[m[K
[01m[K/home/arian/Framework/src/framework/src/main.cpp:94:18:[m[K [01;31m[Kerror: [m[Kâ€˜[01m[Kmatrix_result[m[Kâ€™ was not declared in this scope
   94 |     std::cout << [01;31m[Kmatrix_result[m[K[i] << std::endl;
      |                  [01;31m[K^~~~~~~~~~~~~[m[K
make[2]: *** [CMakeFiles/main.dir/build.make:63: CMakeFiles/main.dir/src/main.cpp.o] Error 1
make[1]: *** [CMakeFiles/Makefile2:78: CMakeFiles/main.dir/all] Error 2
make: *** [Makefile:141: all] Error 2
