In file included from [01m[K/home/arian/Framework/src/framework/src/main.cpp:6[m[K:
[01m[K/home/arian/Framework/src/framework/include/framework/multiply_parallel.hpp:59:21:[m[K [01;31m[Kerror: [m[Kexpected primary-expression before â€˜[01m[Kreturn[m[Kâ€™
   59 |                     [01;31m[Kreturn[m[K ((Multiply*)context)->multiply_function;
      |                     [01;31m[K^~~~~~[m[K
[01m[K/home/arian/Framework/src/framework/include/framework/multiply_parallel.hpp:59:21:[m[K [01;31m[Kerror: [m[Kexpected â€˜[01m[K}[m[Kâ€™ before â€˜[01m[Kreturn[m[Kâ€™
[01m[K/home/arian/Framework/src/framework/include/framework/multiply_parallel.hpp:58:17:[m[K [01;36m[Knote: [m[Kto match this â€˜[01m[K{[m[Kâ€™
   58 |                 [01;36m[K{[m[K
      |                 [01;36m[K^[m[K
[01m[K/home/arian/Framework/src/framework/include/framework/multiply_parallel.hpp:59:21:[m[K [01;31m[Kerror: [m[Kfunction definition does not declare parameters
   59 |                     [01;31m[Kreturn[m[K ((Multiply*)context)->multiply_function;
      |                     [01;31m[K^~~~~~[m[K
[01m[K/home/arian/Framework/src/framework/include/framework/multiply_parallel.hpp:60:18:[m[K [01;31m[Kerror: [m[Kexpected â€˜[01m[K;[m[Kâ€™ after class definition
   60 |                 }
      |                  [01;31m[K^[m[K
      |                  [32m[K;[m[K
[01m[K/home/arian/Framework/src/framework/include/framework/multiply_parallel.hpp:[m[K In member function â€˜[01m[Kvoid framework::utilities::Multiply::run(int**, int**)[m[Kâ€™:
[01m[K/home/arian/Framework/src/framework/include/framework/multiply_parallel.hpp:29:91:[m[K [01;31m[Kerror: [m[Kâ€˜[01m[Kmultiply_function_helper[m[Kâ€™ is not a member of â€˜[01m[Kframework::utilities::Multiply[m[Kâ€™
   29 |                         pthread_create(&threads[i], NULL, framework::utilities::Multiply::[01;31m[Kmultiply_function_helper[m[K , NULL);
      |                                                                                           [01;31m[K^~~~~~~~~~~~~~~~~~~~~~~~[m[K
[01m[K/home/arian/Framework/src/framework/include/framework/multiply_parallel.hpp:[m[K In function â€˜[01m[Kvoid* framework::utilities::multiply_function(void*)[m[Kâ€™:
[01m[K/home/arian/Framework/src/framework/include/framework/multiply_parallel.hpp:70:33:[m[K [01;31m[Kerror: [m[Kâ€˜[01m[Kmatrix_c[m[Kâ€™ was not declared in this scope
   70 |                                 [01;31m[Kmatrix_c[m[K[i][j] += matrix_a[i][k] * matrix_b[k][j];
      |                                 [01;31m[K^~~~~~~~[m[K
[01m[K/home/arian/Framework/src/framework/include/framework/multiply_parallel.hpp:70:51:[m[K [01;31m[Kerror: [m[Kâ€˜[01m[Kmatrix_a[m[Kâ€™ was not declared in this scope
   70 |                                 matrix_c[i][j] += [01;31m[Kmatrix_a[m[K[i][k] * matrix_b[k][j];
      |                                                   [01;31m[K^~~~~~~~[m[K
[01m[K/home/arian/Framework/src/framework/include/framework/multiply_parallel.hpp:70:68:[m[K [01;31m[Kerror: [m[Kâ€˜[01m[Kmatrix_b[m[Kâ€™ was not declared in this scope
   70 |                                 matrix_c[i][j] += matrix_a[i][k] * [01;31m[Kmatrix_b[m[K[k][j];
      |                                                                    [01;31m[K^~~~~~~~[m[K
[01m[K/home/arian/Framework/src/framework/include/framework/multiply_parallel.hpp:[m[K At global scope:
[01m[K/home/arian/Framework/src/framework/include/framework/multiply_parallel.hpp:77:10:[m[K [01;35m[Kwarning: [m[Kextra â€˜[01m[K;[m[Kâ€™ [[01;35m[K-Wpedantic[m[K]
   77 |         }[01;35m[K;[m[K
      |          [01;35m[K^[m[K
[01m[K/home/arian/Framework/src/framework/include/framework/multiply_parallel.hpp:79:1:[m[K [01;31m[Kerror: [m[Kexpected declaration before â€˜[01m[K}[m[Kâ€™ token
   79 | [01;31m[K}[m[K
      | [01;31m[K^[m[K
[01m[K/home/arian/Framework/src/framework/src/main.cpp:[m[K In function â€˜[01m[Kint main(int, const char**)[m[Kâ€™:
[01m[K/home/arian/Framework/src/framework/src/main.cpp:12:14:[m[K [01;35m[Kwarning: [m[Kunused parameter â€˜[01m[Kargc[m[Kâ€™ [[01;35m[K-Wunused-parameter[m[K]
   12 | int main([01;35m[Kint argc[m[K, const char ** argv)
      |          [01;35m[K~~~~^~~~[m[K
[01m[K/home/arian/Framework/src/framework/src/main.cpp:12:34:[m[K [01;35m[Kwarning: [m[Kunused parameter â€˜[01m[Kargv[m[Kâ€™ [[01;35m[K-Wunused-parameter[m[K]
   12 | int main(int argc, [01;35m[Kconst char ** argv[m[K)
      |                    [01;35m[K~~~~~~~~~~~~~~^~~~[m[K
make[2]: *** [CMakeFiles/main.dir/build.make:63: CMakeFiles/main.dir/src/main.cpp.o] Error 1
make[1]: *** [CMakeFiles/Makefile2:78: CMakeFiles/main.dir/all] Error 2
make: *** [Makefile:141: all] Error 2
