[ 50%] [32mBuilding CXX object CMakeFiles/main.dir/src/main.cpp.o[0m
In file included from [01m[K/home/arian/Framework/src/framework/include/framework/multiply_parallel.hpp:10[m[K,
                 from [01m[K/home/arian/Framework/src/framework/src/main.cpp:7[m[K:
[01m[K/home/arian/Framework/src/framework/include/framework/types/matrix.hpp:[m[K In constructor â€˜[01m[Kframework::types::matrix::matrix(int**)[m[Kâ€™:
[01m[K/home/arian/Framework/src/framework/include/framework/types/matrix.hpp:14:26:[m[K [01;35m[Kwarning: [m[Kunused parameter â€˜[01m[Kmatrix[m[Kâ€™ [[01;35m[K-Wunused-parameter[m[K]
   14 |             matrix([01;35m[Kint** matrix[m[K)
      |                    [01;35m[K~~~~~~^~~~~~[m[K
In file included from [01m[K/home/arian/Framework/src/framework/include/framework/containers/matrix_container.hpp:1[m[K,
                 from [01m[K/home/arian/Framework/src/framework/include/framework/multiply_parallel.hpp:11[m[K,
                 from [01m[K/home/arian/Framework/src/framework/src/main.cpp:7[m[K:
[01m[K/home/arian/Framework/src/framework/include/framework/types/matrix.hpp:[m[K At global scope:
[01m[K/home/arian/Framework/src/framework/include/framework/types/matrix.hpp:8:16:[m[K [01;31m[Kerror: [m[Kredefinition of â€˜[01m[Kstruct framework::types::matrix[m[Kâ€™
    8 |         struct [01;31m[Kmatrix[m[K
      |                [01;31m[K^~~~~~[m[K
In file included from [01m[K/home/arian/Framework/src/framework/include/framework/multiply_parallel.hpp:10[m[K,
                 from [01m[K/home/arian/Framework/src/framework/src/main.cpp:7[m[K:
[01m[K/home/arian/Framework/src/framework/include/framework/types/matrix.hpp:8:16:[m[K [01;36m[Knote: [m[Kprevious definition of â€˜[01m[Kstruct framework::types::matrix[m[Kâ€™
    8 |         struct [01;36m[Kmatrix[m[K
      |                [01;36m[K^~~~~~[m[K
make[2]: *** [CMakeFiles/main.dir/build.make:63: CMakeFiles/main.dir/src/main.cpp.o] Error 1
make[1]: *** [CMakeFiles/Makefile2:78: CMakeFiles/main.dir/all] Error 2
make: *** [Makefile:141: all] Error 2
